[2024-05-28T10:03:17.171+0000] {processor.py:161} INFO - Started process (PID=37) to work on /opt/airflow/dags/dag_weather.py
[2024-05-28T10:03:17.172+0000] {processor.py:830} INFO - Processing file /opt/airflow/dags/dag_weather.py for tasks to queue
[2024-05-28T10:03:17.175+0000] {logging_mixin.py:188} INFO - [2024-05-28T10:03:17.174+0000] {dagbag.py:545} INFO - Filling up the DagBag from /opt/airflow/dags/dag_weather.py
[2024-05-28T10:03:19.524+0000] {processor.py:840} INFO - DAG(s) 'weather_hcm' retrieved from /opt/airflow/dags/dag_weather.py
[2024-05-28T10:03:19.940+0000] {logging_mixin.py:188} INFO - [2024-05-28T10:03:19.939+0000] {dag.py:3096} INFO - Sync 1 DAGs
[2024-05-28T10:03:19.978+0000] {logging_mixin.py:188} INFO - [2024-05-28T10:03:19.977+0000] {dag.py:3954} INFO - Setting next_dagrun for weather_hcm to 2024-05-28 10:02:00+00:00, run_after=2024-05-28 10:03:00+00:00
[2024-05-28T10:03:20.071+0000] {processor.py:183} INFO - Processing /opt/airflow/dags/dag_weather.py took 2.919 seconds
[2024-05-28T10:03:50.314+0000] {processor.py:161} INFO - Started process (PID=48) to work on /opt/airflow/dags/dag_weather.py
[2024-05-28T10:03:50.316+0000] {processor.py:830} INFO - Processing file /opt/airflow/dags/dag_weather.py for tasks to queue
[2024-05-28T10:03:50.319+0000] {logging_mixin.py:188} INFO - [2024-05-28T10:03:50.319+0000] {dagbag.py:545} INFO - Filling up the DagBag from /opt/airflow/dags/dag_weather.py
[2024-05-28T10:03:51.212+0000] {processor.py:840} INFO - DAG(s) 'weather_hcm' retrieved from /opt/airflow/dags/dag_weather.py
[2024-05-28T10:03:51.252+0000] {logging_mixin.py:188} INFO - [2024-05-28T10:03:51.249+0000] {dag.py:3096} INFO - Sync 1 DAGs
[2024-05-28T10:03:51.287+0000] {logging_mixin.py:188} INFO - [2024-05-28T10:03:51.287+0000] {dag.py:3954} INFO - Setting next_dagrun for weather_hcm to 2024-05-28 10:02:00+00:00, run_after=2024-05-28 10:03:00+00:00
[2024-05-28T10:03:51.307+0000] {processor.py:183} INFO - Processing /opt/airflow/dags/dag_weather.py took 1.004 seconds
[2024-05-28T10:04:21.540+0000] {processor.py:161} INFO - Started process (PID=59) to work on /opt/airflow/dags/dag_weather.py
[2024-05-28T10:04:21.544+0000] {processor.py:830} INFO - Processing file /opt/airflow/dags/dag_weather.py for tasks to queue
[2024-05-28T10:04:21.546+0000] {logging_mixin.py:188} INFO - [2024-05-28T10:04:21.546+0000] {dagbag.py:545} INFO - Filling up the DagBag from /opt/airflow/dags/dag_weather.py
[2024-05-28T10:04:22.449+0000] {processor.py:840} INFO - DAG(s) 'weather_hcm' retrieved from /opt/airflow/dags/dag_weather.py
[2024-05-28T10:04:22.502+0000] {logging_mixin.py:188} INFO - [2024-05-28T10:04:22.501+0000] {dag.py:3096} INFO - Sync 1 DAGs
[2024-05-28T10:04:22.535+0000] {logging_mixin.py:188} INFO - [2024-05-28T10:04:22.534+0000] {dag.py:3954} INFO - Setting next_dagrun for weather_hcm to 2024-05-28 10:03:00+00:00, run_after=2024-05-28 10:04:00+00:00
[2024-05-28T10:04:22.559+0000] {processor.py:183} INFO - Processing /opt/airflow/dags/dag_weather.py took 1.037 seconds
[2024-05-28T10:04:52.854+0000] {processor.py:161} INFO - Started process (PID=70) to work on /opt/airflow/dags/dag_weather.py
[2024-05-28T10:04:52.857+0000] {processor.py:830} INFO - Processing file /opt/airflow/dags/dag_weather.py for tasks to queue
[2024-05-28T10:04:52.862+0000] {logging_mixin.py:188} INFO - [2024-05-28T10:04:52.861+0000] {dagbag.py:545} INFO - Filling up the DagBag from /opt/airflow/dags/dag_weather.py
[2024-05-28T10:04:53.890+0000] {processor.py:840} INFO - DAG(s) 'weather_hcm' retrieved from /opt/airflow/dags/dag_weather.py
[2024-05-28T10:04:53.951+0000] {logging_mixin.py:188} INFO - [2024-05-28T10:04:53.950+0000] {dag.py:3096} INFO - Sync 1 DAGs
[2024-05-28T10:04:54.035+0000] {logging_mixin.py:188} INFO - [2024-05-28T10:04:54.034+0000] {dag.py:3954} INFO - Setting next_dagrun for weather_hcm to 2024-05-28 10:03:00+00:00, run_after=2024-05-28 10:04:00+00:00
[2024-05-28T10:04:54.073+0000] {processor.py:183} INFO - Processing /opt/airflow/dags/dag_weather.py took 1.235 seconds
[2024-05-28T10:05:24.420+0000] {processor.py:161} INFO - Started process (PID=80) to work on /opt/airflow/dags/dag_weather.py
[2024-05-28T10:05:24.421+0000] {processor.py:830} INFO - Processing file /opt/airflow/dags/dag_weather.py for tasks to queue
[2024-05-28T10:05:24.423+0000] {logging_mixin.py:188} INFO - [2024-05-28T10:05:24.423+0000] {dagbag.py:545} INFO - Filling up the DagBag from /opt/airflow/dags/dag_weather.py
[2024-05-28T10:05:25.155+0000] {processor.py:840} INFO - DAG(s) 'weather_hcm' retrieved from /opt/airflow/dags/dag_weather.py
[2024-05-28T10:05:25.235+0000] {logging_mixin.py:188} INFO - [2024-05-28T10:05:25.234+0000] {dag.py:3096} INFO - Sync 1 DAGs
[2024-05-28T10:05:25.273+0000] {logging_mixin.py:188} INFO - [2024-05-28T10:05:25.273+0000] {dag.py:3954} INFO - Setting next_dagrun for weather_hcm to 2024-05-28 10:04:00+00:00, run_after=2024-05-28 10:05:00+00:00
[2024-05-28T10:05:25.304+0000] {processor.py:183} INFO - Processing /opt/airflow/dags/dag_weather.py took 0.893 seconds
[2024-05-28T10:05:55.696+0000] {processor.py:161} INFO - Started process (PID=91) to work on /opt/airflow/dags/dag_weather.py
[2024-05-28T10:05:55.697+0000] {processor.py:830} INFO - Processing file /opt/airflow/dags/dag_weather.py for tasks to queue
[2024-05-28T10:05:55.699+0000] {logging_mixin.py:188} INFO - [2024-05-28T10:05:55.699+0000] {dagbag.py:545} INFO - Filling up the DagBag from /opt/airflow/dags/dag_weather.py
[2024-05-28T10:05:56.403+0000] {processor.py:840} INFO - DAG(s) 'weather_hcm' retrieved from /opt/airflow/dags/dag_weather.py
[2024-05-28T10:05:56.460+0000] {logging_mixin.py:188} INFO - [2024-05-28T10:05:56.460+0000] {dag.py:3096} INFO - Sync 1 DAGs
[2024-05-28T10:05:56.504+0000] {logging_mixin.py:188} INFO - [2024-05-28T10:05:56.504+0000] {dag.py:3954} INFO - Setting next_dagrun for weather_hcm to 2024-05-28 10:04:00+00:00, run_after=2024-05-28 10:05:00+00:00
[2024-05-28T10:05:56.541+0000] {processor.py:183} INFO - Processing /opt/airflow/dags/dag_weather.py took 0.857 seconds
[2024-05-28T10:06:27.169+0000] {processor.py:161} INFO - Started process (PID=102) to work on /opt/airflow/dags/dag_weather.py
[2024-05-28T10:06:27.171+0000] {processor.py:830} INFO - Processing file /opt/airflow/dags/dag_weather.py for tasks to queue
[2024-05-28T10:06:27.178+0000] {logging_mixin.py:188} INFO - [2024-05-28T10:06:27.177+0000] {dagbag.py:545} INFO - Filling up the DagBag from /opt/airflow/dags/dag_weather.py
[2024-05-28T10:06:27.890+0000] {processor.py:840} INFO - DAG(s) 'weather_hcm' retrieved from /opt/airflow/dags/dag_weather.py
[2024-05-28T10:06:27.942+0000] {logging_mixin.py:188} INFO - [2024-05-28T10:06:27.941+0000] {dag.py:3096} INFO - Sync 1 DAGs
[2024-05-28T10:06:28.014+0000] {logging_mixin.py:188} INFO - [2024-05-28T10:06:28.014+0000] {dag.py:3954} INFO - Setting next_dagrun for weather_hcm to 2024-05-28 10:05:00+00:00, run_after=2024-05-28 10:06:00+00:00
[2024-05-28T10:06:28.034+0000] {processor.py:183} INFO - Processing /opt/airflow/dags/dag_weather.py took 0.885 seconds
[2024-05-28T10:06:58.436+0000] {processor.py:161} INFO - Started process (PID=113) to work on /opt/airflow/dags/dag_weather.py
[2024-05-28T10:06:58.438+0000] {processor.py:830} INFO - Processing file /opt/airflow/dags/dag_weather.py for tasks to queue
[2024-05-28T10:06:58.440+0000] {logging_mixin.py:188} INFO - [2024-05-28T10:06:58.440+0000] {dagbag.py:545} INFO - Filling up the DagBag from /opt/airflow/dags/dag_weather.py
[2024-05-28T10:06:59.048+0000] {processor.py:840} INFO - DAG(s) 'weather_hcm' retrieved from /opt/airflow/dags/dag_weather.py
[2024-05-28T10:06:59.077+0000] {logging_mixin.py:188} INFO - [2024-05-28T10:06:59.077+0000] {dag.py:3096} INFO - Sync 1 DAGs
[2024-05-28T10:06:59.104+0000] {logging_mixin.py:188} INFO - [2024-05-28T10:06:59.103+0000] {dag.py:3954} INFO - Setting next_dagrun for weather_hcm to 2024-05-28 10:05:00+00:00, run_after=2024-05-28 10:06:00+00:00
[2024-05-28T10:06:59.127+0000] {processor.py:183} INFO - Processing /opt/airflow/dags/dag_weather.py took 0.702 seconds
[2024-05-28T10:07:29.401+0000] {processor.py:161} INFO - Started process (PID=123) to work on /opt/airflow/dags/dag_weather.py
[2024-05-28T10:07:29.402+0000] {processor.py:830} INFO - Processing file /opt/airflow/dags/dag_weather.py for tasks to queue
[2024-05-28T10:07:29.405+0000] {logging_mixin.py:188} INFO - [2024-05-28T10:07:29.404+0000] {dagbag.py:545} INFO - Filling up the DagBag from /opt/airflow/dags/dag_weather.py
[2024-05-28T10:07:30.128+0000] {processor.py:840} INFO - DAG(s) 'weather_hcm' retrieved from /opt/airflow/dags/dag_weather.py
[2024-05-28T10:07:30.192+0000] {logging_mixin.py:188} INFO - [2024-05-28T10:07:30.191+0000] {dag.py:3096} INFO - Sync 1 DAGs
[2024-05-28T10:07:30.268+0000] {logging_mixin.py:188} INFO - [2024-05-28T10:07:30.268+0000] {dag.py:3954} INFO - Setting next_dagrun for weather_hcm to 2024-05-28 10:06:00+00:00, run_after=2024-05-28 10:07:00+00:00
[2024-05-28T10:07:30.302+0000] {processor.py:183} INFO - Processing /opt/airflow/dags/dag_weather.py took 0.913 seconds
[2024-05-28T10:08:00.695+0000] {processor.py:161} INFO - Started process (PID=134) to work on /opt/airflow/dags/dag_weather.py
[2024-05-28T10:08:00.697+0000] {processor.py:830} INFO - Processing file /opt/airflow/dags/dag_weather.py for tasks to queue
[2024-05-28T10:08:00.699+0000] {logging_mixin.py:188} INFO - [2024-05-28T10:08:00.699+0000] {dagbag.py:545} INFO - Filling up the DagBag from /opt/airflow/dags/dag_weather.py
[2024-05-28T10:08:01.785+0000] {processor.py:840} INFO - DAG(s) 'weather_hcm' retrieved from /opt/airflow/dags/dag_weather.py
[2024-05-28T10:08:01.858+0000] {logging_mixin.py:188} INFO - [2024-05-28T10:08:01.857+0000] {dag.py:3096} INFO - Sync 1 DAGs
[2024-05-28T10:08:01.926+0000] {logging_mixin.py:188} INFO - [2024-05-28T10:08:01.925+0000] {dag.py:3954} INFO - Setting next_dagrun for weather_hcm to 2024-05-28 10:07:00+00:00, run_after=2024-05-28 10:08:00+00:00
[2024-05-28T10:08:01.977+0000] {processor.py:183} INFO - Processing /opt/airflow/dags/dag_weather.py took 1.293 seconds
[2024-05-28T10:08:32.241+0000] {processor.py:161} INFO - Started process (PID=145) to work on /opt/airflow/dags/dag_weather.py
[2024-05-28T10:08:32.245+0000] {processor.py:830} INFO - Processing file /opt/airflow/dags/dag_weather.py for tasks to queue
[2024-05-28T10:08:32.247+0000] {logging_mixin.py:188} INFO - [2024-05-28T10:08:32.247+0000] {dagbag.py:545} INFO - Filling up the DagBag from /opt/airflow/dags/dag_weather.py
[2024-05-28T10:08:32.827+0000] {processor.py:840} INFO - DAG(s) 'weather_hcm' retrieved from /opt/airflow/dags/dag_weather.py
[2024-05-28T10:08:32.858+0000] {logging_mixin.py:188} INFO - [2024-05-28T10:08:32.857+0000] {dag.py:3096} INFO - Sync 1 DAGs
[2024-05-28T10:08:32.881+0000] {logging_mixin.py:188} INFO - [2024-05-28T10:08:32.881+0000] {dag.py:3954} INFO - Setting next_dagrun for weather_hcm to 2024-05-28 10:07:00+00:00, run_after=2024-05-28 10:08:00+00:00
[2024-05-28T10:08:32.899+0000] {processor.py:183} INFO - Processing /opt/airflow/dags/dag_weather.py took 0.673 seconds
[2024-05-28T10:09:03.435+0000] {processor.py:161} INFO - Started process (PID=156) to work on /opt/airflow/dags/dag_weather.py
[2024-05-28T10:09:03.436+0000] {processor.py:830} INFO - Processing file /opt/airflow/dags/dag_weather.py for tasks to queue
[2024-05-28T10:09:03.439+0000] {logging_mixin.py:188} INFO - [2024-05-28T10:09:03.439+0000] {dagbag.py:545} INFO - Filling up the DagBag from /opt/airflow/dags/dag_weather.py
[2024-05-28T10:09:04.375+0000] {processor.py:840} INFO - DAG(s) 'weather_hcm' retrieved from /opt/airflow/dags/dag_weather.py
[2024-05-28T10:09:04.437+0000] {logging_mixin.py:188} INFO - [2024-05-28T10:09:04.436+0000] {dag.py:3096} INFO - Sync 1 DAGs
[2024-05-28T10:09:04.490+0000] {logging_mixin.py:188} INFO - [2024-05-28T10:09:04.490+0000] {dag.py:3954} INFO - Setting next_dagrun for weather_hcm to 2024-05-28 10:08:00+00:00, run_after=2024-05-28 10:09:00+00:00
[2024-05-28T10:09:04.536+0000] {processor.py:183} INFO - Processing /opt/airflow/dags/dag_weather.py took 1.111 seconds
[2024-05-28T10:09:34.817+0000] {processor.py:161} INFO - Started process (PID=167) to work on /opt/airflow/dags/dag_weather.py
[2024-05-28T10:09:34.818+0000] {processor.py:830} INFO - Processing file /opt/airflow/dags/dag_weather.py for tasks to queue
[2024-05-28T10:09:34.821+0000] {logging_mixin.py:188} INFO - [2024-05-28T10:09:34.820+0000] {dagbag.py:545} INFO - Filling up the DagBag from /opt/airflow/dags/dag_weather.py
[2024-05-28T10:09:35.557+0000] {processor.py:840} INFO - DAG(s) 'weather_hcm' retrieved from /opt/airflow/dags/dag_weather.py
[2024-05-28T10:09:35.587+0000] {logging_mixin.py:188} INFO - [2024-05-28T10:09:35.586+0000] {dag.py:3096} INFO - Sync 1 DAGs
[2024-05-28T10:09:35.622+0000] {logging_mixin.py:188} INFO - [2024-05-28T10:09:35.622+0000] {dag.py:3954} INFO - Setting next_dagrun for weather_hcm to 2024-05-28 10:08:00+00:00, run_after=2024-05-28 10:09:00+00:00
[2024-05-28T10:09:35.656+0000] {processor.py:183} INFO - Processing /opt/airflow/dags/dag_weather.py took 0.851 seconds
[2024-05-28T10:10:05.945+0000] {processor.py:161} INFO - Started process (PID=178) to work on /opt/airflow/dags/dag_weather.py
[2024-05-28T10:10:05.947+0000] {processor.py:830} INFO - Processing file /opt/airflow/dags/dag_weather.py for tasks to queue
[2024-05-28T10:10:05.951+0000] {logging_mixin.py:188} INFO - [2024-05-28T10:10:05.950+0000] {dagbag.py:545} INFO - Filling up the DagBag from /opt/airflow/dags/dag_weather.py
[2024-05-28T10:10:06.815+0000] {processor.py:840} INFO - DAG(s) 'weather_hcm' retrieved from /opt/airflow/dags/dag_weather.py
[2024-05-28T10:10:06.866+0000] {logging_mixin.py:188} INFO - [2024-05-28T10:10:06.865+0000] {dag.py:3096} INFO - Sync 1 DAGs
[2024-05-28T10:10:06.892+0000] {logging_mixin.py:188} INFO - [2024-05-28T10:10:06.892+0000] {dag.py:3954} INFO - Setting next_dagrun for weather_hcm to 2024-05-28 10:09:00+00:00, run_after=2024-05-28 10:10:00+00:00
[2024-05-28T10:10:06.912+0000] {processor.py:183} INFO - Processing /opt/airflow/dags/dag_weather.py took 0.978 seconds
[2024-05-28T10:10:37.159+0000] {processor.py:161} INFO - Started process (PID=189) to work on /opt/airflow/dags/dag_weather.py
[2024-05-28T10:10:37.161+0000] {processor.py:830} INFO - Processing file /opt/airflow/dags/dag_weather.py for tasks to queue
[2024-05-28T10:10:37.164+0000] {logging_mixin.py:188} INFO - [2024-05-28T10:10:37.163+0000] {dagbag.py:545} INFO - Filling up the DagBag from /opt/airflow/dags/dag_weather.py
[2024-05-28T10:10:38.148+0000] {processor.py:840} INFO - DAG(s) 'weather_hcm' retrieved from /opt/airflow/dags/dag_weather.py
[2024-05-28T10:10:38.215+0000] {logging_mixin.py:188} INFO - [2024-05-28T10:10:38.212+0000] {dag.py:3096} INFO - Sync 1 DAGs
[2024-05-28T10:10:38.253+0000] {logging_mixin.py:188} INFO - [2024-05-28T10:10:38.253+0000] {dag.py:3954} INFO - Setting next_dagrun for weather_hcm to 2024-05-28 10:09:00+00:00, run_after=2024-05-28 10:10:00+00:00
[2024-05-28T10:10:38.301+0000] {processor.py:183} INFO - Processing /opt/airflow/dags/dag_weather.py took 1.154 seconds
[2024-05-28T10:11:08.630+0000] {processor.py:161} INFO - Started process (PID=200) to work on /opt/airflow/dags/dag_weather.py
[2024-05-28T10:11:08.632+0000] {processor.py:830} INFO - Processing file /opt/airflow/dags/dag_weather.py for tasks to queue
[2024-05-28T10:11:08.635+0000] {logging_mixin.py:188} INFO - [2024-05-28T10:11:08.635+0000] {dagbag.py:545} INFO - Filling up the DagBag from /opt/airflow/dags/dag_weather.py
[2024-05-28T10:11:09.371+0000] {processor.py:840} INFO - DAG(s) 'weather_hcm' retrieved from /opt/airflow/dags/dag_weather.py
[2024-05-28T10:11:09.415+0000] {logging_mixin.py:188} INFO - [2024-05-28T10:11:09.415+0000] {dag.py:3096} INFO - Sync 1 DAGs
[2024-05-28T10:11:09.444+0000] {logging_mixin.py:188} INFO - [2024-05-28T10:11:09.444+0000] {dag.py:3954} INFO - Setting next_dagrun for weather_hcm to 2024-05-28 10:10:00+00:00, run_after=2024-05-28 10:11:00+00:00
[2024-05-28T10:11:09.465+0000] {processor.py:183} INFO - Processing /opt/airflow/dags/dag_weather.py took 0.857 seconds
[2024-05-28T10:11:39.817+0000] {processor.py:161} INFO - Started process (PID=211) to work on /opt/airflow/dags/dag_weather.py
[2024-05-28T10:11:39.819+0000] {processor.py:830} INFO - Processing file /opt/airflow/dags/dag_weather.py for tasks to queue
[2024-05-28T10:11:39.821+0000] {logging_mixin.py:188} INFO - [2024-05-28T10:11:39.821+0000] {dagbag.py:545} INFO - Filling up the DagBag from /opt/airflow/dags/dag_weather.py
[2024-05-28T10:11:40.371+0000] {processor.py:840} INFO - DAG(s) 'weather_hcm' retrieved from /opt/airflow/dags/dag_weather.py
[2024-05-28T10:11:40.407+0000] {logging_mixin.py:188} INFO - [2024-05-28T10:11:40.406+0000] {dag.py:3096} INFO - Sync 1 DAGs
[2024-05-28T10:11:40.448+0000] {logging_mixin.py:188} INFO - [2024-05-28T10:11:40.447+0000] {dag.py:3954} INFO - Setting next_dagrun for weather_hcm to 2024-05-28 10:10:00+00:00, run_after=2024-05-28 10:11:00+00:00
[2024-05-28T10:11:40.470+0000] {processor.py:183} INFO - Processing /opt/airflow/dags/dag_weather.py took 0.665 seconds
[2024-05-28T10:12:10.695+0000] {processor.py:161} INFO - Started process (PID=221) to work on /opt/airflow/dags/dag_weather.py
[2024-05-28T10:12:10.698+0000] {processor.py:830} INFO - Processing file /opt/airflow/dags/dag_weather.py for tasks to queue
[2024-05-28T10:12:10.703+0000] {logging_mixin.py:188} INFO - [2024-05-28T10:12:10.702+0000] {dagbag.py:545} INFO - Filling up the DagBag from /opt/airflow/dags/dag_weather.py
[2024-05-28T10:12:11.514+0000] {processor.py:840} INFO - DAG(s) 'weather_hcm' retrieved from /opt/airflow/dags/dag_weather.py
[2024-05-28T10:12:11.575+0000] {logging_mixin.py:188} INFO - [2024-05-28T10:12:11.574+0000] {dag.py:3096} INFO - Sync 1 DAGs
[2024-05-28T10:12:11.616+0000] {logging_mixin.py:188} INFO - [2024-05-28T10:12:11.616+0000] {dag.py:3954} INFO - Setting next_dagrun for weather_hcm to 2024-05-28 10:11:00+00:00, run_after=2024-05-28 10:12:00+00:00
[2024-05-28T10:12:11.651+0000] {processor.py:183} INFO - Processing /opt/airflow/dags/dag_weather.py took 0.979 seconds
[2024-05-28T10:12:41.964+0000] {processor.py:161} INFO - Started process (PID=233) to work on /opt/airflow/dags/dag_weather.py
[2024-05-28T10:12:41.967+0000] {processor.py:830} INFO - Processing file /opt/airflow/dags/dag_weather.py for tasks to queue
[2024-05-28T10:12:41.971+0000] {logging_mixin.py:188} INFO - [2024-05-28T10:12:41.970+0000] {dagbag.py:545} INFO - Filling up the DagBag from /opt/airflow/dags/dag_weather.py
[2024-05-28T10:12:42.710+0000] {processor.py:840} INFO - DAG(s) 'weather_hcm' retrieved from /opt/airflow/dags/dag_weather.py
[2024-05-28T10:12:42.766+0000] {logging_mixin.py:188} INFO - [2024-05-28T10:12:42.766+0000] {dag.py:3096} INFO - Sync 1 DAGs
[2024-05-28T10:12:42.796+0000] {logging_mixin.py:188} INFO - [2024-05-28T10:12:42.796+0000] {dag.py:3954} INFO - Setting next_dagrun for weather_hcm to 2024-05-28 10:11:00+00:00, run_after=2024-05-28 10:12:00+00:00
[2024-05-28T10:12:42.859+0000] {processor.py:183} INFO - Processing /opt/airflow/dags/dag_weather.py took 0.916 seconds
[2024-05-28T10:13:13.175+0000] {processor.py:161} INFO - Started process (PID=243) to work on /opt/airflow/dags/dag_weather.py
[2024-05-28T10:13:13.177+0000] {processor.py:830} INFO - Processing file /opt/airflow/dags/dag_weather.py for tasks to queue
[2024-05-28T10:13:13.182+0000] {logging_mixin.py:188} INFO - [2024-05-28T10:13:13.180+0000] {dagbag.py:545} INFO - Filling up the DagBag from /opt/airflow/dags/dag_weather.py
[2024-05-28T10:13:13.888+0000] {processor.py:840} INFO - DAG(s) 'weather_hcm' retrieved from /opt/airflow/dags/dag_weather.py
[2024-05-28T10:13:13.923+0000] {logging_mixin.py:188} INFO - [2024-05-28T10:13:13.922+0000] {dag.py:3096} INFO - Sync 1 DAGs
[2024-05-28T10:13:13.952+0000] {logging_mixin.py:188} INFO - [2024-05-28T10:13:13.952+0000] {dag.py:3954} INFO - Setting next_dagrun for weather_hcm to 2024-05-28 10:12:00+00:00, run_after=2024-05-28 10:13:00+00:00
[2024-05-28T10:13:13.979+0000] {processor.py:183} INFO - Processing /opt/airflow/dags/dag_weather.py took 0.817 seconds
[2024-05-28T10:13:44.433+0000] {processor.py:161} INFO - Started process (PID=254) to work on /opt/airflow/dags/dag_weather.py
[2024-05-28T10:13:44.435+0000] {processor.py:830} INFO - Processing file /opt/airflow/dags/dag_weather.py for tasks to queue
[2024-05-28T10:13:44.440+0000] {logging_mixin.py:188} INFO - [2024-05-28T10:13:44.439+0000] {dagbag.py:545} INFO - Filling up the DagBag from /opt/airflow/dags/dag_weather.py
[2024-05-28T10:13:45.293+0000] {processor.py:840} INFO - DAG(s) 'weather_hcm' retrieved from /opt/airflow/dags/dag_weather.py
[2024-05-28T10:13:45.329+0000] {logging_mixin.py:188} INFO - [2024-05-28T10:13:45.329+0000] {dag.py:3096} INFO - Sync 1 DAGs
[2024-05-28T10:13:45.354+0000] {logging_mixin.py:188} INFO - [2024-05-28T10:13:45.354+0000] {dag.py:3954} INFO - Setting next_dagrun for weather_hcm to 2024-05-28 10:12:00+00:00, run_after=2024-05-28 10:13:00+00:00
[2024-05-28T10:13:45.388+0000] {processor.py:183} INFO - Processing /opt/airflow/dags/dag_weather.py took 0.981 seconds
[2024-05-28T10:14:15.649+0000] {processor.py:161} INFO - Started process (PID=265) to work on /opt/airflow/dags/dag_weather.py
[2024-05-28T10:14:15.651+0000] {processor.py:830} INFO - Processing file /opt/airflow/dags/dag_weather.py for tasks to queue
[2024-05-28T10:14:15.655+0000] {logging_mixin.py:188} INFO - [2024-05-28T10:14:15.654+0000] {dagbag.py:545} INFO - Filling up the DagBag from /opt/airflow/dags/dag_weather.py
[2024-05-28T10:14:16.311+0000] {processor.py:840} INFO - DAG(s) 'weather_hcm' retrieved from /opt/airflow/dags/dag_weather.py
[2024-05-28T10:14:16.337+0000] {logging_mixin.py:188} INFO - [2024-05-28T10:14:16.337+0000] {dag.py:3096} INFO - Sync 1 DAGs
[2024-05-28T10:14:16.363+0000] {logging_mixin.py:188} INFO - [2024-05-28T10:14:16.363+0000] {dag.py:3954} INFO - Setting next_dagrun for weather_hcm to 2024-05-28 10:13:00+00:00, run_after=2024-05-28 10:14:00+00:00
[2024-05-28T10:14:16.381+0000] {processor.py:183} INFO - Processing /opt/airflow/dags/dag_weather.py took 0.747 seconds
[2024-05-28T10:14:46.791+0000] {processor.py:161} INFO - Started process (PID=276) to work on /opt/airflow/dags/dag_weather.py
[2024-05-28T10:14:46.793+0000] {processor.py:830} INFO - Processing file /opt/airflow/dags/dag_weather.py for tasks to queue
[2024-05-28T10:14:46.797+0000] {logging_mixin.py:188} INFO - [2024-05-28T10:14:46.796+0000] {dagbag.py:545} INFO - Filling up the DagBag from /opt/airflow/dags/dag_weather.py
[2024-05-28T10:14:47.556+0000] {processor.py:840} INFO - DAG(s) 'weather_hcm' retrieved from /opt/airflow/dags/dag_weather.py
[2024-05-28T10:14:47.595+0000] {logging_mixin.py:188} INFO - [2024-05-28T10:14:47.595+0000] {dag.py:3096} INFO - Sync 1 DAGs
[2024-05-28T10:14:47.625+0000] {logging_mixin.py:188} INFO - [2024-05-28T10:14:47.625+0000] {dag.py:3954} INFO - Setting next_dagrun for weather_hcm to 2024-05-28 10:13:00+00:00, run_after=2024-05-28 10:14:00+00:00
[2024-05-28T10:14:47.653+0000] {processor.py:183} INFO - Processing /opt/airflow/dags/dag_weather.py took 0.883 seconds
[2024-05-28T10:15:18.116+0000] {processor.py:161} INFO - Started process (PID=287) to work on /opt/airflow/dags/dag_weather.py
[2024-05-28T10:15:18.120+0000] {processor.py:830} INFO - Processing file /opt/airflow/dags/dag_weather.py for tasks to queue
[2024-05-28T10:15:18.124+0000] {logging_mixin.py:188} INFO - [2024-05-28T10:15:18.123+0000] {dagbag.py:545} INFO - Filling up the DagBag from /opt/airflow/dags/dag_weather.py
[2024-05-28T10:15:19.501+0000] {processor.py:840} INFO - DAG(s) 'weather_hcm' retrieved from /opt/airflow/dags/dag_weather.py
[2024-05-28T10:15:19.594+0000] {logging_mixin.py:188} INFO - [2024-05-28T10:15:19.593+0000] {dag.py:3096} INFO - Sync 1 DAGs
[2024-05-28T10:15:19.669+0000] {logging_mixin.py:188} INFO - [2024-05-28T10:15:19.669+0000] {dag.py:3954} INFO - Setting next_dagrun for weather_hcm to 2024-05-28 10:14:00+00:00, run_after=2024-05-28 10:15:00+00:00
[2024-05-28T10:15:19.720+0000] {processor.py:183} INFO - Processing /opt/airflow/dags/dag_weather.py took 1.639 seconds
[2024-05-28T10:15:50.394+0000] {processor.py:161} INFO - Started process (PID=305) to work on /opt/airflow/dags/dag_weather.py
[2024-05-28T10:15:50.396+0000] {processor.py:830} INFO - Processing file /opt/airflow/dags/dag_weather.py for tasks to queue
[2024-05-28T10:15:50.401+0000] {logging_mixin.py:188} INFO - [2024-05-28T10:15:50.401+0000] {dagbag.py:545} INFO - Filling up the DagBag from /opt/airflow/dags/dag_weather.py
[2024-05-28T10:15:51.225+0000] {processor.py:840} INFO - DAG(s) 'weather_hcm' retrieved from /opt/airflow/dags/dag_weather.py
[2024-05-28T10:15:51.293+0000] {logging_mixin.py:188} INFO - [2024-05-28T10:15:51.292+0000] {dag.py:3096} INFO - Sync 1 DAGs
[2024-05-28T10:15:51.350+0000] {logging_mixin.py:188} INFO - [2024-05-28T10:15:51.350+0000] {dag.py:3954} INFO - Setting next_dagrun for weather_hcm to 2024-05-28 10:14:00+00:00, run_after=2024-05-28 10:15:00+00:00
[2024-05-28T10:15:51.392+0000] {processor.py:183} INFO - Processing /opt/airflow/dags/dag_weather.py took 1.029 seconds
[2024-05-28T10:16:21.619+0000] {processor.py:161} INFO - Started process (PID=316) to work on /opt/airflow/dags/dag_weather.py
[2024-05-28T10:16:21.620+0000] {processor.py:830} INFO - Processing file /opt/airflow/dags/dag_weather.py for tasks to queue
[2024-05-28T10:16:21.622+0000] {logging_mixin.py:188} INFO - [2024-05-28T10:16:21.622+0000] {dagbag.py:545} INFO - Filling up the DagBag from /opt/airflow/dags/dag_weather.py
[2024-05-28T10:16:22.499+0000] {processor.py:840} INFO - DAG(s) 'weather_hcm' retrieved from /opt/airflow/dags/dag_weather.py
[2024-05-28T10:16:22.573+0000] {logging_mixin.py:188} INFO - [2024-05-28T10:16:22.570+0000] {dag.py:3096} INFO - Sync 1 DAGs
[2024-05-28T10:16:22.619+0000] {logging_mixin.py:188} INFO - [2024-05-28T10:16:22.618+0000] {dag.py:3954} INFO - Setting next_dagrun for weather_hcm to 2024-05-28 10:15:00+00:00, run_after=2024-05-28 10:16:00+00:00
[2024-05-28T10:16:22.667+0000] {processor.py:183} INFO - Processing /opt/airflow/dags/dag_weather.py took 1.062 seconds
[2024-05-28T10:16:53.030+0000] {processor.py:161} INFO - Started process (PID=327) to work on /opt/airflow/dags/dag_weather.py
[2024-05-28T10:16:53.032+0000] {processor.py:830} INFO - Processing file /opt/airflow/dags/dag_weather.py for tasks to queue
[2024-05-28T10:16:53.036+0000] {logging_mixin.py:188} INFO - [2024-05-28T10:16:53.035+0000] {dagbag.py:545} INFO - Filling up the DagBag from /opt/airflow/dags/dag_weather.py
[2024-05-28T10:16:53.874+0000] {processor.py:840} INFO - DAG(s) 'weather_hcm' retrieved from /opt/airflow/dags/dag_weather.py
[2024-05-28T10:16:53.913+0000] {logging_mixin.py:188} INFO - [2024-05-28T10:16:53.912+0000] {dag.py:3096} INFO - Sync 1 DAGs
[2024-05-28T10:16:53.941+0000] {logging_mixin.py:188} INFO - [2024-05-28T10:16:53.941+0000] {dag.py:3954} INFO - Setting next_dagrun for weather_hcm to 2024-05-28 10:15:00+00:00, run_after=2024-05-28 10:16:00+00:00
[2024-05-28T10:16:53.970+0000] {processor.py:183} INFO - Processing /opt/airflow/dags/dag_weather.py took 0.959 seconds
[2024-05-28T10:17:24.283+0000] {processor.py:161} INFO - Started process (PID=338) to work on /opt/airflow/dags/dag_weather.py
[2024-05-28T10:17:24.284+0000] {processor.py:830} INFO - Processing file /opt/airflow/dags/dag_weather.py for tasks to queue
[2024-05-28T10:17:24.289+0000] {logging_mixin.py:188} INFO - [2024-05-28T10:17:24.287+0000] {dagbag.py:545} INFO - Filling up the DagBag from /opt/airflow/dags/dag_weather.py
[2024-05-28T10:17:24.986+0000] {processor.py:840} INFO - DAG(s) 'weather_hcm' retrieved from /opt/airflow/dags/dag_weather.py
[2024-05-28T10:17:25.022+0000] {logging_mixin.py:188} INFO - [2024-05-28T10:17:25.021+0000] {dag.py:3096} INFO - Sync 1 DAGs
[2024-05-28T10:17:25.049+0000] {logging_mixin.py:188} INFO - [2024-05-28T10:17:25.049+0000] {dag.py:3954} INFO - Setting next_dagrun for weather_hcm to 2024-05-28 10:16:00+00:00, run_after=2024-05-28 10:17:00+00:00
[2024-05-28T10:17:25.075+0000] {processor.py:183} INFO - Processing /opt/airflow/dags/dag_weather.py took 0.803 seconds
[2024-05-28T10:17:55.595+0000] {processor.py:161} INFO - Started process (PID=349) to work on /opt/airflow/dags/dag_weather.py
[2024-05-28T10:17:55.597+0000] {processor.py:830} INFO - Processing file /opt/airflow/dags/dag_weather.py for tasks to queue
[2024-05-28T10:17:55.602+0000] {logging_mixin.py:188} INFO - [2024-05-28T10:17:55.601+0000] {dagbag.py:545} INFO - Filling up the DagBag from /opt/airflow/dags/dag_weather.py
[2024-05-28T10:17:56.409+0000] {processor.py:840} INFO - DAG(s) 'weather_hcm' retrieved from /opt/airflow/dags/dag_weather.py
[2024-05-28T10:17:56.434+0000] {logging_mixin.py:188} INFO - [2024-05-28T10:17:56.433+0000] {dag.py:3096} INFO - Sync 1 DAGs
[2024-05-28T10:17:56.457+0000] {logging_mixin.py:188} INFO - [2024-05-28T10:17:56.457+0000] {dag.py:3954} INFO - Setting next_dagrun for weather_hcm to 2024-05-28 10:16:00+00:00, run_after=2024-05-28 10:17:00+00:00
[2024-05-28T10:17:56.476+0000] {processor.py:183} INFO - Processing /opt/airflow/dags/dag_weather.py took 0.892 seconds
[2024-05-28T10:18:26.707+0000] {processor.py:161} INFO - Started process (PID=362) to work on /opt/airflow/dags/dag_weather.py
[2024-05-28T10:18:26.708+0000] {processor.py:830} INFO - Processing file /opt/airflow/dags/dag_weather.py for tasks to queue
[2024-05-28T10:18:26.713+0000] {logging_mixin.py:188} INFO - [2024-05-28T10:18:26.712+0000] {dagbag.py:545} INFO - Filling up the DagBag from /opt/airflow/dags/dag_weather.py
[2024-05-28T10:18:27.387+0000] {processor.py:840} INFO - DAG(s) 'weather_hcm' retrieved from /opt/airflow/dags/dag_weather.py
[2024-05-28T10:18:27.422+0000] {logging_mixin.py:188} INFO - [2024-05-28T10:18:27.422+0000] {dag.py:3096} INFO - Sync 1 DAGs
[2024-05-28T10:18:27.459+0000] {logging_mixin.py:188} INFO - [2024-05-28T10:18:27.458+0000] {dag.py:3954} INFO - Setting next_dagrun for weather_hcm to 2024-05-28 10:17:00+00:00, run_after=2024-05-28 10:18:00+00:00
[2024-05-28T10:18:27.481+0000] {processor.py:183} INFO - Processing /opt/airflow/dags/dag_weather.py took 0.783 seconds
[2024-05-28T10:18:58.022+0000] {processor.py:161} INFO - Started process (PID=373) to work on /opt/airflow/dags/dag_weather.py
[2024-05-28T10:18:58.027+0000] {processor.py:830} INFO - Processing file /opt/airflow/dags/dag_weather.py for tasks to queue
[2024-05-28T10:18:58.032+0000] {logging_mixin.py:188} INFO - [2024-05-28T10:18:58.031+0000] {dagbag.py:545} INFO - Filling up the DagBag from /opt/airflow/dags/dag_weather.py
[2024-05-28T10:18:58.575+0000] {processor.py:840} INFO - DAG(s) 'weather_hcm' retrieved from /opt/airflow/dags/dag_weather.py
[2024-05-28T10:18:58.606+0000] {logging_mixin.py:188} INFO - [2024-05-28T10:18:58.605+0000] {dag.py:3096} INFO - Sync 1 DAGs
[2024-05-28T10:18:58.631+0000] {logging_mixin.py:188} INFO - [2024-05-28T10:18:58.631+0000] {dag.py:3954} INFO - Setting next_dagrun for weather_hcm to 2024-05-28 10:17:00+00:00, run_after=2024-05-28 10:18:00+00:00
[2024-05-28T10:18:58.651+0000] {processor.py:183} INFO - Processing /opt/airflow/dags/dag_weather.py took 0.649 seconds
[2024-05-28T10:19:29.303+0000] {processor.py:161} INFO - Started process (PID=384) to work on /opt/airflow/dags/dag_weather.py
[2024-05-28T10:19:29.306+0000] {processor.py:830} INFO - Processing file /opt/airflow/dags/dag_weather.py for tasks to queue
[2024-05-28T10:19:29.312+0000] {logging_mixin.py:188} INFO - [2024-05-28T10:19:29.311+0000] {dagbag.py:545} INFO - Filling up the DagBag from /opt/airflow/dags/dag_weather.py
[2024-05-28T10:19:30.070+0000] {processor.py:840} INFO - DAG(s) 'weather_hcm' retrieved from /opt/airflow/dags/dag_weather.py
[2024-05-28T10:19:30.109+0000] {logging_mixin.py:188} INFO - [2024-05-28T10:19:30.109+0000] {dag.py:3096} INFO - Sync 1 DAGs
[2024-05-28T10:19:30.140+0000] {logging_mixin.py:188} INFO - [2024-05-28T10:19:30.140+0000] {dag.py:3954} INFO - Setting next_dagrun for weather_hcm to 2024-05-28 10:18:00+00:00, run_after=2024-05-28 10:19:00+00:00
[2024-05-28T10:19:30.161+0000] {processor.py:183} INFO - Processing /opt/airflow/dags/dag_weather.py took 0.877 seconds
[2024-05-28T10:20:00.574+0000] {processor.py:161} INFO - Started process (PID=395) to work on /opt/airflow/dags/dag_weather.py
[2024-05-28T10:20:00.575+0000] {processor.py:830} INFO - Processing file /opt/airflow/dags/dag_weather.py for tasks to queue
[2024-05-28T10:20:00.581+0000] {logging_mixin.py:188} INFO - [2024-05-28T10:20:00.580+0000] {dagbag.py:545} INFO - Filling up the DagBag from /opt/airflow/dags/dag_weather.py
[2024-05-28T10:20:01.426+0000] {processor.py:840} INFO - DAG(s) 'weather_hcm' retrieved from /opt/airflow/dags/dag_weather.py
[2024-05-28T10:20:01.476+0000] {logging_mixin.py:188} INFO - [2024-05-28T10:20:01.476+0000] {dag.py:3096} INFO - Sync 1 DAGs
[2024-05-28T10:20:01.514+0000] {logging_mixin.py:188} INFO - [2024-05-28T10:20:01.514+0000] {dag.py:3954} INFO - Setting next_dagrun for weather_hcm to 2024-05-28 10:19:00+00:00, run_after=2024-05-28 10:20:00+00:00
[2024-05-28T10:20:01.552+0000] {processor.py:183} INFO - Processing /opt/airflow/dags/dag_weather.py took 0.989 seconds
[2024-05-28T10:20:31.808+0000] {processor.py:161} INFO - Started process (PID=406) to work on /opt/airflow/dags/dag_weather.py
[2024-05-28T10:20:31.809+0000] {processor.py:830} INFO - Processing file /opt/airflow/dags/dag_weather.py for tasks to queue
[2024-05-28T10:20:31.812+0000] {logging_mixin.py:188} INFO - [2024-05-28T10:20:31.812+0000] {dagbag.py:545} INFO - Filling up the DagBag from /opt/airflow/dags/dag_weather.py
[2024-05-28T10:20:32.534+0000] {processor.py:840} INFO - DAG(s) 'weather_hcm' retrieved from /opt/airflow/dags/dag_weather.py
[2024-05-28T10:20:32.572+0000] {logging_mixin.py:188} INFO - [2024-05-28T10:20:32.572+0000] {dag.py:3096} INFO - Sync 1 DAGs
[2024-05-28T10:20:32.604+0000] {logging_mixin.py:188} INFO - [2024-05-28T10:20:32.604+0000] {dag.py:3954} INFO - Setting next_dagrun for weather_hcm to 2024-05-28 10:19:00+00:00, run_after=2024-05-28 10:20:00+00:00
[2024-05-28T10:20:32.628+0000] {processor.py:183} INFO - Processing /opt/airflow/dags/dag_weather.py took 0.840 seconds
[2024-05-28T10:21:02.936+0000] {processor.py:161} INFO - Started process (PID=417) to work on /opt/airflow/dags/dag_weather.py
[2024-05-28T10:21:02.939+0000] {processor.py:830} INFO - Processing file /opt/airflow/dags/dag_weather.py for tasks to queue
[2024-05-28T10:21:02.941+0000] {logging_mixin.py:188} INFO - [2024-05-28T10:21:02.941+0000] {dagbag.py:545} INFO - Filling up the DagBag from /opt/airflow/dags/dag_weather.py
[2024-05-28T10:21:03.561+0000] {processor.py:840} INFO - DAG(s) 'weather_hcm' retrieved from /opt/airflow/dags/dag_weather.py
[2024-05-28T10:21:03.589+0000] {logging_mixin.py:188} INFO - [2024-05-28T10:21:03.588+0000] {dag.py:3096} INFO - Sync 1 DAGs
[2024-05-28T10:21:03.611+0000] {logging_mixin.py:188} INFO - [2024-05-28T10:21:03.610+0000] {dag.py:3954} INFO - Setting next_dagrun for weather_hcm to 2024-05-28 10:20:00+00:00, run_after=2024-05-28 10:21:00+00:00
[2024-05-28T10:21:03.634+0000] {processor.py:183} INFO - Processing /opt/airflow/dags/dag_weather.py took 0.716 seconds
[2024-05-28T10:21:34.086+0000] {processor.py:161} INFO - Started process (PID=428) to work on /opt/airflow/dags/dag_weather.py
[2024-05-28T10:21:34.087+0000] {processor.py:830} INFO - Processing file /opt/airflow/dags/dag_weather.py for tasks to queue
[2024-05-28T10:21:34.089+0000] {logging_mixin.py:188} INFO - [2024-05-28T10:21:34.089+0000] {dagbag.py:545} INFO - Filling up the DagBag from /opt/airflow/dags/dag_weather.py
[2024-05-28T10:21:34.653+0000] {processor.py:840} INFO - DAG(s) 'weather_hcm' retrieved from /opt/airflow/dags/dag_weather.py
[2024-05-28T10:21:34.687+0000] {logging_mixin.py:188} INFO - [2024-05-28T10:21:34.687+0000] {dag.py:3096} INFO - Sync 1 DAGs
[2024-05-28T10:21:34.713+0000] {logging_mixin.py:188} INFO - [2024-05-28T10:21:34.713+0000] {dag.py:3954} INFO - Setting next_dagrun for weather_hcm to 2024-05-28 10:20:00+00:00, run_after=2024-05-28 10:21:00+00:00
[2024-05-28T10:21:34.735+0000] {processor.py:183} INFO - Processing /opt/airflow/dags/dag_weather.py took 0.658 seconds
[2024-05-28T10:22:05.227+0000] {processor.py:161} INFO - Started process (PID=439) to work on /opt/airflow/dags/dag_weather.py
[2024-05-28T10:22:05.233+0000] {processor.py:830} INFO - Processing file /opt/airflow/dags/dag_weather.py for tasks to queue
[2024-05-28T10:22:05.240+0000] {logging_mixin.py:188} INFO - [2024-05-28T10:22:05.239+0000] {dagbag.py:545} INFO - Filling up the DagBag from /opt/airflow/dags/dag_weather.py
[2024-05-28T10:22:05.928+0000] {processor.py:840} INFO - DAG(s) 'weather_hcm' retrieved from /opt/airflow/dags/dag_weather.py
[2024-05-28T10:22:05.958+0000] {logging_mixin.py:188} INFO - [2024-05-28T10:22:05.957+0000] {dag.py:3096} INFO - Sync 1 DAGs
[2024-05-28T10:22:05.983+0000] {logging_mixin.py:188} INFO - [2024-05-28T10:22:05.982+0000] {dag.py:3954} INFO - Setting next_dagrun for weather_hcm to 2024-05-28 10:21:00+00:00, run_after=2024-05-28 10:22:00+00:00
[2024-05-28T10:22:06.000+0000] {processor.py:183} INFO - Processing /opt/airflow/dags/dag_weather.py took 0.782 seconds
[2024-05-28T10:22:36.457+0000] {processor.py:161} INFO - Started process (PID=450) to work on /opt/airflow/dags/dag_weather.py
[2024-05-28T10:22:36.458+0000] {processor.py:830} INFO - Processing file /opt/airflow/dags/dag_weather.py for tasks to queue
[2024-05-28T10:22:36.462+0000] {logging_mixin.py:188} INFO - [2024-05-28T10:22:36.461+0000] {dagbag.py:545} INFO - Filling up the DagBag from /opt/airflow/dags/dag_weather.py
[2024-05-28T10:22:37.180+0000] {processor.py:840} INFO - DAG(s) 'weather_hcm' retrieved from /opt/airflow/dags/dag_weather.py
[2024-05-28T10:22:37.228+0000] {logging_mixin.py:188} INFO - [2024-05-28T10:22:37.227+0000] {dag.py:3096} INFO - Sync 1 DAGs
[2024-05-28T10:22:37.253+0000] {logging_mixin.py:188} INFO - [2024-05-28T10:22:37.253+0000] {dag.py:3954} INFO - Setting next_dagrun for weather_hcm to 2024-05-28 10:21:00+00:00, run_after=2024-05-28 10:22:00+00:00
[2024-05-28T10:22:37.273+0000] {processor.py:183} INFO - Processing /opt/airflow/dags/dag_weather.py took 0.829 seconds
[2024-05-28T10:23:07.699+0000] {processor.py:161} INFO - Started process (PID=461) to work on /opt/airflow/dags/dag_weather.py
[2024-05-28T10:23:07.701+0000] {processor.py:830} INFO - Processing file /opt/airflow/dags/dag_weather.py for tasks to queue
[2024-05-28T10:23:07.705+0000] {logging_mixin.py:188} INFO - [2024-05-28T10:23:07.704+0000] {dagbag.py:545} INFO - Filling up the DagBag from /opt/airflow/dags/dag_weather.py
[2024-05-28T10:23:08.298+0000] {processor.py:840} INFO - DAG(s) 'weather_hcm' retrieved from /opt/airflow/dags/dag_weather.py
[2024-05-28T10:23:08.367+0000] {logging_mixin.py:188} INFO - [2024-05-28T10:23:08.365+0000] {dag.py:3096} INFO - Sync 1 DAGs
[2024-05-28T10:23:08.400+0000] {logging_mixin.py:188} INFO - [2024-05-28T10:23:08.399+0000] {dag.py:3954} INFO - Setting next_dagrun for weather_hcm to 2024-05-28 10:22:00+00:00, run_after=2024-05-28 10:23:00+00:00
[2024-05-28T10:23:08.430+0000] {processor.py:183} INFO - Processing /opt/airflow/dags/dag_weather.py took 0.744 seconds
[2024-05-28T10:23:38.975+0000] {processor.py:161} INFO - Started process (PID=473) to work on /opt/airflow/dags/dag_weather.py
[2024-05-28T10:23:38.976+0000] {processor.py:830} INFO - Processing file /opt/airflow/dags/dag_weather.py for tasks to queue
[2024-05-28T10:23:38.979+0000] {logging_mixin.py:188} INFO - [2024-05-28T10:23:38.978+0000] {dagbag.py:545} INFO - Filling up the DagBag from /opt/airflow/dags/dag_weather.py
[2024-05-28T10:23:39.652+0000] {processor.py:840} INFO - DAG(s) 'weather_hcm' retrieved from /opt/airflow/dags/dag_weather.py
[2024-05-28T10:23:39.684+0000] {logging_mixin.py:188} INFO - [2024-05-28T10:23:39.683+0000] {dag.py:3096} INFO - Sync 1 DAGs
[2024-05-28T10:23:39.714+0000] {logging_mixin.py:188} INFO - [2024-05-28T10:23:39.714+0000] {dag.py:3954} INFO - Setting next_dagrun for weather_hcm to 2024-05-28 10:22:00+00:00, run_after=2024-05-28 10:23:00+00:00
[2024-05-28T10:23:39.737+0000] {processor.py:183} INFO - Processing /opt/airflow/dags/dag_weather.py took 0.772 seconds
[2024-05-28T10:24:10.099+0000] {processor.py:161} INFO - Started process (PID=484) to work on /opt/airflow/dags/dag_weather.py
[2024-05-28T10:24:10.104+0000] {processor.py:830} INFO - Processing file /opt/airflow/dags/dag_weather.py for tasks to queue
[2024-05-28T10:24:10.106+0000] {logging_mixin.py:188} INFO - [2024-05-28T10:24:10.105+0000] {dagbag.py:545} INFO - Filling up the DagBag from /opt/airflow/dags/dag_weather.py
[2024-05-28T10:24:10.801+0000] {processor.py:840} INFO - DAG(s) 'weather_hcm' retrieved from /opt/airflow/dags/dag_weather.py
[2024-05-28T10:24:10.853+0000] {logging_mixin.py:188} INFO - [2024-05-28T10:24:10.852+0000] {dag.py:3096} INFO - Sync 1 DAGs
[2024-05-28T10:24:10.897+0000] {logging_mixin.py:188} INFO - [2024-05-28T10:24:10.897+0000] {dag.py:3954} INFO - Setting next_dagrun for weather_hcm to 2024-05-28 10:23:00+00:00, run_after=2024-05-28 10:24:00+00:00
[2024-05-28T10:24:10.962+0000] {processor.py:183} INFO - Processing /opt/airflow/dags/dag_weather.py took 0.878 seconds
[2024-05-28T10:24:41.260+0000] {processor.py:161} INFO - Started process (PID=495) to work on /opt/airflow/dags/dag_weather.py
[2024-05-28T10:24:41.261+0000] {processor.py:830} INFO - Processing file /opt/airflow/dags/dag_weather.py for tasks to queue
[2024-05-28T10:24:41.265+0000] {logging_mixin.py:188} INFO - [2024-05-28T10:24:41.265+0000] {dagbag.py:545} INFO - Filling up the DagBag from /opt/airflow/dags/dag_weather.py
[2024-05-28T10:24:41.863+0000] {processor.py:840} INFO - DAG(s) 'weather_hcm' retrieved from /opt/airflow/dags/dag_weather.py
[2024-05-28T10:24:41.934+0000] {logging_mixin.py:188} INFO - [2024-05-28T10:24:41.933+0000] {dag.py:3096} INFO - Sync 1 DAGs
[2024-05-28T10:24:41.957+0000] {logging_mixin.py:188} INFO - [2024-05-28T10:24:41.957+0000] {dag.py:3954} INFO - Setting next_dagrun for weather_hcm to 2024-05-28 10:23:00+00:00, run_after=2024-05-28 10:24:00+00:00
[2024-05-28T10:24:41.987+0000] {processor.py:183} INFO - Processing /opt/airflow/dags/dag_weather.py took 0.738 seconds
[2024-05-28T10:25:12.198+0000] {processor.py:161} INFO - Started process (PID=506) to work on /opt/airflow/dags/dag_weather.py
[2024-05-28T10:25:12.199+0000] {processor.py:830} INFO - Processing file /opt/airflow/dags/dag_weather.py for tasks to queue
[2024-05-28T10:25:12.202+0000] {logging_mixin.py:188} INFO - [2024-05-28T10:25:12.201+0000] {dagbag.py:545} INFO - Filling up the DagBag from /opt/airflow/dags/dag_weather.py
[2024-05-28T10:25:12.865+0000] {processor.py:840} INFO - DAG(s) 'weather_hcm' retrieved from /opt/airflow/dags/dag_weather.py
[2024-05-28T10:25:12.893+0000] {logging_mixin.py:188} INFO - [2024-05-28T10:25:12.893+0000] {dag.py:3096} INFO - Sync 1 DAGs
[2024-05-28T10:25:12.919+0000] {logging_mixin.py:188} INFO - [2024-05-28T10:25:12.919+0000] {dag.py:3954} INFO - Setting next_dagrun for weather_hcm to 2024-05-28 10:24:00+00:00, run_after=2024-05-28 10:25:00+00:00
[2024-05-28T10:25:12.951+0000] {processor.py:183} INFO - Processing /opt/airflow/dags/dag_weather.py took 0.761 seconds
[2024-05-28T10:25:43.188+0000] {processor.py:161} INFO - Started process (PID=517) to work on /opt/airflow/dags/dag_weather.py
[2024-05-28T10:25:43.189+0000] {processor.py:830} INFO - Processing file /opt/airflow/dags/dag_weather.py for tasks to queue
[2024-05-28T10:25:43.192+0000] {logging_mixin.py:188} INFO - [2024-05-28T10:25:43.191+0000] {dagbag.py:545} INFO - Filling up the DagBag from /opt/airflow/dags/dag_weather.py
[2024-05-28T10:25:43.984+0000] {processor.py:840} INFO - DAG(s) 'weather_hcm' retrieved from /opt/airflow/dags/dag_weather.py
[2024-05-28T10:25:44.012+0000] {logging_mixin.py:188} INFO - [2024-05-28T10:25:44.012+0000] {dag.py:3096} INFO - Sync 1 DAGs
[2024-05-28T10:25:44.042+0000] {logging_mixin.py:188} INFO - [2024-05-28T10:25:44.042+0000] {dag.py:3954} INFO - Setting next_dagrun for weather_hcm to 2024-05-28 10:24:00+00:00, run_after=2024-05-28 10:25:00+00:00
[2024-05-28T10:25:44.070+0000] {processor.py:183} INFO - Processing /opt/airflow/dags/dag_weather.py took 0.895 seconds
[2024-05-28T10:26:14.446+0000] {processor.py:161} INFO - Started process (PID=528) to work on /opt/airflow/dags/dag_weather.py
[2024-05-28T10:26:14.449+0000] {processor.py:830} INFO - Processing file /opt/airflow/dags/dag_weather.py for tasks to queue
[2024-05-28T10:26:14.457+0000] {logging_mixin.py:188} INFO - [2024-05-28T10:26:14.456+0000] {dagbag.py:545} INFO - Filling up the DagBag from /opt/airflow/dags/dag_weather.py
[2024-05-28T10:26:15.200+0000] {processor.py:840} INFO - DAG(s) 'weather_hcm' retrieved from /opt/airflow/dags/dag_weather.py
[2024-05-28T10:26:15.241+0000] {logging_mixin.py:188} INFO - [2024-05-28T10:26:15.240+0000] {dag.py:3096} INFO - Sync 1 DAGs
[2024-05-28T10:26:15.261+0000] {logging_mixin.py:188} INFO - [2024-05-28T10:26:15.260+0000] {dag.py:3954} INFO - Setting next_dagrun for weather_hcm to 2024-05-28 10:25:00+00:00, run_after=2024-05-28 10:26:00+00:00
[2024-05-28T10:26:15.277+0000] {processor.py:183} INFO - Processing /opt/airflow/dags/dag_weather.py took 0.849 seconds
[2024-05-28T10:26:45.723+0000] {processor.py:161} INFO - Started process (PID=539) to work on /opt/airflow/dags/dag_weather.py
[2024-05-28T10:26:45.724+0000] {processor.py:830} INFO - Processing file /opt/airflow/dags/dag_weather.py for tasks to queue
[2024-05-28T10:26:45.728+0000] {logging_mixin.py:188} INFO - [2024-05-28T10:26:45.727+0000] {dagbag.py:545} INFO - Filling up the DagBag from /opt/airflow/dags/dag_weather.py
[2024-05-28T10:26:46.341+0000] {processor.py:840} INFO - DAG(s) 'weather_hcm' retrieved from /opt/airflow/dags/dag_weather.py
[2024-05-28T10:26:46.378+0000] {logging_mixin.py:188} INFO - [2024-05-28T10:26:46.377+0000] {dag.py:3096} INFO - Sync 1 DAGs
[2024-05-28T10:26:46.429+0000] {logging_mixin.py:188} INFO - [2024-05-28T10:26:46.429+0000] {dag.py:3954} INFO - Setting next_dagrun for weather_hcm to 2024-05-28 10:25:00+00:00, run_after=2024-05-28 10:26:00+00:00
[2024-05-28T10:26:46.466+0000] {processor.py:183} INFO - Processing /opt/airflow/dags/dag_weather.py took 0.751 seconds
[2024-05-28T10:27:16.984+0000] {processor.py:161} INFO - Started process (PID=550) to work on /opt/airflow/dags/dag_weather.py
[2024-05-28T10:27:16.985+0000] {processor.py:830} INFO - Processing file /opt/airflow/dags/dag_weather.py for tasks to queue
[2024-05-28T10:27:16.994+0000] {logging_mixin.py:188} INFO - [2024-05-28T10:27:16.994+0000] {dagbag.py:545} INFO - Filling up the DagBag from /opt/airflow/dags/dag_weather.py
[2024-05-28T10:27:17.713+0000] {processor.py:840} INFO - DAG(s) 'weather_hcm' retrieved from /opt/airflow/dags/dag_weather.py
[2024-05-28T10:27:17.765+0000] {logging_mixin.py:188} INFO - [2024-05-28T10:27:17.764+0000] {dag.py:3096} INFO - Sync 1 DAGs
[2024-05-28T10:27:17.795+0000] {logging_mixin.py:188} INFO - [2024-05-28T10:27:17.795+0000] {dag.py:3954} INFO - Setting next_dagrun for weather_hcm to 2024-05-28 10:26:00+00:00, run_after=2024-05-28 10:27:00+00:00
[2024-05-28T10:27:17.830+0000] {processor.py:183} INFO - Processing /opt/airflow/dags/dag_weather.py took 0.854 seconds
[2024-05-28T10:27:48.349+0000] {processor.py:161} INFO - Started process (PID=561) to work on /opt/airflow/dags/dag_weather.py
[2024-05-28T10:27:48.353+0000] {processor.py:830} INFO - Processing file /opt/airflow/dags/dag_weather.py for tasks to queue
[2024-05-28T10:27:48.360+0000] {logging_mixin.py:188} INFO - [2024-05-28T10:27:48.360+0000] {dagbag.py:545} INFO - Filling up the DagBag from /opt/airflow/dags/dag_weather.py
[2024-05-28T10:27:49.269+0000] {processor.py:840} INFO - DAG(s) 'weather_hcm' retrieved from /opt/airflow/dags/dag_weather.py
[2024-05-28T10:27:49.305+0000] {logging_mixin.py:188} INFO - [2024-05-28T10:27:49.304+0000] {dag.py:3096} INFO - Sync 1 DAGs
[2024-05-28T10:27:49.338+0000] {logging_mixin.py:188} INFO - [2024-05-28T10:27:49.338+0000] {dag.py:3954} INFO - Setting next_dagrun for weather_hcm to 2024-05-28 10:26:00+00:00, run_after=2024-05-28 10:27:00+00:00
[2024-05-28T10:27:49.360+0000] {processor.py:183} INFO - Processing /opt/airflow/dags/dag_weather.py took 1.032 seconds
[2024-05-28T10:28:19.580+0000] {processor.py:161} INFO - Started process (PID=571) to work on /opt/airflow/dags/dag_weather.py
[2024-05-28T10:28:19.581+0000] {processor.py:830} INFO - Processing file /opt/airflow/dags/dag_weather.py for tasks to queue
[2024-05-28T10:28:19.584+0000] {logging_mixin.py:188} INFO - [2024-05-28T10:28:19.584+0000] {dagbag.py:545} INFO - Filling up the DagBag from /opt/airflow/dags/dag_weather.py
[2024-05-28T10:28:20.228+0000] {processor.py:840} INFO - DAG(s) 'weather_hcm' retrieved from /opt/airflow/dags/dag_weather.py
[2024-05-28T10:28:20.252+0000] {logging_mixin.py:188} INFO - [2024-05-28T10:28:20.252+0000] {dag.py:3096} INFO - Sync 1 DAGs
[2024-05-28T10:28:20.275+0000] {logging_mixin.py:188} INFO - [2024-05-28T10:28:20.275+0000] {dag.py:3954} INFO - Setting next_dagrun for weather_hcm to 2024-05-28 10:27:00+00:00, run_after=2024-05-28 10:28:00+00:00
[2024-05-28T10:28:20.294+0000] {processor.py:183} INFO - Processing /opt/airflow/dags/dag_weather.py took 0.729 seconds
[2024-05-28T10:28:50.800+0000] {processor.py:161} INFO - Started process (PID=582) to work on /opt/airflow/dags/dag_weather.py
[2024-05-28T10:28:50.802+0000] {processor.py:830} INFO - Processing file /opt/airflow/dags/dag_weather.py for tasks to queue
[2024-05-28T10:28:50.810+0000] {logging_mixin.py:188} INFO - [2024-05-28T10:28:50.809+0000] {dagbag.py:545} INFO - Filling up the DagBag from /opt/airflow/dags/dag_weather.py
[2024-05-28T10:28:51.411+0000] {processor.py:840} INFO - DAG(s) 'weather_hcm' retrieved from /opt/airflow/dags/dag_weather.py
[2024-05-28T10:28:51.446+0000] {logging_mixin.py:188} INFO - [2024-05-28T10:28:51.446+0000] {dag.py:3096} INFO - Sync 1 DAGs
[2024-05-28T10:28:51.473+0000] {logging_mixin.py:188} INFO - [2024-05-28T10:28:51.472+0000] {dag.py:3954} INFO - Setting next_dagrun for weather_hcm to 2024-05-28 10:27:00+00:00, run_after=2024-05-28 10:28:00+00:00
[2024-05-28T10:28:51.508+0000] {processor.py:183} INFO - Processing /opt/airflow/dags/dag_weather.py took 0.731 seconds
[2024-05-28T10:29:21.758+0000] {processor.py:161} INFO - Started process (PID=593) to work on /opt/airflow/dags/dag_weather.py
[2024-05-28T10:29:21.761+0000] {processor.py:830} INFO - Processing file /opt/airflow/dags/dag_weather.py for tasks to queue
[2024-05-28T10:29:21.766+0000] {logging_mixin.py:188} INFO - [2024-05-28T10:29:21.765+0000] {dagbag.py:545} INFO - Filling up the DagBag from /opt/airflow/dags/dag_weather.py
[2024-05-28T10:29:22.302+0000] {processor.py:840} INFO - DAG(s) 'weather_hcm' retrieved from /opt/airflow/dags/dag_weather.py
[2024-05-28T10:29:22.352+0000] {logging_mixin.py:188} INFO - [2024-05-28T10:29:22.350+0000] {dag.py:3096} INFO - Sync 1 DAGs
[2024-05-28T10:29:22.392+0000] {logging_mixin.py:188} INFO - [2024-05-28T10:29:22.392+0000] {dag.py:3954} INFO - Setting next_dagrun for weather_hcm to 2024-05-28 10:28:00+00:00, run_after=2024-05-28 10:29:00+00:00
[2024-05-28T10:29:22.434+0000] {processor.py:183} INFO - Processing /opt/airflow/dags/dag_weather.py took 0.703 seconds
[2024-05-28T10:29:53.002+0000] {processor.py:161} INFO - Started process (PID=610) to work on /opt/airflow/dags/dag_weather.py
[2024-05-28T10:29:53.004+0000] {processor.py:830} INFO - Processing file /opt/airflow/dags/dag_weather.py for tasks to queue
[2024-05-28T10:29:53.008+0000] {logging_mixin.py:188} INFO - [2024-05-28T10:29:53.007+0000] {dagbag.py:545} INFO - Filling up the DagBag from /opt/airflow/dags/dag_weather.py
[2024-05-28T10:29:53.829+0000] {processor.py:840} INFO - DAG(s) 'weather_hcm' retrieved from /opt/airflow/dags/dag_weather.py
[2024-05-28T10:29:53.874+0000] {logging_mixin.py:188} INFO - [2024-05-28T10:29:53.874+0000] {dag.py:3096} INFO - Sync 1 DAGs
[2024-05-28T10:29:53.917+0000] {logging_mixin.py:188} INFO - [2024-05-28T10:29:53.917+0000] {dag.py:3954} INFO - Setting next_dagrun for weather_hcm to 2024-05-28 10:28:00+00:00, run_after=2024-05-28 10:29:00+00:00
[2024-05-28T10:29:53.945+0000] {processor.py:183} INFO - Processing /opt/airflow/dags/dag_weather.py took 0.981 seconds
[2024-05-28T10:30:24.190+0000] {processor.py:161} INFO - Started process (PID=621) to work on /opt/airflow/dags/dag_weather.py
[2024-05-28T10:30:24.191+0000] {processor.py:830} INFO - Processing file /opt/airflow/dags/dag_weather.py for tasks to queue
[2024-05-28T10:30:24.194+0000] {logging_mixin.py:188} INFO - [2024-05-28T10:30:24.194+0000] {dagbag.py:545} INFO - Filling up the DagBag from /opt/airflow/dags/dag_weather.py
[2024-05-28T10:30:25.093+0000] {processor.py:840} INFO - DAG(s) 'weather_hcm' retrieved from /opt/airflow/dags/dag_weather.py
[2024-05-28T10:30:25.131+0000] {logging_mixin.py:188} INFO - [2024-05-28T10:30:25.130+0000] {dag.py:3096} INFO - Sync 1 DAGs
[2024-05-28T10:30:25.155+0000] {logging_mixin.py:188} INFO - [2024-05-28T10:30:25.155+0000] {dag.py:3954} INFO - Setting next_dagrun for weather_hcm to 2024-05-28 10:29:00+00:00, run_after=2024-05-28 10:30:00+00:00
[2024-05-28T10:30:25.180+0000] {processor.py:183} INFO - Processing /opt/airflow/dags/dag_weather.py took 1.008 seconds
