[2024-05-28T10:03:16.931+0000] {processor.py:161} INFO - Started process (PID=35) to work on /opt/airflow/dags/dag_vn30f1m.py
[2024-05-28T10:03:16.932+0000] {processor.py:830} INFO - Processing file /opt/airflow/dags/dag_vn30f1m.py for tasks to queue
[2024-05-28T10:03:16.938+0000] {logging_mixin.py:188} INFO - [2024-05-28T10:03:16.934+0000] {dagbag.py:545} INFO - Filling up the DagBag from /opt/airflow/dags/dag_vn30f1m.py
[2024-05-28T10:03:19.525+0000] {processor.py:840} INFO - DAG(s) 'vn30f1m' retrieved from /opt/airflow/dags/dag_vn30f1m.py
[2024-05-28T10:03:19.900+0000] {logging_mixin.py:188} INFO - [2024-05-28T10:03:19.899+0000] {dag.py:3096} INFO - Sync 1 DAGs
[2024-05-28T10:03:19.935+0000] {logging_mixin.py:188} INFO - [2024-05-28T10:03:19.934+0000] {dag.py:3954} INFO - Setting next_dagrun for vn30f1m to 2024-05-28 10:02:00+00:00, run_after=2024-05-28 10:03:00+00:00
[2024-05-28T10:03:19.968+0000] {processor.py:183} INFO - Processing /opt/airflow/dags/dag_vn30f1m.py took 3.047 seconds
[2024-05-28T10:03:50.312+0000] {processor.py:161} INFO - Started process (PID=47) to work on /opt/airflow/dags/dag_vn30f1m.py
[2024-05-28T10:03:50.314+0000] {processor.py:830} INFO - Processing file /opt/airflow/dags/dag_vn30f1m.py for tasks to queue
[2024-05-28T10:03:50.317+0000] {logging_mixin.py:188} INFO - [2024-05-28T10:03:50.316+0000] {dagbag.py:545} INFO - Filling up the DagBag from /opt/airflow/dags/dag_vn30f1m.py
[2024-05-28T10:03:50.957+0000] {processor.py:840} INFO - DAG(s) 'vn30f1m' retrieved from /opt/airflow/dags/dag_vn30f1m.py
[2024-05-28T10:03:51.011+0000] {logging_mixin.py:188} INFO - [2024-05-28T10:03:51.010+0000] {dag.py:3096} INFO - Sync 1 DAGs
[2024-05-28T10:03:51.063+0000] {logging_mixin.py:188} INFO - [2024-05-28T10:03:51.062+0000] {dag.py:3954} INFO - Setting next_dagrun for vn30f1m to 2024-05-28 10:03:00+00:00, run_after=2024-05-28 10:04:00+00:00
[2024-05-28T10:03:51.122+0000] {processor.py:183} INFO - Processing /opt/airflow/dags/dag_vn30f1m.py took 0.827 seconds
[2024-05-28T10:04:21.511+0000] {processor.py:161} INFO - Started process (PID=58) to work on /opt/airflow/dags/dag_vn30f1m.py
[2024-05-28T10:04:21.513+0000] {processor.py:830} INFO - Processing file /opt/airflow/dags/dag_vn30f1m.py for tasks to queue
[2024-05-28T10:04:21.515+0000] {logging_mixin.py:188} INFO - [2024-05-28T10:04:21.515+0000] {dagbag.py:545} INFO - Filling up the DagBag from /opt/airflow/dags/dag_vn30f1m.py
[2024-05-28T10:04:22.214+0000] {processor.py:840} INFO - DAG(s) 'vn30f1m' retrieved from /opt/airflow/dags/dag_vn30f1m.py
[2024-05-28T10:04:22.260+0000] {logging_mixin.py:188} INFO - [2024-05-28T10:04:22.259+0000] {dag.py:3096} INFO - Sync 1 DAGs
[2024-05-28T10:04:22.310+0000] {logging_mixin.py:188} INFO - [2024-05-28T10:04:22.310+0000] {dag.py:3954} INFO - Setting next_dagrun for vn30f1m to 2024-05-28 10:04:00+00:00, run_after=2024-05-28 10:05:00+00:00
[2024-05-28T10:04:22.383+0000] {processor.py:183} INFO - Processing /opt/airflow/dags/dag_vn30f1m.py took 0.880 seconds
[2024-05-28T10:04:52.841+0000] {processor.py:161} INFO - Started process (PID=69) to work on /opt/airflow/dags/dag_vn30f1m.py
[2024-05-28T10:04:52.848+0000] {processor.py:830} INFO - Processing file /opt/airflow/dags/dag_vn30f1m.py for tasks to queue
[2024-05-28T10:04:52.855+0000] {logging_mixin.py:188} INFO - [2024-05-28T10:04:52.853+0000] {dagbag.py:545} INFO - Filling up the DagBag from /opt/airflow/dags/dag_vn30f1m.py
[2024-05-28T10:04:53.989+0000] {processor.py:840} INFO - DAG(s) 'vn30f1m' retrieved from /opt/airflow/dags/dag_vn30f1m.py
[2024-05-28T10:04:54.040+0000] {logging_mixin.py:188} INFO - [2024-05-28T10:04:54.040+0000] {dag.py:3096} INFO - Sync 1 DAGs
[2024-05-28T10:04:54.072+0000] {logging_mixin.py:188} INFO - [2024-05-28T10:04:54.072+0000] {dag.py:3954} INFO - Setting next_dagrun for vn30f1m to 2024-05-28 10:04:00+00:00, run_after=2024-05-28 10:05:00+00:00
[2024-05-28T10:04:54.123+0000] {processor.py:183} INFO - Processing /opt/airflow/dags/dag_vn30f1m.py took 1.309 seconds
[2024-05-28T10:05:24.409+0000] {processor.py:161} INFO - Started process (PID=79) to work on /opt/airflow/dags/dag_vn30f1m.py
[2024-05-28T10:05:24.412+0000] {processor.py:830} INFO - Processing file /opt/airflow/dags/dag_vn30f1m.py for tasks to queue
[2024-05-28T10:05:24.418+0000] {logging_mixin.py:188} INFO - [2024-05-28T10:05:24.417+0000] {dagbag.py:545} INFO - Filling up the DagBag from /opt/airflow/dags/dag_vn30f1m.py
[2024-05-28T10:05:25.353+0000] {processor.py:840} INFO - DAG(s) 'vn30f1m' retrieved from /opt/airflow/dags/dag_vn30f1m.py
[2024-05-28T10:05:25.391+0000] {logging_mixin.py:188} INFO - [2024-05-28T10:05:25.390+0000] {dag.py:3096} INFO - Sync 1 DAGs
[2024-05-28T10:05:25.422+0000] {logging_mixin.py:188} INFO - [2024-05-28T10:05:25.421+0000] {dag.py:3954} INFO - Setting next_dagrun for vn30f1m to 2024-05-28 10:05:00+00:00, run_after=2024-05-28 10:06:00+00:00
[2024-05-28T10:05:25.448+0000] {processor.py:183} INFO - Processing /opt/airflow/dags/dag_vn30f1m.py took 1.054 seconds
[2024-05-28T10:05:55.689+0000] {processor.py:161} INFO - Started process (PID=90) to work on /opt/airflow/dags/dag_vn30f1m.py
[2024-05-28T10:05:55.691+0000] {processor.py:830} INFO - Processing file /opt/airflow/dags/dag_vn30f1m.py for tasks to queue
[2024-05-28T10:05:55.694+0000] {logging_mixin.py:188} INFO - [2024-05-28T10:05:55.694+0000] {dagbag.py:545} INFO - Filling up the DagBag from /opt/airflow/dags/dag_vn30f1m.py
[2024-05-28T10:05:56.774+0000] {processor.py:840} INFO - DAG(s) 'vn30f1m' retrieved from /opt/airflow/dags/dag_vn30f1m.py
[2024-05-28T10:05:56.969+0000] {logging_mixin.py:188} INFO - [2024-05-28T10:05:56.969+0000] {dag.py:3096} INFO - Sync 1 DAGs
[2024-05-28T10:05:56.988+0000] {logging_mixin.py:188} INFO - [2024-05-28T10:05:56.988+0000] {dag.py:3118} INFO - Creating ORM DAG for vn30f1m
[2024-05-28T10:05:57.015+0000] {logging_mixin.py:188} INFO - [2024-05-28T10:05:57.015+0000] {dag.py:3954} INFO - Setting next_dagrun for vn30f1m to 2024-05-28 10:04:00+00:00, run_after=2024-05-28 10:05:00+00:00
[2024-05-28T10:05:57.059+0000] {processor.py:183} INFO - Processing /opt/airflow/dags/dag_vn30f1m.py took 1.383 seconds
[2024-05-28T10:06:27.145+0000] {processor.py:161} INFO - Started process (PID=101) to work on /opt/airflow/dags/dag_vn30f1m.py
[2024-05-28T10:06:27.147+0000] {processor.py:830} INFO - Processing file /opt/airflow/dags/dag_vn30f1m.py for tasks to queue
[2024-05-28T10:06:27.149+0000] {logging_mixin.py:188} INFO - [2024-05-28T10:06:27.148+0000] {dagbag.py:545} INFO - Filling up the DagBag from /opt/airflow/dags/dag_vn30f1m.py
[2024-05-28T10:06:28.244+0000] {processor.py:840} INFO - DAG(s) 'vn30f1m' retrieved from /opt/airflow/dags/dag_vn30f1m.py
[2024-05-28T10:06:28.293+0000] {logging_mixin.py:188} INFO - [2024-05-28T10:06:28.291+0000] {dag.py:3096} INFO - Sync 1 DAGs
[2024-05-28T10:06:28.325+0000] {logging_mixin.py:188} INFO - [2024-05-28T10:06:28.325+0000] {dag.py:3954} INFO - Setting next_dagrun for vn30f1m to 2024-05-28 10:06:00+00:00, run_after=2024-05-28 10:07:00+00:00
[2024-05-28T10:06:28.358+0000] {processor.py:183} INFO - Processing /opt/airflow/dags/dag_vn30f1m.py took 1.227 seconds
[2024-05-28T10:06:58.416+0000] {processor.py:161} INFO - Started process (PID=112) to work on /opt/airflow/dags/dag_vn30f1m.py
[2024-05-28T10:06:58.417+0000] {processor.py:830} INFO - Processing file /opt/airflow/dags/dag_vn30f1m.py for tasks to queue
[2024-05-28T10:06:58.419+0000] {logging_mixin.py:188} INFO - [2024-05-28T10:06:58.419+0000] {dagbag.py:545} INFO - Filling up the DagBag from /opt/airflow/dags/dag_vn30f1m.py
[2024-05-28T10:06:59.022+0000] {processor.py:840} INFO - DAG(s) 'vn30f1m' retrieved from /opt/airflow/dags/dag_vn30f1m.py
[2024-05-28T10:06:59.062+0000] {logging_mixin.py:188} INFO - [2024-05-28T10:06:59.061+0000] {dag.py:3096} INFO - Sync 1 DAGs
[2024-05-28T10:06:59.110+0000] {logging_mixin.py:188} INFO - [2024-05-28T10:06:59.108+0000] {dag.py:3954} INFO - Setting next_dagrun for vn30f1m to 2024-05-28 10:06:00+00:00, run_after=2024-05-28 10:07:00+00:00
[2024-05-28T10:06:59.158+0000] {processor.py:183} INFO - Processing /opt/airflow/dags/dag_vn30f1m.py took 0.750 seconds
[2024-05-28T10:07:29.399+0000] {processor.py:161} INFO - Started process (PID=122) to work on /opt/airflow/dags/dag_vn30f1m.py
[2024-05-28T10:07:29.402+0000] {processor.py:830} INFO - Processing file /opt/airflow/dags/dag_vn30f1m.py for tasks to queue
[2024-05-28T10:07:29.404+0000] {logging_mixin.py:188} INFO - [2024-05-28T10:07:29.404+0000] {dagbag.py:545} INFO - Filling up the DagBag from /opt/airflow/dags/dag_vn30f1m.py
[2024-05-28T10:07:30.457+0000] {processor.py:840} INFO - DAG(s) 'vn30f1m' retrieved from /opt/airflow/dags/dag_vn30f1m.py
[2024-05-28T10:07:30.500+0000] {logging_mixin.py:188} INFO - [2024-05-28T10:07:30.499+0000] {dag.py:3096} INFO - Sync 1 DAGs
[2024-05-28T10:07:30.540+0000] {logging_mixin.py:188} INFO - [2024-05-28T10:07:30.538+0000] {dag.py:3954} INFO - Setting next_dagrun for vn30f1m to 2024-05-28 10:07:00+00:00, run_after=2024-05-28 10:08:00+00:00
[2024-05-28T10:07:30.630+0000] {processor.py:183} INFO - Processing /opt/airflow/dags/dag_vn30f1m.py took 1.248 seconds
[2024-05-28T10:08:00.692+0000] {processor.py:161} INFO - Started process (PID=133) to work on /opt/airflow/dags/dag_vn30f1m.py
[2024-05-28T10:08:00.694+0000] {processor.py:830} INFO - Processing file /opt/airflow/dags/dag_vn30f1m.py for tasks to queue
[2024-05-28T10:08:00.699+0000] {logging_mixin.py:188} INFO - [2024-05-28T10:08:00.698+0000] {dagbag.py:545} INFO - Filling up the DagBag from /opt/airflow/dags/dag_vn30f1m.py
[2024-05-28T10:08:01.739+0000] {processor.py:840} INFO - DAG(s) 'vn30f1m' retrieved from /opt/airflow/dags/dag_vn30f1m.py
[2024-05-28T10:08:01.789+0000] {logging_mixin.py:188} INFO - [2024-05-28T10:08:01.788+0000] {dag.py:3096} INFO - Sync 1 DAGs
[2024-05-28T10:08:01.819+0000] {logging_mixin.py:188} INFO - [2024-05-28T10:08:01.818+0000] {dag.py:3954} INFO - Setting next_dagrun for vn30f1m to 2024-05-28 10:08:00+00:00, run_after=2024-05-28 10:09:00+00:00
[2024-05-28T10:08:01.865+0000] {processor.py:183} INFO - Processing /opt/airflow/dags/dag_vn30f1m.py took 1.190 seconds
[2024-05-28T10:08:32.211+0000] {processor.py:161} INFO - Started process (PID=144) to work on /opt/airflow/dags/dag_vn30f1m.py
[2024-05-28T10:08:32.213+0000] {processor.py:830} INFO - Processing file /opt/airflow/dags/dag_vn30f1m.py for tasks to queue
[2024-05-28T10:08:32.216+0000] {logging_mixin.py:188} INFO - [2024-05-28T10:08:32.216+0000] {dagbag.py:545} INFO - Filling up the DagBag from /opt/airflow/dags/dag_vn30f1m.py
[2024-05-28T10:08:33.250+0000] {processor.py:840} INFO - DAG(s) 'vn30f1m' retrieved from /opt/airflow/dags/dag_vn30f1m.py
[2024-05-28T10:08:33.290+0000] {logging_mixin.py:188} INFO - [2024-05-28T10:08:33.288+0000] {dag.py:3096} INFO - Sync 1 DAGs
[2024-05-28T10:08:33.317+0000] {logging_mixin.py:188} INFO - [2024-05-28T10:08:33.317+0000] {dag.py:3954} INFO - Setting next_dagrun for vn30f1m to 2024-05-28 10:08:00+00:00, run_after=2024-05-28 10:09:00+00:00
[2024-05-28T10:08:33.341+0000] {processor.py:183} INFO - Processing /opt/airflow/dags/dag_vn30f1m.py took 1.144 seconds
[2024-05-28T10:09:03.434+0000] {processor.py:161} INFO - Started process (PID=155) to work on /opt/airflow/dags/dag_vn30f1m.py
[2024-05-28T10:09:03.437+0000] {processor.py:830} INFO - Processing file /opt/airflow/dags/dag_vn30f1m.py for tasks to queue
[2024-05-28T10:09:03.440+0000] {logging_mixin.py:188} INFO - [2024-05-28T10:09:03.439+0000] {dagbag.py:545} INFO - Filling up the DagBag from /opt/airflow/dags/dag_vn30f1m.py
[2024-05-28T10:09:04.491+0000] {processor.py:840} INFO - DAG(s) 'vn30f1m' retrieved from /opt/airflow/dags/dag_vn30f1m.py
[2024-05-28T10:09:04.543+0000] {logging_mixin.py:188} INFO - [2024-05-28T10:09:04.542+0000] {dag.py:3096} INFO - Sync 1 DAGs
[2024-05-28T10:09:04.598+0000] {logging_mixin.py:188} INFO - [2024-05-28T10:09:04.597+0000] {dag.py:3954} INFO - Setting next_dagrun for vn30f1m to 2024-05-28 10:09:00+00:00, run_after=2024-05-28 10:10:00+00:00
[2024-05-28T10:09:04.629+0000] {processor.py:183} INFO - Processing /opt/airflow/dags/dag_vn30f1m.py took 1.211 seconds
[2024-05-28T10:09:34.806+0000] {processor.py:161} INFO - Started process (PID=166) to work on /opt/airflow/dags/dag_vn30f1m.py
[2024-05-28T10:09:34.808+0000] {processor.py:830} INFO - Processing file /opt/airflow/dags/dag_vn30f1m.py for tasks to queue
[2024-05-28T10:09:34.810+0000] {logging_mixin.py:188} INFO - [2024-05-28T10:09:34.809+0000] {dagbag.py:545} INFO - Filling up the DagBag from /opt/airflow/dags/dag_vn30f1m.py
[2024-05-28T10:09:35.604+0000] {processor.py:840} INFO - DAG(s) 'vn30f1m' retrieved from /opt/airflow/dags/dag_vn30f1m.py
[2024-05-28T10:09:35.667+0000] {logging_mixin.py:188} INFO - [2024-05-28T10:09:35.666+0000] {dag.py:3096} INFO - Sync 1 DAGs
[2024-05-28T10:09:35.696+0000] {logging_mixin.py:188} INFO - [2024-05-28T10:09:35.695+0000] {dag.py:3954} INFO - Setting next_dagrun for vn30f1m to 2024-05-28 10:09:00+00:00, run_after=2024-05-28 10:10:00+00:00
[2024-05-28T10:09:35.719+0000] {processor.py:183} INFO - Processing /opt/airflow/dags/dag_vn30f1m.py took 0.924 seconds
[2024-05-28T10:10:05.958+0000] {processor.py:161} INFO - Started process (PID=177) to work on /opt/airflow/dags/dag_vn30f1m.py
[2024-05-28T10:10:05.960+0000] {processor.py:830} INFO - Processing file /opt/airflow/dags/dag_vn30f1m.py for tasks to queue
[2024-05-28T10:10:05.970+0000] {logging_mixin.py:188} INFO - [2024-05-28T10:10:05.968+0000] {dagbag.py:545} INFO - Filling up the DagBag from /opt/airflow/dags/dag_vn30f1m.py
[2024-05-28T10:10:06.808+0000] {processor.py:840} INFO - DAG(s) 'vn30f1m' retrieved from /opt/airflow/dags/dag_vn30f1m.py
[2024-05-28T10:10:06.839+0000] {logging_mixin.py:188} INFO - [2024-05-28T10:10:06.838+0000] {dag.py:3096} INFO - Sync 1 DAGs
[2024-05-28T10:10:06.863+0000] {logging_mixin.py:188} INFO - [2024-05-28T10:10:06.863+0000] {dag.py:3954} INFO - Setting next_dagrun for vn30f1m to 2024-05-28 10:10:00+00:00, run_after=2024-05-28 10:11:00+00:00
[2024-05-28T10:10:06.887+0000] {processor.py:183} INFO - Processing /opt/airflow/dags/dag_vn30f1m.py took 0.963 seconds
[2024-05-28T10:10:37.147+0000] {processor.py:161} INFO - Started process (PID=188) to work on /opt/airflow/dags/dag_vn30f1m.py
[2024-05-28T10:10:37.149+0000] {processor.py:830} INFO - Processing file /opt/airflow/dags/dag_vn30f1m.py for tasks to queue
[2024-05-28T10:10:37.152+0000] {logging_mixin.py:188} INFO - [2024-05-28T10:10:37.151+0000] {dagbag.py:545} INFO - Filling up the DagBag from /opt/airflow/dags/dag_vn30f1m.py
[2024-05-28T10:10:38.251+0000] {processor.py:840} INFO - DAG(s) 'vn30f1m' retrieved from /opt/airflow/dags/dag_vn30f1m.py
[2024-05-28T10:10:38.305+0000] {logging_mixin.py:188} INFO - [2024-05-28T10:10:38.304+0000] {dag.py:3096} INFO - Sync 1 DAGs
[2024-05-28T10:10:38.345+0000] {logging_mixin.py:188} INFO - [2024-05-28T10:10:38.345+0000] {dag.py:3954} INFO - Setting next_dagrun for vn30f1m to 2024-05-28 10:10:00+00:00, run_after=2024-05-28 10:11:00+00:00
[2024-05-28T10:10:38.386+0000] {processor.py:183} INFO - Processing /opt/airflow/dags/dag_vn30f1m.py took 1.252 seconds
[2024-05-28T10:11:08.607+0000] {processor.py:161} INFO - Started process (PID=199) to work on /opt/airflow/dags/dag_vn30f1m.py
[2024-05-28T10:11:08.609+0000] {processor.py:830} INFO - Processing file /opt/airflow/dags/dag_vn30f1m.py for tasks to queue
[2024-05-28T10:11:08.612+0000] {logging_mixin.py:188} INFO - [2024-05-28T10:11:08.611+0000] {dagbag.py:545} INFO - Filling up the DagBag from /opt/airflow/dags/dag_vn30f1m.py
[2024-05-28T10:11:09.674+0000] {processor.py:840} INFO - DAG(s) 'vn30f1m' retrieved from /opt/airflow/dags/dag_vn30f1m.py
[2024-05-28T10:11:09.697+0000] {logging_mixin.py:188} INFO - [2024-05-28T10:11:09.696+0000] {dag.py:3096} INFO - Sync 1 DAGs
[2024-05-28T10:11:09.719+0000] {logging_mixin.py:188} INFO - [2024-05-28T10:11:09.719+0000] {dag.py:3954} INFO - Setting next_dagrun for vn30f1m to 2024-05-28 10:11:00+00:00, run_after=2024-05-28 10:12:00+00:00
[2024-05-28T10:11:09.738+0000] {processor.py:183} INFO - Processing /opt/airflow/dags/dag_vn30f1m.py took 1.147 seconds
[2024-05-28T10:11:39.801+0000] {processor.py:161} INFO - Started process (PID=210) to work on /opt/airflow/dags/dag_vn30f1m.py
[2024-05-28T10:11:39.802+0000] {processor.py:830} INFO - Processing file /opt/airflow/dags/dag_vn30f1m.py for tasks to queue
[2024-05-28T10:11:39.806+0000] {logging_mixin.py:188} INFO - [2024-05-28T10:11:39.805+0000] {dagbag.py:545} INFO - Filling up the DagBag from /opt/airflow/dags/dag_vn30f1m.py
[2024-05-28T10:11:40.583+0000] {processor.py:840} INFO - DAG(s) 'vn30f1m' retrieved from /opt/airflow/dags/dag_vn30f1m.py
[2024-05-28T10:11:40.607+0000] {logging_mixin.py:188} INFO - [2024-05-28T10:11:40.605+0000] {dag.py:3096} INFO - Sync 1 DAGs
[2024-05-28T10:11:40.627+0000] {logging_mixin.py:188} INFO - [2024-05-28T10:11:40.627+0000] {dag.py:3954} INFO - Setting next_dagrun for vn30f1m to 2024-05-28 10:11:00+00:00, run_after=2024-05-28 10:12:00+00:00
[2024-05-28T10:11:40.646+0000] {processor.py:183} INFO - Processing /opt/airflow/dags/dag_vn30f1m.py took 0.855 seconds
[2024-05-28T10:12:10.736+0000] {processor.py:161} INFO - Started process (PID=222) to work on /opt/airflow/dags/dag_vn30f1m.py
[2024-05-28T10:12:10.738+0000] {processor.py:830} INFO - Processing file /opt/airflow/dags/dag_vn30f1m.py for tasks to queue
[2024-05-28T10:12:10.740+0000] {logging_mixin.py:188} INFO - [2024-05-28T10:12:10.740+0000] {dagbag.py:545} INFO - Filling up the DagBag from /opt/airflow/dags/dag_vn30f1m.py
[2024-05-28T10:12:11.649+0000] {processor.py:840} INFO - DAG(s) 'vn30f1m' retrieved from /opt/airflow/dags/dag_vn30f1m.py
[2024-05-28T10:12:11.691+0000] {logging_mixin.py:188} INFO - [2024-05-28T10:12:11.691+0000] {dag.py:3096} INFO - Sync 1 DAGs
[2024-05-28T10:12:11.714+0000] {logging_mixin.py:188} INFO - [2024-05-28T10:12:11.714+0000] {dag.py:3954} INFO - Setting next_dagrun for vn30f1m to 2024-05-28 10:12:00+00:00, run_after=2024-05-28 10:13:00+00:00
[2024-05-28T10:12:11.748+0000] {processor.py:183} INFO - Processing /opt/airflow/dags/dag_vn30f1m.py took 1.022 seconds
[2024-05-28T10:12:41.968+0000] {processor.py:161} INFO - Started process (PID=232) to work on /opt/airflow/dags/dag_vn30f1m.py
[2024-05-28T10:12:41.973+0000] {processor.py:830} INFO - Processing file /opt/airflow/dags/dag_vn30f1m.py for tasks to queue
[2024-05-28T10:12:41.987+0000] {logging_mixin.py:188} INFO - [2024-05-28T10:12:41.977+0000] {dagbag.py:545} INFO - Filling up the DagBag from /opt/airflow/dags/dag_vn30f1m.py
[2024-05-28T10:12:43.044+0000] {processor.py:840} INFO - DAG(s) 'vn30f1m' retrieved from /opt/airflow/dags/dag_vn30f1m.py
[2024-05-28T10:12:43.104+0000] {logging_mixin.py:188} INFO - [2024-05-28T10:12:43.103+0000] {dag.py:3096} INFO - Sync 1 DAGs
[2024-05-28T10:12:43.164+0000] {logging_mixin.py:188} INFO - [2024-05-28T10:12:43.164+0000] {dag.py:3954} INFO - Setting next_dagrun for vn30f1m to 2024-05-28 10:12:00+00:00, run_after=2024-05-28 10:13:00+00:00
[2024-05-28T10:12:43.194+0000] {processor.py:183} INFO - Processing /opt/airflow/dags/dag_vn30f1m.py took 1.260 seconds
[2024-05-28T10:13:14.059+0000] {processor.py:161} INFO - Started process (PID=245) to work on /opt/airflow/dags/dag_vn30f1m.py
[2024-05-28T10:13:14.062+0000] {processor.py:830} INFO - Processing file /opt/airflow/dags/dag_vn30f1m.py for tasks to queue
[2024-05-28T10:13:14.066+0000] {logging_mixin.py:188} INFO - [2024-05-28T10:13:14.065+0000] {dagbag.py:545} INFO - Filling up the DagBag from /opt/airflow/dags/dag_vn30f1m.py
[2024-05-28T10:13:14.872+0000] {processor.py:840} INFO - DAG(s) 'vn30f1m' retrieved from /opt/airflow/dags/dag_vn30f1m.py
[2024-05-28T10:13:14.899+0000] {logging_mixin.py:188} INFO - [2024-05-28T10:13:14.899+0000] {dag.py:3096} INFO - Sync 1 DAGs
[2024-05-28T10:13:14.922+0000] {logging_mixin.py:188} INFO - [2024-05-28T10:13:14.922+0000] {dag.py:3954} INFO - Setting next_dagrun for vn30f1m to 2024-05-28 10:13:00+00:00, run_after=2024-05-28 10:14:00+00:00
[2024-05-28T10:13:14.944+0000] {processor.py:183} INFO - Processing /opt/airflow/dags/dag_vn30f1m.py took 0.909 seconds
[2024-05-28T10:13:45.436+0000] {processor.py:161} INFO - Started process (PID=256) to work on /opt/airflow/dags/dag_vn30f1m.py
[2024-05-28T10:13:45.438+0000] {processor.py:830} INFO - Processing file /opt/airflow/dags/dag_vn30f1m.py for tasks to queue
[2024-05-28T10:13:45.441+0000] {logging_mixin.py:188} INFO - [2024-05-28T10:13:45.440+0000] {dagbag.py:545} INFO - Filling up the DagBag from /opt/airflow/dags/dag_vn30f1m.py
[2024-05-28T10:13:46.186+0000] {processor.py:840} INFO - DAG(s) 'vn30f1m' retrieved from /opt/airflow/dags/dag_vn30f1m.py
[2024-05-28T10:13:46.218+0000] {logging_mixin.py:188} INFO - [2024-05-28T10:13:46.217+0000] {dag.py:3096} INFO - Sync 1 DAGs
[2024-05-28T10:13:46.243+0000] {logging_mixin.py:188} INFO - [2024-05-28T10:13:46.242+0000] {dag.py:3954} INFO - Setting next_dagrun for vn30f1m to 2024-05-28 10:13:00+00:00, run_after=2024-05-28 10:14:00+00:00
[2024-05-28T10:13:46.275+0000] {processor.py:183} INFO - Processing /opt/airflow/dags/dag_vn30f1m.py took 0.851 seconds
[2024-05-28T10:14:16.441+0000] {processor.py:161} INFO - Started process (PID=267) to work on /opt/airflow/dags/dag_vn30f1m.py
[2024-05-28T10:14:16.443+0000] {processor.py:830} INFO - Processing file /opt/airflow/dags/dag_vn30f1m.py for tasks to queue
[2024-05-28T10:14:16.446+0000] {logging_mixin.py:188} INFO - [2024-05-28T10:14:16.445+0000] {dagbag.py:545} INFO - Filling up the DagBag from /opt/airflow/dags/dag_vn30f1m.py
[2024-05-28T10:14:17.509+0000] {processor.py:840} INFO - DAG(s) 'vn30f1m' retrieved from /opt/airflow/dags/dag_vn30f1m.py
[2024-05-28T10:14:17.536+0000] {logging_mixin.py:188} INFO - [2024-05-28T10:14:17.535+0000] {dag.py:3096} INFO - Sync 1 DAGs
[2024-05-28T10:14:17.561+0000] {logging_mixin.py:188} INFO - [2024-05-28T10:14:17.560+0000] {dag.py:3954} INFO - Setting next_dagrun for vn30f1m to 2024-05-28 10:13:00+00:00, run_after=2024-05-28 10:14:00+00:00
[2024-05-28T10:14:17.580+0000] {processor.py:183} INFO - Processing /opt/airflow/dags/dag_vn30f1m.py took 1.151 seconds
[2024-05-28T10:14:47.749+0000] {processor.py:161} INFO - Started process (PID=278) to work on /opt/airflow/dags/dag_vn30f1m.py
[2024-05-28T10:14:47.750+0000] {processor.py:830} INFO - Processing file /opt/airflow/dags/dag_vn30f1m.py for tasks to queue
[2024-05-28T10:14:47.752+0000] {logging_mixin.py:188} INFO - [2024-05-28T10:14:47.752+0000] {dagbag.py:545} INFO - Filling up the DagBag from /opt/airflow/dags/dag_vn30f1m.py
[2024-05-28T10:14:48.483+0000] {processor.py:840} INFO - DAG(s) 'vn30f1m' retrieved from /opt/airflow/dags/dag_vn30f1m.py
[2024-05-28T10:14:48.515+0000] {logging_mixin.py:188} INFO - [2024-05-28T10:14:48.514+0000] {dag.py:3096} INFO - Sync 1 DAGs
[2024-05-28T10:14:48.541+0000] {logging_mixin.py:188} INFO - [2024-05-28T10:14:48.541+0000] {dag.py:3954} INFO - Setting next_dagrun for vn30f1m to 2024-05-28 10:13:00+00:00, run_after=2024-05-28 10:14:00+00:00
[2024-05-28T10:14:48.568+0000] {processor.py:183} INFO - Processing /opt/airflow/dags/dag_vn30f1m.py took 0.828 seconds
[2024-05-28T10:15:19.144+0000] {processor.py:161} INFO - Started process (PID=296) to work on /opt/airflow/dags/dag_vn30f1m.py
[2024-05-28T10:15:19.148+0000] {processor.py:830} INFO - Processing file /opt/airflow/dags/dag_vn30f1m.py for tasks to queue
[2024-05-28T10:15:19.153+0000] {logging_mixin.py:188} INFO - [2024-05-28T10:15:19.152+0000] {dagbag.py:545} INFO - Filling up the DagBag from /opt/airflow/dags/dag_vn30f1m.py
[2024-05-28T10:15:20.356+0000] {processor.py:840} INFO - DAG(s) 'vn30f1m' retrieved from /opt/airflow/dags/dag_vn30f1m.py
[2024-05-28T10:15:20.410+0000] {logging_mixin.py:188} INFO - [2024-05-28T10:15:20.409+0000] {dag.py:3096} INFO - Sync 1 DAGs
[2024-05-28T10:15:20.465+0000] {logging_mixin.py:188} INFO - [2024-05-28T10:15:20.465+0000] {dag.py:3954} INFO - Setting next_dagrun for vn30f1m to 2024-05-28 10:14:00+00:00, run_after=2024-05-28 10:15:00+00:00
[2024-05-28T10:15:20.507+0000] {processor.py:183} INFO - Processing /opt/airflow/dags/dag_vn30f1m.py took 1.387 seconds
[2024-05-28T10:15:51.386+0000] {processor.py:161} INFO - Started process (PID=307) to work on /opt/airflow/dags/dag_vn30f1m.py
[2024-05-28T10:15:51.386+0000] {processor.py:830} INFO - Processing file /opt/airflow/dags/dag_vn30f1m.py for tasks to queue
[2024-05-28T10:15:51.389+0000] {logging_mixin.py:188} INFO - [2024-05-28T10:15:51.388+0000] {dagbag.py:545} INFO - Filling up the DagBag from /opt/airflow/dags/dag_vn30f1m.py
[2024-05-28T10:15:52.104+0000] {processor.py:840} INFO - DAG(s) 'vn30f1m' retrieved from /opt/airflow/dags/dag_vn30f1m.py
[2024-05-28T10:15:52.143+0000] {logging_mixin.py:188} INFO - [2024-05-28T10:15:52.142+0000] {dag.py:3096} INFO - Sync 1 DAGs
[2024-05-28T10:15:52.168+0000] {logging_mixin.py:188} INFO - [2024-05-28T10:15:52.168+0000] {dag.py:3954} INFO - Setting next_dagrun for vn30f1m to 2024-05-28 10:14:00+00:00, run_after=2024-05-28 10:15:00+00:00
[2024-05-28T10:15:52.191+0000] {processor.py:183} INFO - Processing /opt/airflow/dags/dag_vn30f1m.py took 0.814 seconds
[2024-05-28T10:16:22.630+0000] {processor.py:161} INFO - Started process (PID=318) to work on /opt/airflow/dags/dag_vn30f1m.py
[2024-05-28T10:16:22.631+0000] {processor.py:830} INFO - Processing file /opt/airflow/dags/dag_vn30f1m.py for tasks to queue
[2024-05-28T10:16:22.634+0000] {logging_mixin.py:188} INFO - [2024-05-28T10:16:22.634+0000] {dagbag.py:545} INFO - Filling up the DagBag from /opt/airflow/dags/dag_vn30f1m.py
[2024-05-28T10:16:23.646+0000] {processor.py:840} INFO - DAG(s) 'vn30f1m' retrieved from /opt/airflow/dags/dag_vn30f1m.py
[2024-05-28T10:16:23.686+0000] {logging_mixin.py:188} INFO - [2024-05-28T10:16:23.685+0000] {dag.py:3096} INFO - Sync 1 DAGs
[2024-05-28T10:16:23.722+0000] {logging_mixin.py:188} INFO - [2024-05-28T10:16:23.721+0000] {dag.py:3954} INFO - Setting next_dagrun for vn30f1m to 2024-05-28 10:15:00+00:00, run_after=2024-05-28 10:16:00+00:00
[2024-05-28T10:16:23.763+0000] {processor.py:183} INFO - Processing /opt/airflow/dags/dag_vn30f1m.py took 1.143 seconds
[2024-05-28T10:16:54.057+0000] {processor.py:161} INFO - Started process (PID=329) to work on /opt/airflow/dags/dag_vn30f1m.py
[2024-05-28T10:16:54.060+0000] {processor.py:830} INFO - Processing file /opt/airflow/dags/dag_vn30f1m.py for tasks to queue
[2024-05-28T10:16:54.064+0000] {logging_mixin.py:188} INFO - [2024-05-28T10:16:54.063+0000] {dagbag.py:545} INFO - Filling up the DagBag from /opt/airflow/dags/dag_vn30f1m.py
[2024-05-28T10:16:54.979+0000] {processor.py:840} INFO - DAG(s) 'vn30f1m' retrieved from /opt/airflow/dags/dag_vn30f1m.py
[2024-05-28T10:16:55.036+0000] {logging_mixin.py:188} INFO - [2024-05-28T10:16:55.033+0000] {dag.py:3096} INFO - Sync 1 DAGs
[2024-05-28T10:16:55.109+0000] {logging_mixin.py:188} INFO - [2024-05-28T10:16:55.108+0000] {dag.py:3954} INFO - Setting next_dagrun for vn30f1m to 2024-05-28 10:15:00+00:00, run_after=2024-05-28 10:16:00+00:00
[2024-05-28T10:16:55.218+0000] {processor.py:183} INFO - Processing /opt/airflow/dags/dag_vn30f1m.py took 1.176 seconds
[2024-05-28T10:17:25.361+0000] {processor.py:161} INFO - Started process (PID=340) to work on /opt/airflow/dags/dag_vn30f1m.py
[2024-05-28T10:17:25.362+0000] {processor.py:830} INFO - Processing file /opt/airflow/dags/dag_vn30f1m.py for tasks to queue
[2024-05-28T10:17:25.366+0000] {logging_mixin.py:188} INFO - [2024-05-28T10:17:25.365+0000] {dagbag.py:545} INFO - Filling up the DagBag from /opt/airflow/dags/dag_vn30f1m.py
[2024-05-28T10:17:26.232+0000] {processor.py:840} INFO - DAG(s) 'vn30f1m' retrieved from /opt/airflow/dags/dag_vn30f1m.py
[2024-05-28T10:17:26.366+0000] {logging_mixin.py:188} INFO - [2024-05-28T10:17:26.364+0000] {dag.py:3096} INFO - Sync 1 DAGs
[2024-05-28T10:17:26.386+0000] {logging_mixin.py:188} INFO - [2024-05-28T10:17:26.385+0000] {dag.py:3118} INFO - Creating ORM DAG for vn30f1m
[2024-05-28T10:17:26.420+0000] {logging_mixin.py:188} INFO - [2024-05-28T10:17:26.416+0000] {dag.py:3954} INFO - Setting next_dagrun for vn30f1m to 2024-05-28 10:16:00+00:00, run_after=2024-05-28 10:17:00+00:00
[2024-05-28T10:17:26.460+0000] {processor.py:183} INFO - Processing /opt/airflow/dags/dag_vn30f1m.py took 1.113 seconds
[2024-05-28T10:17:56.564+0000] {processor.py:161} INFO - Started process (PID=351) to work on /opt/airflow/dags/dag_vn30f1m.py
[2024-05-28T10:17:56.565+0000] {processor.py:830} INFO - Processing file /opt/airflow/dags/dag_vn30f1m.py for tasks to queue
[2024-05-28T10:17:56.572+0000] {logging_mixin.py:188} INFO - [2024-05-28T10:17:56.572+0000] {dagbag.py:545} INFO - Filling up the DagBag from /opt/airflow/dags/dag_vn30f1m.py
[2024-05-28T10:17:57.277+0000] {processor.py:840} INFO - DAG(s) 'vn30f1m' retrieved from /opt/airflow/dags/dag_vn30f1m.py
[2024-05-28T10:17:57.359+0000] {logging_mixin.py:188} INFO - [2024-05-28T10:17:57.357+0000] {dag.py:3096} INFO - Sync 1 DAGs
[2024-05-28T10:17:57.414+0000] {logging_mixin.py:188} INFO - [2024-05-28T10:17:57.413+0000] {dag.py:3954} INFO - Setting next_dagrun for vn30f1m to 2024-05-28 10:16:00+00:00, run_after=2024-05-28 10:17:00+00:00
[2024-05-28T10:17:57.462+0000] {processor.py:183} INFO - Processing /opt/airflow/dags/dag_vn30f1m.py took 0.906 seconds
[2024-05-28T10:18:27.551+0000] {processor.py:161} INFO - Started process (PID=364) to work on /opt/airflow/dags/dag_vn30f1m.py
[2024-05-28T10:18:27.552+0000] {processor.py:830} INFO - Processing file /opt/airflow/dags/dag_vn30f1m.py for tasks to queue
[2024-05-28T10:18:27.555+0000] {logging_mixin.py:188} INFO - [2024-05-28T10:18:27.555+0000] {dagbag.py:545} INFO - Filling up the DagBag from /opt/airflow/dags/dag_vn30f1m.py
[2024-05-28T10:18:28.147+0000] {processor.py:840} INFO - DAG(s) 'vn30f1m' retrieved from /opt/airflow/dags/dag_vn30f1m.py
[2024-05-28T10:18:28.173+0000] {logging_mixin.py:188} INFO - [2024-05-28T10:18:28.173+0000] {dag.py:3096} INFO - Sync 1 DAGs
[2024-05-28T10:18:28.193+0000] {logging_mixin.py:188} INFO - [2024-05-28T10:18:28.193+0000] {dag.py:3954} INFO - Setting next_dagrun for vn30f1m to 2024-05-28 10:17:00+00:00, run_after=2024-05-28 10:18:00+00:00
[2024-05-28T10:18:28.215+0000] {processor.py:183} INFO - Processing /opt/airflow/dags/dag_vn30f1m.py took 0.691 seconds
[2024-05-28T10:18:58.721+0000] {processor.py:161} INFO - Started process (PID=375) to work on /opt/airflow/dags/dag_vn30f1m.py
[2024-05-28T10:18:58.723+0000] {processor.py:830} INFO - Processing file /opt/airflow/dags/dag_vn30f1m.py for tasks to queue
[2024-05-28T10:18:58.727+0000] {logging_mixin.py:188} INFO - [2024-05-28T10:18:58.726+0000] {dagbag.py:545} INFO - Filling up the DagBag from /opt/airflow/dags/dag_vn30f1m.py
[2024-05-28T10:18:59.338+0000] {processor.py:840} INFO - DAG(s) 'vn30f1m' retrieved from /opt/airflow/dags/dag_vn30f1m.py
[2024-05-28T10:18:59.366+0000] {logging_mixin.py:188} INFO - [2024-05-28T10:18:59.365+0000] {dag.py:3096} INFO - Sync 1 DAGs
[2024-05-28T10:18:59.390+0000] {logging_mixin.py:188} INFO - [2024-05-28T10:18:59.390+0000] {dag.py:3954} INFO - Setting next_dagrun for vn30f1m to 2024-05-28 10:17:00+00:00, run_after=2024-05-28 10:18:00+00:00
[2024-05-28T10:18:59.423+0000] {processor.py:183} INFO - Processing /opt/airflow/dags/dag_vn30f1m.py took 0.717 seconds
[2024-05-28T10:19:30.254+0000] {processor.py:161} INFO - Started process (PID=386) to work on /opt/airflow/dags/dag_vn30f1m.py
[2024-05-28T10:19:30.256+0000] {processor.py:830} INFO - Processing file /opt/airflow/dags/dag_vn30f1m.py for tasks to queue
[2024-05-28T10:19:30.263+0000] {logging_mixin.py:188} INFO - [2024-05-28T10:19:30.259+0000] {dagbag.py:545} INFO - Filling up the DagBag from /opt/airflow/dags/dag_vn30f1m.py
[2024-05-28T10:19:31.108+0000] {processor.py:840} INFO - DAG(s) 'vn30f1m' retrieved from /opt/airflow/dags/dag_vn30f1m.py
[2024-05-28T10:19:31.139+0000] {logging_mixin.py:188} INFO - [2024-05-28T10:19:31.138+0000] {dag.py:3096} INFO - Sync 1 DAGs
[2024-05-28T10:19:31.164+0000] {logging_mixin.py:188} INFO - [2024-05-28T10:19:31.164+0000] {dag.py:3954} INFO - Setting next_dagrun for vn30f1m to 2024-05-28 10:18:00+00:00, run_after=2024-05-28 10:19:00+00:00
[2024-05-28T10:19:31.188+0000] {processor.py:183} INFO - Processing /opt/airflow/dags/dag_vn30f1m.py took 0.955 seconds
[2024-05-28T10:20:01.601+0000] {processor.py:161} INFO - Started process (PID=397) to work on /opt/airflow/dags/dag_vn30f1m.py
[2024-05-28T10:20:01.603+0000] {processor.py:830} INFO - Processing file /opt/airflow/dags/dag_vn30f1m.py for tasks to queue
[2024-05-28T10:20:01.606+0000] {logging_mixin.py:188} INFO - [2024-05-28T10:20:01.605+0000] {dagbag.py:545} INFO - Filling up the DagBag from /opt/airflow/dags/dag_vn30f1m.py
[2024-05-28T10:20:02.428+0000] {processor.py:840} INFO - DAG(s) 'vn30f1m' retrieved from /opt/airflow/dags/dag_vn30f1m.py
[2024-05-28T10:20:02.474+0000] {logging_mixin.py:188} INFO - [2024-05-28T10:20:02.474+0000] {dag.py:3096} INFO - Sync 1 DAGs
[2024-05-28T10:20:02.504+0000] {logging_mixin.py:188} INFO - [2024-05-28T10:20:02.504+0000] {dag.py:3954} INFO - Setting next_dagrun for vn30f1m to 2024-05-28 10:19:00+00:00, run_after=2024-05-28 10:20:00+00:00
[2024-05-28T10:20:02.541+0000] {processor.py:183} INFO - Processing /opt/airflow/dags/dag_vn30f1m.py took 0.956 seconds
[2024-05-28T10:20:32.708+0000] {processor.py:161} INFO - Started process (PID=408) to work on /opt/airflow/dags/dag_vn30f1m.py
[2024-05-28T10:20:32.710+0000] {processor.py:830} INFO - Processing file /opt/airflow/dags/dag_vn30f1m.py for tasks to queue
[2024-05-28T10:20:32.713+0000] {logging_mixin.py:188} INFO - [2024-05-28T10:20:32.712+0000] {dagbag.py:545} INFO - Filling up the DagBag from /opt/airflow/dags/dag_vn30f1m.py
[2024-05-28T10:20:33.661+0000] {processor.py:840} INFO - DAG(s) 'vn30f1m' retrieved from /opt/airflow/dags/dag_vn30f1m.py
[2024-05-28T10:20:33.691+0000] {logging_mixin.py:188} INFO - [2024-05-28T10:20:33.688+0000] {dag.py:3096} INFO - Sync 1 DAGs
[2024-05-28T10:20:33.717+0000] {logging_mixin.py:188} INFO - [2024-05-28T10:20:33.716+0000] {dag.py:3954} INFO - Setting next_dagrun for vn30f1m to 2024-05-28 10:19:00+00:00, run_after=2024-05-28 10:20:00+00:00
[2024-05-28T10:20:33.755+0000] {processor.py:183} INFO - Processing /opt/airflow/dags/dag_vn30f1m.py took 1.063 seconds
[2024-05-28T10:21:04.020+0000] {processor.py:161} INFO - Started process (PID=419) to work on /opt/airflow/dags/dag_vn30f1m.py
[2024-05-28T10:21:04.021+0000] {processor.py:830} INFO - Processing file /opt/airflow/dags/dag_vn30f1m.py for tasks to queue
[2024-05-28T10:21:04.023+0000] {logging_mixin.py:188} INFO - [2024-05-28T10:21:04.023+0000] {dagbag.py:545} INFO - Filling up the DagBag from /opt/airflow/dags/dag_vn30f1m.py
[2024-05-28T10:21:04.806+0000] {processor.py:840} INFO - DAG(s) 'vn30f1m' retrieved from /opt/airflow/dags/dag_vn30f1m.py
[2024-05-28T10:21:04.847+0000] {logging_mixin.py:188} INFO - [2024-05-28T10:21:04.847+0000] {dag.py:3096} INFO - Sync 1 DAGs
[2024-05-28T10:21:04.879+0000] {logging_mixin.py:188} INFO - [2024-05-28T10:21:04.878+0000] {dag.py:3954} INFO - Setting next_dagrun for vn30f1m to 2024-05-28 10:20:00+00:00, run_after=2024-05-28 10:21:00+00:00
[2024-05-28T10:21:04.908+0000] {processor.py:183} INFO - Processing /opt/airflow/dags/dag_vn30f1m.py took 0.902 seconds
[2024-05-28T10:21:35.174+0000] {processor.py:161} INFO - Started process (PID=430) to work on /opt/airflow/dags/dag_vn30f1m.py
[2024-05-28T10:21:35.176+0000] {processor.py:830} INFO - Processing file /opt/airflow/dags/dag_vn30f1m.py for tasks to queue
[2024-05-28T10:21:35.178+0000] {logging_mixin.py:188} INFO - [2024-05-28T10:21:35.178+0000] {dagbag.py:545} INFO - Filling up the DagBag from /opt/airflow/dags/dag_vn30f1m.py
[2024-05-28T10:21:35.934+0000] {processor.py:840} INFO - DAG(s) 'vn30f1m' retrieved from /opt/airflow/dags/dag_vn30f1m.py
[2024-05-28T10:21:35.971+0000] {logging_mixin.py:188} INFO - [2024-05-28T10:21:35.971+0000] {dag.py:3096} INFO - Sync 1 DAGs
[2024-05-28T10:21:35.994+0000] {logging_mixin.py:188} INFO - [2024-05-28T10:21:35.993+0000] {dag.py:3954} INFO - Setting next_dagrun for vn30f1m to 2024-05-28 10:20:00+00:00, run_after=2024-05-28 10:21:00+00:00
[2024-05-28T10:21:36.018+0000] {processor.py:183} INFO - Processing /opt/airflow/dags/dag_vn30f1m.py took 0.853 seconds
[2024-05-28T10:22:06.307+0000] {processor.py:161} INFO - Started process (PID=441) to work on /opt/airflow/dags/dag_vn30f1m.py
[2024-05-28T10:22:06.308+0000] {processor.py:830} INFO - Processing file /opt/airflow/dags/dag_vn30f1m.py for tasks to queue
[2024-05-28T10:22:06.310+0000] {logging_mixin.py:188} INFO - [2024-05-28T10:22:06.309+0000] {dagbag.py:545} INFO - Filling up the DagBag from /opt/airflow/dags/dag_vn30f1m.py
[2024-05-28T10:22:06.927+0000] {processor.py:840} INFO - DAG(s) 'vn30f1m' retrieved from /opt/airflow/dags/dag_vn30f1m.py
[2024-05-28T10:22:06.955+0000] {logging_mixin.py:188} INFO - [2024-05-28T10:22:06.954+0000] {dag.py:3096} INFO - Sync 1 DAGs
[2024-05-28T10:22:06.977+0000] {logging_mixin.py:188} INFO - [2024-05-28T10:22:06.977+0000] {dag.py:3954} INFO - Setting next_dagrun for vn30f1m to 2024-05-28 10:21:00+00:00, run_after=2024-05-28 10:22:00+00:00
[2024-05-28T10:22:06.995+0000] {processor.py:183} INFO - Processing /opt/airflow/dags/dag_vn30f1m.py took 0.697 seconds
[2024-05-28T10:22:37.345+0000] {processor.py:161} INFO - Started process (PID=452) to work on /opt/airflow/dags/dag_vn30f1m.py
[2024-05-28T10:22:37.346+0000] {processor.py:830} INFO - Processing file /opt/airflow/dags/dag_vn30f1m.py for tasks to queue
[2024-05-28T10:22:37.349+0000] {logging_mixin.py:188} INFO - [2024-05-28T10:22:37.348+0000] {dagbag.py:545} INFO - Filling up the DagBag from /opt/airflow/dags/dag_vn30f1m.py
[2024-05-28T10:22:38.054+0000] {processor.py:840} INFO - DAG(s) 'vn30f1m' retrieved from /opt/airflow/dags/dag_vn30f1m.py
[2024-05-28T10:22:38.088+0000] {logging_mixin.py:188} INFO - [2024-05-28T10:22:38.087+0000] {dag.py:3096} INFO - Sync 1 DAGs
[2024-05-28T10:22:38.112+0000] {logging_mixin.py:188} INFO - [2024-05-28T10:22:38.112+0000] {dag.py:3954} INFO - Setting next_dagrun for vn30f1m to 2024-05-28 10:21:00+00:00, run_after=2024-05-28 10:22:00+00:00
[2024-05-28T10:22:38.133+0000] {processor.py:183} INFO - Processing /opt/airflow/dags/dag_vn30f1m.py took 0.801 seconds
[2024-05-28T10:23:08.494+0000] {processor.py:161} INFO - Started process (PID=463) to work on /opt/airflow/dags/dag_vn30f1m.py
[2024-05-28T10:23:08.497+0000] {processor.py:830} INFO - Processing file /opt/airflow/dags/dag_vn30f1m.py for tasks to queue
[2024-05-28T10:23:08.499+0000] {logging_mixin.py:188} INFO - [2024-05-28T10:23:08.499+0000] {dagbag.py:545} INFO - Filling up the DagBag from /opt/airflow/dags/dag_vn30f1m.py
[2024-05-28T10:23:09.196+0000] {processor.py:840} INFO - DAG(s) 'vn30f1m' retrieved from /opt/airflow/dags/dag_vn30f1m.py
[2024-05-28T10:23:09.238+0000] {logging_mixin.py:188} INFO - [2024-05-28T10:23:09.237+0000] {dag.py:3096} INFO - Sync 1 DAGs
[2024-05-28T10:23:09.279+0000] {logging_mixin.py:188} INFO - [2024-05-28T10:23:09.279+0000] {dag.py:3954} INFO - Setting next_dagrun for vn30f1m to 2024-05-28 10:22:00+00:00, run_after=2024-05-28 10:23:00+00:00
[2024-05-28T10:23:09.300+0000] {processor.py:183} INFO - Processing /opt/airflow/dags/dag_vn30f1m.py took 0.828 seconds
[2024-05-28T10:23:39.791+0000] {processor.py:161} INFO - Started process (PID=475) to work on /opt/airflow/dags/dag_vn30f1m.py
[2024-05-28T10:23:39.792+0000] {processor.py:830} INFO - Processing file /opt/airflow/dags/dag_vn30f1m.py for tasks to queue
[2024-05-28T10:23:39.795+0000] {logging_mixin.py:188} INFO - [2024-05-28T10:23:39.794+0000] {dagbag.py:545} INFO - Filling up the DagBag from /opt/airflow/dags/dag_vn30f1m.py
[2024-05-28T10:23:40.770+0000] {processor.py:840} INFO - DAG(s) 'vn30f1m' retrieved from /opt/airflow/dags/dag_vn30f1m.py
[2024-05-28T10:23:40.807+0000] {logging_mixin.py:188} INFO - [2024-05-28T10:23:40.805+0000] {dag.py:3096} INFO - Sync 1 DAGs
[2024-05-28T10:23:40.838+0000] {logging_mixin.py:188} INFO - [2024-05-28T10:23:40.838+0000] {dag.py:3954} INFO - Setting next_dagrun for vn30f1m to 2024-05-28 10:22:00+00:00, run_after=2024-05-28 10:23:00+00:00
[2024-05-28T10:23:40.868+0000] {processor.py:183} INFO - Processing /opt/airflow/dags/dag_vn30f1m.py took 1.087 seconds
[2024-05-28T10:24:11.040+0000] {processor.py:161} INFO - Started process (PID=486) to work on /opt/airflow/dags/dag_vn30f1m.py
[2024-05-28T10:24:11.044+0000] {processor.py:830} INFO - Processing file /opt/airflow/dags/dag_vn30f1m.py for tasks to queue
[2024-05-28T10:24:11.047+0000] {logging_mixin.py:188} INFO - [2024-05-28T10:24:11.047+0000] {dagbag.py:545} INFO - Filling up the DagBag from /opt/airflow/dags/dag_vn30f1m.py
[2024-05-28T10:24:11.933+0000] {processor.py:840} INFO - DAG(s) 'vn30f1m' retrieved from /opt/airflow/dags/dag_vn30f1m.py
[2024-05-28T10:24:11.986+0000] {logging_mixin.py:188} INFO - [2024-05-28T10:24:11.985+0000] {dag.py:3096} INFO - Sync 1 DAGs
[2024-05-28T10:24:12.027+0000] {logging_mixin.py:188} INFO - [2024-05-28T10:24:12.026+0000] {dag.py:3954} INFO - Setting next_dagrun for vn30f1m to 2024-05-28 10:24:00+00:00, run_after=2024-05-28 10:25:00+00:00
[2024-05-28T10:24:12.090+0000] {processor.py:183} INFO - Processing /opt/airflow/dags/dag_vn30f1m.py took 1.062 seconds
[2024-05-28T10:24:42.330+0000] {processor.py:161} INFO - Started process (PID=497) to work on /opt/airflow/dags/dag_vn30f1m.py
[2024-05-28T10:24:42.331+0000] {processor.py:830} INFO - Processing file /opt/airflow/dags/dag_vn30f1m.py for tasks to queue
[2024-05-28T10:24:42.333+0000] {logging_mixin.py:188} INFO - [2024-05-28T10:24:42.333+0000] {dagbag.py:545} INFO - Filling up the DagBag from /opt/airflow/dags/dag_vn30f1m.py
[2024-05-28T10:24:43.050+0000] {processor.py:840} INFO - DAG(s) 'vn30f1m' retrieved from /opt/airflow/dags/dag_vn30f1m.py
[2024-05-28T10:24:43.082+0000] {logging_mixin.py:188} INFO - [2024-05-28T10:24:43.081+0000] {dag.py:3096} INFO - Sync 1 DAGs
[2024-05-28T10:24:43.105+0000] {logging_mixin.py:188} INFO - [2024-05-28T10:24:43.104+0000] {dag.py:3954} INFO - Setting next_dagrun for vn30f1m to 2024-05-28 10:24:00+00:00, run_after=2024-05-28 10:25:00+00:00
[2024-05-28T10:24:43.125+0000] {processor.py:183} INFO - Processing /opt/airflow/dags/dag_vn30f1m.py took 0.802 seconds
[2024-05-28T10:25:13.306+0000] {processor.py:161} INFO - Started process (PID=508) to work on /opt/airflow/dags/dag_vn30f1m.py
[2024-05-28T10:25:13.316+0000] {processor.py:830} INFO - Processing file /opt/airflow/dags/dag_vn30f1m.py for tasks to queue
[2024-05-28T10:25:13.328+0000] {logging_mixin.py:188} INFO - [2024-05-28T10:25:13.326+0000] {dagbag.py:545} INFO - Filling up the DagBag from /opt/airflow/dags/dag_vn30f1m.py
[2024-05-28T10:25:13.977+0000] {processor.py:840} INFO - DAG(s) 'vn30f1m' retrieved from /opt/airflow/dags/dag_vn30f1m.py
[2024-05-28T10:25:14.007+0000] {logging_mixin.py:188} INFO - [2024-05-28T10:25:14.006+0000] {dag.py:3096} INFO - Sync 1 DAGs
[2024-05-28T10:25:14.040+0000] {logging_mixin.py:188} INFO - [2024-05-28T10:25:14.039+0000] {dag.py:3954} INFO - Setting next_dagrun for vn30f1m to 2024-05-28 10:25:00+00:00, run_after=2024-05-28 10:26:00+00:00
[2024-05-28T10:25:14.070+0000] {processor.py:183} INFO - Processing /opt/airflow/dags/dag_vn30f1m.py took 0.785 seconds
[2024-05-28T10:25:44.134+0000] {processor.py:161} INFO - Started process (PID=519) to work on /opt/airflow/dags/dag_vn30f1m.py
[2024-05-28T10:25:44.136+0000] {processor.py:830} INFO - Processing file /opt/airflow/dags/dag_vn30f1m.py for tasks to queue
[2024-05-28T10:25:44.138+0000] {logging_mixin.py:188} INFO - [2024-05-28T10:25:44.137+0000] {dagbag.py:545} INFO - Filling up the DagBag from /opt/airflow/dags/dag_vn30f1m.py
[2024-05-28T10:25:45.101+0000] {processor.py:840} INFO - DAG(s) 'vn30f1m' retrieved from /opt/airflow/dags/dag_vn30f1m.py
[2024-05-28T10:25:45.140+0000] {logging_mixin.py:188} INFO - [2024-05-28T10:25:45.139+0000] {dag.py:3096} INFO - Sync 1 DAGs
[2024-05-28T10:25:45.180+0000] {logging_mixin.py:188} INFO - [2024-05-28T10:25:45.180+0000] {dag.py:3954} INFO - Setting next_dagrun for vn30f1m to 2024-05-28 10:25:00+00:00, run_after=2024-05-28 10:26:00+00:00
[2024-05-28T10:25:45.233+0000] {processor.py:183} INFO - Processing /opt/airflow/dags/dag_vn30f1m.py took 1.113 seconds
[2024-05-28T10:26:15.332+0000] {processor.py:161} INFO - Started process (PID=530) to work on /opt/airflow/dags/dag_vn30f1m.py
[2024-05-28T10:26:15.333+0000] {processor.py:830} INFO - Processing file /opt/airflow/dags/dag_vn30f1m.py for tasks to queue
[2024-05-28T10:26:15.336+0000] {logging_mixin.py:188} INFO - [2024-05-28T10:26:15.335+0000] {dagbag.py:545} INFO - Filling up the DagBag from /opt/airflow/dags/dag_vn30f1m.py
[2024-05-28T10:26:15.905+0000] {processor.py:840} INFO - DAG(s) 'vn30f1m' retrieved from /opt/airflow/dags/dag_vn30f1m.py
[2024-05-28T10:26:15.931+0000] {logging_mixin.py:188} INFO - [2024-05-28T10:26:15.930+0000] {dag.py:3096} INFO - Sync 1 DAGs
[2024-05-28T10:26:15.961+0000] {logging_mixin.py:188} INFO - [2024-05-28T10:26:15.961+0000] {dag.py:3954} INFO - Setting next_dagrun for vn30f1m to 2024-05-28 10:26:00+00:00, run_after=2024-05-28 10:27:00+00:00
[2024-05-28T10:26:15.986+0000] {processor.py:183} INFO - Processing /opt/airflow/dags/dag_vn30f1m.py took 0.661 seconds
[2024-05-28T10:26:46.520+0000] {processor.py:161} INFO - Started process (PID=541) to work on /opt/airflow/dags/dag_vn30f1m.py
[2024-05-28T10:26:46.522+0000] {processor.py:830} INFO - Processing file /opt/airflow/dags/dag_vn30f1m.py for tasks to queue
[2024-05-28T10:26:46.526+0000] {logging_mixin.py:188} INFO - [2024-05-28T10:26:46.525+0000] {dagbag.py:545} INFO - Filling up the DagBag from /opt/airflow/dags/dag_vn30f1m.py
[2024-05-28T10:26:47.306+0000] {processor.py:840} INFO - DAG(s) 'vn30f1m' retrieved from /opt/airflow/dags/dag_vn30f1m.py
[2024-05-28T10:26:47.360+0000] {logging_mixin.py:188} INFO - [2024-05-28T10:26:47.356+0000] {dag.py:3096} INFO - Sync 1 DAGs
[2024-05-28T10:26:47.400+0000] {logging_mixin.py:188} INFO - [2024-05-28T10:26:47.400+0000] {dag.py:3954} INFO - Setting next_dagrun for vn30f1m to 2024-05-28 10:26:00+00:00, run_after=2024-05-28 10:27:00+00:00
[2024-05-28T10:26:47.429+0000] {processor.py:183} INFO - Processing /opt/airflow/dags/dag_vn30f1m.py took 0.917 seconds
[2024-05-28T10:27:17.886+0000] {processor.py:161} INFO - Started process (PID=552) to work on /opt/airflow/dags/dag_vn30f1m.py
[2024-05-28T10:27:17.888+0000] {processor.py:830} INFO - Processing file /opt/airflow/dags/dag_vn30f1m.py for tasks to queue
[2024-05-28T10:27:17.895+0000] {logging_mixin.py:188} INFO - [2024-05-28T10:27:17.894+0000] {dagbag.py:545} INFO - Filling up the DagBag from /opt/airflow/dags/dag_vn30f1m.py
[2024-05-28T10:27:18.593+0000] {processor.py:840} INFO - DAG(s) 'vn30f1m' retrieved from /opt/airflow/dags/dag_vn30f1m.py
[2024-05-28T10:27:18.617+0000] {logging_mixin.py:188} INFO - [2024-05-28T10:27:18.617+0000] {dag.py:3096} INFO - Sync 1 DAGs
[2024-05-28T10:27:18.641+0000] {logging_mixin.py:188} INFO - [2024-05-28T10:27:18.641+0000] {dag.py:3954} INFO - Setting next_dagrun for vn30f1m to 2024-05-28 10:27:00+00:00, run_after=2024-05-28 10:28:00+00:00
[2024-05-28T10:27:18.660+0000] {processor.py:183} INFO - Processing /opt/airflow/dags/dag_vn30f1m.py took 0.792 seconds
[2024-05-28T10:27:49.364+0000] {processor.py:161} INFO - Started process (PID=563) to work on /opt/airflow/dags/dag_vn30f1m.py
[2024-05-28T10:27:49.365+0000] {processor.py:830} INFO - Processing file /opt/airflow/dags/dag_vn30f1m.py for tasks to queue
[2024-05-28T10:27:49.369+0000] {logging_mixin.py:188} INFO - [2024-05-28T10:27:49.368+0000] {dagbag.py:545} INFO - Filling up the DagBag from /opt/airflow/dags/dag_vn30f1m.py
[2024-05-28T10:27:50.223+0000] {processor.py:840} INFO - DAG(s) 'vn30f1m' retrieved from /opt/airflow/dags/dag_vn30f1m.py
[2024-05-28T10:27:50.266+0000] {logging_mixin.py:188} INFO - [2024-05-28T10:27:50.266+0000] {dag.py:3096} INFO - Sync 1 DAGs
[2024-05-28T10:27:50.301+0000] {logging_mixin.py:188} INFO - [2024-05-28T10:27:50.300+0000] {dag.py:3954} INFO - Setting next_dagrun for vn30f1m to 2024-05-28 10:27:00+00:00, run_after=2024-05-28 10:28:00+00:00
[2024-05-28T10:27:50.328+0000] {processor.py:183} INFO - Processing /opt/airflow/dags/dag_vn30f1m.py took 0.979 seconds
[2024-05-28T10:28:20.624+0000] {processor.py:161} INFO - Started process (PID=573) to work on /opt/airflow/dags/dag_vn30f1m.py
[2024-05-28T10:28:20.625+0000] {processor.py:830} INFO - Processing file /opt/airflow/dags/dag_vn30f1m.py for tasks to queue
[2024-05-28T10:28:20.627+0000] {logging_mixin.py:188} INFO - [2024-05-28T10:28:20.627+0000] {dagbag.py:545} INFO - Filling up the DagBag from /opt/airflow/dags/dag_vn30f1m.py
[2024-05-28T10:28:21.202+0000] {processor.py:840} INFO - DAG(s) 'vn30f1m' retrieved from /opt/airflow/dags/dag_vn30f1m.py
[2024-05-28T10:28:21.229+0000] {logging_mixin.py:188} INFO - [2024-05-28T10:28:21.228+0000] {dag.py:3096} INFO - Sync 1 DAGs
[2024-05-28T10:28:21.248+0000] {logging_mixin.py:188} INFO - [2024-05-28T10:28:21.248+0000] {dag.py:3954} INFO - Setting next_dagrun for vn30f1m to 2024-05-28 10:28:00+00:00, run_after=2024-05-28 10:29:00+00:00
[2024-05-28T10:28:21.266+0000] {processor.py:183} INFO - Processing /opt/airflow/dags/dag_vn30f1m.py took 0.650 seconds
[2024-05-28T10:28:51.548+0000] {processor.py:161} INFO - Started process (PID=584) to work on /opt/airflow/dags/dag_vn30f1m.py
[2024-05-28T10:28:51.551+0000] {processor.py:830} INFO - Processing file /opt/airflow/dags/dag_vn30f1m.py for tasks to queue
[2024-05-28T10:28:51.554+0000] {logging_mixin.py:188} INFO - [2024-05-28T10:28:51.553+0000] {dagbag.py:545} INFO - Filling up the DagBag from /opt/airflow/dags/dag_vn30f1m.py
[2024-05-28T10:28:52.460+0000] {processor.py:840} INFO - DAG(s) 'vn30f1m' retrieved from /opt/airflow/dags/dag_vn30f1m.py
[2024-05-28T10:28:52.492+0000] {logging_mixin.py:188} INFO - [2024-05-28T10:28:52.492+0000] {dag.py:3096} INFO - Sync 1 DAGs
[2024-05-28T10:28:52.527+0000] {logging_mixin.py:188} INFO - [2024-05-28T10:28:52.527+0000] {dag.py:3954} INFO - Setting next_dagrun for vn30f1m to 2024-05-28 10:28:00+00:00, run_after=2024-05-28 10:29:00+00:00
[2024-05-28T10:28:52.562+0000] {processor.py:183} INFO - Processing /opt/airflow/dags/dag_vn30f1m.py took 1.025 seconds
[2024-05-28T10:29:22.796+0000] {processor.py:161} INFO - Started process (PID=601) to work on /opt/airflow/dags/dag_vn30f1m.py
[2024-05-28T10:29:22.798+0000] {processor.py:830} INFO - Processing file /opt/airflow/dags/dag_vn30f1m.py for tasks to queue
[2024-05-28T10:29:22.802+0000] {logging_mixin.py:188} INFO - [2024-05-28T10:29:22.802+0000] {dagbag.py:545} INFO - Filling up the DagBag from /opt/airflow/dags/dag_vn30f1m.py
[2024-05-28T10:29:23.793+0000] {processor.py:840} INFO - DAG(s) 'vn30f1m' retrieved from /opt/airflow/dags/dag_vn30f1m.py
[2024-05-28T10:29:23.818+0000] {logging_mixin.py:188} INFO - [2024-05-28T10:29:23.818+0000] {dag.py:3096} INFO - Sync 1 DAGs
[2024-05-28T10:29:23.846+0000] {logging_mixin.py:188} INFO - [2024-05-28T10:29:23.846+0000] {dag.py:3954} INFO - Setting next_dagrun for vn30f1m to 2024-05-28 10:29:00+00:00, run_after=2024-05-28 10:30:00+00:00
[2024-05-28T10:29:23.866+0000] {processor.py:183} INFO - Processing /opt/airflow/dags/dag_vn30f1m.py took 1.092 seconds
[2024-05-28T10:29:53.985+0000] {processor.py:161} INFO - Started process (PID=612) to work on /opt/airflow/dags/dag_vn30f1m.py
[2024-05-28T10:29:53.987+0000] {processor.py:830} INFO - Processing file /opt/airflow/dags/dag_vn30f1m.py for tasks to queue
[2024-05-28T10:29:53.992+0000] {logging_mixin.py:188} INFO - [2024-05-28T10:29:53.991+0000] {dagbag.py:545} INFO - Filling up the DagBag from /opt/airflow/dags/dag_vn30f1m.py
[2024-05-28T10:29:54.768+0000] {processor.py:840} INFO - DAG(s) 'vn30f1m' retrieved from /opt/airflow/dags/dag_vn30f1m.py
[2024-05-28T10:29:54.796+0000] {logging_mixin.py:188} INFO - [2024-05-28T10:29:54.796+0000] {dag.py:3096} INFO - Sync 1 DAGs
[2024-05-28T10:29:54.823+0000] {logging_mixin.py:188} INFO - [2024-05-28T10:29:54.823+0000] {dag.py:3954} INFO - Setting next_dagrun for vn30f1m to 2024-05-28 10:29:00+00:00, run_after=2024-05-28 10:30:00+00:00
[2024-05-28T10:29:54.843+0000] {processor.py:183} INFO - Processing /opt/airflow/dags/dag_vn30f1m.py took 0.869 seconds
[2024-05-28T10:30:25.214+0000] {processor.py:161} INFO - Started process (PID=623) to work on /opt/airflow/dags/dag_vn30f1m.py
[2024-05-28T10:30:25.215+0000] {processor.py:830} INFO - Processing file /opt/airflow/dags/dag_vn30f1m.py for tasks to queue
[2024-05-28T10:30:25.217+0000] {logging_mixin.py:188} INFO - [2024-05-28T10:30:25.217+0000] {dagbag.py:545} INFO - Filling up the DagBag from /opt/airflow/dags/dag_vn30f1m.py
[2024-05-28T10:30:26.089+0000] {processor.py:840} INFO - DAG(s) 'vn30f1m' retrieved from /opt/airflow/dags/dag_vn30f1m.py
[2024-05-28T10:30:26.127+0000] {logging_mixin.py:188} INFO - [2024-05-28T10:30:26.126+0000] {dag.py:3096} INFO - Sync 1 DAGs
[2024-05-28T10:30:26.161+0000] {logging_mixin.py:188} INFO - [2024-05-28T10:30:26.161+0000] {dag.py:3954} INFO - Setting next_dagrun for vn30f1m to 2024-05-28 10:30:00+00:00, run_after=2024-05-28 10:31:00+00:00
[2024-05-28T10:30:26.185+0000] {processor.py:183} INFO - Processing /opt/airflow/dags/dag_vn30f1m.py took 0.999 seconds
