[2024-05-28T09:46:33.964+0000] {processor.py:161} INFO - Started process (PID=79) to work on /home/airflow/.local/lib/python3.12/site-packages/airflow/example_dags/example_branch_python_dop_operator_3.py
[2024-05-28T09:46:33.965+0000] {processor.py:830} INFO - Processing file /home/airflow/.local/lib/python3.12/site-packages/airflow/example_dags/example_branch_python_dop_operator_3.py for tasks to queue
[2024-05-28T09:46:33.968+0000] {logging_mixin.py:188} INFO - [2024-05-28T09:46:33.968+0000] {dagbag.py:545} INFO - Filling up the DagBag from /home/airflow/.local/lib/python3.12/site-packages/airflow/example_dags/example_branch_python_dop_operator_3.py
[2024-05-28T09:46:33.982+0000] {processor.py:840} INFO - DAG(s) 'example_branch_dop_operator_v3' retrieved from /home/airflow/.local/lib/python3.12/site-packages/airflow/example_dags/example_branch_python_dop_operator_3.py
[2024-05-28T09:46:34.194+0000] {logging_mixin.py:188} INFO - [2024-05-28T09:46:34.194+0000] {dag.py:3096} INFO - Sync 1 DAGs
[2024-05-28T09:46:34.223+0000] {logging_mixin.py:188} INFO - [2024-05-28T09:46:34.223+0000] {dag.py:3954} INFO - Setting next_dagrun for example_branch_dop_operator_v3 to 2024-05-28 09:45:00+00:00, run_after=2024-05-28 09:46:00+00:00
[2024-05-28T09:46:34.276+0000] {processor.py:183} INFO - Processing /home/airflow/.local/lib/python3.12/site-packages/airflow/example_dags/example_branch_python_dop_operator_3.py took 0.322 seconds
[2024-05-28T09:47:04.474+0000] {processor.py:161} INFO - Started process (PID=137) to work on /home/airflow/.local/lib/python3.12/site-packages/airflow/example_dags/example_branch_python_dop_operator_3.py
[2024-05-28T09:47:04.477+0000] {processor.py:830} INFO - Processing file /home/airflow/.local/lib/python3.12/site-packages/airflow/example_dags/example_branch_python_dop_operator_3.py for tasks to queue
[2024-05-28T09:47:04.481+0000] {logging_mixin.py:188} INFO - [2024-05-28T09:47:04.481+0000] {dagbag.py:545} INFO - Filling up the DagBag from /home/airflow/.local/lib/python3.12/site-packages/airflow/example_dags/example_branch_python_dop_operator_3.py
[2024-05-28T09:47:04.519+0000] {processor.py:840} INFO - DAG(s) 'example_branch_dop_operator_v3' retrieved from /home/airflow/.local/lib/python3.12/site-packages/airflow/example_dags/example_branch_python_dop_operator_3.py
[2024-05-28T09:47:04.569+0000] {logging_mixin.py:188} INFO - [2024-05-28T09:47:04.568+0000] {dag.py:3096} INFO - Sync 1 DAGs
[2024-05-28T09:47:04.624+0000] {logging_mixin.py:188} INFO - [2024-05-28T09:47:04.624+0000] {dag.py:3954} INFO - Setting next_dagrun for example_branch_dop_operator_v3 to 2024-05-28 09:46:00+00:00, run_after=2024-05-28 09:47:00+00:00
[2024-05-28T09:47:04.675+0000] {processor.py:183} INFO - Processing /home/airflow/.local/lib/python3.12/site-packages/airflow/example_dags/example_branch_python_dop_operator_3.py took 0.232 seconds
[2024-05-28T09:47:35.069+0000] {processor.py:161} INFO - Started process (PID=195) to work on /home/airflow/.local/lib/python3.12/site-packages/airflow/example_dags/example_branch_python_dop_operator_3.py
[2024-05-28T09:47:35.070+0000] {processor.py:830} INFO - Processing file /home/airflow/.local/lib/python3.12/site-packages/airflow/example_dags/example_branch_python_dop_operator_3.py for tasks to queue
[2024-05-28T09:47:35.073+0000] {logging_mixin.py:188} INFO - [2024-05-28T09:47:35.072+0000] {dagbag.py:545} INFO - Filling up the DagBag from /home/airflow/.local/lib/python3.12/site-packages/airflow/example_dags/example_branch_python_dop_operator_3.py
[2024-05-28T09:47:35.085+0000] {processor.py:840} INFO - DAG(s) 'example_branch_dop_operator_v3' retrieved from /home/airflow/.local/lib/python3.12/site-packages/airflow/example_dags/example_branch_python_dop_operator_3.py
[2024-05-28T09:47:35.136+0000] {logging_mixin.py:188} INFO - [2024-05-28T09:47:35.135+0000] {dag.py:3096} INFO - Sync 1 DAGs
[2024-05-28T09:47:35.187+0000] {logging_mixin.py:188} INFO - [2024-05-28T09:47:35.187+0000] {dag.py:3954} INFO - Setting next_dagrun for example_branch_dop_operator_v3 to 2024-05-28 09:46:00+00:00, run_after=2024-05-28 09:47:00+00:00
[2024-05-28T09:47:35.237+0000] {processor.py:183} INFO - Processing /home/airflow/.local/lib/python3.12/site-packages/airflow/example_dags/example_branch_python_dop_operator_3.py took 0.177 seconds
[2024-05-28T09:48:05.904+0000] {processor.py:161} INFO - Started process (PID=253) to work on /home/airflow/.local/lib/python3.12/site-packages/airflow/example_dags/example_branch_python_dop_operator_3.py
[2024-05-28T09:48:05.906+0000] {processor.py:830} INFO - Processing file /home/airflow/.local/lib/python3.12/site-packages/airflow/example_dags/example_branch_python_dop_operator_3.py for tasks to queue
[2024-05-28T09:48:05.910+0000] {logging_mixin.py:188} INFO - [2024-05-28T09:48:05.909+0000] {dagbag.py:545} INFO - Filling up the DagBag from /home/airflow/.local/lib/python3.12/site-packages/airflow/example_dags/example_branch_python_dop_operator_3.py
[2024-05-28T09:48:05.928+0000] {processor.py:840} INFO - DAG(s) 'example_branch_dop_operator_v3' retrieved from /home/airflow/.local/lib/python3.12/site-packages/airflow/example_dags/example_branch_python_dop_operator_3.py
[2024-05-28T09:48:05.982+0000] {logging_mixin.py:188} INFO - [2024-05-28T09:48:05.982+0000] {dag.py:3096} INFO - Sync 1 DAGs
[2024-05-28T09:48:06.065+0000] {logging_mixin.py:188} INFO - [2024-05-28T09:48:06.065+0000] {dag.py:3954} INFO - Setting next_dagrun for example_branch_dop_operator_v3 to 2024-05-28 09:47:00+00:00, run_after=2024-05-28 09:48:00+00:00
[2024-05-28T09:48:06.093+0000] {processor.py:183} INFO - Processing /home/airflow/.local/lib/python3.12/site-packages/airflow/example_dags/example_branch_python_dop_operator_3.py took 0.200 seconds
[2024-05-28T09:48:36.894+0000] {processor.py:161} INFO - Started process (PID=311) to work on /home/airflow/.local/lib/python3.12/site-packages/airflow/example_dags/example_branch_python_dop_operator_3.py
[2024-05-28T09:48:36.895+0000] {processor.py:830} INFO - Processing file /home/airflow/.local/lib/python3.12/site-packages/airflow/example_dags/example_branch_python_dop_operator_3.py for tasks to queue
[2024-05-28T09:48:36.899+0000] {logging_mixin.py:188} INFO - [2024-05-28T09:48:36.899+0000] {dagbag.py:545} INFO - Filling up the DagBag from /home/airflow/.local/lib/python3.12/site-packages/airflow/example_dags/example_branch_python_dop_operator_3.py
[2024-05-28T09:48:36.926+0000] {processor.py:840} INFO - DAG(s) 'example_branch_dop_operator_v3' retrieved from /home/airflow/.local/lib/python3.12/site-packages/airflow/example_dags/example_branch_python_dop_operator_3.py
[2024-05-28T09:48:36.970+0000] {logging_mixin.py:188} INFO - [2024-05-28T09:48:36.970+0000] {dag.py:3096} INFO - Sync 1 DAGs
[2024-05-28T09:48:37.026+0000] {logging_mixin.py:188} INFO - [2024-05-28T09:48:37.025+0000] {dag.py:3954} INFO - Setting next_dagrun for example_branch_dop_operator_v3 to 2024-05-28 09:47:00+00:00, run_after=2024-05-28 09:48:00+00:00
[2024-05-28T09:48:37.070+0000] {processor.py:183} INFO - Processing /home/airflow/.local/lib/python3.12/site-packages/airflow/example_dags/example_branch_python_dop_operator_3.py took 0.214 seconds
[2024-05-28T09:50:02.900+0000] {processor.py:161} INFO - Started process (PID=79) to work on /home/airflow/.local/lib/python3.12/site-packages/airflow/example_dags/example_branch_python_dop_operator_3.py
[2024-05-28T09:50:02.901+0000] {processor.py:830} INFO - Processing file /home/airflow/.local/lib/python3.12/site-packages/airflow/example_dags/example_branch_python_dop_operator_3.py for tasks to queue
[2024-05-28T09:50:02.906+0000] {logging_mixin.py:188} INFO - [2024-05-28T09:50:02.905+0000] {dagbag.py:545} INFO - Filling up the DagBag from /home/airflow/.local/lib/python3.12/site-packages/airflow/example_dags/example_branch_python_dop_operator_3.py
[2024-05-28T09:50:02.924+0000] {processor.py:840} INFO - DAG(s) 'example_branch_dop_operator_v3' retrieved from /home/airflow/.local/lib/python3.12/site-packages/airflow/example_dags/example_branch_python_dop_operator_3.py
[2024-05-28T09:50:03.241+0000] {logging_mixin.py:188} INFO - [2024-05-28T09:50:03.241+0000] {dag.py:3096} INFO - Sync 1 DAGs
[2024-05-28T09:50:03.357+0000] {logging_mixin.py:188} INFO - [2024-05-28T09:50:03.357+0000] {dag.py:3954} INFO - Setting next_dagrun for example_branch_dop_operator_v3 to 2024-05-28 09:49:00+00:00, run_after=2024-05-28 09:50:00+00:00
[2024-05-28T09:50:03.410+0000] {processor.py:183} INFO - Processing /home/airflow/.local/lib/python3.12/site-packages/airflow/example_dags/example_branch_python_dop_operator_3.py took 0.525 seconds
[2024-05-28T09:50:33.574+0000] {processor.py:161} INFO - Started process (PID=137) to work on /home/airflow/.local/lib/python3.12/site-packages/airflow/example_dags/example_branch_python_dop_operator_3.py
[2024-05-28T09:50:33.578+0000] {processor.py:830} INFO - Processing file /home/airflow/.local/lib/python3.12/site-packages/airflow/example_dags/example_branch_python_dop_operator_3.py for tasks to queue
[2024-05-28T09:50:33.581+0000] {logging_mixin.py:188} INFO - [2024-05-28T09:50:33.581+0000] {dagbag.py:545} INFO - Filling up the DagBag from /home/airflow/.local/lib/python3.12/site-packages/airflow/example_dags/example_branch_python_dop_operator_3.py
[2024-05-28T09:50:33.595+0000] {processor.py:840} INFO - DAG(s) 'example_branch_dop_operator_v3' retrieved from /home/airflow/.local/lib/python3.12/site-packages/airflow/example_dags/example_branch_python_dop_operator_3.py
[2024-05-28T09:50:33.643+0000] {logging_mixin.py:188} INFO - [2024-05-28T09:50:33.642+0000] {dag.py:3096} INFO - Sync 1 DAGs
[2024-05-28T09:50:33.727+0000] {logging_mixin.py:188} INFO - [2024-05-28T09:50:33.726+0000] {dag.py:3954} INFO - Setting next_dagrun for example_branch_dop_operator_v3 to 2024-05-28 09:49:00+00:00, run_after=2024-05-28 09:50:00+00:00
[2024-05-28T09:50:33.773+0000] {processor.py:183} INFO - Processing /home/airflow/.local/lib/python3.12/site-packages/airflow/example_dags/example_branch_python_dop_operator_3.py took 0.208 seconds
[2024-05-28T09:51:04.181+0000] {processor.py:161} INFO - Started process (PID=195) to work on /home/airflow/.local/lib/python3.12/site-packages/airflow/example_dags/example_branch_python_dop_operator_3.py
[2024-05-28T09:51:04.182+0000] {processor.py:830} INFO - Processing file /home/airflow/.local/lib/python3.12/site-packages/airflow/example_dags/example_branch_python_dop_operator_3.py for tasks to queue
[2024-05-28T09:51:04.186+0000] {logging_mixin.py:188} INFO - [2024-05-28T09:51:04.185+0000] {dagbag.py:545} INFO - Filling up the DagBag from /home/airflow/.local/lib/python3.12/site-packages/airflow/example_dags/example_branch_python_dop_operator_3.py
[2024-05-28T09:51:04.211+0000] {processor.py:840} INFO - DAG(s) 'example_branch_dop_operator_v3' retrieved from /home/airflow/.local/lib/python3.12/site-packages/airflow/example_dags/example_branch_python_dop_operator_3.py
[2024-05-28T09:51:04.270+0000] {logging_mixin.py:188} INFO - [2024-05-28T09:51:04.269+0000] {dag.py:3096} INFO - Sync 1 DAGs
[2024-05-28T09:51:04.334+0000] {logging_mixin.py:188} INFO - [2024-05-28T09:51:04.333+0000] {dag.py:3954} INFO - Setting next_dagrun for example_branch_dop_operator_v3 to 2024-05-28 09:50:00+00:00, run_after=2024-05-28 09:51:00+00:00
[2024-05-28T09:51:04.388+0000] {processor.py:183} INFO - Processing /home/airflow/.local/lib/python3.12/site-packages/airflow/example_dags/example_branch_python_dop_operator_3.py took 0.216 seconds
[2024-05-28T09:51:34.827+0000] {processor.py:161} INFO - Started process (PID=253) to work on /home/airflow/.local/lib/python3.12/site-packages/airflow/example_dags/example_branch_python_dop_operator_3.py
[2024-05-28T09:51:34.829+0000] {processor.py:830} INFO - Processing file /home/airflow/.local/lib/python3.12/site-packages/airflow/example_dags/example_branch_python_dop_operator_3.py for tasks to queue
[2024-05-28T09:51:34.838+0000] {logging_mixin.py:188} INFO - [2024-05-28T09:51:34.837+0000] {dagbag.py:545} INFO - Filling up the DagBag from /home/airflow/.local/lib/python3.12/site-packages/airflow/example_dags/example_branch_python_dop_operator_3.py
[2024-05-28T09:51:34.870+0000] {processor.py:840} INFO - DAG(s) 'example_branch_dop_operator_v3' retrieved from /home/airflow/.local/lib/python3.12/site-packages/airflow/example_dags/example_branch_python_dop_operator_3.py
[2024-05-28T09:51:34.921+0000] {logging_mixin.py:188} INFO - [2024-05-28T09:51:34.921+0000] {dag.py:3096} INFO - Sync 1 DAGs
[2024-05-28T09:51:34.999+0000] {logging_mixin.py:188} INFO - [2024-05-28T09:51:34.999+0000] {dag.py:3954} INFO - Setting next_dagrun for example_branch_dop_operator_v3 to 2024-05-28 09:50:00+00:00, run_after=2024-05-28 09:51:00+00:00
[2024-05-28T09:51:35.051+0000] {processor.py:183} INFO - Processing /home/airflow/.local/lib/python3.12/site-packages/airflow/example_dags/example_branch_python_dop_operator_3.py took 0.249 seconds
[2024-05-28T09:52:05.566+0000] {processor.py:161} INFO - Started process (PID=311) to work on /home/airflow/.local/lib/python3.12/site-packages/airflow/example_dags/example_branch_python_dop_operator_3.py
[2024-05-28T09:52:05.567+0000] {processor.py:830} INFO - Processing file /home/airflow/.local/lib/python3.12/site-packages/airflow/example_dags/example_branch_python_dop_operator_3.py for tasks to queue
[2024-05-28T09:52:05.569+0000] {logging_mixin.py:188} INFO - [2024-05-28T09:52:05.569+0000] {dagbag.py:545} INFO - Filling up the DagBag from /home/airflow/.local/lib/python3.12/site-packages/airflow/example_dags/example_branch_python_dop_operator_3.py
[2024-05-28T09:52:05.580+0000] {processor.py:840} INFO - DAG(s) 'example_branch_dop_operator_v3' retrieved from /home/airflow/.local/lib/python3.12/site-packages/airflow/example_dags/example_branch_python_dop_operator_3.py
[2024-05-28T09:52:05.622+0000] {logging_mixin.py:188} INFO - [2024-05-28T09:52:05.622+0000] {dag.py:3096} INFO - Sync 1 DAGs
[2024-05-28T09:52:05.654+0000] {logging_mixin.py:188} INFO - [2024-05-28T09:52:05.654+0000] {dag.py:3954} INFO - Setting next_dagrun for example_branch_dop_operator_v3 to 2024-05-28 09:51:00+00:00, run_after=2024-05-28 09:52:00+00:00
[2024-05-28T09:52:05.687+0000] {processor.py:183} INFO - Processing /home/airflow/.local/lib/python3.12/site-packages/airflow/example_dags/example_branch_python_dop_operator_3.py took 0.132 seconds
[2024-05-28T09:52:36.353+0000] {processor.py:161} INFO - Started process (PID=368) to work on /home/airflow/.local/lib/python3.12/site-packages/airflow/example_dags/example_branch_python_dop_operator_3.py
[2024-05-28T09:52:36.357+0000] {processor.py:830} INFO - Processing file /home/airflow/.local/lib/python3.12/site-packages/airflow/example_dags/example_branch_python_dop_operator_3.py for tasks to queue
[2024-05-28T09:52:36.363+0000] {logging_mixin.py:188} INFO - [2024-05-28T09:52:36.362+0000] {dagbag.py:545} INFO - Filling up the DagBag from /home/airflow/.local/lib/python3.12/site-packages/airflow/example_dags/example_branch_python_dop_operator_3.py
[2024-05-28T09:52:36.380+0000] {processor.py:840} INFO - DAG(s) 'example_branch_dop_operator_v3' retrieved from /home/airflow/.local/lib/python3.12/site-packages/airflow/example_dags/example_branch_python_dop_operator_3.py
[2024-05-28T09:52:36.444+0000] {logging_mixin.py:188} INFO - [2024-05-28T09:52:36.444+0000] {dag.py:3096} INFO - Sync 1 DAGs
[2024-05-28T09:52:36.505+0000] {logging_mixin.py:188} INFO - [2024-05-28T09:52:36.504+0000] {dag.py:3954} INFO - Setting next_dagrun for example_branch_dop_operator_v3 to 2024-05-28 09:51:00+00:00, run_after=2024-05-28 09:52:00+00:00
[2024-05-28T09:52:36.546+0000] {processor.py:183} INFO - Processing /home/airflow/.local/lib/python3.12/site-packages/airflow/example_dags/example_branch_python_dop_operator_3.py took 0.211 seconds
[2024-05-28T09:53:07.013+0000] {processor.py:161} INFO - Started process (PID=426) to work on /home/airflow/.local/lib/python3.12/site-packages/airflow/example_dags/example_branch_python_dop_operator_3.py
[2024-05-28T09:53:07.018+0000] {processor.py:830} INFO - Processing file /home/airflow/.local/lib/python3.12/site-packages/airflow/example_dags/example_branch_python_dop_operator_3.py for tasks to queue
[2024-05-28T09:53:07.029+0000] {logging_mixin.py:188} INFO - [2024-05-28T09:53:07.027+0000] {dagbag.py:545} INFO - Filling up the DagBag from /home/airflow/.local/lib/python3.12/site-packages/airflow/example_dags/example_branch_python_dop_operator_3.py
[2024-05-28T09:53:07.066+0000] {processor.py:840} INFO - DAG(s) 'example_branch_dop_operator_v3' retrieved from /home/airflow/.local/lib/python3.12/site-packages/airflow/example_dags/example_branch_python_dop_operator_3.py
[2024-05-28T09:53:07.101+0000] {logging_mixin.py:188} INFO - [2024-05-28T09:53:07.100+0000] {dag.py:3096} INFO - Sync 1 DAGs
[2024-05-28T09:53:07.150+0000] {logging_mixin.py:188} INFO - [2024-05-28T09:53:07.150+0000] {dag.py:3954} INFO - Setting next_dagrun for example_branch_dop_operator_v3 to 2024-05-28 09:52:00+00:00, run_after=2024-05-28 09:53:00+00:00
[2024-05-28T09:53:07.174+0000] {processor.py:183} INFO - Processing /home/airflow/.local/lib/python3.12/site-packages/airflow/example_dags/example_branch_python_dop_operator_3.py took 0.169 seconds
[2024-05-28T09:53:37.609+0000] {processor.py:161} INFO - Started process (PID=484) to work on /home/airflow/.local/lib/python3.12/site-packages/airflow/example_dags/example_branch_python_dop_operator_3.py
[2024-05-28T09:53:37.610+0000] {processor.py:830} INFO - Processing file /home/airflow/.local/lib/python3.12/site-packages/airflow/example_dags/example_branch_python_dop_operator_3.py for tasks to queue
[2024-05-28T09:53:37.613+0000] {logging_mixin.py:188} INFO - [2024-05-28T09:53:37.612+0000] {dagbag.py:545} INFO - Filling up the DagBag from /home/airflow/.local/lib/python3.12/site-packages/airflow/example_dags/example_branch_python_dop_operator_3.py
[2024-05-28T09:53:37.627+0000] {processor.py:840} INFO - DAG(s) 'example_branch_dop_operator_v3' retrieved from /home/airflow/.local/lib/python3.12/site-packages/airflow/example_dags/example_branch_python_dop_operator_3.py
[2024-05-28T09:53:37.697+0000] {logging_mixin.py:188} INFO - [2024-05-28T09:53:37.696+0000] {dag.py:3096} INFO - Sync 1 DAGs
[2024-05-28T09:53:37.746+0000] {logging_mixin.py:188} INFO - [2024-05-28T09:53:37.746+0000] {dag.py:3954} INFO - Setting next_dagrun for example_branch_dop_operator_v3 to 2024-05-28 09:52:00+00:00, run_after=2024-05-28 09:53:00+00:00
[2024-05-28T09:53:37.786+0000] {processor.py:183} INFO - Processing /home/airflow/.local/lib/python3.12/site-packages/airflow/example_dags/example_branch_python_dop_operator_3.py took 0.185 seconds
[2024-05-28T09:54:08.426+0000] {processor.py:161} INFO - Started process (PID=542) to work on /home/airflow/.local/lib/python3.12/site-packages/airflow/example_dags/example_branch_python_dop_operator_3.py
[2024-05-28T09:54:08.428+0000] {processor.py:830} INFO - Processing file /home/airflow/.local/lib/python3.12/site-packages/airflow/example_dags/example_branch_python_dop_operator_3.py for tasks to queue
[2024-05-28T09:54:08.431+0000] {logging_mixin.py:188} INFO - [2024-05-28T09:54:08.430+0000] {dagbag.py:545} INFO - Filling up the DagBag from /home/airflow/.local/lib/python3.12/site-packages/airflow/example_dags/example_branch_python_dop_operator_3.py
[2024-05-28T09:54:08.456+0000] {processor.py:840} INFO - DAG(s) 'example_branch_dop_operator_v3' retrieved from /home/airflow/.local/lib/python3.12/site-packages/airflow/example_dags/example_branch_python_dop_operator_3.py
[2024-05-28T09:54:08.503+0000] {logging_mixin.py:188} INFO - [2024-05-28T09:54:08.502+0000] {dag.py:3096} INFO - Sync 1 DAGs
[2024-05-28T09:54:08.570+0000] {logging_mixin.py:188} INFO - [2024-05-28T09:54:08.570+0000] {dag.py:3954} INFO - Setting next_dagrun for example_branch_dop_operator_v3 to 2024-05-28 09:53:00+00:00, run_after=2024-05-28 09:54:00+00:00
[2024-05-28T09:54:08.616+0000] {processor.py:183} INFO - Processing /home/airflow/.local/lib/python3.12/site-packages/airflow/example_dags/example_branch_python_dop_operator_3.py took 0.204 seconds
[2024-05-28T09:54:39.034+0000] {processor.py:161} INFO - Started process (PID=600) to work on /home/airflow/.local/lib/python3.12/site-packages/airflow/example_dags/example_branch_python_dop_operator_3.py
[2024-05-28T09:54:39.037+0000] {processor.py:830} INFO - Processing file /home/airflow/.local/lib/python3.12/site-packages/airflow/example_dags/example_branch_python_dop_operator_3.py for tasks to queue
[2024-05-28T09:54:39.039+0000] {logging_mixin.py:188} INFO - [2024-05-28T09:54:39.039+0000] {dagbag.py:545} INFO - Filling up the DagBag from /home/airflow/.local/lib/python3.12/site-packages/airflow/example_dags/example_branch_python_dop_operator_3.py
[2024-05-28T09:54:39.074+0000] {processor.py:840} INFO - DAG(s) 'example_branch_dop_operator_v3' retrieved from /home/airflow/.local/lib/python3.12/site-packages/airflow/example_dags/example_branch_python_dop_operator_3.py
[2024-05-28T09:54:39.146+0000] {logging_mixin.py:188} INFO - [2024-05-28T09:54:39.145+0000] {dag.py:3096} INFO - Sync 1 DAGs
[2024-05-28T09:54:39.208+0000] {logging_mixin.py:188} INFO - [2024-05-28T09:54:39.208+0000] {dag.py:3954} INFO - Setting next_dagrun for example_branch_dop_operator_v3 to 2024-05-28 09:53:00+00:00, run_after=2024-05-28 09:54:00+00:00
[2024-05-28T09:54:39.250+0000] {processor.py:183} INFO - Processing /home/airflow/.local/lib/python3.12/site-packages/airflow/example_dags/example_branch_python_dop_operator_3.py took 0.227 seconds
[2024-05-28T09:55:09.568+0000] {processor.py:161} INFO - Started process (PID=658) to work on /home/airflow/.local/lib/python3.12/site-packages/airflow/example_dags/example_branch_python_dop_operator_3.py
[2024-05-28T09:55:09.571+0000] {processor.py:830} INFO - Processing file /home/airflow/.local/lib/python3.12/site-packages/airflow/example_dags/example_branch_python_dop_operator_3.py for tasks to queue
[2024-05-28T09:55:09.574+0000] {logging_mixin.py:188} INFO - [2024-05-28T09:55:09.574+0000] {dagbag.py:545} INFO - Filling up the DagBag from /home/airflow/.local/lib/python3.12/site-packages/airflow/example_dags/example_branch_python_dop_operator_3.py
[2024-05-28T09:55:09.592+0000] {processor.py:840} INFO - DAG(s) 'example_branch_dop_operator_v3' retrieved from /home/airflow/.local/lib/python3.12/site-packages/airflow/example_dags/example_branch_python_dop_operator_3.py
[2024-05-28T09:55:09.632+0000] {logging_mixin.py:188} INFO - [2024-05-28T09:55:09.632+0000] {dag.py:3096} INFO - Sync 1 DAGs
[2024-05-28T09:55:09.671+0000] {logging_mixin.py:188} INFO - [2024-05-28T09:55:09.670+0000] {dag.py:3954} INFO - Setting next_dagrun for example_branch_dop_operator_v3 to 2024-05-28 09:54:00+00:00, run_after=2024-05-28 09:55:00+00:00
[2024-05-28T09:55:09.706+0000] {processor.py:183} INFO - Processing /home/airflow/.local/lib/python3.12/site-packages/airflow/example_dags/example_branch_python_dop_operator_3.py took 0.146 seconds
[2024-05-28T09:55:39.988+0000] {processor.py:161} INFO - Started process (PID=716) to work on /home/airflow/.local/lib/python3.12/site-packages/airflow/example_dags/example_branch_python_dop_operator_3.py
[2024-05-28T09:55:39.990+0000] {processor.py:830} INFO - Processing file /home/airflow/.local/lib/python3.12/site-packages/airflow/example_dags/example_branch_python_dop_operator_3.py for tasks to queue
[2024-05-28T09:55:40.007+0000] {logging_mixin.py:188} INFO - [2024-05-28T09:55:40.000+0000] {dagbag.py:545} INFO - Filling up the DagBag from /home/airflow/.local/lib/python3.12/site-packages/airflow/example_dags/example_branch_python_dop_operator_3.py
[2024-05-28T09:55:40.046+0000] {processor.py:840} INFO - DAG(s) 'example_branch_dop_operator_v3' retrieved from /home/airflow/.local/lib/python3.12/site-packages/airflow/example_dags/example_branch_python_dop_operator_3.py
[2024-05-28T09:55:40.098+0000] {logging_mixin.py:188} INFO - [2024-05-28T09:55:40.098+0000] {dag.py:3096} INFO - Sync 1 DAGs
[2024-05-28T09:55:40.158+0000] {logging_mixin.py:188} INFO - [2024-05-28T09:55:40.158+0000] {dag.py:3954} INFO - Setting next_dagrun for example_branch_dop_operator_v3 to 2024-05-28 09:54:00+00:00, run_after=2024-05-28 09:55:00+00:00
[2024-05-28T09:55:40.209+0000] {processor.py:183} INFO - Processing /home/airflow/.local/lib/python3.12/site-packages/airflow/example_dags/example_branch_python_dop_operator_3.py took 0.249 seconds
[2024-05-28T09:56:10.361+0000] {processor.py:161} INFO - Started process (PID=773) to work on /home/airflow/.local/lib/python3.12/site-packages/airflow/example_dags/example_branch_python_dop_operator_3.py
[2024-05-28T09:56:10.365+0000] {processor.py:830} INFO - Processing file /home/airflow/.local/lib/python3.12/site-packages/airflow/example_dags/example_branch_python_dop_operator_3.py for tasks to queue
[2024-05-28T09:56:10.377+0000] {logging_mixin.py:188} INFO - [2024-05-28T09:56:10.373+0000] {dagbag.py:545} INFO - Filling up the DagBag from /home/airflow/.local/lib/python3.12/site-packages/airflow/example_dags/example_branch_python_dop_operator_3.py
[2024-05-28T09:56:10.401+0000] {processor.py:840} INFO - DAG(s) 'example_branch_dop_operator_v3' retrieved from /home/airflow/.local/lib/python3.12/site-packages/airflow/example_dags/example_branch_python_dop_operator_3.py
[2024-05-28T09:56:10.433+0000] {logging_mixin.py:188} INFO - [2024-05-28T09:56:10.432+0000] {dag.py:3096} INFO - Sync 1 DAGs
[2024-05-28T09:56:10.477+0000] {logging_mixin.py:188} INFO - [2024-05-28T09:56:10.476+0000] {dag.py:3954} INFO - Setting next_dagrun for example_branch_dop_operator_v3 to 2024-05-28 09:55:00+00:00, run_after=2024-05-28 09:56:00+00:00
[2024-05-28T09:56:10.513+0000] {processor.py:183} INFO - Processing /home/airflow/.local/lib/python3.12/site-packages/airflow/example_dags/example_branch_python_dop_operator_3.py took 0.160 seconds
[2024-05-28T09:56:41.350+0000] {processor.py:161} INFO - Started process (PID=831) to work on /home/airflow/.local/lib/python3.12/site-packages/airflow/example_dags/example_branch_python_dop_operator_3.py
[2024-05-28T09:56:41.352+0000] {processor.py:830} INFO - Processing file /home/airflow/.local/lib/python3.12/site-packages/airflow/example_dags/example_branch_python_dop_operator_3.py for tasks to queue
[2024-05-28T09:56:41.355+0000] {logging_mixin.py:188} INFO - [2024-05-28T09:56:41.355+0000] {dagbag.py:545} INFO - Filling up the DagBag from /home/airflow/.local/lib/python3.12/site-packages/airflow/example_dags/example_branch_python_dop_operator_3.py
[2024-05-28T09:56:41.368+0000] {processor.py:840} INFO - DAG(s) 'example_branch_dop_operator_v3' retrieved from /home/airflow/.local/lib/python3.12/site-packages/airflow/example_dags/example_branch_python_dop_operator_3.py
[2024-05-28T09:56:41.413+0000] {logging_mixin.py:188} INFO - [2024-05-28T09:56:41.412+0000] {dag.py:3096} INFO - Sync 1 DAGs
[2024-05-28T09:56:41.460+0000] {logging_mixin.py:188} INFO - [2024-05-28T09:56:41.460+0000] {dag.py:3954} INFO - Setting next_dagrun for example_branch_dop_operator_v3 to 2024-05-28 09:55:00+00:00, run_after=2024-05-28 09:56:00+00:00
[2024-05-28T09:56:41.506+0000] {processor.py:183} INFO - Processing /home/airflow/.local/lib/python3.12/site-packages/airflow/example_dags/example_branch_python_dop_operator_3.py took 0.170 seconds
[2024-05-28T09:57:12.293+0000] {processor.py:161} INFO - Started process (PID=888) to work on /home/airflow/.local/lib/python3.12/site-packages/airflow/example_dags/example_branch_python_dop_operator_3.py
[2024-05-28T09:57:12.294+0000] {processor.py:830} INFO - Processing file /home/airflow/.local/lib/python3.12/site-packages/airflow/example_dags/example_branch_python_dop_operator_3.py for tasks to queue
[2024-05-28T09:57:12.298+0000] {logging_mixin.py:188} INFO - [2024-05-28T09:57:12.296+0000] {dagbag.py:545} INFO - Filling up the DagBag from /home/airflow/.local/lib/python3.12/site-packages/airflow/example_dags/example_branch_python_dop_operator_3.py
[2024-05-28T09:57:12.316+0000] {processor.py:840} INFO - DAG(s) 'example_branch_dop_operator_v3' retrieved from /home/airflow/.local/lib/python3.12/site-packages/airflow/example_dags/example_branch_python_dop_operator_3.py
[2024-05-28T09:57:12.355+0000] {logging_mixin.py:188} INFO - [2024-05-28T09:57:12.353+0000] {dag.py:3096} INFO - Sync 1 DAGs
[2024-05-28T09:57:12.420+0000] {logging_mixin.py:188} INFO - [2024-05-28T09:57:12.419+0000] {dag.py:3954} INFO - Setting next_dagrun for example_branch_dop_operator_v3 to 2024-05-28 09:56:00+00:00, run_after=2024-05-28 09:57:00+00:00
[2024-05-28T09:57:12.460+0000] {processor.py:183} INFO - Processing /home/airflow/.local/lib/python3.12/site-packages/airflow/example_dags/example_branch_python_dop_operator_3.py took 0.179 seconds
[2024-05-28T09:57:42.703+0000] {processor.py:161} INFO - Started process (PID=946) to work on /home/airflow/.local/lib/python3.12/site-packages/airflow/example_dags/example_branch_python_dop_operator_3.py
[2024-05-28T09:57:42.705+0000] {processor.py:830} INFO - Processing file /home/airflow/.local/lib/python3.12/site-packages/airflow/example_dags/example_branch_python_dop_operator_3.py for tasks to queue
[2024-05-28T09:57:42.709+0000] {logging_mixin.py:188} INFO - [2024-05-28T09:57:42.708+0000] {dagbag.py:545} INFO - Filling up the DagBag from /home/airflow/.local/lib/python3.12/site-packages/airflow/example_dags/example_branch_python_dop_operator_3.py
[2024-05-28T09:57:42.726+0000] {processor.py:840} INFO - DAG(s) 'example_branch_dop_operator_v3' retrieved from /home/airflow/.local/lib/python3.12/site-packages/airflow/example_dags/example_branch_python_dop_operator_3.py
[2024-05-28T09:57:42.765+0000] {logging_mixin.py:188} INFO - [2024-05-28T09:57:42.765+0000] {dag.py:3096} INFO - Sync 1 DAGs
[2024-05-28T09:57:42.824+0000] {logging_mixin.py:188} INFO - [2024-05-28T09:57:42.823+0000] {dag.py:3954} INFO - Setting next_dagrun for example_branch_dop_operator_v3 to 2024-05-28 09:56:00+00:00, run_after=2024-05-28 09:57:00+00:00
[2024-05-28T09:57:42.869+0000] {processor.py:183} INFO - Processing /home/airflow/.local/lib/python3.12/site-packages/airflow/example_dags/example_branch_python_dop_operator_3.py took 0.176 seconds
[2024-05-28T09:58:13.361+0000] {processor.py:161} INFO - Started process (PID=1004) to work on /home/airflow/.local/lib/python3.12/site-packages/airflow/example_dags/example_branch_python_dop_operator_3.py
[2024-05-28T09:58:13.363+0000] {processor.py:830} INFO - Processing file /home/airflow/.local/lib/python3.12/site-packages/airflow/example_dags/example_branch_python_dop_operator_3.py for tasks to queue
[2024-05-28T09:58:13.367+0000] {logging_mixin.py:188} INFO - [2024-05-28T09:58:13.366+0000] {dagbag.py:545} INFO - Filling up the DagBag from /home/airflow/.local/lib/python3.12/site-packages/airflow/example_dags/example_branch_python_dop_operator_3.py
[2024-05-28T09:58:13.390+0000] {processor.py:840} INFO - DAG(s) 'example_branch_dop_operator_v3' retrieved from /home/airflow/.local/lib/python3.12/site-packages/airflow/example_dags/example_branch_python_dop_operator_3.py
[2024-05-28T09:58:13.432+0000] {logging_mixin.py:188} INFO - [2024-05-28T09:58:13.431+0000] {dag.py:3096} INFO - Sync 1 DAGs
[2024-05-28T09:58:13.500+0000] {logging_mixin.py:188} INFO - [2024-05-28T09:58:13.499+0000] {dag.py:3954} INFO - Setting next_dagrun for example_branch_dop_operator_v3 to 2024-05-28 09:57:00+00:00, run_after=2024-05-28 09:58:00+00:00
[2024-05-28T09:58:13.554+0000] {processor.py:183} INFO - Processing /home/airflow/.local/lib/python3.12/site-packages/airflow/example_dags/example_branch_python_dop_operator_3.py took 0.206 seconds
[2024-05-28T10:00:20.832+0000] {processor.py:161} INFO - Started process (PID=80) to work on /home/airflow/.local/lib/python3.12/site-packages/airflow/example_dags/example_branch_python_dop_operator_3.py
[2024-05-28T10:00:20.837+0000] {processor.py:830} INFO - Processing file /home/airflow/.local/lib/python3.12/site-packages/airflow/example_dags/example_branch_python_dop_operator_3.py for tasks to queue
[2024-05-28T10:00:20.843+0000] {logging_mixin.py:188} INFO - [2024-05-28T10:00:20.842+0000] {dagbag.py:545} INFO - Filling up the DagBag from /home/airflow/.local/lib/python3.12/site-packages/airflow/example_dags/example_branch_python_dop_operator_3.py
[2024-05-28T10:00:20.864+0000] {processor.py:840} INFO - DAG(s) 'example_branch_dop_operator_v3' retrieved from /home/airflow/.local/lib/python3.12/site-packages/airflow/example_dags/example_branch_python_dop_operator_3.py
[2024-05-28T10:00:21.125+0000] {logging_mixin.py:188} INFO - [2024-05-28T10:00:21.125+0000] {dag.py:3096} INFO - Sync 1 DAGs
[2024-05-28T10:00:21.212+0000] {logging_mixin.py:188} INFO - [2024-05-28T10:00:21.211+0000] {dag.py:3954} INFO - Setting next_dagrun for example_branch_dop_operator_v3 to 2024-05-28 09:59:00+00:00, run_after=2024-05-28 10:00:00+00:00
[2024-05-28T10:00:21.293+0000] {processor.py:183} INFO - Processing /home/airflow/.local/lib/python3.12/site-packages/airflow/example_dags/example_branch_python_dop_operator_3.py took 0.488 seconds
[2024-05-28T10:00:51.733+0000] {processor.py:161} INFO - Started process (PID=138) to work on /home/airflow/.local/lib/python3.12/site-packages/airflow/example_dags/example_branch_python_dop_operator_3.py
[2024-05-28T10:00:51.735+0000] {processor.py:830} INFO - Processing file /home/airflow/.local/lib/python3.12/site-packages/airflow/example_dags/example_branch_python_dop_operator_3.py for tasks to queue
[2024-05-28T10:00:51.741+0000] {logging_mixin.py:188} INFO - [2024-05-28T10:00:51.740+0000] {dagbag.py:545} INFO - Filling up the DagBag from /home/airflow/.local/lib/python3.12/site-packages/airflow/example_dags/example_branch_python_dop_operator_3.py
[2024-05-28T10:00:51.763+0000] {processor.py:840} INFO - DAG(s) 'example_branch_dop_operator_v3' retrieved from /home/airflow/.local/lib/python3.12/site-packages/airflow/example_dags/example_branch_python_dop_operator_3.py
[2024-05-28T10:00:51.798+0000] {logging_mixin.py:188} INFO - [2024-05-28T10:00:51.797+0000] {dag.py:3096} INFO - Sync 1 DAGs
[2024-05-28T10:00:51.871+0000] {logging_mixin.py:188} INFO - [2024-05-28T10:00:51.871+0000] {dag.py:3954} INFO - Setting next_dagrun for example_branch_dop_operator_v3 to 2024-05-28 09:59:00+00:00, run_after=2024-05-28 10:00:00+00:00
[2024-05-28T10:00:51.912+0000] {processor.py:183} INFO - Processing /home/airflow/.local/lib/python3.12/site-packages/airflow/example_dags/example_branch_python_dop_operator_3.py took 0.194 seconds
[2024-05-28T10:01:22.619+0000] {processor.py:161} INFO - Started process (PID=196) to work on /home/airflow/.local/lib/python3.12/site-packages/airflow/example_dags/example_branch_python_dop_operator_3.py
[2024-05-28T10:01:22.623+0000] {processor.py:830} INFO - Processing file /home/airflow/.local/lib/python3.12/site-packages/airflow/example_dags/example_branch_python_dop_operator_3.py for tasks to queue
[2024-05-28T10:01:22.626+0000] {logging_mixin.py:188} INFO - [2024-05-28T10:01:22.626+0000] {dagbag.py:545} INFO - Filling up the DagBag from /home/airflow/.local/lib/python3.12/site-packages/airflow/example_dags/example_branch_python_dop_operator_3.py
[2024-05-28T10:01:22.641+0000] {processor.py:840} INFO - DAG(s) 'example_branch_dop_operator_v3' retrieved from /home/airflow/.local/lib/python3.12/site-packages/airflow/example_dags/example_branch_python_dop_operator_3.py
[2024-05-28T10:01:22.696+0000] {logging_mixin.py:188} INFO - [2024-05-28T10:01:22.696+0000] {dag.py:3096} INFO - Sync 1 DAGs
[2024-05-28T10:01:22.767+0000] {logging_mixin.py:188} INFO - [2024-05-28T10:01:22.766+0000] {dag.py:3954} INFO - Setting next_dagrun for example_branch_dop_operator_v3 to 2024-05-28 10:00:00+00:00, run_after=2024-05-28 10:01:00+00:00
[2024-05-28T10:01:22.809+0000] {processor.py:183} INFO - Processing /home/airflow/.local/lib/python3.12/site-packages/airflow/example_dags/example_branch_python_dop_operator_3.py took 0.199 seconds
