[2024-05-28T09:46:27.158+0000] {processor.py:161} INFO - Started process (PID=52) to work on /home/airflow/.local/lib/python3.12/site-packages/airflow/example_dags/example_kubernetes_executor.py
[2024-05-28T09:46:27.159+0000] {processor.py:830} INFO - Processing file /home/airflow/.local/lib/python3.12/site-packages/airflow/example_dags/example_kubernetes_executor.py for tasks to queue
[2024-05-28T09:46:27.161+0000] {logging_mixin.py:188} INFO - [2024-05-28T09:46:27.161+0000] {dagbag.py:545} INFO - Filling up the DagBag from /home/airflow/.local/lib/python3.12/site-packages/airflow/example_dags/example_kubernetes_executor.py
[2024-05-28T09:46:27.181+0000] {processor.py:840} INFO - DAG(s) 'example_kubernetes_executor' retrieved from /home/airflow/.local/lib/python3.12/site-packages/airflow/example_dags/example_kubernetes_executor.py
[2024-05-28T09:46:27.557+0000] {logging_mixin.py:188} INFO - [2024-05-28T09:46:27.556+0000] {dag.py:3096} INFO - Sync 1 DAGs
[2024-05-28T09:46:27.589+0000] {logging_mixin.py:188} INFO - [2024-05-28T09:46:27.589+0000] {dag.py:3954} INFO - Setting next_dagrun for example_kubernetes_executor to None, run_after=None
[2024-05-28T09:46:27.657+0000] {processor.py:183} INFO - Processing /home/airflow/.local/lib/python3.12/site-packages/airflow/example_dags/example_kubernetes_executor.py took 0.507 seconds
[2024-05-28T09:46:58.179+0000] {processor.py:161} INFO - Started process (PID=110) to work on /home/airflow/.local/lib/python3.12/site-packages/airflow/example_dags/example_kubernetes_executor.py
[2024-05-28T09:46:58.181+0000] {processor.py:830} INFO - Processing file /home/airflow/.local/lib/python3.12/site-packages/airflow/example_dags/example_kubernetes_executor.py for tasks to queue
[2024-05-28T09:46:58.183+0000] {logging_mixin.py:188} INFO - [2024-05-28T09:46:58.182+0000] {dagbag.py:545} INFO - Filling up the DagBag from /home/airflow/.local/lib/python3.12/site-packages/airflow/example_dags/example_kubernetes_executor.py
[2024-05-28T09:46:58.196+0000] {processor.py:840} INFO - DAG(s) 'example_kubernetes_executor' retrieved from /home/airflow/.local/lib/python3.12/site-packages/airflow/example_dags/example_kubernetes_executor.py
[2024-05-28T09:46:58.244+0000] {logging_mixin.py:188} INFO - [2024-05-28T09:46:58.244+0000] {dag.py:3096} INFO - Sync 1 DAGs
[2024-05-28T09:46:58.269+0000] {logging_mixin.py:188} INFO - [2024-05-28T09:46:58.268+0000] {dag.py:3954} INFO - Setting next_dagrun for example_kubernetes_executor to None, run_after=None
[2024-05-28T09:46:58.290+0000] {processor.py:183} INFO - Processing /home/airflow/.local/lib/python3.12/site-packages/airflow/example_dags/example_kubernetes_executor.py took 0.118 seconds
[2024-05-28T09:47:29.062+0000] {processor.py:161} INFO - Started process (PID=168) to work on /home/airflow/.local/lib/python3.12/site-packages/airflow/example_dags/example_kubernetes_executor.py
[2024-05-28T09:47:29.064+0000] {processor.py:830} INFO - Processing file /home/airflow/.local/lib/python3.12/site-packages/airflow/example_dags/example_kubernetes_executor.py for tasks to queue
[2024-05-28T09:47:29.067+0000] {logging_mixin.py:188} INFO - [2024-05-28T09:47:29.066+0000] {dagbag.py:545} INFO - Filling up the DagBag from /home/airflow/.local/lib/python3.12/site-packages/airflow/example_dags/example_kubernetes_executor.py
[2024-05-28T09:47:29.083+0000] {processor.py:840} INFO - DAG(s) 'example_kubernetes_executor' retrieved from /home/airflow/.local/lib/python3.12/site-packages/airflow/example_dags/example_kubernetes_executor.py
[2024-05-28T09:47:29.137+0000] {logging_mixin.py:188} INFO - [2024-05-28T09:47:29.137+0000] {dag.py:3096} INFO - Sync 1 DAGs
[2024-05-28T09:47:29.158+0000] {logging_mixin.py:188} INFO - [2024-05-28T09:47:29.157+0000] {dag.py:3954} INFO - Setting next_dagrun for example_kubernetes_executor to None, run_after=None
[2024-05-28T09:47:29.181+0000] {processor.py:183} INFO - Processing /home/airflow/.local/lib/python3.12/site-packages/airflow/example_dags/example_kubernetes_executor.py took 0.127 seconds
[2024-05-28T09:47:59.295+0000] {processor.py:161} INFO - Started process (PID=226) to work on /home/airflow/.local/lib/python3.12/site-packages/airflow/example_dags/example_kubernetes_executor.py
[2024-05-28T09:47:59.297+0000] {processor.py:830} INFO - Processing file /home/airflow/.local/lib/python3.12/site-packages/airflow/example_dags/example_kubernetes_executor.py for tasks to queue
[2024-05-28T09:47:59.299+0000] {logging_mixin.py:188} INFO - [2024-05-28T09:47:59.299+0000] {dagbag.py:545} INFO - Filling up the DagBag from /home/airflow/.local/lib/python3.12/site-packages/airflow/example_dags/example_kubernetes_executor.py
[2024-05-28T09:47:59.317+0000] {processor.py:840} INFO - DAG(s) 'example_kubernetes_executor' retrieved from /home/airflow/.local/lib/python3.12/site-packages/airflow/example_dags/example_kubernetes_executor.py
[2024-05-28T09:47:59.393+0000] {logging_mixin.py:188} INFO - [2024-05-28T09:47:59.393+0000] {dag.py:3096} INFO - Sync 1 DAGs
[2024-05-28T09:47:59.412+0000] {logging_mixin.py:188} INFO - [2024-05-28T09:47:59.412+0000] {dag.py:3954} INFO - Setting next_dagrun for example_kubernetes_executor to None, run_after=None
[2024-05-28T09:47:59.436+0000] {processor.py:183} INFO - Processing /home/airflow/.local/lib/python3.12/site-packages/airflow/example_dags/example_kubernetes_executor.py took 0.148 seconds
[2024-05-28T09:48:30.421+0000] {processor.py:161} INFO - Started process (PID=284) to work on /home/airflow/.local/lib/python3.12/site-packages/airflow/example_dags/example_kubernetes_executor.py
[2024-05-28T09:48:30.426+0000] {processor.py:830} INFO - Processing file /home/airflow/.local/lib/python3.12/site-packages/airflow/example_dags/example_kubernetes_executor.py for tasks to queue
[2024-05-28T09:48:30.429+0000] {logging_mixin.py:188} INFO - [2024-05-28T09:48:30.429+0000] {dagbag.py:545} INFO - Filling up the DagBag from /home/airflow/.local/lib/python3.12/site-packages/airflow/example_dags/example_kubernetes_executor.py
[2024-05-28T09:48:30.450+0000] {processor.py:840} INFO - DAG(s) 'example_kubernetes_executor' retrieved from /home/airflow/.local/lib/python3.12/site-packages/airflow/example_dags/example_kubernetes_executor.py
[2024-05-28T09:48:30.585+0000] {logging_mixin.py:188} INFO - [2024-05-28T09:48:30.585+0000] {dag.py:3096} INFO - Sync 1 DAGs
[2024-05-28T09:48:30.618+0000] {logging_mixin.py:188} INFO - [2024-05-28T09:48:30.618+0000] {dag.py:3954} INFO - Setting next_dagrun for example_kubernetes_executor to None, run_after=None
[2024-05-28T09:48:30.667+0000] {processor.py:183} INFO - Processing /home/airflow/.local/lib/python3.12/site-packages/airflow/example_dags/example_kubernetes_executor.py took 0.256 seconds
[2024-05-28T09:49:56.364+0000] {processor.py:161} INFO - Started process (PID=46) to work on /home/airflow/.local/lib/python3.12/site-packages/airflow/example_dags/example_kubernetes_executor.py
[2024-05-28T09:49:56.365+0000] {processor.py:830} INFO - Processing file /home/airflow/.local/lib/python3.12/site-packages/airflow/example_dags/example_kubernetes_executor.py for tasks to queue
[2024-05-28T09:49:56.368+0000] {logging_mixin.py:188} INFO - [2024-05-28T09:49:56.368+0000] {dagbag.py:545} INFO - Filling up the DagBag from /home/airflow/.local/lib/python3.12/site-packages/airflow/example_dags/example_kubernetes_executor.py
[2024-05-28T09:49:56.387+0000] {processor.py:840} INFO - DAG(s) 'example_kubernetes_executor' retrieved from /home/airflow/.local/lib/python3.12/site-packages/airflow/example_dags/example_kubernetes_executor.py
[2024-05-28T09:49:56.595+0000] {logging_mixin.py:188} INFO - [2024-05-28T09:49:56.594+0000] {dag.py:3096} INFO - Sync 1 DAGs
[2024-05-28T09:49:56.614+0000] {logging_mixin.py:188} INFO - [2024-05-28T09:49:56.614+0000] {dag.py:3954} INFO - Setting next_dagrun for example_kubernetes_executor to None, run_after=None
[2024-05-28T09:49:56.642+0000] {processor.py:183} INFO - Processing /home/airflow/.local/lib/python3.12/site-packages/airflow/example_dags/example_kubernetes_executor.py took 0.288 seconds
[2024-05-28T09:50:26.789+0000] {processor.py:161} INFO - Started process (PID=104) to work on /home/airflow/.local/lib/python3.12/site-packages/airflow/example_dags/example_kubernetes_executor.py
[2024-05-28T09:50:26.801+0000] {processor.py:830} INFO - Processing file /home/airflow/.local/lib/python3.12/site-packages/airflow/example_dags/example_kubernetes_executor.py for tasks to queue
[2024-05-28T09:50:26.803+0000] {logging_mixin.py:188} INFO - [2024-05-28T09:50:26.803+0000] {dagbag.py:545} INFO - Filling up the DagBag from /home/airflow/.local/lib/python3.12/site-packages/airflow/example_dags/example_kubernetes_executor.py
[2024-05-28T09:50:26.821+0000] {processor.py:840} INFO - DAG(s) 'example_kubernetes_executor' retrieved from /home/airflow/.local/lib/python3.12/site-packages/airflow/example_dags/example_kubernetes_executor.py
[2024-05-28T09:50:26.868+0000] {logging_mixin.py:188} INFO - [2024-05-28T09:50:26.868+0000] {dag.py:3096} INFO - Sync 1 DAGs
[2024-05-28T09:50:26.887+0000] {logging_mixin.py:188} INFO - [2024-05-28T09:50:26.886+0000] {dag.py:3954} INFO - Setting next_dagrun for example_kubernetes_executor to None, run_after=None
[2024-05-28T09:50:26.915+0000] {processor.py:183} INFO - Processing /home/airflow/.local/lib/python3.12/site-packages/airflow/example_dags/example_kubernetes_executor.py took 0.135 seconds
[2024-05-28T09:50:57.821+0000] {processor.py:161} INFO - Started process (PID=162) to work on /home/airflow/.local/lib/python3.12/site-packages/airflow/example_dags/example_kubernetes_executor.py
[2024-05-28T09:50:57.825+0000] {processor.py:830} INFO - Processing file /home/airflow/.local/lib/python3.12/site-packages/airflow/example_dags/example_kubernetes_executor.py for tasks to queue
[2024-05-28T09:50:57.836+0000] {logging_mixin.py:188} INFO - [2024-05-28T09:50:57.833+0000] {dagbag.py:545} INFO - Filling up the DagBag from /home/airflow/.local/lib/python3.12/site-packages/airflow/example_dags/example_kubernetes_executor.py
[2024-05-28T09:50:57.881+0000] {processor.py:840} INFO - DAG(s) 'example_kubernetes_executor' retrieved from /home/airflow/.local/lib/python3.12/site-packages/airflow/example_dags/example_kubernetes_executor.py
[2024-05-28T09:50:57.958+0000] {logging_mixin.py:188} INFO - [2024-05-28T09:50:57.958+0000] {dag.py:3096} INFO - Sync 1 DAGs
[2024-05-28T09:50:57.979+0000] {logging_mixin.py:188} INFO - [2024-05-28T09:50:57.978+0000] {dag.py:3954} INFO - Setting next_dagrun for example_kubernetes_executor to None, run_after=None
[2024-05-28T09:50:58.016+0000] {processor.py:183} INFO - Processing /home/airflow/.local/lib/python3.12/site-packages/airflow/example_dags/example_kubernetes_executor.py took 0.231 seconds
[2024-05-28T09:51:28.196+0000] {processor.py:161} INFO - Started process (PID=220) to work on /home/airflow/.local/lib/python3.12/site-packages/airflow/example_dags/example_kubernetes_executor.py
[2024-05-28T09:51:28.198+0000] {processor.py:830} INFO - Processing file /home/airflow/.local/lib/python3.12/site-packages/airflow/example_dags/example_kubernetes_executor.py for tasks to queue
[2024-05-28T09:51:28.201+0000] {logging_mixin.py:188} INFO - [2024-05-28T09:51:28.201+0000] {dagbag.py:545} INFO - Filling up the DagBag from /home/airflow/.local/lib/python3.12/site-packages/airflow/example_dags/example_kubernetes_executor.py
[2024-05-28T09:51:28.223+0000] {processor.py:840} INFO - DAG(s) 'example_kubernetes_executor' retrieved from /home/airflow/.local/lib/python3.12/site-packages/airflow/example_dags/example_kubernetes_executor.py
[2024-05-28T09:51:28.294+0000] {logging_mixin.py:188} INFO - [2024-05-28T09:51:28.293+0000] {dag.py:3096} INFO - Sync 1 DAGs
[2024-05-28T09:51:28.324+0000] {logging_mixin.py:188} INFO - [2024-05-28T09:51:28.323+0000] {dag.py:3954} INFO - Setting next_dagrun for example_kubernetes_executor to None, run_after=None
[2024-05-28T09:51:28.361+0000] {processor.py:183} INFO - Processing /home/airflow/.local/lib/python3.12/site-packages/airflow/example_dags/example_kubernetes_executor.py took 0.179 seconds
[2024-05-28T09:51:59.476+0000] {processor.py:161} INFO - Started process (PID=278) to work on /home/airflow/.local/lib/python3.12/site-packages/airflow/example_dags/example_kubernetes_executor.py
[2024-05-28T09:51:59.478+0000] {processor.py:830} INFO - Processing file /home/airflow/.local/lib/python3.12/site-packages/airflow/example_dags/example_kubernetes_executor.py for tasks to queue
[2024-05-28T09:51:59.484+0000] {logging_mixin.py:188} INFO - [2024-05-28T09:51:59.483+0000] {dagbag.py:545} INFO - Filling up the DagBag from /home/airflow/.local/lib/python3.12/site-packages/airflow/example_dags/example_kubernetes_executor.py
[2024-05-28T09:51:59.546+0000] {processor.py:840} INFO - DAG(s) 'example_kubernetes_executor' retrieved from /home/airflow/.local/lib/python3.12/site-packages/airflow/example_dags/example_kubernetes_executor.py
[2024-05-28T09:51:59.661+0000] {logging_mixin.py:188} INFO - [2024-05-28T09:51:59.661+0000] {dag.py:3096} INFO - Sync 1 DAGs
[2024-05-28T09:51:59.682+0000] {logging_mixin.py:188} INFO - [2024-05-28T09:51:59.681+0000] {dag.py:3954} INFO - Setting next_dagrun for example_kubernetes_executor to None, run_after=None
[2024-05-28T09:51:59.715+0000] {processor.py:183} INFO - Processing /home/airflow/.local/lib/python3.12/site-packages/airflow/example_dags/example_kubernetes_executor.py took 0.253 seconds
[2024-05-28T09:52:29.908+0000] {processor.py:161} INFO - Started process (PID=335) to work on /home/airflow/.local/lib/python3.12/site-packages/airflow/example_dags/example_kubernetes_executor.py
[2024-05-28T09:52:29.909+0000] {processor.py:830} INFO - Processing file /home/airflow/.local/lib/python3.12/site-packages/airflow/example_dags/example_kubernetes_executor.py for tasks to queue
[2024-05-28T09:52:29.915+0000] {logging_mixin.py:188} INFO - [2024-05-28T09:52:29.913+0000] {dagbag.py:545} INFO - Filling up the DagBag from /home/airflow/.local/lib/python3.12/site-packages/airflow/example_dags/example_kubernetes_executor.py
[2024-05-28T09:52:29.945+0000] {processor.py:840} INFO - DAG(s) 'example_kubernetes_executor' retrieved from /home/airflow/.local/lib/python3.12/site-packages/airflow/example_dags/example_kubernetes_executor.py
[2024-05-28T09:52:30.027+0000] {logging_mixin.py:188} INFO - [2024-05-28T09:52:30.026+0000] {dag.py:3096} INFO - Sync 1 DAGs
[2024-05-28T09:52:30.061+0000] {logging_mixin.py:188} INFO - [2024-05-28T09:52:30.060+0000] {dag.py:3954} INFO - Setting next_dagrun for example_kubernetes_executor to None, run_after=None
[2024-05-28T09:52:30.122+0000] {processor.py:183} INFO - Processing /home/airflow/.local/lib/python3.12/site-packages/airflow/example_dags/example_kubernetes_executor.py took 0.236 seconds
[2024-05-28T09:53:00.438+0000] {processor.py:161} INFO - Started process (PID=393) to work on /home/airflow/.local/lib/python3.12/site-packages/airflow/example_dags/example_kubernetes_executor.py
[2024-05-28T09:53:00.441+0000] {processor.py:830} INFO - Processing file /home/airflow/.local/lib/python3.12/site-packages/airflow/example_dags/example_kubernetes_executor.py for tasks to queue
[2024-05-28T09:53:00.446+0000] {logging_mixin.py:188} INFO - [2024-05-28T09:53:00.445+0000] {dagbag.py:545} INFO - Filling up the DagBag from /home/airflow/.local/lib/python3.12/site-packages/airflow/example_dags/example_kubernetes_executor.py
[2024-05-28T09:53:00.499+0000] {processor.py:840} INFO - DAG(s) 'example_kubernetes_executor' retrieved from /home/airflow/.local/lib/python3.12/site-packages/airflow/example_dags/example_kubernetes_executor.py
[2024-05-28T09:53:00.638+0000] {logging_mixin.py:188} INFO - [2024-05-28T09:53:00.637+0000] {dag.py:3096} INFO - Sync 1 DAGs
[2024-05-28T09:53:00.681+0000] {logging_mixin.py:188} INFO - [2024-05-28T09:53:00.681+0000] {dag.py:3954} INFO - Setting next_dagrun for example_kubernetes_executor to None, run_after=None
[2024-05-28T09:53:00.752+0000] {processor.py:183} INFO - Processing /home/airflow/.local/lib/python3.12/site-packages/airflow/example_dags/example_kubernetes_executor.py took 0.333 seconds
[2024-05-28T09:53:31.459+0000] {processor.py:161} INFO - Started process (PID=451) to work on /home/airflow/.local/lib/python3.12/site-packages/airflow/example_dags/example_kubernetes_executor.py
[2024-05-28T09:53:31.462+0000] {processor.py:830} INFO - Processing file /home/airflow/.local/lib/python3.12/site-packages/airflow/example_dags/example_kubernetes_executor.py for tasks to queue
[2024-05-28T09:53:31.465+0000] {logging_mixin.py:188} INFO - [2024-05-28T09:53:31.464+0000] {dagbag.py:545} INFO - Filling up the DagBag from /home/airflow/.local/lib/python3.12/site-packages/airflow/example_dags/example_kubernetes_executor.py
[2024-05-28T09:53:31.484+0000] {processor.py:840} INFO - DAG(s) 'example_kubernetes_executor' retrieved from /home/airflow/.local/lib/python3.12/site-packages/airflow/example_dags/example_kubernetes_executor.py
[2024-05-28T09:53:31.566+0000] {logging_mixin.py:188} INFO - [2024-05-28T09:53:31.565+0000] {dag.py:3096} INFO - Sync 1 DAGs
[2024-05-28T09:53:31.586+0000] {logging_mixin.py:188} INFO - [2024-05-28T09:53:31.585+0000] {dag.py:3954} INFO - Setting next_dagrun for example_kubernetes_executor to None, run_after=None
[2024-05-28T09:53:31.619+0000] {processor.py:183} INFO - Processing /home/airflow/.local/lib/python3.12/site-packages/airflow/example_dags/example_kubernetes_executor.py took 0.173 seconds
[2024-05-28T09:54:02.038+0000] {processor.py:161} INFO - Started process (PID=509) to work on /home/airflow/.local/lib/python3.12/site-packages/airflow/example_dags/example_kubernetes_executor.py
[2024-05-28T09:54:02.039+0000] {processor.py:830} INFO - Processing file /home/airflow/.local/lib/python3.12/site-packages/airflow/example_dags/example_kubernetes_executor.py for tasks to queue
[2024-05-28T09:54:02.043+0000] {logging_mixin.py:188} INFO - [2024-05-28T09:54:02.041+0000] {dagbag.py:545} INFO - Filling up the DagBag from /home/airflow/.local/lib/python3.12/site-packages/airflow/example_dags/example_kubernetes_executor.py
[2024-05-28T09:54:02.061+0000] {processor.py:840} INFO - DAG(s) 'example_kubernetes_executor' retrieved from /home/airflow/.local/lib/python3.12/site-packages/airflow/example_dags/example_kubernetes_executor.py
[2024-05-28T09:54:02.184+0000] {logging_mixin.py:188} INFO - [2024-05-28T09:54:02.184+0000] {dag.py:3096} INFO - Sync 1 DAGs
[2024-05-28T09:54:02.214+0000] {logging_mixin.py:188} INFO - [2024-05-28T09:54:02.213+0000] {dag.py:3954} INFO - Setting next_dagrun for example_kubernetes_executor to None, run_after=None
[2024-05-28T09:54:02.275+0000] {processor.py:183} INFO - Processing /home/airflow/.local/lib/python3.12/site-packages/airflow/example_dags/example_kubernetes_executor.py took 0.247 seconds
[2024-05-28T09:54:32.800+0000] {processor.py:161} INFO - Started process (PID=567) to work on /home/airflow/.local/lib/python3.12/site-packages/airflow/example_dags/example_kubernetes_executor.py
[2024-05-28T09:54:32.802+0000] {processor.py:830} INFO - Processing file /home/airflow/.local/lib/python3.12/site-packages/airflow/example_dags/example_kubernetes_executor.py for tasks to queue
[2024-05-28T09:54:32.805+0000] {logging_mixin.py:188} INFO - [2024-05-28T09:54:32.804+0000] {dagbag.py:545} INFO - Filling up the DagBag from /home/airflow/.local/lib/python3.12/site-packages/airflow/example_dags/example_kubernetes_executor.py
[2024-05-28T09:54:32.823+0000] {processor.py:840} INFO - DAG(s) 'example_kubernetes_executor' retrieved from /home/airflow/.local/lib/python3.12/site-packages/airflow/example_dags/example_kubernetes_executor.py
[2024-05-28T09:54:32.884+0000] {logging_mixin.py:188} INFO - [2024-05-28T09:54:32.884+0000] {dag.py:3096} INFO - Sync 1 DAGs
[2024-05-28T09:54:32.904+0000] {logging_mixin.py:188} INFO - [2024-05-28T09:54:32.904+0000] {dag.py:3954} INFO - Setting next_dagrun for example_kubernetes_executor to None, run_after=None
[2024-05-28T09:54:32.938+0000] {processor.py:183} INFO - Processing /home/airflow/.local/lib/python3.12/site-packages/airflow/example_dags/example_kubernetes_executor.py took 0.160 seconds
[2024-05-28T09:55:03.806+0000] {processor.py:161} INFO - Started process (PID=631) to work on /home/airflow/.local/lib/python3.12/site-packages/airflow/example_dags/example_kubernetes_executor.py
[2024-05-28T09:55:03.809+0000] {processor.py:830} INFO - Processing file /home/airflow/.local/lib/python3.12/site-packages/airflow/example_dags/example_kubernetes_executor.py for tasks to queue
[2024-05-28T09:55:03.813+0000] {logging_mixin.py:188} INFO - [2024-05-28T09:55:03.812+0000] {dagbag.py:545} INFO - Filling up the DagBag from /home/airflow/.local/lib/python3.12/site-packages/airflow/example_dags/example_kubernetes_executor.py
[2024-05-28T09:55:03.842+0000] {processor.py:840} INFO - DAG(s) 'example_kubernetes_executor' retrieved from /home/airflow/.local/lib/python3.12/site-packages/airflow/example_dags/example_kubernetes_executor.py
[2024-05-28T09:55:03.945+0000] {logging_mixin.py:188} INFO - [2024-05-28T09:55:03.944+0000] {dag.py:3096} INFO - Sync 1 DAGs
[2024-05-28T09:55:03.970+0000] {logging_mixin.py:188} INFO - [2024-05-28T09:55:03.969+0000] {dag.py:3954} INFO - Setting next_dagrun for example_kubernetes_executor to None, run_after=None
[2024-05-28T09:55:04.032+0000] {processor.py:183} INFO - Processing /home/airflow/.local/lib/python3.12/site-packages/airflow/example_dags/example_kubernetes_executor.py took 0.243 seconds
[2024-05-28T09:55:34.308+0000] {processor.py:161} INFO - Started process (PID=689) to work on /home/airflow/.local/lib/python3.12/site-packages/airflow/example_dags/example_kubernetes_executor.py
[2024-05-28T09:55:34.309+0000] {processor.py:830} INFO - Processing file /home/airflow/.local/lib/python3.12/site-packages/airflow/example_dags/example_kubernetes_executor.py for tasks to queue
[2024-05-28T09:55:34.312+0000] {logging_mixin.py:188} INFO - [2024-05-28T09:55:34.312+0000] {dagbag.py:545} INFO - Filling up the DagBag from /home/airflow/.local/lib/python3.12/site-packages/airflow/example_dags/example_kubernetes_executor.py
[2024-05-28T09:55:34.328+0000] {processor.py:840} INFO - DAG(s) 'example_kubernetes_executor' retrieved from /home/airflow/.local/lib/python3.12/site-packages/airflow/example_dags/example_kubernetes_executor.py
[2024-05-28T09:55:34.420+0000] {logging_mixin.py:188} INFO - [2024-05-28T09:55:34.419+0000] {dag.py:3096} INFO - Sync 1 DAGs
[2024-05-28T09:55:34.442+0000] {logging_mixin.py:188} INFO - [2024-05-28T09:55:34.442+0000] {dag.py:3954} INFO - Setting next_dagrun for example_kubernetes_executor to None, run_after=None
[2024-05-28T09:55:34.509+0000] {processor.py:183} INFO - Processing /home/airflow/.local/lib/python3.12/site-packages/airflow/example_dags/example_kubernetes_executor.py took 0.211 seconds
[2024-05-28T09:56:05.022+0000] {processor.py:161} INFO - Started process (PID=747) to work on /home/airflow/.local/lib/python3.12/site-packages/airflow/example_dags/example_kubernetes_executor.py
[2024-05-28T09:56:05.024+0000] {processor.py:830} INFO - Processing file /home/airflow/.local/lib/python3.12/site-packages/airflow/example_dags/example_kubernetes_executor.py for tasks to queue
[2024-05-28T09:56:05.026+0000] {logging_mixin.py:188} INFO - [2024-05-28T09:56:05.026+0000] {dagbag.py:545} INFO - Filling up the DagBag from /home/airflow/.local/lib/python3.12/site-packages/airflow/example_dags/example_kubernetes_executor.py
[2024-05-28T09:56:05.046+0000] {processor.py:840} INFO - DAG(s) 'example_kubernetes_executor' retrieved from /home/airflow/.local/lib/python3.12/site-packages/airflow/example_dags/example_kubernetes_executor.py
[2024-05-28T09:56:05.133+0000] {logging_mixin.py:188} INFO - [2024-05-28T09:56:05.132+0000] {dag.py:3096} INFO - Sync 1 DAGs
[2024-05-28T09:56:05.159+0000] {logging_mixin.py:188} INFO - [2024-05-28T09:56:05.159+0000] {dag.py:3954} INFO - Setting next_dagrun for example_kubernetes_executor to None, run_after=None
[2024-05-28T09:56:05.202+0000] {processor.py:183} INFO - Processing /home/airflow/.local/lib/python3.12/site-packages/airflow/example_dags/example_kubernetes_executor.py took 0.188 seconds
[2024-05-28T09:56:35.322+0000] {processor.py:161} INFO - Started process (PID=805) to work on /home/airflow/.local/lib/python3.12/site-packages/airflow/example_dags/example_kubernetes_executor.py
[2024-05-28T09:56:35.325+0000] {processor.py:830} INFO - Processing file /home/airflow/.local/lib/python3.12/site-packages/airflow/example_dags/example_kubernetes_executor.py for tasks to queue
[2024-05-28T09:56:35.329+0000] {logging_mixin.py:188} INFO - [2024-05-28T09:56:35.329+0000] {dagbag.py:545} INFO - Filling up the DagBag from /home/airflow/.local/lib/python3.12/site-packages/airflow/example_dags/example_kubernetes_executor.py
[2024-05-28T09:56:35.353+0000] {processor.py:840} INFO - DAG(s) 'example_kubernetes_executor' retrieved from /home/airflow/.local/lib/python3.12/site-packages/airflow/example_dags/example_kubernetes_executor.py
[2024-05-28T09:56:35.429+0000] {logging_mixin.py:188} INFO - [2024-05-28T09:56:35.428+0000] {dag.py:3096} INFO - Sync 1 DAGs
[2024-05-28T09:56:35.453+0000] {logging_mixin.py:188} INFO - [2024-05-28T09:56:35.452+0000] {dag.py:3954} INFO - Setting next_dagrun for example_kubernetes_executor to None, run_after=None
[2024-05-28T09:56:35.507+0000] {processor.py:183} INFO - Processing /home/airflow/.local/lib/python3.12/site-packages/airflow/example_dags/example_kubernetes_executor.py took 0.197 seconds
[2024-05-28T09:57:06.244+0000] {processor.py:161} INFO - Started process (PID=862) to work on /home/airflow/.local/lib/python3.12/site-packages/airflow/example_dags/example_kubernetes_executor.py
[2024-05-28T09:57:06.248+0000] {processor.py:830} INFO - Processing file /home/airflow/.local/lib/python3.12/site-packages/airflow/example_dags/example_kubernetes_executor.py for tasks to queue
[2024-05-28T09:57:06.251+0000] {logging_mixin.py:188} INFO - [2024-05-28T09:57:06.250+0000] {dagbag.py:545} INFO - Filling up the DagBag from /home/airflow/.local/lib/python3.12/site-packages/airflow/example_dags/example_kubernetes_executor.py
[2024-05-28T09:57:06.282+0000] {processor.py:840} INFO - DAG(s) 'example_kubernetes_executor' retrieved from /home/airflow/.local/lib/python3.12/site-packages/airflow/example_dags/example_kubernetes_executor.py
[2024-05-28T09:57:06.349+0000] {logging_mixin.py:188} INFO - [2024-05-28T09:57:06.349+0000] {dag.py:3096} INFO - Sync 1 DAGs
[2024-05-28T09:57:06.388+0000] {logging_mixin.py:188} INFO - [2024-05-28T09:57:06.388+0000] {dag.py:3954} INFO - Setting next_dagrun for example_kubernetes_executor to None, run_after=None
[2024-05-28T09:57:06.449+0000] {processor.py:183} INFO - Processing /home/airflow/.local/lib/python3.12/site-packages/airflow/example_dags/example_kubernetes_executor.py took 0.215 seconds
[2024-05-28T09:57:36.492+0000] {processor.py:161} INFO - Started process (PID=920) to work on /home/airflow/.local/lib/python3.12/site-packages/airflow/example_dags/example_kubernetes_executor.py
[2024-05-28T09:57:36.493+0000] {processor.py:830} INFO - Processing file /home/airflow/.local/lib/python3.12/site-packages/airflow/example_dags/example_kubernetes_executor.py for tasks to queue
[2024-05-28T09:57:36.495+0000] {logging_mixin.py:188} INFO - [2024-05-28T09:57:36.494+0000] {dagbag.py:545} INFO - Filling up the DagBag from /home/airflow/.local/lib/python3.12/site-packages/airflow/example_dags/example_kubernetes_executor.py
[2024-05-28T09:57:36.520+0000] {processor.py:840} INFO - DAG(s) 'example_kubernetes_executor' retrieved from /home/airflow/.local/lib/python3.12/site-packages/airflow/example_dags/example_kubernetes_executor.py
[2024-05-28T09:57:36.580+0000] {logging_mixin.py:188} INFO - [2024-05-28T09:57:36.579+0000] {dag.py:3096} INFO - Sync 1 DAGs
[2024-05-28T09:57:36.624+0000] {logging_mixin.py:188} INFO - [2024-05-28T09:57:36.622+0000] {dag.py:3954} INFO - Setting next_dagrun for example_kubernetes_executor to None, run_after=None
[2024-05-28T09:57:36.653+0000] {processor.py:183} INFO - Processing /home/airflow/.local/lib/python3.12/site-packages/airflow/example_dags/example_kubernetes_executor.py took 0.173 seconds
[2024-05-28T09:58:07.262+0000] {processor.py:161} INFO - Started process (PID=978) to work on /home/airflow/.local/lib/python3.12/site-packages/airflow/example_dags/example_kubernetes_executor.py
[2024-05-28T09:58:07.263+0000] {processor.py:830} INFO - Processing file /home/airflow/.local/lib/python3.12/site-packages/airflow/example_dags/example_kubernetes_executor.py for tasks to queue
[2024-05-28T09:58:07.265+0000] {logging_mixin.py:188} INFO - [2024-05-28T09:58:07.265+0000] {dagbag.py:545} INFO - Filling up the DagBag from /home/airflow/.local/lib/python3.12/site-packages/airflow/example_dags/example_kubernetes_executor.py
[2024-05-28T09:58:07.279+0000] {processor.py:840} INFO - DAG(s) 'example_kubernetes_executor' retrieved from /home/airflow/.local/lib/python3.12/site-packages/airflow/example_dags/example_kubernetes_executor.py
[2024-05-28T09:58:07.323+0000] {logging_mixin.py:188} INFO - [2024-05-28T09:58:07.323+0000] {dag.py:3096} INFO - Sync 1 DAGs
[2024-05-28T09:58:07.340+0000] {logging_mixin.py:188} INFO - [2024-05-28T09:58:07.340+0000] {dag.py:3954} INFO - Setting next_dagrun for example_kubernetes_executor to None, run_after=None
[2024-05-28T09:58:07.366+0000] {processor.py:183} INFO - Processing /home/airflow/.local/lib/python3.12/site-packages/airflow/example_dags/example_kubernetes_executor.py took 0.111 seconds
[2024-05-28T10:00:12.679+0000] {processor.py:161} INFO - Started process (PID=53) to work on /home/airflow/.local/lib/python3.12/site-packages/airflow/example_dags/example_kubernetes_executor.py
[2024-05-28T10:00:12.682+0000] {processor.py:830} INFO - Processing file /home/airflow/.local/lib/python3.12/site-packages/airflow/example_dags/example_kubernetes_executor.py for tasks to queue
[2024-05-28T10:00:12.686+0000] {logging_mixin.py:188} INFO - [2024-05-28T10:00:12.685+0000] {dagbag.py:545} INFO - Filling up the DagBag from /home/airflow/.local/lib/python3.12/site-packages/airflow/example_dags/example_kubernetes_executor.py
[2024-05-28T10:00:12.719+0000] {processor.py:840} INFO - DAG(s) 'example_kubernetes_executor' retrieved from /home/airflow/.local/lib/python3.12/site-packages/airflow/example_dags/example_kubernetes_executor.py
[2024-05-28T10:00:12.966+0000] {logging_mixin.py:188} INFO - [2024-05-28T10:00:12.966+0000] {dag.py:3096} INFO - Sync 1 DAGs
[2024-05-28T10:00:13.006+0000] {logging_mixin.py:188} INFO - [2024-05-28T10:00:13.005+0000] {dag.py:3954} INFO - Setting next_dagrun for example_kubernetes_executor to None, run_after=None
[2024-05-28T10:00:13.065+0000] {processor.py:183} INFO - Processing /home/airflow/.local/lib/python3.12/site-packages/airflow/example_dags/example_kubernetes_executor.py took 0.402 seconds
[2024-05-28T10:00:44.119+0000] {processor.py:161} INFO - Started process (PID=111) to work on /home/airflow/.local/lib/python3.12/site-packages/airflow/example_dags/example_kubernetes_executor.py
[2024-05-28T10:00:44.121+0000] {processor.py:830} INFO - Processing file /home/airflow/.local/lib/python3.12/site-packages/airflow/example_dags/example_kubernetes_executor.py for tasks to queue
[2024-05-28T10:00:44.124+0000] {logging_mixin.py:188} INFO - [2024-05-28T10:00:44.123+0000] {dagbag.py:545} INFO - Filling up the DagBag from /home/airflow/.local/lib/python3.12/site-packages/airflow/example_dags/example_kubernetes_executor.py
[2024-05-28T10:00:44.145+0000] {processor.py:840} INFO - DAG(s) 'example_kubernetes_executor' retrieved from /home/airflow/.local/lib/python3.12/site-packages/airflow/example_dags/example_kubernetes_executor.py
[2024-05-28T10:00:44.241+0000] {logging_mixin.py:188} INFO - [2024-05-28T10:00:44.240+0000] {dag.py:3096} INFO - Sync 1 DAGs
[2024-05-28T10:00:44.276+0000] {logging_mixin.py:188} INFO - [2024-05-28T10:00:44.276+0000] {dag.py:3954} INFO - Setting next_dagrun for example_kubernetes_executor to None, run_after=None
[2024-05-28T10:00:44.336+0000] {processor.py:183} INFO - Processing /home/airflow/.local/lib/python3.12/site-packages/airflow/example_dags/example_kubernetes_executor.py took 0.232 seconds
[2024-05-28T10:01:14.445+0000] {processor.py:161} INFO - Started process (PID=170) to work on /home/airflow/.local/lib/python3.12/site-packages/airflow/example_dags/example_kubernetes_executor.py
[2024-05-28T10:01:14.447+0000] {processor.py:830} INFO - Processing file /home/airflow/.local/lib/python3.12/site-packages/airflow/example_dags/example_kubernetes_executor.py for tasks to queue
[2024-05-28T10:01:14.450+0000] {logging_mixin.py:188} INFO - [2024-05-28T10:01:14.449+0000] {dagbag.py:545} INFO - Filling up the DagBag from /home/airflow/.local/lib/python3.12/site-packages/airflow/example_dags/example_kubernetes_executor.py
[2024-05-28T10:01:14.481+0000] {processor.py:840} INFO - DAG(s) 'example_kubernetes_executor' retrieved from /home/airflow/.local/lib/python3.12/site-packages/airflow/example_dags/example_kubernetes_executor.py
[2024-05-28T10:01:14.575+0000] {logging_mixin.py:188} INFO - [2024-05-28T10:01:14.575+0000] {dag.py:3096} INFO - Sync 1 DAGs
[2024-05-28T10:01:14.611+0000] {logging_mixin.py:188} INFO - [2024-05-28T10:01:14.610+0000] {dag.py:3954} INFO - Setting next_dagrun for example_kubernetes_executor to None, run_after=None
[2024-05-28T10:01:14.648+0000] {processor.py:183} INFO - Processing /home/airflow/.local/lib/python3.12/site-packages/airflow/example_dags/example_kubernetes_executor.py took 0.246 seconds
