[2024-05-28T09:46:30.703+0000] {processor.py:161} INFO - Started process (PID=67) to work on /home/airflow/.local/lib/python3.12/site-packages/airflow/example_dags/example_task_group.py
[2024-05-28T09:46:30.705+0000] {processor.py:830} INFO - Processing file /home/airflow/.local/lib/python3.12/site-packages/airflow/example_dags/example_task_group.py for tasks to queue
[2024-05-28T09:46:30.712+0000] {logging_mixin.py:188} INFO - [2024-05-28T09:46:30.710+0000] {dagbag.py:545} INFO - Filling up the DagBag from /home/airflow/.local/lib/python3.12/site-packages/airflow/example_dags/example_task_group.py
[2024-05-28T09:46:30.737+0000] {processor.py:840} INFO - DAG(s) 'example_task_group' retrieved from /home/airflow/.local/lib/python3.12/site-packages/airflow/example_dags/example_task_group.py
[2024-05-28T09:46:30.962+0000] {logging_mixin.py:188} INFO - [2024-05-28T09:46:30.962+0000] {dag.py:3096} INFO - Sync 1 DAGs
[2024-05-28T09:46:30.988+0000] {logging_mixin.py:188} INFO - [2024-05-28T09:46:30.988+0000] {dag.py:3954} INFO - Setting next_dagrun for example_task_group to 2024-05-27 00:00:00+00:00, run_after=2024-05-28 00:00:00+00:00
[2024-05-28T09:46:31.022+0000] {processor.py:183} INFO - Processing /home/airflow/.local/lib/python3.12/site-packages/airflow/example_dags/example_task_group.py took 0.338 seconds
[2024-05-28T09:47:01.247+0000] {processor.py:161} INFO - Started process (PID=125) to work on /home/airflow/.local/lib/python3.12/site-packages/airflow/example_dags/example_task_group.py
[2024-05-28T09:47:01.249+0000] {processor.py:830} INFO - Processing file /home/airflow/.local/lib/python3.12/site-packages/airflow/example_dags/example_task_group.py for tasks to queue
[2024-05-28T09:47:01.253+0000] {logging_mixin.py:188} INFO - [2024-05-28T09:47:01.252+0000] {dagbag.py:545} INFO - Filling up the DagBag from /home/airflow/.local/lib/python3.12/site-packages/airflow/example_dags/example_task_group.py
[2024-05-28T09:47:01.269+0000] {processor.py:840} INFO - DAG(s) 'example_task_group' retrieved from /home/airflow/.local/lib/python3.12/site-packages/airflow/example_dags/example_task_group.py
[2024-05-28T09:47:01.313+0000] {logging_mixin.py:188} INFO - [2024-05-28T09:47:01.312+0000] {dag.py:3096} INFO - Sync 1 DAGs
[2024-05-28T09:47:01.354+0000] {logging_mixin.py:188} INFO - [2024-05-28T09:47:01.353+0000] {dag.py:3954} INFO - Setting next_dagrun for example_task_group to 2024-05-27 00:00:00+00:00, run_after=2024-05-28 00:00:00+00:00
[2024-05-28T09:47:01.409+0000] {processor.py:183} INFO - Processing /home/airflow/.local/lib/python3.12/site-packages/airflow/example_dags/example_task_group.py took 0.177 seconds
[2024-05-28T09:47:31.652+0000] {processor.py:161} INFO - Started process (PID=183) to work on /home/airflow/.local/lib/python3.12/site-packages/airflow/example_dags/example_task_group.py
[2024-05-28T09:47:31.654+0000] {processor.py:830} INFO - Processing file /home/airflow/.local/lib/python3.12/site-packages/airflow/example_dags/example_task_group.py for tasks to queue
[2024-05-28T09:47:31.660+0000] {logging_mixin.py:188} INFO - [2024-05-28T09:47:31.657+0000] {dagbag.py:545} INFO - Filling up the DagBag from /home/airflow/.local/lib/python3.12/site-packages/airflow/example_dags/example_task_group.py
[2024-05-28T09:47:31.680+0000] {processor.py:840} INFO - DAG(s) 'example_task_group' retrieved from /home/airflow/.local/lib/python3.12/site-packages/airflow/example_dags/example_task_group.py
[2024-05-28T09:47:31.724+0000] {logging_mixin.py:188} INFO - [2024-05-28T09:47:31.724+0000] {dag.py:3096} INFO - Sync 1 DAGs
[2024-05-28T09:47:31.765+0000] {logging_mixin.py:188} INFO - [2024-05-28T09:47:31.764+0000] {dag.py:3954} INFO - Setting next_dagrun for example_task_group to 2024-05-27 00:00:00+00:00, run_after=2024-05-28 00:00:00+00:00
[2024-05-28T09:47:31.799+0000] {processor.py:183} INFO - Processing /home/airflow/.local/lib/python3.12/site-packages/airflow/example_dags/example_task_group.py took 0.169 seconds
[2024-05-28T09:48:02.502+0000] {processor.py:161} INFO - Started process (PID=241) to work on /home/airflow/.local/lib/python3.12/site-packages/airflow/example_dags/example_task_group.py
[2024-05-28T09:48:02.504+0000] {processor.py:830} INFO - Processing file /home/airflow/.local/lib/python3.12/site-packages/airflow/example_dags/example_task_group.py for tasks to queue
[2024-05-28T09:48:02.506+0000] {logging_mixin.py:188} INFO - [2024-05-28T09:48:02.506+0000] {dagbag.py:545} INFO - Filling up the DagBag from /home/airflow/.local/lib/python3.12/site-packages/airflow/example_dags/example_task_group.py
[2024-05-28T09:48:02.523+0000] {processor.py:840} INFO - DAG(s) 'example_task_group' retrieved from /home/airflow/.local/lib/python3.12/site-packages/airflow/example_dags/example_task_group.py
[2024-05-28T09:48:02.560+0000] {logging_mixin.py:188} INFO - [2024-05-28T09:48:02.560+0000] {dag.py:3096} INFO - Sync 1 DAGs
[2024-05-28T09:48:02.595+0000] {logging_mixin.py:188} INFO - [2024-05-28T09:48:02.595+0000] {dag.py:3954} INFO - Setting next_dagrun for example_task_group to 2024-05-27 00:00:00+00:00, run_after=2024-05-28 00:00:00+00:00
[2024-05-28T09:48:02.639+0000] {processor.py:183} INFO - Processing /home/airflow/.local/lib/python3.12/site-packages/airflow/example_dags/example_task_group.py took 0.146 seconds
[2024-05-28T09:48:33.334+0000] {processor.py:161} INFO - Started process (PID=299) to work on /home/airflow/.local/lib/python3.12/site-packages/airflow/example_dags/example_task_group.py
[2024-05-28T09:48:33.335+0000] {processor.py:830} INFO - Processing file /home/airflow/.local/lib/python3.12/site-packages/airflow/example_dags/example_task_group.py for tasks to queue
[2024-05-28T09:48:33.337+0000] {logging_mixin.py:188} INFO - [2024-05-28T09:48:33.337+0000] {dagbag.py:545} INFO - Filling up the DagBag from /home/airflow/.local/lib/python3.12/site-packages/airflow/example_dags/example_task_group.py
[2024-05-28T09:48:33.348+0000] {processor.py:840} INFO - DAG(s) 'example_task_group' retrieved from /home/airflow/.local/lib/python3.12/site-packages/airflow/example_dags/example_task_group.py
[2024-05-28T09:48:33.395+0000] {logging_mixin.py:188} INFO - [2024-05-28T09:48:33.394+0000] {dag.py:3096} INFO - Sync 1 DAGs
[2024-05-28T09:48:33.436+0000] {logging_mixin.py:188} INFO - [2024-05-28T09:48:33.436+0000] {dag.py:3954} INFO - Setting next_dagrun for example_task_group to 2024-05-27 00:00:00+00:00, run_after=2024-05-28 00:00:00+00:00
[2024-05-28T09:48:33.464+0000] {processor.py:183} INFO - Processing /home/airflow/.local/lib/python3.12/site-packages/airflow/example_dags/example_task_group.py took 0.138 seconds
[2024-05-28T09:49:59.470+0000] {processor.py:161} INFO - Started process (PID=61) to work on /home/airflow/.local/lib/python3.12/site-packages/airflow/example_dags/example_task_group.py
[2024-05-28T09:49:59.471+0000] {processor.py:830} INFO - Processing file /home/airflow/.local/lib/python3.12/site-packages/airflow/example_dags/example_task_group.py for tasks to queue
[2024-05-28T09:49:59.474+0000] {logging_mixin.py:188} INFO - [2024-05-28T09:49:59.474+0000] {dagbag.py:545} INFO - Filling up the DagBag from /home/airflow/.local/lib/python3.12/site-packages/airflow/example_dags/example_task_group.py
[2024-05-28T09:49:59.491+0000] {processor.py:840} INFO - DAG(s) 'example_task_group' retrieved from /home/airflow/.local/lib/python3.12/site-packages/airflow/example_dags/example_task_group.py
[2024-05-28T09:49:59.719+0000] {logging_mixin.py:188} INFO - [2024-05-28T09:49:59.717+0000] {dag.py:3096} INFO - Sync 1 DAGs
[2024-05-28T09:49:59.773+0000] {logging_mixin.py:188} INFO - [2024-05-28T09:49:59.772+0000] {dag.py:3954} INFO - Setting next_dagrun for example_task_group to 2024-05-27 00:00:00+00:00, run_after=2024-05-28 00:00:00+00:00
[2024-05-28T09:49:59.808+0000] {processor.py:183} INFO - Processing /home/airflow/.local/lib/python3.12/site-packages/airflow/example_dags/example_task_group.py took 0.350 seconds
[2024-05-28T09:50:30.510+0000] {processor.py:161} INFO - Started process (PID=119) to work on /home/airflow/.local/lib/python3.12/site-packages/airflow/example_dags/example_task_group.py
[2024-05-28T09:50:30.512+0000] {processor.py:830} INFO - Processing file /home/airflow/.local/lib/python3.12/site-packages/airflow/example_dags/example_task_group.py for tasks to queue
[2024-05-28T09:50:30.520+0000] {logging_mixin.py:188} INFO - [2024-05-28T09:50:30.519+0000] {dagbag.py:545} INFO - Filling up the DagBag from /home/airflow/.local/lib/python3.12/site-packages/airflow/example_dags/example_task_group.py
[2024-05-28T09:50:30.566+0000] {processor.py:840} INFO - DAG(s) 'example_task_group' retrieved from /home/airflow/.local/lib/python3.12/site-packages/airflow/example_dags/example_task_group.py
[2024-05-28T09:50:30.634+0000] {logging_mixin.py:188} INFO - [2024-05-28T09:50:30.634+0000] {dag.py:3096} INFO - Sync 1 DAGs
[2024-05-28T09:50:30.692+0000] {logging_mixin.py:188} INFO - [2024-05-28T09:50:30.691+0000] {dag.py:3954} INFO - Setting next_dagrun for example_task_group to 2024-05-27 00:00:00+00:00, run_after=2024-05-28 00:00:00+00:00
[2024-05-28T09:50:30.761+0000] {processor.py:183} INFO - Processing /home/airflow/.local/lib/python3.12/site-packages/airflow/example_dags/example_task_group.py took 0.264 seconds
[2024-05-28T09:51:01.067+0000] {processor.py:161} INFO - Started process (PID=177) to work on /home/airflow/.local/lib/python3.12/site-packages/airflow/example_dags/example_task_group.py
[2024-05-28T09:51:01.068+0000] {processor.py:830} INFO - Processing file /home/airflow/.local/lib/python3.12/site-packages/airflow/example_dags/example_task_group.py for tasks to queue
[2024-05-28T09:51:01.070+0000] {logging_mixin.py:188} INFO - [2024-05-28T09:51:01.070+0000] {dagbag.py:545} INFO - Filling up the DagBag from /home/airflow/.local/lib/python3.12/site-packages/airflow/example_dags/example_task_group.py
[2024-05-28T09:51:01.082+0000] {processor.py:840} INFO - DAG(s) 'example_task_group' retrieved from /home/airflow/.local/lib/python3.12/site-packages/airflow/example_dags/example_task_group.py
[2024-05-28T09:51:01.153+0000] {logging_mixin.py:188} INFO - [2024-05-28T09:51:01.149+0000] {dag.py:3096} INFO - Sync 1 DAGs
[2024-05-28T09:51:01.204+0000] {logging_mixin.py:188} INFO - [2024-05-28T09:51:01.204+0000] {dag.py:3954} INFO - Setting next_dagrun for example_task_group to 2024-05-27 00:00:00+00:00, run_after=2024-05-28 00:00:00+00:00
[2024-05-28T09:51:01.269+0000] {processor.py:183} INFO - Processing /home/airflow/.local/lib/python3.12/site-packages/airflow/example_dags/example_task_group.py took 0.213 seconds
[2024-05-28T09:51:31.950+0000] {processor.py:161} INFO - Started process (PID=235) to work on /home/airflow/.local/lib/python3.12/site-packages/airflow/example_dags/example_task_group.py
[2024-05-28T09:51:31.952+0000] {processor.py:830} INFO - Processing file /home/airflow/.local/lib/python3.12/site-packages/airflow/example_dags/example_task_group.py for tasks to queue
[2024-05-28T09:51:31.955+0000] {logging_mixin.py:188} INFO - [2024-05-28T09:51:31.954+0000] {dagbag.py:545} INFO - Filling up the DagBag from /home/airflow/.local/lib/python3.12/site-packages/airflow/example_dags/example_task_group.py
[2024-05-28T09:51:31.964+0000] {processor.py:840} INFO - DAG(s) 'example_task_group' retrieved from /home/airflow/.local/lib/python3.12/site-packages/airflow/example_dags/example_task_group.py
[2024-05-28T09:51:32.018+0000] {logging_mixin.py:188} INFO - [2024-05-28T09:51:32.018+0000] {dag.py:3096} INFO - Sync 1 DAGs
[2024-05-28T09:51:32.059+0000] {logging_mixin.py:188} INFO - [2024-05-28T09:51:32.059+0000] {dag.py:3954} INFO - Setting next_dagrun for example_task_group to 2024-05-27 00:00:00+00:00, run_after=2024-05-28 00:00:00+00:00
[2024-05-28T09:51:32.089+0000] {processor.py:183} INFO - Processing /home/airflow/.local/lib/python3.12/site-packages/airflow/example_dags/example_task_group.py took 0.146 seconds
[2024-05-28T09:52:02.584+0000] {processor.py:161} INFO - Started process (PID=298) to work on /home/airflow/.local/lib/python3.12/site-packages/airflow/example_dags/example_task_group.py
[2024-05-28T09:52:02.586+0000] {processor.py:830} INFO - Processing file /home/airflow/.local/lib/python3.12/site-packages/airflow/example_dags/example_task_group.py for tasks to queue
[2024-05-28T09:52:02.588+0000] {logging_mixin.py:188} INFO - [2024-05-28T09:52:02.588+0000] {dagbag.py:545} INFO - Filling up the DagBag from /home/airflow/.local/lib/python3.12/site-packages/airflow/example_dags/example_task_group.py
[2024-05-28T09:52:02.606+0000] {processor.py:840} INFO - DAG(s) 'example_task_group' retrieved from /home/airflow/.local/lib/python3.12/site-packages/airflow/example_dags/example_task_group.py
[2024-05-28T09:52:02.657+0000] {logging_mixin.py:188} INFO - [2024-05-28T09:52:02.657+0000] {dag.py:3096} INFO - Sync 1 DAGs
[2024-05-28T09:52:02.701+0000] {logging_mixin.py:188} INFO - [2024-05-28T09:52:02.701+0000] {dag.py:3954} INFO - Setting next_dagrun for example_task_group to 2024-05-27 00:00:00+00:00, run_after=2024-05-28 00:00:00+00:00
[2024-05-28T09:52:02.732+0000] {processor.py:183} INFO - Processing /home/airflow/.local/lib/python3.12/site-packages/airflow/example_dags/example_task_group.py took 0.156 seconds
[2024-05-28T09:52:32.813+0000] {processor.py:161} INFO - Started process (PID=356) to work on /home/airflow/.local/lib/python3.12/site-packages/airflow/example_dags/example_task_group.py
[2024-05-28T09:52:32.814+0000] {processor.py:830} INFO - Processing file /home/airflow/.local/lib/python3.12/site-packages/airflow/example_dags/example_task_group.py for tasks to queue
[2024-05-28T09:52:32.816+0000] {logging_mixin.py:188} INFO - [2024-05-28T09:52:32.816+0000] {dagbag.py:545} INFO - Filling up the DagBag from /home/airflow/.local/lib/python3.12/site-packages/airflow/example_dags/example_task_group.py
[2024-05-28T09:52:32.837+0000] {processor.py:840} INFO - DAG(s) 'example_task_group' retrieved from /home/airflow/.local/lib/python3.12/site-packages/airflow/example_dags/example_task_group.py
[2024-05-28T09:52:32.885+0000] {logging_mixin.py:188} INFO - [2024-05-28T09:52:32.884+0000] {dag.py:3096} INFO - Sync 1 DAGs
[2024-05-28T09:52:32.935+0000] {logging_mixin.py:188} INFO - [2024-05-28T09:52:32.934+0000] {dag.py:3954} INFO - Setting next_dagrun for example_task_group to 2024-05-27 00:00:00+00:00, run_after=2024-05-28 00:00:00+00:00
[2024-05-28T09:52:32.988+0000] {processor.py:183} INFO - Processing /home/airflow/.local/lib/python3.12/site-packages/airflow/example_dags/example_task_group.py took 0.185 seconds
[2024-05-28T09:53:03.643+0000] {processor.py:161} INFO - Started process (PID=414) to work on /home/airflow/.local/lib/python3.12/site-packages/airflow/example_dags/example_task_group.py
[2024-05-28T09:53:03.645+0000] {processor.py:830} INFO - Processing file /home/airflow/.local/lib/python3.12/site-packages/airflow/example_dags/example_task_group.py for tasks to queue
[2024-05-28T09:53:03.648+0000] {logging_mixin.py:188} INFO - [2024-05-28T09:53:03.648+0000] {dagbag.py:545} INFO - Filling up the DagBag from /home/airflow/.local/lib/python3.12/site-packages/airflow/example_dags/example_task_group.py
[2024-05-28T09:53:03.659+0000] {processor.py:840} INFO - DAG(s) 'example_task_group' retrieved from /home/airflow/.local/lib/python3.12/site-packages/airflow/example_dags/example_task_group.py
[2024-05-28T09:53:03.699+0000] {logging_mixin.py:188} INFO - [2024-05-28T09:53:03.698+0000] {dag.py:3096} INFO - Sync 1 DAGs
[2024-05-28T09:53:03.743+0000] {logging_mixin.py:188} INFO - [2024-05-28T09:53:03.741+0000] {dag.py:3954} INFO - Setting next_dagrun for example_task_group to 2024-05-27 00:00:00+00:00, run_after=2024-05-28 00:00:00+00:00
[2024-05-28T09:53:03.765+0000] {processor.py:183} INFO - Processing /home/airflow/.local/lib/python3.12/site-packages/airflow/example_dags/example_task_group.py took 0.131 seconds
[2024-05-28T09:53:34.132+0000] {processor.py:161} INFO - Started process (PID=472) to work on /home/airflow/.local/lib/python3.12/site-packages/airflow/example_dags/example_task_group.py
[2024-05-28T09:53:34.134+0000] {processor.py:830} INFO - Processing file /home/airflow/.local/lib/python3.12/site-packages/airflow/example_dags/example_task_group.py for tasks to queue
[2024-05-28T09:53:34.138+0000] {logging_mixin.py:188} INFO - [2024-05-28T09:53:34.137+0000] {dagbag.py:545} INFO - Filling up the DagBag from /home/airflow/.local/lib/python3.12/site-packages/airflow/example_dags/example_task_group.py
[2024-05-28T09:53:34.153+0000] {processor.py:840} INFO - DAG(s) 'example_task_group' retrieved from /home/airflow/.local/lib/python3.12/site-packages/airflow/example_dags/example_task_group.py
[2024-05-28T09:53:34.198+0000] {logging_mixin.py:188} INFO - [2024-05-28T09:53:34.197+0000] {dag.py:3096} INFO - Sync 1 DAGs
[2024-05-28T09:53:34.264+0000] {logging_mixin.py:188} INFO - [2024-05-28T09:53:34.262+0000] {dag.py:3954} INFO - Setting next_dagrun for example_task_group to 2024-05-27 00:00:00+00:00, run_after=2024-05-28 00:00:00+00:00
[2024-05-28T09:53:34.304+0000] {processor.py:183} INFO - Processing /home/airflow/.local/lib/python3.12/site-packages/airflow/example_dags/example_task_group.py took 0.185 seconds
[2024-05-28T09:54:04.823+0000] {processor.py:161} INFO - Started process (PID=530) to work on /home/airflow/.local/lib/python3.12/site-packages/airflow/example_dags/example_task_group.py
[2024-05-28T09:54:04.824+0000] {processor.py:830} INFO - Processing file /home/airflow/.local/lib/python3.12/site-packages/airflow/example_dags/example_task_group.py for tasks to queue
[2024-05-28T09:54:04.827+0000] {logging_mixin.py:188} INFO - [2024-05-28T09:54:04.826+0000] {dagbag.py:545} INFO - Filling up the DagBag from /home/airflow/.local/lib/python3.12/site-packages/airflow/example_dags/example_task_group.py
[2024-05-28T09:54:04.838+0000] {processor.py:840} INFO - DAG(s) 'example_task_group' retrieved from /home/airflow/.local/lib/python3.12/site-packages/airflow/example_dags/example_task_group.py
[2024-05-28T09:54:04.901+0000] {logging_mixin.py:188} INFO - [2024-05-28T09:54:04.900+0000] {dag.py:3096} INFO - Sync 1 DAGs
[2024-05-28T09:54:04.959+0000] {logging_mixin.py:188} INFO - [2024-05-28T09:54:04.958+0000] {dag.py:3954} INFO - Setting next_dagrun for example_task_group to 2024-05-27 00:00:00+00:00, run_after=2024-05-28 00:00:00+00:00
[2024-05-28T09:54:05.005+0000] {processor.py:183} INFO - Processing /home/airflow/.local/lib/python3.12/site-packages/airflow/example_dags/example_task_group.py took 0.192 seconds
[2024-05-28T09:54:35.615+0000] {processor.py:161} INFO - Started process (PID=588) to work on /home/airflow/.local/lib/python3.12/site-packages/airflow/example_dags/example_task_group.py
[2024-05-28T09:54:35.618+0000] {processor.py:830} INFO - Processing file /home/airflow/.local/lib/python3.12/site-packages/airflow/example_dags/example_task_group.py for tasks to queue
[2024-05-28T09:54:35.626+0000] {logging_mixin.py:188} INFO - [2024-05-28T09:54:35.625+0000] {dagbag.py:545} INFO - Filling up the DagBag from /home/airflow/.local/lib/python3.12/site-packages/airflow/example_dags/example_task_group.py
[2024-05-28T09:54:35.654+0000] {processor.py:840} INFO - DAG(s) 'example_task_group' retrieved from /home/airflow/.local/lib/python3.12/site-packages/airflow/example_dags/example_task_group.py
[2024-05-28T09:54:35.720+0000] {logging_mixin.py:188} INFO - [2024-05-28T09:54:35.718+0000] {dag.py:3096} INFO - Sync 1 DAGs
[2024-05-28T09:54:35.804+0000] {logging_mixin.py:188} INFO - [2024-05-28T09:54:35.804+0000] {dag.py:3954} INFO - Setting next_dagrun for example_task_group to 2024-05-27 00:00:00+00:00, run_after=2024-05-28 00:00:00+00:00
[2024-05-28T09:54:35.847+0000] {processor.py:183} INFO - Processing /home/airflow/.local/lib/python3.12/site-packages/airflow/example_dags/example_task_group.py took 0.247 seconds
[2024-05-28T09:55:06.706+0000] {processor.py:161} INFO - Started process (PID=646) to work on /home/airflow/.local/lib/python3.12/site-packages/airflow/example_dags/example_task_group.py
[2024-05-28T09:55:06.708+0000] {processor.py:830} INFO - Processing file /home/airflow/.local/lib/python3.12/site-packages/airflow/example_dags/example_task_group.py for tasks to queue
[2024-05-28T09:55:06.711+0000] {logging_mixin.py:188} INFO - [2024-05-28T09:55:06.711+0000] {dagbag.py:545} INFO - Filling up the DagBag from /home/airflow/.local/lib/python3.12/site-packages/airflow/example_dags/example_task_group.py
[2024-05-28T09:55:06.727+0000] {processor.py:840} INFO - DAG(s) 'example_task_group' retrieved from /home/airflow/.local/lib/python3.12/site-packages/airflow/example_dags/example_task_group.py
[2024-05-28T09:55:06.767+0000] {logging_mixin.py:188} INFO - [2024-05-28T09:55:06.767+0000] {dag.py:3096} INFO - Sync 1 DAGs
[2024-05-28T09:55:06.806+0000] {logging_mixin.py:188} INFO - [2024-05-28T09:55:06.806+0000] {dag.py:3954} INFO - Setting next_dagrun for example_task_group to 2024-05-27 00:00:00+00:00, run_after=2024-05-28 00:00:00+00:00
[2024-05-28T09:55:06.834+0000] {processor.py:183} INFO - Processing /home/airflow/.local/lib/python3.12/site-packages/airflow/example_dags/example_task_group.py took 0.140 seconds
[2024-05-28T09:55:37.364+0000] {processor.py:161} INFO - Started process (PID=704) to work on /home/airflow/.local/lib/python3.12/site-packages/airflow/example_dags/example_task_group.py
[2024-05-28T09:55:37.366+0000] {processor.py:830} INFO - Processing file /home/airflow/.local/lib/python3.12/site-packages/airflow/example_dags/example_task_group.py for tasks to queue
[2024-05-28T09:55:37.369+0000] {logging_mixin.py:188} INFO - [2024-05-28T09:55:37.368+0000] {dagbag.py:545} INFO - Filling up the DagBag from /home/airflow/.local/lib/python3.12/site-packages/airflow/example_dags/example_task_group.py
[2024-05-28T09:55:37.378+0000] {processor.py:840} INFO - DAG(s) 'example_task_group' retrieved from /home/airflow/.local/lib/python3.12/site-packages/airflow/example_dags/example_task_group.py
[2024-05-28T09:55:37.441+0000] {logging_mixin.py:188} INFO - [2024-05-28T09:55:37.440+0000] {dag.py:3096} INFO - Sync 1 DAGs
[2024-05-28T09:55:37.524+0000] {logging_mixin.py:188} INFO - [2024-05-28T09:55:37.522+0000] {dag.py:3954} INFO - Setting next_dagrun for example_task_group to 2024-05-27 00:00:00+00:00, run_after=2024-05-28 00:00:00+00:00
[2024-05-28T09:55:37.572+0000] {processor.py:183} INFO - Processing /home/airflow/.local/lib/python3.12/site-packages/airflow/example_dags/example_task_group.py took 0.217 seconds
[2024-05-28T09:56:07.932+0000] {processor.py:161} INFO - Started process (PID=762) to work on /home/airflow/.local/lib/python3.12/site-packages/airflow/example_dags/example_task_group.py
[2024-05-28T09:56:07.947+0000] {processor.py:830} INFO - Processing file /home/airflow/.local/lib/python3.12/site-packages/airflow/example_dags/example_task_group.py for tasks to queue
[2024-05-28T09:56:07.951+0000] {logging_mixin.py:188} INFO - [2024-05-28T09:56:07.950+0000] {dagbag.py:545} INFO - Filling up the DagBag from /home/airflow/.local/lib/python3.12/site-packages/airflow/example_dags/example_task_group.py
[2024-05-28T09:56:07.962+0000] {processor.py:840} INFO - DAG(s) 'example_task_group' retrieved from /home/airflow/.local/lib/python3.12/site-packages/airflow/example_dags/example_task_group.py
[2024-05-28T09:56:07.998+0000] {logging_mixin.py:188} INFO - [2024-05-28T09:56:07.998+0000] {dag.py:3096} INFO - Sync 1 DAGs
[2024-05-28T09:56:08.037+0000] {logging_mixin.py:188} INFO - [2024-05-28T09:56:08.037+0000] {dag.py:3954} INFO - Setting next_dagrun for example_task_group to 2024-05-27 00:00:00+00:00, run_after=2024-05-28 00:00:00+00:00
[2024-05-28T09:56:08.068+0000] {processor.py:183} INFO - Processing /home/airflow/.local/lib/python3.12/site-packages/airflow/example_dags/example_task_group.py took 0.148 seconds
[2024-05-28T09:56:38.279+0000] {processor.py:161} INFO - Started process (PID=820) to work on /home/airflow/.local/lib/python3.12/site-packages/airflow/example_dags/example_task_group.py
[2024-05-28T09:56:38.281+0000] {processor.py:830} INFO - Processing file /home/airflow/.local/lib/python3.12/site-packages/airflow/example_dags/example_task_group.py for tasks to queue
[2024-05-28T09:56:38.284+0000] {logging_mixin.py:188} INFO - [2024-05-28T09:56:38.283+0000] {dagbag.py:545} INFO - Filling up the DagBag from /home/airflow/.local/lib/python3.12/site-packages/airflow/example_dags/example_task_group.py
[2024-05-28T09:56:38.295+0000] {processor.py:840} INFO - DAG(s) 'example_task_group' retrieved from /home/airflow/.local/lib/python3.12/site-packages/airflow/example_dags/example_task_group.py
[2024-05-28T09:56:38.333+0000] {logging_mixin.py:188} INFO - [2024-05-28T09:56:38.333+0000] {dag.py:3096} INFO - Sync 1 DAGs
[2024-05-28T09:56:38.368+0000] {logging_mixin.py:188} INFO - [2024-05-28T09:56:38.368+0000] {dag.py:3954} INFO - Setting next_dagrun for example_task_group to 2024-05-27 00:00:00+00:00, run_after=2024-05-28 00:00:00+00:00
[2024-05-28T09:56:38.394+0000] {processor.py:183} INFO - Processing /home/airflow/.local/lib/python3.12/site-packages/airflow/example_dags/example_task_group.py took 0.128 seconds
[2024-05-28T09:57:09.005+0000] {processor.py:161} INFO - Started process (PID=877) to work on /home/airflow/.local/lib/python3.12/site-packages/airflow/example_dags/example_task_group.py
[2024-05-28T09:57:09.007+0000] {processor.py:830} INFO - Processing file /home/airflow/.local/lib/python3.12/site-packages/airflow/example_dags/example_task_group.py for tasks to queue
[2024-05-28T09:57:09.010+0000] {logging_mixin.py:188} INFO - [2024-05-28T09:57:09.009+0000] {dagbag.py:545} INFO - Filling up the DagBag from /home/airflow/.local/lib/python3.12/site-packages/airflow/example_dags/example_task_group.py
[2024-05-28T09:57:09.025+0000] {processor.py:840} INFO - DAG(s) 'example_task_group' retrieved from /home/airflow/.local/lib/python3.12/site-packages/airflow/example_dags/example_task_group.py
[2024-05-28T09:57:09.076+0000] {logging_mixin.py:188} INFO - [2024-05-28T09:57:09.076+0000] {dag.py:3096} INFO - Sync 1 DAGs
[2024-05-28T09:57:09.126+0000] {logging_mixin.py:188} INFO - [2024-05-28T09:57:09.126+0000] {dag.py:3954} INFO - Setting next_dagrun for example_task_group to 2024-05-27 00:00:00+00:00, run_after=2024-05-28 00:00:00+00:00
[2024-05-28T09:57:09.173+0000] {processor.py:183} INFO - Processing /home/airflow/.local/lib/python3.12/site-packages/airflow/example_dags/example_task_group.py took 0.181 seconds
[2024-05-28T09:57:39.437+0000] {processor.py:161} INFO - Started process (PID=935) to work on /home/airflow/.local/lib/python3.12/site-packages/airflow/example_dags/example_task_group.py
[2024-05-28T09:57:39.439+0000] {processor.py:830} INFO - Processing file /home/airflow/.local/lib/python3.12/site-packages/airflow/example_dags/example_task_group.py for tasks to queue
[2024-05-28T09:57:39.442+0000] {logging_mixin.py:188} INFO - [2024-05-28T09:57:39.442+0000] {dagbag.py:545} INFO - Filling up the DagBag from /home/airflow/.local/lib/python3.12/site-packages/airflow/example_dags/example_task_group.py
[2024-05-28T09:57:39.466+0000] {processor.py:840} INFO - DAG(s) 'example_task_group' retrieved from /home/airflow/.local/lib/python3.12/site-packages/airflow/example_dags/example_task_group.py
[2024-05-28T09:57:39.518+0000] {logging_mixin.py:188} INFO - [2024-05-28T09:57:39.517+0000] {dag.py:3096} INFO - Sync 1 DAGs
[2024-05-28T09:57:39.580+0000] {logging_mixin.py:188} INFO - [2024-05-28T09:57:39.580+0000] {dag.py:3954} INFO - Setting next_dagrun for example_task_group to 2024-05-27 00:00:00+00:00, run_after=2024-05-28 00:00:00+00:00
[2024-05-28T09:57:39.630+0000] {processor.py:183} INFO - Processing /home/airflow/.local/lib/python3.12/site-packages/airflow/example_dags/example_task_group.py took 0.207 seconds
[2024-05-28T09:58:10.033+0000] {processor.py:161} INFO - Started process (PID=993) to work on /home/airflow/.local/lib/python3.12/site-packages/airflow/example_dags/example_task_group.py
[2024-05-28T09:58:10.035+0000] {processor.py:830} INFO - Processing file /home/airflow/.local/lib/python3.12/site-packages/airflow/example_dags/example_task_group.py for tasks to queue
[2024-05-28T09:58:10.038+0000] {logging_mixin.py:188} INFO - [2024-05-28T09:58:10.037+0000] {dagbag.py:545} INFO - Filling up the DagBag from /home/airflow/.local/lib/python3.12/site-packages/airflow/example_dags/example_task_group.py
[2024-05-28T09:58:10.053+0000] {processor.py:840} INFO - DAG(s) 'example_task_group' retrieved from /home/airflow/.local/lib/python3.12/site-packages/airflow/example_dags/example_task_group.py
[2024-05-28T09:58:10.115+0000] {logging_mixin.py:188} INFO - [2024-05-28T09:58:10.115+0000] {dag.py:3096} INFO - Sync 1 DAGs
[2024-05-28T09:58:10.163+0000] {logging_mixin.py:188} INFO - [2024-05-28T09:58:10.163+0000] {dag.py:3954} INFO - Setting next_dagrun for example_task_group to 2024-05-27 00:00:00+00:00, run_after=2024-05-28 00:00:00+00:00
[2024-05-28T09:58:10.218+0000] {processor.py:183} INFO - Processing /home/airflow/.local/lib/python3.12/site-packages/airflow/example_dags/example_task_group.py took 0.199 seconds
[2024-05-28T10:00:17.218+0000] {processor.py:161} INFO - Started process (PID=68) to work on /home/airflow/.local/lib/python3.12/site-packages/airflow/example_dags/example_task_group.py
[2024-05-28T10:00:17.220+0000] {processor.py:830} INFO - Processing file /home/airflow/.local/lib/python3.12/site-packages/airflow/example_dags/example_task_group.py for tasks to queue
[2024-05-28T10:00:17.223+0000] {logging_mixin.py:188} INFO - [2024-05-28T10:00:17.223+0000] {dagbag.py:545} INFO - Filling up the DagBag from /home/airflow/.local/lib/python3.12/site-packages/airflow/example_dags/example_task_group.py
[2024-05-28T10:00:17.251+0000] {processor.py:840} INFO - DAG(s) 'example_task_group' retrieved from /home/airflow/.local/lib/python3.12/site-packages/airflow/example_dags/example_task_group.py
[2024-05-28T10:00:17.593+0000] {logging_mixin.py:188} INFO - [2024-05-28T10:00:17.592+0000] {dag.py:3096} INFO - Sync 1 DAGs
[2024-05-28T10:00:17.641+0000] {logging_mixin.py:188} INFO - [2024-05-28T10:00:17.641+0000] {dag.py:3954} INFO - Setting next_dagrun for example_task_group to 2024-05-27 00:00:00+00:00, run_after=2024-05-28 00:00:00+00:00
[2024-05-28T10:00:17.734+0000] {processor.py:183} INFO - Processing /home/airflow/.local/lib/python3.12/site-packages/airflow/example_dags/example_task_group.py took 0.530 seconds
[2024-05-28T10:00:47.907+0000] {processor.py:161} INFO - Started process (PID=126) to work on /home/airflow/.local/lib/python3.12/site-packages/airflow/example_dags/example_task_group.py
[2024-05-28T10:00:47.908+0000] {processor.py:830} INFO - Processing file /home/airflow/.local/lib/python3.12/site-packages/airflow/example_dags/example_task_group.py for tasks to queue
[2024-05-28T10:00:47.911+0000] {logging_mixin.py:188} INFO - [2024-05-28T10:00:47.910+0000] {dagbag.py:545} INFO - Filling up the DagBag from /home/airflow/.local/lib/python3.12/site-packages/airflow/example_dags/example_task_group.py
[2024-05-28T10:00:47.923+0000] {processor.py:840} INFO - DAG(s) 'example_task_group' retrieved from /home/airflow/.local/lib/python3.12/site-packages/airflow/example_dags/example_task_group.py
[2024-05-28T10:00:47.969+0000] {logging_mixin.py:188} INFO - [2024-05-28T10:00:47.968+0000] {dag.py:3096} INFO - Sync 1 DAGs
[2024-05-28T10:00:48.028+0000] {logging_mixin.py:188} INFO - [2024-05-28T10:00:48.028+0000] {dag.py:3954} INFO - Setting next_dagrun for example_task_group to 2024-05-27 00:00:00+00:00, run_after=2024-05-28 00:00:00+00:00
[2024-05-28T10:00:48.066+0000] {processor.py:183} INFO - Processing /home/airflow/.local/lib/python3.12/site-packages/airflow/example_dags/example_task_group.py took 0.168 seconds
[2024-05-28T10:01:18.177+0000] {processor.py:161} INFO - Started process (PID=184) to work on /home/airflow/.local/lib/python3.12/site-packages/airflow/example_dags/example_task_group.py
[2024-05-28T10:01:18.178+0000] {processor.py:830} INFO - Processing file /home/airflow/.local/lib/python3.12/site-packages/airflow/example_dags/example_task_group.py for tasks to queue
[2024-05-28T10:01:18.180+0000] {logging_mixin.py:188} INFO - [2024-05-28T10:01:18.180+0000] {dagbag.py:545} INFO - Filling up the DagBag from /home/airflow/.local/lib/python3.12/site-packages/airflow/example_dags/example_task_group.py
[2024-05-28T10:01:18.191+0000] {processor.py:840} INFO - DAG(s) 'example_task_group' retrieved from /home/airflow/.local/lib/python3.12/site-packages/airflow/example_dags/example_task_group.py
[2024-05-28T10:01:18.272+0000] {logging_mixin.py:188} INFO - [2024-05-28T10:01:18.270+0000] {dag.py:3096} INFO - Sync 1 DAGs
[2024-05-28T10:01:18.334+0000] {logging_mixin.py:188} INFO - [2024-05-28T10:01:18.333+0000] {dag.py:3954} INFO - Setting next_dagrun for example_task_group to 2024-05-27 00:00:00+00:00, run_after=2024-05-28 00:00:00+00:00
[2024-05-28T10:01:18.370+0000] {processor.py:183} INFO - Processing /home/airflow/.local/lib/python3.12/site-packages/airflow/example_dags/example_task_group.py took 0.202 seconds
