[2024-05-28T09:46:32.910+0000] {processor.py:161} INFO - Started process (PID=75) to work on /home/airflow/.local/lib/python3.12/site-packages/airflow/example_dags/example_sensors.py
[2024-05-28T09:46:32.911+0000] {processor.py:830} INFO - Processing file /home/airflow/.local/lib/python3.12/site-packages/airflow/example_dags/example_sensors.py for tasks to queue
[2024-05-28T09:46:32.914+0000] {logging_mixin.py:188} INFO - [2024-05-28T09:46:32.914+0000] {dagbag.py:545} INFO - Filling up the DagBag from /home/airflow/.local/lib/python3.12/site-packages/airflow/example_dags/example_sensors.py
[2024-05-28T09:46:32.934+0000] {processor.py:840} INFO - DAG(s) 'example_sensors' retrieved from /home/airflow/.local/lib/python3.12/site-packages/airflow/example_dags/example_sensors.py
[2024-05-28T09:46:33.180+0000] {logging_mixin.py:188} INFO - [2024-05-28T09:46:33.179+0000] {dag.py:3096} INFO - Sync 1 DAGs
[2024-05-28T09:46:33.192+0000] {logging_mixin.py:188} INFO - [2024-05-28T09:46:33.192+0000] {dag.py:3954} INFO - Setting next_dagrun for example_sensors to None, run_after=None
[2024-05-28T09:46:33.214+0000] {processor.py:183} INFO - Processing /home/airflow/.local/lib/python3.12/site-packages/airflow/example_dags/example_sensors.py took 0.316 seconds
[2024-05-28T09:47:03.856+0000] {processor.py:161} INFO - Started process (PID=133) to work on /home/airflow/.local/lib/python3.12/site-packages/airflow/example_dags/example_sensors.py
[2024-05-28T09:47:03.858+0000] {processor.py:830} INFO - Processing file /home/airflow/.local/lib/python3.12/site-packages/airflow/example_dags/example_sensors.py for tasks to queue
[2024-05-28T09:47:03.864+0000] {logging_mixin.py:188} INFO - [2024-05-28T09:47:03.861+0000] {dagbag.py:545} INFO - Filling up the DagBag from /home/airflow/.local/lib/python3.12/site-packages/airflow/example_dags/example_sensors.py
[2024-05-28T09:47:03.887+0000] {processor.py:840} INFO - DAG(s) 'example_sensors' retrieved from /home/airflow/.local/lib/python3.12/site-packages/airflow/example_dags/example_sensors.py
[2024-05-28T09:47:03.923+0000] {logging_mixin.py:188} INFO - [2024-05-28T09:47:03.922+0000] {dag.py:3096} INFO - Sync 1 DAGs
[2024-05-28T09:47:03.940+0000] {logging_mixin.py:188} INFO - [2024-05-28T09:47:03.940+0000] {dag.py:3954} INFO - Setting next_dagrun for example_sensors to None, run_after=None
[2024-05-28T09:47:03.975+0000] {processor.py:183} INFO - Processing /home/airflow/.local/lib/python3.12/site-packages/airflow/example_dags/example_sensors.py took 0.130 seconds
[2024-05-28T09:47:34.509+0000] {processor.py:161} INFO - Started process (PID=191) to work on /home/airflow/.local/lib/python3.12/site-packages/airflow/example_dags/example_sensors.py
[2024-05-28T09:47:34.510+0000] {processor.py:830} INFO - Processing file /home/airflow/.local/lib/python3.12/site-packages/airflow/example_dags/example_sensors.py for tasks to queue
[2024-05-28T09:47:34.513+0000] {logging_mixin.py:188} INFO - [2024-05-28T09:47:34.512+0000] {dagbag.py:545} INFO - Filling up the DagBag from /home/airflow/.local/lib/python3.12/site-packages/airflow/example_dags/example_sensors.py
[2024-05-28T09:47:34.530+0000] {processor.py:840} INFO - DAG(s) 'example_sensors' retrieved from /home/airflow/.local/lib/python3.12/site-packages/airflow/example_dags/example_sensors.py
[2024-05-28T09:47:34.594+0000] {logging_mixin.py:188} INFO - [2024-05-28T09:47:34.593+0000] {dag.py:3096} INFO - Sync 1 DAGs
[2024-05-28T09:47:34.619+0000] {logging_mixin.py:188} INFO - [2024-05-28T09:47:34.618+0000] {dag.py:3954} INFO - Setting next_dagrun for example_sensors to None, run_after=None
[2024-05-28T09:47:34.659+0000] {processor.py:183} INFO - Processing /home/airflow/.local/lib/python3.12/site-packages/airflow/example_dags/example_sensors.py took 0.167 seconds
[2024-05-28T09:48:05.426+0000] {processor.py:161} INFO - Started process (PID=249) to work on /home/airflow/.local/lib/python3.12/site-packages/airflow/example_dags/example_sensors.py
[2024-05-28T09:48:05.430+0000] {processor.py:830} INFO - Processing file /home/airflow/.local/lib/python3.12/site-packages/airflow/example_dags/example_sensors.py for tasks to queue
[2024-05-28T09:48:05.436+0000] {logging_mixin.py:188} INFO - [2024-05-28T09:48:05.434+0000] {dagbag.py:545} INFO - Filling up the DagBag from /home/airflow/.local/lib/python3.12/site-packages/airflow/example_dags/example_sensors.py
[2024-05-28T09:48:05.453+0000] {processor.py:840} INFO - DAG(s) 'example_sensors' retrieved from /home/airflow/.local/lib/python3.12/site-packages/airflow/example_dags/example_sensors.py
[2024-05-28T09:48:05.499+0000] {logging_mixin.py:188} INFO - [2024-05-28T09:48:05.498+0000] {dag.py:3096} INFO - Sync 1 DAGs
[2024-05-28T09:48:05.521+0000] {logging_mixin.py:188} INFO - [2024-05-28T09:48:05.521+0000] {dag.py:3954} INFO - Setting next_dagrun for example_sensors to None, run_after=None
[2024-05-28T09:48:05.557+0000] {processor.py:183} INFO - Processing /home/airflow/.local/lib/python3.12/site-packages/airflow/example_dags/example_sensors.py took 0.187 seconds
[2024-05-28T09:48:36.160+0000] {processor.py:161} INFO - Started process (PID=307) to work on /home/airflow/.local/lib/python3.12/site-packages/airflow/example_dags/example_sensors.py
[2024-05-28T09:48:36.161+0000] {processor.py:830} INFO - Processing file /home/airflow/.local/lib/python3.12/site-packages/airflow/example_dags/example_sensors.py for tasks to queue
[2024-05-28T09:48:36.165+0000] {logging_mixin.py:188} INFO - [2024-05-28T09:48:36.164+0000] {dagbag.py:545} INFO - Filling up the DagBag from /home/airflow/.local/lib/python3.12/site-packages/airflow/example_dags/example_sensors.py
[2024-05-28T09:48:36.180+0000] {processor.py:840} INFO - DAG(s) 'example_sensors' retrieved from /home/airflow/.local/lib/python3.12/site-packages/airflow/example_dags/example_sensors.py
[2024-05-28T09:48:36.281+0000] {logging_mixin.py:188} INFO - [2024-05-28T09:48:36.280+0000] {dag.py:3096} INFO - Sync 1 DAGs
[2024-05-28T09:48:36.320+0000] {logging_mixin.py:188} INFO - [2024-05-28T09:48:36.319+0000] {dag.py:3954} INFO - Setting next_dagrun for example_sensors to None, run_after=None
[2024-05-28T09:48:36.366+0000] {processor.py:183} INFO - Processing /home/airflow/.local/lib/python3.12/site-packages/airflow/example_dags/example_sensors.py took 0.223 seconds
[2024-05-28T09:50:01.664+0000] {processor.py:161} INFO - Started process (PID=69) to work on /home/airflow/.local/lib/python3.12/site-packages/airflow/example_dags/example_sensors.py
[2024-05-28T09:50:01.670+0000] {processor.py:830} INFO - Processing file /home/airflow/.local/lib/python3.12/site-packages/airflow/example_dags/example_sensors.py for tasks to queue
[2024-05-28T09:50:01.677+0000] {logging_mixin.py:188} INFO - [2024-05-28T09:50:01.675+0000] {dagbag.py:545} INFO - Filling up the DagBag from /home/airflow/.local/lib/python3.12/site-packages/airflow/example_dags/example_sensors.py
[2024-05-28T09:50:01.706+0000] {processor.py:840} INFO - DAG(s) 'example_sensors' retrieved from /home/airflow/.local/lib/python3.12/site-packages/airflow/example_dags/example_sensors.py
[2024-05-28T09:50:02.161+0000] {logging_mixin.py:188} INFO - [2024-05-28T09:50:02.159+0000] {dag.py:3096} INFO - Sync 1 DAGs
[2024-05-28T09:50:02.199+0000] {logging_mixin.py:188} INFO - [2024-05-28T09:50:02.198+0000] {dag.py:3954} INFO - Setting next_dagrun for example_sensors to None, run_after=None
[2024-05-28T09:50:02.313+0000] {processor.py:183} INFO - Processing /home/airflow/.local/lib/python3.12/site-packages/airflow/example_dags/example_sensors.py took 0.667 seconds
[2024-05-28T09:50:32.716+0000] {processor.py:161} INFO - Started process (PID=133) to work on /home/airflow/.local/lib/python3.12/site-packages/airflow/example_dags/example_sensors.py
[2024-05-28T09:50:32.718+0000] {processor.py:830} INFO - Processing file /home/airflow/.local/lib/python3.12/site-packages/airflow/example_dags/example_sensors.py for tasks to queue
[2024-05-28T09:50:32.721+0000] {logging_mixin.py:188} INFO - [2024-05-28T09:50:32.720+0000] {dagbag.py:545} INFO - Filling up the DagBag from /home/airflow/.local/lib/python3.12/site-packages/airflow/example_dags/example_sensors.py
[2024-05-28T09:50:32.735+0000] {processor.py:840} INFO - DAG(s) 'example_sensors' retrieved from /home/airflow/.local/lib/python3.12/site-packages/airflow/example_dags/example_sensors.py
[2024-05-28T09:50:32.809+0000] {logging_mixin.py:188} INFO - [2024-05-28T09:50:32.809+0000] {dag.py:3096} INFO - Sync 1 DAGs
[2024-05-28T09:50:32.834+0000] {logging_mixin.py:188} INFO - [2024-05-28T09:50:32.833+0000] {dag.py:3954} INFO - Setting next_dagrun for example_sensors to None, run_after=None
[2024-05-28T09:50:32.865+0000] {processor.py:183} INFO - Processing /home/airflow/.local/lib/python3.12/site-packages/airflow/example_dags/example_sensors.py took 0.158 seconds
[2024-05-28T09:51:03.545+0000] {processor.py:161} INFO - Started process (PID=191) to work on /home/airflow/.local/lib/python3.12/site-packages/airflow/example_dags/example_sensors.py
[2024-05-28T09:51:03.546+0000] {processor.py:830} INFO - Processing file /home/airflow/.local/lib/python3.12/site-packages/airflow/example_dags/example_sensors.py for tasks to queue
[2024-05-28T09:51:03.549+0000] {logging_mixin.py:188} INFO - [2024-05-28T09:51:03.548+0000] {dagbag.py:545} INFO - Filling up the DagBag from /home/airflow/.local/lib/python3.12/site-packages/airflow/example_dags/example_sensors.py
[2024-05-28T09:51:03.576+0000] {processor.py:840} INFO - DAG(s) 'example_sensors' retrieved from /home/airflow/.local/lib/python3.12/site-packages/airflow/example_dags/example_sensors.py
[2024-05-28T09:51:03.664+0000] {logging_mixin.py:188} INFO - [2024-05-28T09:51:03.664+0000] {dag.py:3096} INFO - Sync 1 DAGs
[2024-05-28T09:51:03.705+0000] {logging_mixin.py:188} INFO - [2024-05-28T09:51:03.704+0000] {dag.py:3954} INFO - Setting next_dagrun for example_sensors to None, run_after=None
[2024-05-28T09:51:03.752+0000] {processor.py:183} INFO - Processing /home/airflow/.local/lib/python3.12/site-packages/airflow/example_dags/example_sensors.py took 0.237 seconds
[2024-05-28T09:51:34.198+0000] {processor.py:161} INFO - Started process (PID=249) to work on /home/airflow/.local/lib/python3.12/site-packages/airflow/example_dags/example_sensors.py
[2024-05-28T09:51:34.200+0000] {processor.py:830} INFO - Processing file /home/airflow/.local/lib/python3.12/site-packages/airflow/example_dags/example_sensors.py for tasks to queue
[2024-05-28T09:51:34.206+0000] {logging_mixin.py:188} INFO - [2024-05-28T09:51:34.204+0000] {dagbag.py:545} INFO - Filling up the DagBag from /home/airflow/.local/lib/python3.12/site-packages/airflow/example_dags/example_sensors.py
[2024-05-28T09:51:34.226+0000] {processor.py:840} INFO - DAG(s) 'example_sensors' retrieved from /home/airflow/.local/lib/python3.12/site-packages/airflow/example_dags/example_sensors.py
[2024-05-28T09:51:34.297+0000] {logging_mixin.py:188} INFO - [2024-05-28T09:51:34.297+0000] {dag.py:3096} INFO - Sync 1 DAGs
[2024-05-28T09:51:34.316+0000] {logging_mixin.py:188} INFO - [2024-05-28T09:51:34.316+0000] {dag.py:3954} INFO - Setting next_dagrun for example_sensors to None, run_after=None
[2024-05-28T09:51:34.347+0000] {processor.py:183} INFO - Processing /home/airflow/.local/lib/python3.12/site-packages/airflow/example_dags/example_sensors.py took 0.163 seconds
[2024-05-28T09:52:04.788+0000] {processor.py:161} INFO - Started process (PID=306) to work on /home/airflow/.local/lib/python3.12/site-packages/airflow/example_dags/example_sensors.py
[2024-05-28T09:52:04.790+0000] {processor.py:830} INFO - Processing file /home/airflow/.local/lib/python3.12/site-packages/airflow/example_dags/example_sensors.py for tasks to queue
[2024-05-28T09:52:04.795+0000] {logging_mixin.py:188} INFO - [2024-05-28T09:52:04.794+0000] {dagbag.py:545} INFO - Filling up the DagBag from /home/airflow/.local/lib/python3.12/site-packages/airflow/example_dags/example_sensors.py
[2024-05-28T09:52:04.812+0000] {processor.py:840} INFO - DAG(s) 'example_sensors' retrieved from /home/airflow/.local/lib/python3.12/site-packages/airflow/example_dags/example_sensors.py
[2024-05-28T09:52:04.902+0000] {logging_mixin.py:188} INFO - [2024-05-28T09:52:04.902+0000] {dag.py:3096} INFO - Sync 1 DAGs
[2024-05-28T09:52:04.931+0000] {logging_mixin.py:188} INFO - [2024-05-28T09:52:04.931+0000] {dag.py:3954} INFO - Setting next_dagrun for example_sensors to None, run_after=None
[2024-05-28T09:52:05.003+0000] {processor.py:183} INFO - Processing /home/airflow/.local/lib/python3.12/site-packages/airflow/example_dags/example_sensors.py took 0.233 seconds
[2024-05-28T09:52:35.787+0000] {processor.py:161} INFO - Started process (PID=364) to work on /home/airflow/.local/lib/python3.12/site-packages/airflow/example_dags/example_sensors.py
[2024-05-28T09:52:35.788+0000] {processor.py:830} INFO - Processing file /home/airflow/.local/lib/python3.12/site-packages/airflow/example_dags/example_sensors.py for tasks to queue
[2024-05-28T09:52:35.791+0000] {logging_mixin.py:188} INFO - [2024-05-28T09:52:35.791+0000] {dagbag.py:545} INFO - Filling up the DagBag from /home/airflow/.local/lib/python3.12/site-packages/airflow/example_dags/example_sensors.py
[2024-05-28T09:52:35.805+0000] {processor.py:840} INFO - DAG(s) 'example_sensors' retrieved from /home/airflow/.local/lib/python3.12/site-packages/airflow/example_dags/example_sensors.py
[2024-05-28T09:52:35.859+0000] {logging_mixin.py:188} INFO - [2024-05-28T09:52:35.858+0000] {dag.py:3096} INFO - Sync 1 DAGs
[2024-05-28T09:52:35.885+0000] {logging_mixin.py:188} INFO - [2024-05-28T09:52:35.885+0000] {dag.py:3954} INFO - Setting next_dagrun for example_sensors to None, run_after=None
[2024-05-28T09:52:35.930+0000] {processor.py:183} INFO - Processing /home/airflow/.local/lib/python3.12/site-packages/airflow/example_dags/example_sensors.py took 0.153 seconds
[2024-05-28T09:53:06.405+0000] {processor.py:161} INFO - Started process (PID=422) to work on /home/airflow/.local/lib/python3.12/site-packages/airflow/example_dags/example_sensors.py
[2024-05-28T09:53:06.415+0000] {processor.py:830} INFO - Processing file /home/airflow/.local/lib/python3.12/site-packages/airflow/example_dags/example_sensors.py for tasks to queue
[2024-05-28T09:53:06.417+0000] {logging_mixin.py:188} INFO - [2024-05-28T09:53:06.417+0000] {dagbag.py:545} INFO - Filling up the DagBag from /home/airflow/.local/lib/python3.12/site-packages/airflow/example_dags/example_sensors.py
[2024-05-28T09:53:06.459+0000] {processor.py:840} INFO - DAG(s) 'example_sensors' retrieved from /home/airflow/.local/lib/python3.12/site-packages/airflow/example_dags/example_sensors.py
[2024-05-28T09:53:06.506+0000] {logging_mixin.py:188} INFO - [2024-05-28T09:53:06.506+0000] {dag.py:3096} INFO - Sync 1 DAGs
[2024-05-28T09:53:06.528+0000] {logging_mixin.py:188} INFO - [2024-05-28T09:53:06.528+0000] {dag.py:3954} INFO - Setting next_dagrun for example_sensors to None, run_after=None
[2024-05-28T09:53:06.576+0000] {processor.py:183} INFO - Processing /home/airflow/.local/lib/python3.12/site-packages/airflow/example_dags/example_sensors.py took 0.190 seconds
[2024-05-28T09:53:37.105+0000] {processor.py:161} INFO - Started process (PID=480) to work on /home/airflow/.local/lib/python3.12/site-packages/airflow/example_dags/example_sensors.py
[2024-05-28T09:53:37.107+0000] {processor.py:830} INFO - Processing file /home/airflow/.local/lib/python3.12/site-packages/airflow/example_dags/example_sensors.py for tasks to queue
[2024-05-28T09:53:37.111+0000] {logging_mixin.py:188} INFO - [2024-05-28T09:53:37.110+0000] {dagbag.py:545} INFO - Filling up the DagBag from /home/airflow/.local/lib/python3.12/site-packages/airflow/example_dags/example_sensors.py
[2024-05-28T09:53:37.131+0000] {processor.py:840} INFO - DAG(s) 'example_sensors' retrieved from /home/airflow/.local/lib/python3.12/site-packages/airflow/example_dags/example_sensors.py
[2024-05-28T09:53:37.178+0000] {logging_mixin.py:188} INFO - [2024-05-28T09:53:37.178+0000] {dag.py:3096} INFO - Sync 1 DAGs
[2024-05-28T09:53:37.200+0000] {logging_mixin.py:188} INFO - [2024-05-28T09:53:37.200+0000] {dag.py:3954} INFO - Setting next_dagrun for example_sensors to None, run_after=None
[2024-05-28T09:53:37.230+0000] {processor.py:183} INFO - Processing /home/airflow/.local/lib/python3.12/site-packages/airflow/example_dags/example_sensors.py took 0.136 seconds
[2024-05-28T09:54:07.774+0000] {processor.py:161} INFO - Started process (PID=538) to work on /home/airflow/.local/lib/python3.12/site-packages/airflow/example_dags/example_sensors.py
[2024-05-28T09:54:07.777+0000] {processor.py:830} INFO - Processing file /home/airflow/.local/lib/python3.12/site-packages/airflow/example_dags/example_sensors.py for tasks to queue
[2024-05-28T09:54:07.781+0000] {logging_mixin.py:188} INFO - [2024-05-28T09:54:07.780+0000] {dagbag.py:545} INFO - Filling up the DagBag from /home/airflow/.local/lib/python3.12/site-packages/airflow/example_dags/example_sensors.py
[2024-05-28T09:54:07.804+0000] {processor.py:840} INFO - DAG(s) 'example_sensors' retrieved from /home/airflow/.local/lib/python3.12/site-packages/airflow/example_dags/example_sensors.py
[2024-05-28T09:54:07.857+0000] {logging_mixin.py:188} INFO - [2024-05-28T09:54:07.856+0000] {dag.py:3096} INFO - Sync 1 DAGs
[2024-05-28T09:54:07.883+0000] {logging_mixin.py:188} INFO - [2024-05-28T09:54:07.883+0000] {dag.py:3954} INFO - Setting next_dagrun for example_sensors to None, run_after=None
[2024-05-28T09:54:07.933+0000] {processor.py:183} INFO - Processing /home/airflow/.local/lib/python3.12/site-packages/airflow/example_dags/example_sensors.py took 0.174 seconds
[2024-05-28T09:54:38.493+0000] {processor.py:161} INFO - Started process (PID=596) to work on /home/airflow/.local/lib/python3.12/site-packages/airflow/example_dags/example_sensors.py
[2024-05-28T09:54:38.495+0000] {processor.py:830} INFO - Processing file /home/airflow/.local/lib/python3.12/site-packages/airflow/example_dags/example_sensors.py for tasks to queue
[2024-05-28T09:54:38.497+0000] {logging_mixin.py:188} INFO - [2024-05-28T09:54:38.497+0000] {dagbag.py:545} INFO - Filling up the DagBag from /home/airflow/.local/lib/python3.12/site-packages/airflow/example_dags/example_sensors.py
[2024-05-28T09:54:38.510+0000] {processor.py:840} INFO - DAG(s) 'example_sensors' retrieved from /home/airflow/.local/lib/python3.12/site-packages/airflow/example_dags/example_sensors.py
[2024-05-28T09:54:38.544+0000] {logging_mixin.py:188} INFO - [2024-05-28T09:54:38.544+0000] {dag.py:3096} INFO - Sync 1 DAGs
[2024-05-28T09:54:38.561+0000] {logging_mixin.py:188} INFO - [2024-05-28T09:54:38.561+0000] {dag.py:3954} INFO - Setting next_dagrun for example_sensors to None, run_after=None
[2024-05-28T09:54:38.593+0000] {processor.py:183} INFO - Processing /home/airflow/.local/lib/python3.12/site-packages/airflow/example_dags/example_sensors.py took 0.107 seconds
[2024-05-28T09:55:08.759+0000] {processor.py:161} INFO - Started process (PID=653) to work on /home/airflow/.local/lib/python3.12/site-packages/airflow/example_dags/example_sensors.py
[2024-05-28T09:55:08.761+0000] {processor.py:830} INFO - Processing file /home/airflow/.local/lib/python3.12/site-packages/airflow/example_dags/example_sensors.py for tasks to queue
[2024-05-28T09:55:08.766+0000] {logging_mixin.py:188} INFO - [2024-05-28T09:55:08.765+0000] {dagbag.py:545} INFO - Filling up the DagBag from /home/airflow/.local/lib/python3.12/site-packages/airflow/example_dags/example_sensors.py
[2024-05-28T09:55:08.784+0000] {processor.py:840} INFO - DAG(s) 'example_sensors' retrieved from /home/airflow/.local/lib/python3.12/site-packages/airflow/example_dags/example_sensors.py
[2024-05-28T09:55:08.832+0000] {logging_mixin.py:188} INFO - [2024-05-28T09:55:08.831+0000] {dag.py:3096} INFO - Sync 1 DAGs
[2024-05-28T09:55:08.853+0000] {logging_mixin.py:188} INFO - [2024-05-28T09:55:08.853+0000] {dag.py:3954} INFO - Setting next_dagrun for example_sensors to None, run_after=None
[2024-05-28T09:55:08.890+0000] {processor.py:183} INFO - Processing /home/airflow/.local/lib/python3.12/site-packages/airflow/example_dags/example_sensors.py took 0.144 seconds
[2024-05-28T09:55:39.135+0000] {processor.py:161} INFO - Started process (PID=711) to work on /home/airflow/.local/lib/python3.12/site-packages/airflow/example_dags/example_sensors.py
[2024-05-28T09:55:39.137+0000] {processor.py:830} INFO - Processing file /home/airflow/.local/lib/python3.12/site-packages/airflow/example_dags/example_sensors.py for tasks to queue
[2024-05-28T09:55:39.140+0000] {logging_mixin.py:188} INFO - [2024-05-28T09:55:39.140+0000] {dagbag.py:545} INFO - Filling up the DagBag from /home/airflow/.local/lib/python3.12/site-packages/airflow/example_dags/example_sensors.py
[2024-05-28T09:55:39.164+0000] {processor.py:840} INFO - DAG(s) 'example_sensors' retrieved from /home/airflow/.local/lib/python3.12/site-packages/airflow/example_dags/example_sensors.py
[2024-05-28T09:55:39.207+0000] {logging_mixin.py:188} INFO - [2024-05-28T09:55:39.206+0000] {dag.py:3096} INFO - Sync 1 DAGs
[2024-05-28T09:55:39.227+0000] {logging_mixin.py:188} INFO - [2024-05-28T09:55:39.226+0000] {dag.py:3954} INFO - Setting next_dagrun for example_sensors to None, run_after=None
[2024-05-28T09:55:39.266+0000] {processor.py:183} INFO - Processing /home/airflow/.local/lib/python3.12/site-packages/airflow/example_dags/example_sensors.py took 0.139 seconds
[2024-05-28T09:56:09.783+0000] {processor.py:161} INFO - Started process (PID=769) to work on /home/airflow/.local/lib/python3.12/site-packages/airflow/example_dags/example_sensors.py
[2024-05-28T09:56:09.786+0000] {processor.py:830} INFO - Processing file /home/airflow/.local/lib/python3.12/site-packages/airflow/example_dags/example_sensors.py for tasks to queue
[2024-05-28T09:56:09.789+0000] {logging_mixin.py:188} INFO - [2024-05-28T09:56:09.789+0000] {dagbag.py:545} INFO - Filling up the DagBag from /home/airflow/.local/lib/python3.12/site-packages/airflow/example_dags/example_sensors.py
[2024-05-28T09:56:09.813+0000] {processor.py:840} INFO - DAG(s) 'example_sensors' retrieved from /home/airflow/.local/lib/python3.12/site-packages/airflow/example_dags/example_sensors.py
[2024-05-28T09:56:09.900+0000] {logging_mixin.py:188} INFO - [2024-05-28T09:56:09.899+0000] {dag.py:3096} INFO - Sync 1 DAGs
[2024-05-28T09:56:09.937+0000] {logging_mixin.py:188} INFO - [2024-05-28T09:56:09.937+0000] {dag.py:3954} INFO - Setting next_dagrun for example_sensors to None, run_after=None
[2024-05-28T09:56:09.986+0000] {processor.py:183} INFO - Processing /home/airflow/.local/lib/python3.12/site-packages/airflow/example_dags/example_sensors.py took 0.217 seconds
[2024-05-28T09:56:40.924+0000] {processor.py:161} INFO - Started process (PID=827) to work on /home/airflow/.local/lib/python3.12/site-packages/airflow/example_dags/example_sensors.py
[2024-05-28T09:56:40.927+0000] {processor.py:830} INFO - Processing file /home/airflow/.local/lib/python3.12/site-packages/airflow/example_dags/example_sensors.py for tasks to queue
[2024-05-28T09:56:40.929+0000] {logging_mixin.py:188} INFO - [2024-05-28T09:56:40.928+0000] {dagbag.py:545} INFO - Filling up the DagBag from /home/airflow/.local/lib/python3.12/site-packages/airflow/example_dags/example_sensors.py
[2024-05-28T09:56:40.940+0000] {processor.py:840} INFO - DAG(s) 'example_sensors' retrieved from /home/airflow/.local/lib/python3.12/site-packages/airflow/example_dags/example_sensors.py
[2024-05-28T09:56:40.976+0000] {logging_mixin.py:188} INFO - [2024-05-28T09:56:40.975+0000] {dag.py:3096} INFO - Sync 1 DAGs
[2024-05-28T09:56:40.998+0000] {logging_mixin.py:188} INFO - [2024-05-28T09:56:40.998+0000] {dag.py:3954} INFO - Setting next_dagrun for example_sensors to None, run_after=None
[2024-05-28T09:56:41.031+0000] {processor.py:183} INFO - Processing /home/airflow/.local/lib/python3.12/site-packages/airflow/example_dags/example_sensors.py took 0.114 seconds
[2024-05-28T09:57:11.785+0000] {processor.py:161} INFO - Started process (PID=884) to work on /home/airflow/.local/lib/python3.12/site-packages/airflow/example_dags/example_sensors.py
[2024-05-28T09:57:11.788+0000] {processor.py:830} INFO - Processing file /home/airflow/.local/lib/python3.12/site-packages/airflow/example_dags/example_sensors.py for tasks to queue
[2024-05-28T09:57:11.793+0000] {logging_mixin.py:188} INFO - [2024-05-28T09:57:11.792+0000] {dagbag.py:545} INFO - Filling up the DagBag from /home/airflow/.local/lib/python3.12/site-packages/airflow/example_dags/example_sensors.py
[2024-05-28T09:57:11.810+0000] {processor.py:840} INFO - DAG(s) 'example_sensors' retrieved from /home/airflow/.local/lib/python3.12/site-packages/airflow/example_dags/example_sensors.py
[2024-05-28T09:57:11.862+0000] {logging_mixin.py:188} INFO - [2024-05-28T09:57:11.862+0000] {dag.py:3096} INFO - Sync 1 DAGs
[2024-05-28T09:57:11.884+0000] {logging_mixin.py:188} INFO - [2024-05-28T09:57:11.884+0000] {dag.py:3954} INFO - Setting next_dagrun for example_sensors to None, run_after=None
[2024-05-28T09:57:11.926+0000] {processor.py:183} INFO - Processing /home/airflow/.local/lib/python3.12/site-packages/airflow/example_dags/example_sensors.py took 0.153 seconds
[2024-05-28T09:57:42.168+0000] {processor.py:161} INFO - Started process (PID=942) to work on /home/airflow/.local/lib/python3.12/site-packages/airflow/example_dags/example_sensors.py
[2024-05-28T09:57:42.169+0000] {processor.py:830} INFO - Processing file /home/airflow/.local/lib/python3.12/site-packages/airflow/example_dags/example_sensors.py for tasks to queue
[2024-05-28T09:57:42.170+0000] {logging_mixin.py:188} INFO - [2024-05-28T09:57:42.170+0000] {dagbag.py:545} INFO - Filling up the DagBag from /home/airflow/.local/lib/python3.12/site-packages/airflow/example_dags/example_sensors.py
[2024-05-28T09:57:42.203+0000] {processor.py:840} INFO - DAG(s) 'example_sensors' retrieved from /home/airflow/.local/lib/python3.12/site-packages/airflow/example_dags/example_sensors.py
[2024-05-28T09:57:42.266+0000] {logging_mixin.py:188} INFO - [2024-05-28T09:57:42.266+0000] {dag.py:3096} INFO - Sync 1 DAGs
[2024-05-28T09:57:42.287+0000] {logging_mixin.py:188} INFO - [2024-05-28T09:57:42.287+0000] {dag.py:3954} INFO - Setting next_dagrun for example_sensors to None, run_after=None
[2024-05-28T09:57:42.315+0000] {processor.py:183} INFO - Processing /home/airflow/.local/lib/python3.12/site-packages/airflow/example_dags/example_sensors.py took 0.166 seconds
[2024-05-28T09:58:12.792+0000] {processor.py:161} INFO - Started process (PID=1000) to work on /home/airflow/.local/lib/python3.12/site-packages/airflow/example_dags/example_sensors.py
[2024-05-28T09:58:12.796+0000] {processor.py:830} INFO - Processing file /home/airflow/.local/lib/python3.12/site-packages/airflow/example_dags/example_sensors.py for tasks to queue
[2024-05-28T09:58:12.801+0000] {logging_mixin.py:188} INFO - [2024-05-28T09:58:12.800+0000] {dagbag.py:545} INFO - Filling up the DagBag from /home/airflow/.local/lib/python3.12/site-packages/airflow/example_dags/example_sensors.py
[2024-05-28T09:58:12.816+0000] {processor.py:840} INFO - DAG(s) 'example_sensors' retrieved from /home/airflow/.local/lib/python3.12/site-packages/airflow/example_dags/example_sensors.py
[2024-05-28T09:58:12.887+0000] {logging_mixin.py:188} INFO - [2024-05-28T09:58:12.886+0000] {dag.py:3096} INFO - Sync 1 DAGs
[2024-05-28T09:58:12.912+0000] {logging_mixin.py:188} INFO - [2024-05-28T09:58:12.911+0000] {dag.py:3954} INFO - Setting next_dagrun for example_sensors to None, run_after=None
[2024-05-28T09:58:12.960+0000] {processor.py:183} INFO - Processing /home/airflow/.local/lib/python3.12/site-packages/airflow/example_dags/example_sensors.py took 0.185 seconds
[2024-05-28T10:00:19.805+0000] {processor.py:161} INFO - Started process (PID=76) to work on /home/airflow/.local/lib/python3.12/site-packages/airflow/example_dags/example_sensors.py
[2024-05-28T10:00:19.809+0000] {processor.py:830} INFO - Processing file /home/airflow/.local/lib/python3.12/site-packages/airflow/example_dags/example_sensors.py for tasks to queue
[2024-05-28T10:00:19.813+0000] {logging_mixin.py:188} INFO - [2024-05-28T10:00:19.813+0000] {dagbag.py:545} INFO - Filling up the DagBag from /home/airflow/.local/lib/python3.12/site-packages/airflow/example_dags/example_sensors.py
[2024-05-28T10:00:19.848+0000] {processor.py:840} INFO - DAG(s) 'example_sensors' retrieved from /home/airflow/.local/lib/python3.12/site-packages/airflow/example_dags/example_sensors.py
[2024-05-28T10:00:20.218+0000] {logging_mixin.py:188} INFO - [2024-05-28T10:00:20.216+0000] {dag.py:3096} INFO - Sync 1 DAGs
[2024-05-28T10:00:20.249+0000] {logging_mixin.py:188} INFO - [2024-05-28T10:00:20.249+0000] {dag.py:3954} INFO - Setting next_dagrun for example_sensors to None, run_after=None
[2024-05-28T10:00:20.286+0000] {processor.py:183} INFO - Processing /home/airflow/.local/lib/python3.12/site-packages/airflow/example_dags/example_sensors.py took 0.505 seconds
[2024-05-28T10:00:51.098+0000] {processor.py:161} INFO - Started process (PID=134) to work on /home/airflow/.local/lib/python3.12/site-packages/airflow/example_dags/example_sensors.py
[2024-05-28T10:00:51.107+0000] {processor.py:830} INFO - Processing file /home/airflow/.local/lib/python3.12/site-packages/airflow/example_dags/example_sensors.py for tasks to queue
[2024-05-28T10:00:51.110+0000] {logging_mixin.py:188} INFO - [2024-05-28T10:00:51.110+0000] {dagbag.py:545} INFO - Filling up the DagBag from /home/airflow/.local/lib/python3.12/site-packages/airflow/example_dags/example_sensors.py
[2024-05-28T10:00:51.130+0000] {processor.py:840} INFO - DAG(s) 'example_sensors' retrieved from /home/airflow/.local/lib/python3.12/site-packages/airflow/example_dags/example_sensors.py
[2024-05-28T10:00:51.197+0000] {logging_mixin.py:188} INFO - [2024-05-28T10:00:51.196+0000] {dag.py:3096} INFO - Sync 1 DAGs
[2024-05-28T10:00:51.221+0000] {logging_mixin.py:188} INFO - [2024-05-28T10:00:51.221+0000] {dag.py:3954} INFO - Setting next_dagrun for example_sensors to None, run_after=None
[2024-05-28T10:00:51.286+0000] {processor.py:183} INFO - Processing /home/airflow/.local/lib/python3.12/site-packages/airflow/example_dags/example_sensors.py took 0.244 seconds
[2024-05-28T10:01:22.160+0000] {processor.py:161} INFO - Started process (PID=192) to work on /home/airflow/.local/lib/python3.12/site-packages/airflow/example_dags/example_sensors.py
[2024-05-28T10:01:22.162+0000] {processor.py:830} INFO - Processing file /home/airflow/.local/lib/python3.12/site-packages/airflow/example_dags/example_sensors.py for tasks to queue
[2024-05-28T10:01:22.165+0000] {logging_mixin.py:188} INFO - [2024-05-28T10:01:22.164+0000] {dagbag.py:545} INFO - Filling up the DagBag from /home/airflow/.local/lib/python3.12/site-packages/airflow/example_dags/example_sensors.py
[2024-05-28T10:01:22.180+0000] {processor.py:840} INFO - DAG(s) 'example_sensors' retrieved from /home/airflow/.local/lib/python3.12/site-packages/airflow/example_dags/example_sensors.py
[2024-05-28T10:01:22.231+0000] {logging_mixin.py:188} INFO - [2024-05-28T10:01:22.230+0000] {dag.py:3096} INFO - Sync 1 DAGs
[2024-05-28T10:01:22.253+0000] {logging_mixin.py:188} INFO - [2024-05-28T10:01:22.253+0000] {dag.py:3954} INFO - Setting next_dagrun for example_sensors to None, run_after=None
[2024-05-28T10:01:22.284+0000] {processor.py:183} INFO - Processing /home/airflow/.local/lib/python3.12/site-packages/airflow/example_dags/example_sensors.py took 0.134 seconds
