[2024-05-28T09:46:29.891+0000] {processor.py:161} INFO - Started process (PID=64) to work on /home/airflow/.local/lib/python3.12/site-packages/airflow/example_dags/example_datasets.py
[2024-05-28T09:46:29.892+0000] {processor.py:830} INFO - Processing file /home/airflow/.local/lib/python3.12/site-packages/airflow/example_dags/example_datasets.py for tasks to queue
[2024-05-28T09:46:29.894+0000] {logging_mixin.py:188} INFO - [2024-05-28T09:46:29.894+0000] {dagbag.py:545} INFO - Filling up the DagBag from /home/airflow/.local/lib/python3.12/site-packages/airflow/example_dags/example_datasets.py
[2024-05-28T09:46:29.916+0000] {processor.py:840} INFO - DAG(s) 'consume_1_or_both_2_and_3_with_dataset_expressions', 'dataset_produces_2', 'dataset_consumes_1', 'dataset_consumes_unknown_never_scheduled', 'dataset_consumes_1_and_2', 'consume_1_or_2_with_dataset_expressions', 'conditional_dataset_and_time_based_timetable', 'dataset_produces_1', 'dataset_consumes_1_never_scheduled', 'consume_1_and_2_with_dataset_expressions' retrieved from /home/airflow/.local/lib/python3.12/site-packages/airflow/example_dags/example_datasets.py
[2024-05-28T09:46:30.368+0000] {logging_mixin.py:188} INFO - [2024-05-28T09:46:30.367+0000] {dag.py:3096} INFO - Sync 10 DAGs
[2024-05-28T09:46:30.447+0000] {logging_mixin.py:188} INFO - [2024-05-28T09:46:30.446+0000] {dag.py:3954} INFO - Setting next_dagrun for conditional_dataset_and_time_based_timetable to 2024-05-22 01:00:00+00:00, run_after=2024-05-22 01:00:00+00:00
[2024-05-28T09:46:30.461+0000] {logging_mixin.py:188} INFO - [2024-05-28T09:46:30.461+0000] {dag.py:3954} INFO - Setting next_dagrun for consume_1_and_2_with_dataset_expressions to None, run_after=None
[2024-05-28T09:46:30.467+0000] {logging_mixin.py:188} INFO - [2024-05-28T09:46:30.466+0000] {dag.py:3954} INFO - Setting next_dagrun for consume_1_or_2_with_dataset_expressions to None, run_after=None
[2024-05-28T09:46:30.471+0000] {logging_mixin.py:188} INFO - [2024-05-28T09:46:30.471+0000] {dag.py:3954} INFO - Setting next_dagrun for consume_1_or_both_2_and_3_with_dataset_expressions to None, run_after=None
[2024-05-28T09:46:30.475+0000] {logging_mixin.py:188} INFO - [2024-05-28T09:46:30.474+0000] {dag.py:3954} INFO - Setting next_dagrun for dataset_consumes_1 to None, run_after=None
[2024-05-28T09:46:30.480+0000] {logging_mixin.py:188} INFO - [2024-05-28T09:46:30.479+0000] {dag.py:3954} INFO - Setting next_dagrun for dataset_consumes_1_and_2 to None, run_after=None
[2024-05-28T09:46:30.485+0000] {logging_mixin.py:188} INFO - [2024-05-28T09:46:30.485+0000] {dag.py:3954} INFO - Setting next_dagrun for dataset_consumes_1_never_scheduled to None, run_after=None
[2024-05-28T09:46:30.490+0000] {logging_mixin.py:188} INFO - [2024-05-28T09:46:30.489+0000] {dag.py:3954} INFO - Setting next_dagrun for dataset_consumes_unknown_never_scheduled to None, run_after=None
[2024-05-28T09:46:30.497+0000] {logging_mixin.py:188} INFO - [2024-05-28T09:46:30.497+0000] {dag.py:3954} INFO - Setting next_dagrun for dataset_produces_1 to 2024-05-27 00:00:00+00:00, run_after=2024-05-28 00:00:00+00:00
[2024-05-28T09:46:30.500+0000] {logging_mixin.py:188} INFO - [2024-05-28T09:46:30.499+0000] {dag.py:3954} INFO - Setting next_dagrun for dataset_produces_2 to None, run_after=None
[2024-05-28T09:46:30.622+0000] {processor.py:183} INFO - Processing /home/airflow/.local/lib/python3.12/site-packages/airflow/example_dags/example_datasets.py took 0.737 seconds
[2024-05-28T09:47:00.820+0000] {processor.py:161} INFO - Started process (PID=123) to work on /home/airflow/.local/lib/python3.12/site-packages/airflow/example_dags/example_datasets.py
[2024-05-28T09:47:00.824+0000] {processor.py:830} INFO - Processing file /home/airflow/.local/lib/python3.12/site-packages/airflow/example_dags/example_datasets.py for tasks to queue
[2024-05-28T09:47:00.828+0000] {logging_mixin.py:188} INFO - [2024-05-28T09:47:00.827+0000] {dagbag.py:545} INFO - Filling up the DagBag from /home/airflow/.local/lib/python3.12/site-packages/airflow/example_dags/example_datasets.py
[2024-05-28T09:47:00.851+0000] {processor.py:840} INFO - DAG(s) 'consume_1_and_2_with_dataset_expressions', 'dataset_consumes_1_and_2', 'dataset_consumes_1', 'conditional_dataset_and_time_based_timetable', 'dataset_consumes_1_never_scheduled', 'consume_1_or_both_2_and_3_with_dataset_expressions', 'dataset_produces_1', 'dataset_consumes_unknown_never_scheduled', 'consume_1_or_2_with_dataset_expressions', 'dataset_produces_2' retrieved from /home/airflow/.local/lib/python3.12/site-packages/airflow/example_dags/example_datasets.py
[2024-05-28T09:47:00.999+0000] {logging_mixin.py:188} INFO - [2024-05-28T09:47:00.998+0000] {dag.py:3096} INFO - Sync 10 DAGs
[2024-05-28T09:47:01.037+0000] {logging_mixin.py:188} INFO - [2024-05-28T09:47:01.037+0000] {dag.py:3954} INFO - Setting next_dagrun for conditional_dataset_and_time_based_timetable to 2024-05-22 01:00:00+00:00, run_after=2024-05-22 01:00:00+00:00
[2024-05-28T09:47:01.048+0000] {logging_mixin.py:188} INFO - [2024-05-28T09:47:01.047+0000] {dag.py:3954} INFO - Setting next_dagrun for consume_1_and_2_with_dataset_expressions to None, run_after=None
[2024-05-28T09:47:01.052+0000] {logging_mixin.py:188} INFO - [2024-05-28T09:47:01.052+0000] {dag.py:3954} INFO - Setting next_dagrun for consume_1_or_2_with_dataset_expressions to None, run_after=None
[2024-05-28T09:47:01.056+0000] {logging_mixin.py:188} INFO - [2024-05-28T09:47:01.055+0000] {dag.py:3954} INFO - Setting next_dagrun for consume_1_or_both_2_and_3_with_dataset_expressions to None, run_after=None
[2024-05-28T09:47:01.059+0000] {logging_mixin.py:188} INFO - [2024-05-28T09:47:01.058+0000] {dag.py:3954} INFO - Setting next_dagrun for dataset_consumes_1 to None, run_after=None
[2024-05-28T09:47:01.062+0000] {logging_mixin.py:188} INFO - [2024-05-28T09:47:01.062+0000] {dag.py:3954} INFO - Setting next_dagrun for dataset_consumes_1_and_2 to None, run_after=None
[2024-05-28T09:47:01.065+0000] {logging_mixin.py:188} INFO - [2024-05-28T09:47:01.065+0000] {dag.py:3954} INFO - Setting next_dagrun for dataset_consumes_1_never_scheduled to None, run_after=None
[2024-05-28T09:47:01.067+0000] {logging_mixin.py:188} INFO - [2024-05-28T09:47:01.067+0000] {dag.py:3954} INFO - Setting next_dagrun for dataset_consumes_unknown_never_scheduled to None, run_after=None
[2024-05-28T09:47:01.073+0000] {logging_mixin.py:188} INFO - [2024-05-28T09:47:01.072+0000] {dag.py:3954} INFO - Setting next_dagrun for dataset_produces_1 to 2024-05-27 00:00:00+00:00, run_after=2024-05-28 00:00:00+00:00
[2024-05-28T09:47:01.076+0000] {logging_mixin.py:188} INFO - [2024-05-28T09:47:01.076+0000] {dag.py:3954} INFO - Setting next_dagrun for dataset_produces_2 to None, run_after=None
[2024-05-28T09:47:01.183+0000] {processor.py:183} INFO - Processing /home/airflow/.local/lib/python3.12/site-packages/airflow/example_dags/example_datasets.py took 0.376 seconds
[2024-05-28T09:47:31.298+0000] {processor.py:161} INFO - Started process (PID=181) to work on /home/airflow/.local/lib/python3.12/site-packages/airflow/example_dags/example_datasets.py
[2024-05-28T09:47:31.301+0000] {processor.py:830} INFO - Processing file /home/airflow/.local/lib/python3.12/site-packages/airflow/example_dags/example_datasets.py for tasks to queue
[2024-05-28T09:47:31.304+0000] {logging_mixin.py:188} INFO - [2024-05-28T09:47:31.304+0000] {dagbag.py:545} INFO - Filling up the DagBag from /home/airflow/.local/lib/python3.12/site-packages/airflow/example_dags/example_datasets.py
[2024-05-28T09:47:31.349+0000] {processor.py:840} INFO - DAG(s) 'consume_1_and_2_with_dataset_expressions', 'dataset_consumes_1_never_scheduled', 'dataset_produces_1', 'dataset_consumes_1_and_2', 'dataset_consumes_1', 'conditional_dataset_and_time_based_timetable', 'dataset_consumes_unknown_never_scheduled', 'consume_1_or_2_with_dataset_expressions', 'consume_1_or_both_2_and_3_with_dataset_expressions', 'dataset_produces_2' retrieved from /home/airflow/.local/lib/python3.12/site-packages/airflow/example_dags/example_datasets.py
[2024-05-28T09:47:31.443+0000] {logging_mixin.py:188} INFO - [2024-05-28T09:47:31.443+0000] {dag.py:3096} INFO - Sync 10 DAGs
[2024-05-28T09:47:31.505+0000] {logging_mixin.py:188} INFO - [2024-05-28T09:47:31.505+0000] {dag.py:3954} INFO - Setting next_dagrun for conditional_dataset_and_time_based_timetable to 2024-05-22 01:00:00+00:00, run_after=2024-05-22 01:00:00+00:00
[2024-05-28T09:47:31.517+0000] {logging_mixin.py:188} INFO - [2024-05-28T09:47:31.516+0000] {dag.py:3954} INFO - Setting next_dagrun for consume_1_and_2_with_dataset_expressions to None, run_after=None
[2024-05-28T09:47:31.518+0000] {logging_mixin.py:188} INFO - [2024-05-28T09:47:31.518+0000] {dag.py:3954} INFO - Setting next_dagrun for consume_1_or_2_with_dataset_expressions to None, run_after=None
[2024-05-28T09:47:31.521+0000] {logging_mixin.py:188} INFO - [2024-05-28T09:47:31.520+0000] {dag.py:3954} INFO - Setting next_dagrun for consume_1_or_both_2_and_3_with_dataset_expressions to None, run_after=None
[2024-05-28T09:47:31.523+0000] {logging_mixin.py:188} INFO - [2024-05-28T09:47:31.523+0000] {dag.py:3954} INFO - Setting next_dagrun for dataset_consumes_1 to None, run_after=None
[2024-05-28T09:47:31.525+0000] {logging_mixin.py:188} INFO - [2024-05-28T09:47:31.525+0000] {dag.py:3954} INFO - Setting next_dagrun for dataset_consumes_1_and_2 to None, run_after=None
[2024-05-28T09:47:31.528+0000] {logging_mixin.py:188} INFO - [2024-05-28T09:47:31.528+0000] {dag.py:3954} INFO - Setting next_dagrun for dataset_consumes_1_never_scheduled to None, run_after=None
[2024-05-28T09:47:31.530+0000] {logging_mixin.py:188} INFO - [2024-05-28T09:47:31.529+0000] {dag.py:3954} INFO - Setting next_dagrun for dataset_consumes_unknown_never_scheduled to None, run_after=None
[2024-05-28T09:47:31.535+0000] {logging_mixin.py:188} INFO - [2024-05-28T09:47:31.535+0000] {dag.py:3954} INFO - Setting next_dagrun for dataset_produces_1 to 2024-05-27 00:00:00+00:00, run_after=2024-05-28 00:00:00+00:00
[2024-05-28T09:47:31.538+0000] {logging_mixin.py:188} INFO - [2024-05-28T09:47:31.537+0000] {dag.py:3954} INFO - Setting next_dagrun for dataset_produces_2 to None, run_after=None
[2024-05-28T09:47:31.599+0000] {processor.py:183} INFO - Processing /home/airflow/.local/lib/python3.12/site-packages/airflow/example_dags/example_datasets.py took 0.309 seconds
[2024-05-28T09:48:02.075+0000] {processor.py:161} INFO - Started process (PID=238) to work on /home/airflow/.local/lib/python3.12/site-packages/airflow/example_dags/example_datasets.py
[2024-05-28T09:48:02.077+0000] {processor.py:830} INFO - Processing file /home/airflow/.local/lib/python3.12/site-packages/airflow/example_dags/example_datasets.py for tasks to queue
[2024-05-28T09:48:02.081+0000] {logging_mixin.py:188} INFO - [2024-05-28T09:48:02.080+0000] {dagbag.py:545} INFO - Filling up the DagBag from /home/airflow/.local/lib/python3.12/site-packages/airflow/example_dags/example_datasets.py
[2024-05-28T09:48:02.109+0000] {processor.py:840} INFO - DAG(s) 'dataset_consumes_1', 'dataset_consumes_1_and_2', 'dataset_consumes_1_never_scheduled', 'consume_1_or_2_with_dataset_expressions', 'conditional_dataset_and_time_based_timetable', 'dataset_produces_2', 'consume_1_or_both_2_and_3_with_dataset_expressions', 'dataset_consumes_unknown_never_scheduled', 'consume_1_and_2_with_dataset_expressions', 'dataset_produces_1' retrieved from /home/airflow/.local/lib/python3.12/site-packages/airflow/example_dags/example_datasets.py
[2024-05-28T09:48:02.225+0000] {logging_mixin.py:188} INFO - [2024-05-28T09:48:02.224+0000] {dag.py:3096} INFO - Sync 10 DAGs
[2024-05-28T09:48:02.272+0000] {logging_mixin.py:188} INFO - [2024-05-28T09:48:02.272+0000] {dag.py:3954} INFO - Setting next_dagrun for conditional_dataset_and_time_based_timetable to 2024-05-22 01:00:00+00:00, run_after=2024-05-22 01:00:00+00:00
[2024-05-28T09:48:02.280+0000] {logging_mixin.py:188} INFO - [2024-05-28T09:48:02.280+0000] {dag.py:3954} INFO - Setting next_dagrun for consume_1_and_2_with_dataset_expressions to None, run_after=None
[2024-05-28T09:48:02.283+0000] {logging_mixin.py:188} INFO - [2024-05-28T09:48:02.283+0000] {dag.py:3954} INFO - Setting next_dagrun for consume_1_or_2_with_dataset_expressions to None, run_after=None
[2024-05-28T09:48:02.286+0000] {logging_mixin.py:188} INFO - [2024-05-28T09:48:02.285+0000] {dag.py:3954} INFO - Setting next_dagrun for consume_1_or_both_2_and_3_with_dataset_expressions to None, run_after=None
[2024-05-28T09:48:02.288+0000] {logging_mixin.py:188} INFO - [2024-05-28T09:48:02.287+0000] {dag.py:3954} INFO - Setting next_dagrun for dataset_consumes_1 to None, run_after=None
[2024-05-28T09:48:02.290+0000] {logging_mixin.py:188} INFO - [2024-05-28T09:48:02.290+0000] {dag.py:3954} INFO - Setting next_dagrun for dataset_consumes_1_and_2 to None, run_after=None
[2024-05-28T09:48:02.292+0000] {logging_mixin.py:188} INFO - [2024-05-28T09:48:02.292+0000] {dag.py:3954} INFO - Setting next_dagrun for dataset_consumes_1_never_scheduled to None, run_after=None
[2024-05-28T09:48:02.295+0000] {logging_mixin.py:188} INFO - [2024-05-28T09:48:02.294+0000] {dag.py:3954} INFO - Setting next_dagrun for dataset_consumes_unknown_never_scheduled to None, run_after=None
[2024-05-28T09:48:02.300+0000] {logging_mixin.py:188} INFO - [2024-05-28T09:48:02.300+0000] {dag.py:3954} INFO - Setting next_dagrun for dataset_produces_1 to 2024-05-27 00:00:00+00:00, run_after=2024-05-28 00:00:00+00:00
[2024-05-28T09:48:02.302+0000] {logging_mixin.py:188} INFO - [2024-05-28T09:48:02.302+0000] {dag.py:3954} INFO - Setting next_dagrun for dataset_produces_2 to None, run_after=None
[2024-05-28T09:48:02.424+0000] {processor.py:183} INFO - Processing /home/airflow/.local/lib/python3.12/site-packages/airflow/example_dags/example_datasets.py took 0.362 seconds
[2024-05-28T09:48:33.092+0000] {processor.py:161} INFO - Started process (PID=296) to work on /home/airflow/.local/lib/python3.12/site-packages/airflow/example_dags/example_datasets.py
[2024-05-28T09:48:33.094+0000] {processor.py:830} INFO - Processing file /home/airflow/.local/lib/python3.12/site-packages/airflow/example_dags/example_datasets.py for tasks to queue
[2024-05-28T09:48:33.096+0000] {logging_mixin.py:188} INFO - [2024-05-28T09:48:33.096+0000] {dagbag.py:545} INFO - Filling up the DagBag from /home/airflow/.local/lib/python3.12/site-packages/airflow/example_dags/example_datasets.py
[2024-05-28T09:48:33.115+0000] {processor.py:840} INFO - DAG(s) 'dataset_consumes_unknown_never_scheduled', 'dataset_consumes_1_never_scheduled', 'dataset_consumes_1', 'conditional_dataset_and_time_based_timetable', 'consume_1_or_both_2_and_3_with_dataset_expressions', 'dataset_produces_1', 'dataset_consumes_1_and_2', 'dataset_produces_2', 'consume_1_or_2_with_dataset_expressions', 'consume_1_and_2_with_dataset_expressions' retrieved from /home/airflow/.local/lib/python3.12/site-packages/airflow/example_dags/example_datasets.py
[2024-05-28T09:48:33.185+0000] {logging_mixin.py:188} INFO - [2024-05-28T09:48:33.184+0000] {dag.py:3096} INFO - Sync 10 DAGs
[2024-05-28T09:48:33.218+0000] {logging_mixin.py:188} INFO - [2024-05-28T09:48:33.218+0000] {dag.py:3954} INFO - Setting next_dagrun for conditional_dataset_and_time_based_timetable to 2024-05-22 01:00:00+00:00, run_after=2024-05-22 01:00:00+00:00
[2024-05-28T09:48:33.224+0000] {logging_mixin.py:188} INFO - [2024-05-28T09:48:33.223+0000] {dag.py:3954} INFO - Setting next_dagrun for consume_1_and_2_with_dataset_expressions to None, run_after=None
[2024-05-28T09:48:33.225+0000] {logging_mixin.py:188} INFO - [2024-05-28T09:48:33.225+0000] {dag.py:3954} INFO - Setting next_dagrun for consume_1_or_2_with_dataset_expressions to None, run_after=None
[2024-05-28T09:48:33.227+0000] {logging_mixin.py:188} INFO - [2024-05-28T09:48:33.227+0000] {dag.py:3954} INFO - Setting next_dagrun for consume_1_or_both_2_and_3_with_dataset_expressions to None, run_after=None
[2024-05-28T09:48:33.228+0000] {logging_mixin.py:188} INFO - [2024-05-28T09:48:33.228+0000] {dag.py:3954} INFO - Setting next_dagrun for dataset_consumes_1 to None, run_after=None
[2024-05-28T09:48:33.230+0000] {logging_mixin.py:188} INFO - [2024-05-28T09:48:33.229+0000] {dag.py:3954} INFO - Setting next_dagrun for dataset_consumes_1_and_2 to None, run_after=None
[2024-05-28T09:48:33.231+0000] {logging_mixin.py:188} INFO - [2024-05-28T09:48:33.231+0000] {dag.py:3954} INFO - Setting next_dagrun for dataset_consumes_1_never_scheduled to None, run_after=None
[2024-05-28T09:48:33.234+0000] {logging_mixin.py:188} INFO - [2024-05-28T09:48:33.234+0000] {dag.py:3954} INFO - Setting next_dagrun for dataset_consumes_unknown_never_scheduled to None, run_after=None
[2024-05-28T09:48:33.238+0000] {logging_mixin.py:188} INFO - [2024-05-28T09:48:33.237+0000] {dag.py:3954} INFO - Setting next_dagrun for dataset_produces_1 to 2024-05-27 00:00:00+00:00, run_after=2024-05-28 00:00:00+00:00
[2024-05-28T09:48:33.239+0000] {logging_mixin.py:188} INFO - [2024-05-28T09:48:33.239+0000] {dag.py:3954} INFO - Setting next_dagrun for dataset_produces_2 to None, run_after=None
[2024-05-28T09:48:33.298+0000] {processor.py:183} INFO - Processing /home/airflow/.local/lib/python3.12/site-packages/airflow/example_dags/example_datasets.py took 0.214 seconds
[2024-05-28T09:49:58.798+0000] {processor.py:161} INFO - Started process (PID=58) to work on /home/airflow/.local/lib/python3.12/site-packages/airflow/example_dags/example_datasets.py
[2024-05-28T09:49:58.800+0000] {processor.py:830} INFO - Processing file /home/airflow/.local/lib/python3.12/site-packages/airflow/example_dags/example_datasets.py for tasks to queue
[2024-05-28T09:49:58.802+0000] {logging_mixin.py:188} INFO - [2024-05-28T09:49:58.802+0000] {dagbag.py:545} INFO - Filling up the DagBag from /home/airflow/.local/lib/python3.12/site-packages/airflow/example_dags/example_datasets.py
[2024-05-28T09:49:58.827+0000] {processor.py:840} INFO - DAG(s) 'consume_1_or_2_with_dataset_expressions', 'conditional_dataset_and_time_based_timetable', 'dataset_produces_1', 'dataset_consumes_1', 'dataset_consumes_1_never_scheduled', 'consume_1_or_both_2_and_3_with_dataset_expressions', 'dataset_consumes_1_and_2', 'dataset_consumes_unknown_never_scheduled', 'dataset_produces_2', 'consume_1_and_2_with_dataset_expressions' retrieved from /home/airflow/.local/lib/python3.12/site-packages/airflow/example_dags/example_datasets.py
[2024-05-28T09:49:59.228+0000] {logging_mixin.py:188} INFO - [2024-05-28T09:49:59.228+0000] {dag.py:3096} INFO - Sync 10 DAGs
[2024-05-28T09:49:59.271+0000] {logging_mixin.py:188} INFO - [2024-05-28T09:49:59.270+0000] {dag.py:3954} INFO - Setting next_dagrun for conditional_dataset_and_time_based_timetable to 2024-05-22 01:00:00+00:00, run_after=2024-05-22 01:00:00+00:00
[2024-05-28T09:49:59.276+0000] {logging_mixin.py:188} INFO - [2024-05-28T09:49:59.276+0000] {dag.py:3954} INFO - Setting next_dagrun for consume_1_and_2_with_dataset_expressions to None, run_after=None
[2024-05-28T09:49:59.278+0000] {logging_mixin.py:188} INFO - [2024-05-28T09:49:59.278+0000] {dag.py:3954} INFO - Setting next_dagrun for consume_1_or_2_with_dataset_expressions to None, run_after=None
[2024-05-28T09:49:59.280+0000] {logging_mixin.py:188} INFO - [2024-05-28T09:49:59.280+0000] {dag.py:3954} INFO - Setting next_dagrun for consume_1_or_both_2_and_3_with_dataset_expressions to None, run_after=None
[2024-05-28T09:49:59.282+0000] {logging_mixin.py:188} INFO - [2024-05-28T09:49:59.281+0000] {dag.py:3954} INFO - Setting next_dagrun for dataset_consumes_1 to None, run_after=None
[2024-05-28T09:49:59.284+0000] {logging_mixin.py:188} INFO - [2024-05-28T09:49:59.283+0000] {dag.py:3954} INFO - Setting next_dagrun for dataset_consumes_1_and_2 to None, run_after=None
[2024-05-28T09:49:59.288+0000] {logging_mixin.py:188} INFO - [2024-05-28T09:49:59.288+0000] {dag.py:3954} INFO - Setting next_dagrun for dataset_consumes_1_never_scheduled to None, run_after=None
[2024-05-28T09:49:59.290+0000] {logging_mixin.py:188} INFO - [2024-05-28T09:49:59.290+0000] {dag.py:3954} INFO - Setting next_dagrun for dataset_consumes_unknown_never_scheduled to None, run_after=None
[2024-05-28T09:49:59.295+0000] {logging_mixin.py:188} INFO - [2024-05-28T09:49:59.295+0000] {dag.py:3954} INFO - Setting next_dagrun for dataset_produces_1 to 2024-05-27 00:00:00+00:00, run_after=2024-05-28 00:00:00+00:00
[2024-05-28T09:49:59.297+0000] {logging_mixin.py:188} INFO - [2024-05-28T09:49:59.296+0000] {dag.py:3954} INFO - Setting next_dagrun for dataset_produces_2 to None, run_after=None
[2024-05-28T09:49:59.350+0000] {processor.py:183} INFO - Processing /home/airflow/.local/lib/python3.12/site-packages/airflow/example_dags/example_datasets.py took 0.568 seconds
[2024-05-28T09:50:29.983+0000] {processor.py:161} INFO - Started process (PID=116) to work on /home/airflow/.local/lib/python3.12/site-packages/airflow/example_dags/example_datasets.py
[2024-05-28T09:50:29.987+0000] {processor.py:830} INFO - Processing file /home/airflow/.local/lib/python3.12/site-packages/airflow/example_dags/example_datasets.py for tasks to queue
[2024-05-28T09:50:29.991+0000] {logging_mixin.py:188} INFO - [2024-05-28T09:50:29.991+0000] {dagbag.py:545} INFO - Filling up the DagBag from /home/airflow/.local/lib/python3.12/site-packages/airflow/example_dags/example_datasets.py
[2024-05-28T09:50:30.020+0000] {processor.py:840} INFO - DAG(s) 'dataset_produces_2', 'consume_1_or_both_2_and_3_with_dataset_expressions', 'dataset_consumes_1_and_2', 'consume_1_or_2_with_dataset_expressions', 'dataset_consumes_1', 'conditional_dataset_and_time_based_timetable', 'consume_1_and_2_with_dataset_expressions', 'dataset_consumes_unknown_never_scheduled', 'dataset_consumes_1_never_scheduled', 'dataset_produces_1' retrieved from /home/airflow/.local/lib/python3.12/site-packages/airflow/example_dags/example_datasets.py
[2024-05-28T09:50:30.201+0000] {logging_mixin.py:188} INFO - [2024-05-28T09:50:30.201+0000] {dag.py:3096} INFO - Sync 10 DAGs
[2024-05-28T09:50:30.271+0000] {logging_mixin.py:188} INFO - [2024-05-28T09:50:30.270+0000] {dag.py:3954} INFO - Setting next_dagrun for conditional_dataset_and_time_based_timetable to 2024-05-22 01:00:00+00:00, run_after=2024-05-22 01:00:00+00:00
[2024-05-28T09:50:30.290+0000] {logging_mixin.py:188} INFO - [2024-05-28T09:50:30.287+0000] {dag.py:3954} INFO - Setting next_dagrun for consume_1_and_2_with_dataset_expressions to None, run_after=None
[2024-05-28T09:50:30.298+0000] {logging_mixin.py:188} INFO - [2024-05-28T09:50:30.296+0000] {dag.py:3954} INFO - Setting next_dagrun for consume_1_or_2_with_dataset_expressions to None, run_after=None
[2024-05-28T09:50:30.303+0000] {logging_mixin.py:188} INFO - [2024-05-28T09:50:30.302+0000] {dag.py:3954} INFO - Setting next_dagrun for consume_1_or_both_2_and_3_with_dataset_expressions to None, run_after=None
[2024-05-28T09:50:30.307+0000] {logging_mixin.py:188} INFO - [2024-05-28T09:50:30.307+0000] {dag.py:3954} INFO - Setting next_dagrun for dataset_consumes_1 to None, run_after=None
[2024-05-28T09:50:30.311+0000] {logging_mixin.py:188} INFO - [2024-05-28T09:50:30.311+0000] {dag.py:3954} INFO - Setting next_dagrun for dataset_consumes_1_and_2 to None, run_after=None
[2024-05-28T09:50:30.313+0000] {logging_mixin.py:188} INFO - [2024-05-28T09:50:30.313+0000] {dag.py:3954} INFO - Setting next_dagrun for dataset_consumes_1_never_scheduled to None, run_after=None
[2024-05-28T09:50:30.318+0000] {logging_mixin.py:188} INFO - [2024-05-28T09:50:30.317+0000] {dag.py:3954} INFO - Setting next_dagrun for dataset_consumes_unknown_never_scheduled to None, run_after=None
[2024-05-28T09:50:30.324+0000] {logging_mixin.py:188} INFO - [2024-05-28T09:50:30.324+0000] {dag.py:3954} INFO - Setting next_dagrun for dataset_produces_1 to 2024-05-27 00:00:00+00:00, run_after=2024-05-28 00:00:00+00:00
[2024-05-28T09:50:30.326+0000] {logging_mixin.py:188} INFO - [2024-05-28T09:50:30.326+0000] {dag.py:3954} INFO - Setting next_dagrun for dataset_produces_2 to None, run_after=None
[2024-05-28T09:50:30.424+0000] {processor.py:183} INFO - Processing /home/airflow/.local/lib/python3.12/site-packages/airflow/example_dags/example_datasets.py took 0.462 seconds
[2024-05-28T09:51:00.698+0000] {processor.py:161} INFO - Started process (PID=175) to work on /home/airflow/.local/lib/python3.12/site-packages/airflow/example_dags/example_datasets.py
[2024-05-28T09:51:00.700+0000] {processor.py:830} INFO - Processing file /home/airflow/.local/lib/python3.12/site-packages/airflow/example_dags/example_datasets.py for tasks to queue
[2024-05-28T09:51:00.703+0000] {logging_mixin.py:188} INFO - [2024-05-28T09:51:00.702+0000] {dagbag.py:545} INFO - Filling up the DagBag from /home/airflow/.local/lib/python3.12/site-packages/airflow/example_dags/example_datasets.py
[2024-05-28T09:51:00.737+0000] {processor.py:840} INFO - DAG(s) 'consume_1_or_both_2_and_3_with_dataset_expressions', 'dataset_produces_2', 'dataset_consumes_unknown_never_scheduled', 'consume_1_and_2_with_dataset_expressions', 'dataset_consumes_1_and_2', 'dataset_consumes_1_never_scheduled', 'consume_1_or_2_with_dataset_expressions', 'conditional_dataset_and_time_based_timetable', 'dataset_consumes_1', 'dataset_produces_1' retrieved from /home/airflow/.local/lib/python3.12/site-packages/airflow/example_dags/example_datasets.py
[2024-05-28T09:51:00.857+0000] {logging_mixin.py:188} INFO - [2024-05-28T09:51:00.856+0000] {dag.py:3096} INFO - Sync 10 DAGs
[2024-05-28T09:51:00.905+0000] {logging_mixin.py:188} INFO - [2024-05-28T09:51:00.904+0000] {dag.py:3954} INFO - Setting next_dagrun for conditional_dataset_and_time_based_timetable to 2024-05-22 01:00:00+00:00, run_after=2024-05-22 01:00:00+00:00
[2024-05-28T09:51:00.912+0000] {logging_mixin.py:188} INFO - [2024-05-28T09:51:00.912+0000] {dag.py:3954} INFO - Setting next_dagrun for consume_1_and_2_with_dataset_expressions to None, run_after=None
[2024-05-28T09:51:00.914+0000] {logging_mixin.py:188} INFO - [2024-05-28T09:51:00.914+0000] {dag.py:3954} INFO - Setting next_dagrun for consume_1_or_2_with_dataset_expressions to None, run_after=None
[2024-05-28T09:51:00.916+0000] {logging_mixin.py:188} INFO - [2024-05-28T09:51:00.916+0000] {dag.py:3954} INFO - Setting next_dagrun for consume_1_or_both_2_and_3_with_dataset_expressions to None, run_after=None
[2024-05-28T09:51:00.920+0000] {logging_mixin.py:188} INFO - [2024-05-28T09:51:00.920+0000] {dag.py:3954} INFO - Setting next_dagrun for dataset_consumes_1 to None, run_after=None
[2024-05-28T09:51:00.923+0000] {logging_mixin.py:188} INFO - [2024-05-28T09:51:00.923+0000] {dag.py:3954} INFO - Setting next_dagrun for dataset_consumes_1_and_2 to None, run_after=None
[2024-05-28T09:51:00.929+0000] {logging_mixin.py:188} INFO - [2024-05-28T09:51:00.928+0000] {dag.py:3954} INFO - Setting next_dagrun for dataset_consumes_1_never_scheduled to None, run_after=None
[2024-05-28T09:51:00.933+0000] {logging_mixin.py:188} INFO - [2024-05-28T09:51:00.932+0000] {dag.py:3954} INFO - Setting next_dagrun for dataset_consumes_unknown_never_scheduled to None, run_after=None
[2024-05-28T09:51:00.937+0000] {logging_mixin.py:188} INFO - [2024-05-28T09:51:00.937+0000] {dag.py:3954} INFO - Setting next_dagrun for dataset_produces_1 to 2024-05-27 00:00:00+00:00, run_after=2024-05-28 00:00:00+00:00
[2024-05-28T09:51:00.939+0000] {logging_mixin.py:188} INFO - [2024-05-28T09:51:00.939+0000] {dag.py:3954} INFO - Setting next_dagrun for dataset_produces_2 to None, run_after=None
[2024-05-28T09:51:01.025+0000] {processor.py:183} INFO - Processing /home/airflow/.local/lib/python3.12/site-packages/airflow/example_dags/example_datasets.py took 0.349 seconds
[2024-05-28T09:51:31.761+0000] {processor.py:161} INFO - Started process (PID=233) to work on /home/airflow/.local/lib/python3.12/site-packages/airflow/example_dags/example_datasets.py
[2024-05-28T09:51:31.763+0000] {processor.py:830} INFO - Processing file /home/airflow/.local/lib/python3.12/site-packages/airflow/example_dags/example_datasets.py for tasks to queue
[2024-05-28T09:51:31.766+0000] {logging_mixin.py:188} INFO - [2024-05-28T09:51:31.766+0000] {dagbag.py:545} INFO - Filling up the DagBag from /home/airflow/.local/lib/python3.12/site-packages/airflow/example_dags/example_datasets.py
[2024-05-28T09:51:31.793+0000] {processor.py:840} INFO - DAG(s) 'dataset_consumes_1_never_scheduled', 'dataset_produces_2', 'dataset_consumes_1_and_2', 'dataset_consumes_unknown_never_scheduled', 'consume_1_and_2_with_dataset_expressions', 'conditional_dataset_and_time_based_timetable', 'consume_1_or_2_with_dataset_expressions', 'consume_1_or_both_2_and_3_with_dataset_expressions', 'dataset_consumes_1', 'dataset_produces_1' retrieved from /home/airflow/.local/lib/python3.12/site-packages/airflow/example_dags/example_datasets.py
[2024-05-28T09:51:31.891+0000] {logging_mixin.py:188} INFO - [2024-05-28T09:51:31.890+0000] {dag.py:3096} INFO - Sync 10 DAGs
[2024-05-28T09:51:31.949+0000] {logging_mixin.py:188} INFO - [2024-05-28T09:51:31.949+0000] {dag.py:3954} INFO - Setting next_dagrun for conditional_dataset_and_time_based_timetable to 2024-05-22 01:00:00+00:00, run_after=2024-05-22 01:00:00+00:00
[2024-05-28T09:51:31.956+0000] {logging_mixin.py:188} INFO - [2024-05-28T09:51:31.956+0000] {dag.py:3954} INFO - Setting next_dagrun for consume_1_and_2_with_dataset_expressions to None, run_after=None
[2024-05-28T09:51:31.960+0000] {logging_mixin.py:188} INFO - [2024-05-28T09:51:31.959+0000] {dag.py:3954} INFO - Setting next_dagrun for consume_1_or_2_with_dataset_expressions to None, run_after=None
[2024-05-28T09:51:31.962+0000] {logging_mixin.py:188} INFO - [2024-05-28T09:51:31.962+0000] {dag.py:3954} INFO - Setting next_dagrun for consume_1_or_both_2_and_3_with_dataset_expressions to None, run_after=None
[2024-05-28T09:51:31.965+0000] {logging_mixin.py:188} INFO - [2024-05-28T09:51:31.964+0000] {dag.py:3954} INFO - Setting next_dagrun for dataset_consumes_1 to None, run_after=None
[2024-05-28T09:51:31.968+0000] {logging_mixin.py:188} INFO - [2024-05-28T09:51:31.967+0000] {dag.py:3954} INFO - Setting next_dagrun for dataset_consumes_1_and_2 to None, run_after=None
[2024-05-28T09:51:31.970+0000] {logging_mixin.py:188} INFO - [2024-05-28T09:51:31.970+0000] {dag.py:3954} INFO - Setting next_dagrun for dataset_consumes_1_never_scheduled to None, run_after=None
[2024-05-28T09:51:31.972+0000] {logging_mixin.py:188} INFO - [2024-05-28T09:51:31.972+0000] {dag.py:3954} INFO - Setting next_dagrun for dataset_consumes_unknown_never_scheduled to None, run_after=None
[2024-05-28T09:51:31.976+0000] {logging_mixin.py:188} INFO - [2024-05-28T09:51:31.975+0000] {dag.py:3954} INFO - Setting next_dagrun for dataset_produces_1 to 2024-05-27 00:00:00+00:00, run_after=2024-05-28 00:00:00+00:00
[2024-05-28T09:51:31.978+0000] {logging_mixin.py:188} INFO - [2024-05-28T09:51:31.977+0000] {dag.py:3954} INFO - Setting next_dagrun for dataset_produces_2 to None, run_after=None
[2024-05-28T09:51:32.082+0000] {processor.py:183} INFO - Processing /home/airflow/.local/lib/python3.12/site-packages/airflow/example_dags/example_datasets.py took 0.331 seconds
[2024-05-28T09:52:02.338+0000] {processor.py:161} INFO - Started process (PID=291) to work on /home/airflow/.local/lib/python3.12/site-packages/airflow/example_dags/example_datasets.py
[2024-05-28T09:52:02.343+0000] {processor.py:830} INFO - Processing file /home/airflow/.local/lib/python3.12/site-packages/airflow/example_dags/example_datasets.py for tasks to queue
[2024-05-28T09:52:02.346+0000] {logging_mixin.py:188} INFO - [2024-05-28T09:52:02.345+0000] {dagbag.py:545} INFO - Filling up the DagBag from /home/airflow/.local/lib/python3.12/site-packages/airflow/example_dags/example_datasets.py
[2024-05-28T09:52:02.391+0000] {processor.py:840} INFO - DAG(s) 'dataset_consumes_unknown_never_scheduled', 'dataset_produces_1', 'consume_1_and_2_with_dataset_expressions', 'dataset_consumes_1', 'conditional_dataset_and_time_based_timetable', 'consume_1_or_both_2_and_3_with_dataset_expressions', 'consume_1_or_2_with_dataset_expressions', 'dataset_consumes_1_never_scheduled', 'dataset_consumes_1_and_2', 'dataset_produces_2' retrieved from /home/airflow/.local/lib/python3.12/site-packages/airflow/example_dags/example_datasets.py
[2024-05-28T09:52:02.538+0000] {logging_mixin.py:188} INFO - [2024-05-28T09:52:02.538+0000] {dag.py:3096} INFO - Sync 10 DAGs
[2024-05-28T09:52:02.589+0000] {logging_mixin.py:188} INFO - [2024-05-28T09:52:02.589+0000] {dag.py:3954} INFO - Setting next_dagrun for conditional_dataset_and_time_based_timetable to 2024-05-22 01:00:00+00:00, run_after=2024-05-22 01:00:00+00:00
[2024-05-28T09:52:02.598+0000] {logging_mixin.py:188} INFO - [2024-05-28T09:52:02.597+0000] {dag.py:3954} INFO - Setting next_dagrun for consume_1_and_2_with_dataset_expressions to None, run_after=None
[2024-05-28T09:52:02.602+0000] {logging_mixin.py:188} INFO - [2024-05-28T09:52:02.601+0000] {dag.py:3954} INFO - Setting next_dagrun for consume_1_or_2_with_dataset_expressions to None, run_after=None
[2024-05-28T09:52:02.606+0000] {logging_mixin.py:188} INFO - [2024-05-28T09:52:02.606+0000] {dag.py:3954} INFO - Setting next_dagrun for consume_1_or_both_2_and_3_with_dataset_expressions to None, run_after=None
[2024-05-28T09:52:02.610+0000] {logging_mixin.py:188} INFO - [2024-05-28T09:52:02.609+0000] {dag.py:3954} INFO - Setting next_dagrun for dataset_consumes_1 to None, run_after=None
[2024-05-28T09:52:02.616+0000] {logging_mixin.py:188} INFO - [2024-05-28T09:52:02.616+0000] {dag.py:3954} INFO - Setting next_dagrun for dataset_consumes_1_and_2 to None, run_after=None
[2024-05-28T09:52:02.619+0000] {logging_mixin.py:188} INFO - [2024-05-28T09:52:02.619+0000] {dag.py:3954} INFO - Setting next_dagrun for dataset_consumes_1_never_scheduled to None, run_after=None
[2024-05-28T09:52:02.622+0000] {logging_mixin.py:188} INFO - [2024-05-28T09:52:02.622+0000] {dag.py:3954} INFO - Setting next_dagrun for dataset_consumes_unknown_never_scheduled to None, run_after=None
[2024-05-28T09:52:02.630+0000] {logging_mixin.py:188} INFO - [2024-05-28T09:52:02.629+0000] {dag.py:3954} INFO - Setting next_dagrun for dataset_produces_1 to 2024-05-27 00:00:00+00:00, run_after=2024-05-28 00:00:00+00:00
[2024-05-28T09:52:02.632+0000] {logging_mixin.py:188} INFO - [2024-05-28T09:52:02.631+0000] {dag.py:3954} INFO - Setting next_dagrun for dataset_produces_2 to None, run_after=None
[2024-05-28T09:52:02.718+0000] {processor.py:183} INFO - Processing /home/airflow/.local/lib/python3.12/site-packages/airflow/example_dags/example_datasets.py took 0.407 seconds
[2024-05-28T09:52:32.810+0000] {processor.py:161} INFO - Started process (PID=355) to work on /home/airflow/.local/lib/python3.12/site-packages/airflow/example_dags/example_datasets.py
[2024-05-28T09:52:32.812+0000] {processor.py:830} INFO - Processing file /home/airflow/.local/lib/python3.12/site-packages/airflow/example_dags/example_datasets.py for tasks to queue
[2024-05-28T09:52:32.816+0000] {logging_mixin.py:188} INFO - [2024-05-28T09:52:32.816+0000] {dagbag.py:545} INFO - Filling up the DagBag from /home/airflow/.local/lib/python3.12/site-packages/airflow/example_dags/example_datasets.py
[2024-05-28T09:52:32.859+0000] {processor.py:840} INFO - DAG(s) 'consume_1_and_2_with_dataset_expressions', 'dataset_consumes_1', 'dataset_consumes_1_never_scheduled', 'dataset_consumes_1_and_2', 'consume_1_or_2_with_dataset_expressions', 'dataset_produces_1', 'conditional_dataset_and_time_based_timetable', 'dataset_consumes_unknown_never_scheduled', 'consume_1_or_both_2_and_3_with_dataset_expressions', 'dataset_produces_2' retrieved from /home/airflow/.local/lib/python3.12/site-packages/airflow/example_dags/example_datasets.py
[2024-05-28T09:52:32.979+0000] {logging_mixin.py:188} INFO - [2024-05-28T09:52:32.979+0000] {dag.py:3096} INFO - Sync 10 DAGs
[2024-05-28T09:52:33.037+0000] {logging_mixin.py:188} INFO - [2024-05-28T09:52:33.037+0000] {dag.py:3954} INFO - Setting next_dagrun for conditional_dataset_and_time_based_timetable to 2024-05-22 01:00:00+00:00, run_after=2024-05-22 01:00:00+00:00
[2024-05-28T09:52:33.047+0000] {logging_mixin.py:188} INFO - [2024-05-28T09:52:33.045+0000] {dag.py:3954} INFO - Setting next_dagrun for consume_1_and_2_with_dataset_expressions to None, run_after=None
[2024-05-28T09:52:33.049+0000] {logging_mixin.py:188} INFO - [2024-05-28T09:52:33.049+0000] {dag.py:3954} INFO - Setting next_dagrun for consume_1_or_2_with_dataset_expressions to None, run_after=None
[2024-05-28T09:52:33.051+0000] {logging_mixin.py:188} INFO - [2024-05-28T09:52:33.051+0000] {dag.py:3954} INFO - Setting next_dagrun for consume_1_or_both_2_and_3_with_dataset_expressions to None, run_after=None
[2024-05-28T09:52:33.053+0000] {logging_mixin.py:188} INFO - [2024-05-28T09:52:33.053+0000] {dag.py:3954} INFO - Setting next_dagrun for dataset_consumes_1 to None, run_after=None
[2024-05-28T09:52:33.055+0000] {logging_mixin.py:188} INFO - [2024-05-28T09:52:33.054+0000] {dag.py:3954} INFO - Setting next_dagrun for dataset_consumes_1_and_2 to None, run_after=None
[2024-05-28T09:52:33.056+0000] {logging_mixin.py:188} INFO - [2024-05-28T09:52:33.056+0000] {dag.py:3954} INFO - Setting next_dagrun for dataset_consumes_1_never_scheduled to None, run_after=None
[2024-05-28T09:52:33.060+0000] {logging_mixin.py:188} INFO - [2024-05-28T09:52:33.059+0000] {dag.py:3954} INFO - Setting next_dagrun for dataset_consumes_unknown_never_scheduled to None, run_after=None
[2024-05-28T09:52:33.071+0000] {logging_mixin.py:188} INFO - [2024-05-28T09:52:33.070+0000] {dag.py:3954} INFO - Setting next_dagrun for dataset_produces_1 to 2024-05-27 00:00:00+00:00, run_after=2024-05-28 00:00:00+00:00
[2024-05-28T09:52:33.077+0000] {logging_mixin.py:188} INFO - [2024-05-28T09:52:33.076+0000] {dag.py:3954} INFO - Setting next_dagrun for dataset_produces_2 to None, run_after=None
[2024-05-28T09:52:33.169+0000] {processor.py:183} INFO - Processing /home/airflow/.local/lib/python3.12/site-packages/airflow/example_dags/example_datasets.py took 0.377 seconds
[2024-05-28T09:53:03.330+0000] {processor.py:161} INFO - Started process (PID=412) to work on /home/airflow/.local/lib/python3.12/site-packages/airflow/example_dags/example_datasets.py
[2024-05-28T09:53:03.336+0000] {processor.py:830} INFO - Processing file /home/airflow/.local/lib/python3.12/site-packages/airflow/example_dags/example_datasets.py for tasks to queue
[2024-05-28T09:53:03.338+0000] {logging_mixin.py:188} INFO - [2024-05-28T09:53:03.338+0000] {dagbag.py:545} INFO - Filling up the DagBag from /home/airflow/.local/lib/python3.12/site-packages/airflow/example_dags/example_datasets.py
[2024-05-28T09:53:03.408+0000] {processor.py:840} INFO - DAG(s) 'consume_1_or_2_with_dataset_expressions', 'dataset_produces_1', 'consume_1_or_both_2_and_3_with_dataset_expressions', 'dataset_consumes_1_and_2', 'dataset_consumes_1', 'dataset_consumes_1_never_scheduled', 'consume_1_and_2_with_dataset_expressions', 'dataset_consumes_unknown_never_scheduled', 'conditional_dataset_and_time_based_timetable', 'dataset_produces_2' retrieved from /home/airflow/.local/lib/python3.12/site-packages/airflow/example_dags/example_datasets.py
[2024-05-28T09:53:03.546+0000] {logging_mixin.py:188} INFO - [2024-05-28T09:53:03.545+0000] {dag.py:3096} INFO - Sync 10 DAGs
[2024-05-28T09:53:03.596+0000] {logging_mixin.py:188} INFO - [2024-05-28T09:53:03.596+0000] {dag.py:3954} INFO - Setting next_dagrun for conditional_dataset_and_time_based_timetable to 2024-05-22 01:00:00+00:00, run_after=2024-05-22 01:00:00+00:00
[2024-05-28T09:53:03.602+0000] {logging_mixin.py:188} INFO - [2024-05-28T09:53:03.602+0000] {dag.py:3954} INFO - Setting next_dagrun for consume_1_and_2_with_dataset_expressions to None, run_after=None
[2024-05-28T09:53:03.604+0000] {logging_mixin.py:188} INFO - [2024-05-28T09:53:03.604+0000] {dag.py:3954} INFO - Setting next_dagrun for consume_1_or_2_with_dataset_expressions to None, run_after=None
[2024-05-28T09:53:03.610+0000] {logging_mixin.py:188} INFO - [2024-05-28T09:53:03.610+0000] {dag.py:3954} INFO - Setting next_dagrun for consume_1_or_both_2_and_3_with_dataset_expressions to None, run_after=None
[2024-05-28T09:53:03.613+0000] {logging_mixin.py:188} INFO - [2024-05-28T09:53:03.612+0000] {dag.py:3954} INFO - Setting next_dagrun for dataset_consumes_1 to None, run_after=None
[2024-05-28T09:53:03.614+0000] {logging_mixin.py:188} INFO - [2024-05-28T09:53:03.614+0000] {dag.py:3954} INFO - Setting next_dagrun for dataset_consumes_1_and_2 to None, run_after=None
[2024-05-28T09:53:03.617+0000] {logging_mixin.py:188} INFO - [2024-05-28T09:53:03.617+0000] {dag.py:3954} INFO - Setting next_dagrun for dataset_consumes_1_never_scheduled to None, run_after=None
[2024-05-28T09:53:03.622+0000] {logging_mixin.py:188} INFO - [2024-05-28T09:53:03.621+0000] {dag.py:3954} INFO - Setting next_dagrun for dataset_consumes_unknown_never_scheduled to None, run_after=None
[2024-05-28T09:53:03.627+0000] {logging_mixin.py:188} INFO - [2024-05-28T09:53:03.626+0000] {dag.py:3954} INFO - Setting next_dagrun for dataset_produces_1 to 2024-05-27 00:00:00+00:00, run_after=2024-05-28 00:00:00+00:00
[2024-05-28T09:53:03.629+0000] {logging_mixin.py:188} INFO - [2024-05-28T09:53:03.628+0000] {dag.py:3954} INFO - Setting next_dagrun for dataset_produces_2 to None, run_after=None
[2024-05-28T09:53:03.685+0000] {processor.py:183} INFO - Processing /home/airflow/.local/lib/python3.12/site-packages/airflow/example_dags/example_datasets.py took 0.366 seconds
[2024-05-28T09:53:33.872+0000] {processor.py:161} INFO - Started process (PID=470) to work on /home/airflow/.local/lib/python3.12/site-packages/airflow/example_dags/example_datasets.py
[2024-05-28T09:53:33.873+0000] {processor.py:830} INFO - Processing file /home/airflow/.local/lib/python3.12/site-packages/airflow/example_dags/example_datasets.py for tasks to queue
[2024-05-28T09:53:33.883+0000] {logging_mixin.py:188} INFO - [2024-05-28T09:53:33.882+0000] {dagbag.py:545} INFO - Filling up the DagBag from /home/airflow/.local/lib/python3.12/site-packages/airflow/example_dags/example_datasets.py
[2024-05-28T09:53:33.923+0000] {processor.py:840} INFO - DAG(s) 'dataset_consumes_1', 'conditional_dataset_and_time_based_timetable', 'dataset_consumes_unknown_never_scheduled', 'dataset_consumes_1_never_scheduled', 'dataset_consumes_1_and_2', 'dataset_produces_1', 'dataset_produces_2', 'consume_1_or_both_2_and_3_with_dataset_expressions', 'consume_1_or_2_with_dataset_expressions', 'consume_1_and_2_with_dataset_expressions' retrieved from /home/airflow/.local/lib/python3.12/site-packages/airflow/example_dags/example_datasets.py
[2024-05-28T09:53:34.118+0000] {logging_mixin.py:188} INFO - [2024-05-28T09:53:34.117+0000] {dag.py:3096} INFO - Sync 10 DAGs
[2024-05-28T09:53:34.180+0000] {logging_mixin.py:188} INFO - [2024-05-28T09:53:34.179+0000] {dag.py:3954} INFO - Setting next_dagrun for conditional_dataset_and_time_based_timetable to 2024-05-22 01:00:00+00:00, run_after=2024-05-22 01:00:00+00:00
[2024-05-28T09:53:34.192+0000] {logging_mixin.py:188} INFO - [2024-05-28T09:53:34.188+0000] {dag.py:3954} INFO - Setting next_dagrun for consume_1_and_2_with_dataset_expressions to None, run_after=None
[2024-05-28T09:53:34.196+0000] {logging_mixin.py:188} INFO - [2024-05-28T09:53:34.195+0000] {dag.py:3954} INFO - Setting next_dagrun for consume_1_or_2_with_dataset_expressions to None, run_after=None
[2024-05-28T09:53:34.198+0000] {logging_mixin.py:188} INFO - [2024-05-28T09:53:34.197+0000] {dag.py:3954} INFO - Setting next_dagrun for consume_1_or_both_2_and_3_with_dataset_expressions to None, run_after=None
[2024-05-28T09:53:34.200+0000] {logging_mixin.py:188} INFO - [2024-05-28T09:53:34.199+0000] {dag.py:3954} INFO - Setting next_dagrun for dataset_consumes_1 to None, run_after=None
[2024-05-28T09:53:34.202+0000] {logging_mixin.py:188} INFO - [2024-05-28T09:53:34.202+0000] {dag.py:3954} INFO - Setting next_dagrun for dataset_consumes_1_and_2 to None, run_after=None
[2024-05-28T09:53:34.204+0000] {logging_mixin.py:188} INFO - [2024-05-28T09:53:34.204+0000] {dag.py:3954} INFO - Setting next_dagrun for dataset_consumes_1_never_scheduled to None, run_after=None
[2024-05-28T09:53:34.208+0000] {logging_mixin.py:188} INFO - [2024-05-28T09:53:34.207+0000] {dag.py:3954} INFO - Setting next_dagrun for dataset_consumes_unknown_never_scheduled to None, run_after=None
[2024-05-28T09:53:34.212+0000] {logging_mixin.py:188} INFO - [2024-05-28T09:53:34.212+0000] {dag.py:3954} INFO - Setting next_dagrun for dataset_produces_1 to 2024-05-27 00:00:00+00:00, run_after=2024-05-28 00:00:00+00:00
[2024-05-28T09:53:34.214+0000] {logging_mixin.py:188} INFO - [2024-05-28T09:53:34.214+0000] {dag.py:3954} INFO - Setting next_dagrun for dataset_produces_2 to None, run_after=None
[2024-05-28T09:53:34.326+0000] {processor.py:183} INFO - Processing /home/airflow/.local/lib/python3.12/site-packages/airflow/example_dags/example_datasets.py took 0.474 seconds
[2024-05-28T09:54:04.619+0000] {processor.py:161} INFO - Started process (PID=528) to work on /home/airflow/.local/lib/python3.12/site-packages/airflow/example_dags/example_datasets.py
[2024-05-28T09:54:04.621+0000] {processor.py:830} INFO - Processing file /home/airflow/.local/lib/python3.12/site-packages/airflow/example_dags/example_datasets.py for tasks to queue
[2024-05-28T09:54:04.623+0000] {logging_mixin.py:188} INFO - [2024-05-28T09:54:04.623+0000] {dagbag.py:545} INFO - Filling up the DagBag from /home/airflow/.local/lib/python3.12/site-packages/airflow/example_dags/example_datasets.py
[2024-05-28T09:54:04.657+0000] {processor.py:840} INFO - DAG(s) 'consume_1_or_both_2_and_3_with_dataset_expressions', 'dataset_consumes_1_and_2', 'consume_1_or_2_with_dataset_expressions', 'dataset_consumes_unknown_never_scheduled', 'dataset_consumes_1', 'dataset_consumes_1_never_scheduled', 'dataset_produces_1', 'conditional_dataset_and_time_based_timetable', 'dataset_produces_2', 'consume_1_and_2_with_dataset_expressions' retrieved from /home/airflow/.local/lib/python3.12/site-packages/airflow/example_dags/example_datasets.py
[2024-05-28T09:54:04.783+0000] {logging_mixin.py:188} INFO - [2024-05-28T09:54:04.783+0000] {dag.py:3096} INFO - Sync 10 DAGs
[2024-05-28T09:54:04.842+0000] {logging_mixin.py:188} INFO - [2024-05-28T09:54:04.841+0000] {dag.py:3954} INFO - Setting next_dagrun for conditional_dataset_and_time_based_timetable to 2024-05-22 01:00:00+00:00, run_after=2024-05-22 01:00:00+00:00
[2024-05-28T09:54:04.847+0000] {logging_mixin.py:188} INFO - [2024-05-28T09:54:04.847+0000] {dag.py:3954} INFO - Setting next_dagrun for consume_1_and_2_with_dataset_expressions to None, run_after=None
[2024-05-28T09:54:04.849+0000] {logging_mixin.py:188} INFO - [2024-05-28T09:54:04.849+0000] {dag.py:3954} INFO - Setting next_dagrun for consume_1_or_2_with_dataset_expressions to None, run_after=None
[2024-05-28T09:54:04.851+0000] {logging_mixin.py:188} INFO - [2024-05-28T09:54:04.851+0000] {dag.py:3954} INFO - Setting next_dagrun for consume_1_or_both_2_and_3_with_dataset_expressions to None, run_after=None
[2024-05-28T09:54:04.853+0000] {logging_mixin.py:188} INFO - [2024-05-28T09:54:04.853+0000] {dag.py:3954} INFO - Setting next_dagrun for dataset_consumes_1 to None, run_after=None
[2024-05-28T09:54:04.855+0000] {logging_mixin.py:188} INFO - [2024-05-28T09:54:04.855+0000] {dag.py:3954} INFO - Setting next_dagrun for dataset_consumes_1_and_2 to None, run_after=None
[2024-05-28T09:54:04.856+0000] {logging_mixin.py:188} INFO - [2024-05-28T09:54:04.856+0000] {dag.py:3954} INFO - Setting next_dagrun for dataset_consumes_1_never_scheduled to None, run_after=None
[2024-05-28T09:54:04.860+0000] {logging_mixin.py:188} INFO - [2024-05-28T09:54:04.860+0000] {dag.py:3954} INFO - Setting next_dagrun for dataset_consumes_unknown_never_scheduled to None, run_after=None
[2024-05-28T09:54:04.865+0000] {logging_mixin.py:188} INFO - [2024-05-28T09:54:04.864+0000] {dag.py:3954} INFO - Setting next_dagrun for dataset_produces_1 to 2024-05-27 00:00:00+00:00, run_after=2024-05-28 00:00:00+00:00
[2024-05-28T09:54:04.868+0000] {logging_mixin.py:188} INFO - [2024-05-28T09:54:04.868+0000] {dag.py:3954} INFO - Setting next_dagrun for dataset_produces_2 to None, run_after=None
[2024-05-28T09:54:04.948+0000] {processor.py:183} INFO - Processing /home/airflow/.local/lib/python3.12/site-packages/airflow/example_dags/example_datasets.py took 0.342 seconds
[2024-05-28T09:54:35.392+0000] {processor.py:161} INFO - Started process (PID=586) to work on /home/airflow/.local/lib/python3.12/site-packages/airflow/example_dags/example_datasets.py
[2024-05-28T09:54:35.402+0000] {processor.py:830} INFO - Processing file /home/airflow/.local/lib/python3.12/site-packages/airflow/example_dags/example_datasets.py for tasks to queue
[2024-05-28T09:54:35.415+0000] {logging_mixin.py:188} INFO - [2024-05-28T09:54:35.412+0000] {dagbag.py:545} INFO - Filling up the DagBag from /home/airflow/.local/lib/python3.12/site-packages/airflow/example_dags/example_datasets.py
[2024-05-28T09:54:35.488+0000] {processor.py:840} INFO - DAG(s) 'dataset_consumes_1_never_scheduled', 'dataset_consumes_unknown_never_scheduled', 'dataset_produces_1', 'dataset_consumes_1', 'consume_1_or_both_2_and_3_with_dataset_expressions', 'dataset_consumes_1_and_2', 'consume_1_and_2_with_dataset_expressions', 'dataset_produces_2', 'conditional_dataset_and_time_based_timetable', 'consume_1_or_2_with_dataset_expressions' retrieved from /home/airflow/.local/lib/python3.12/site-packages/airflow/example_dags/example_datasets.py
[2024-05-28T09:54:35.624+0000] {logging_mixin.py:188} INFO - [2024-05-28T09:54:35.624+0000] {dag.py:3096} INFO - Sync 10 DAGs
[2024-05-28T09:54:35.658+0000] {logging_mixin.py:188} INFO - [2024-05-28T09:54:35.658+0000] {dag.py:3954} INFO - Setting next_dagrun for conditional_dataset_and_time_based_timetable to 2024-05-22 01:00:00+00:00, run_after=2024-05-22 01:00:00+00:00
[2024-05-28T09:54:35.663+0000] {logging_mixin.py:188} INFO - [2024-05-28T09:54:35.662+0000] {dag.py:3954} INFO - Setting next_dagrun for consume_1_and_2_with_dataset_expressions to None, run_after=None
[2024-05-28T09:54:35.664+0000] {logging_mixin.py:188} INFO - [2024-05-28T09:54:35.664+0000] {dag.py:3954} INFO - Setting next_dagrun for consume_1_or_2_with_dataset_expressions to None, run_after=None
[2024-05-28T09:54:35.666+0000] {logging_mixin.py:188} INFO - [2024-05-28T09:54:35.665+0000] {dag.py:3954} INFO - Setting next_dagrun for consume_1_or_both_2_and_3_with_dataset_expressions to None, run_after=None
[2024-05-28T09:54:35.667+0000] {logging_mixin.py:188} INFO - [2024-05-28T09:54:35.667+0000] {dag.py:3954} INFO - Setting next_dagrun for dataset_consumes_1 to None, run_after=None
[2024-05-28T09:54:35.668+0000] {logging_mixin.py:188} INFO - [2024-05-28T09:54:35.668+0000] {dag.py:3954} INFO - Setting next_dagrun for dataset_consumes_1_and_2 to None, run_after=None
[2024-05-28T09:54:35.670+0000] {logging_mixin.py:188} INFO - [2024-05-28T09:54:35.670+0000] {dag.py:3954} INFO - Setting next_dagrun for dataset_consumes_1_never_scheduled to None, run_after=None
[2024-05-28T09:54:35.671+0000] {logging_mixin.py:188} INFO - [2024-05-28T09:54:35.671+0000] {dag.py:3954} INFO - Setting next_dagrun for dataset_consumes_unknown_never_scheduled to None, run_after=None
[2024-05-28T09:54:35.674+0000] {logging_mixin.py:188} INFO - [2024-05-28T09:54:35.673+0000] {dag.py:3954} INFO - Setting next_dagrun for dataset_produces_1 to 2024-05-27 00:00:00+00:00, run_after=2024-05-28 00:00:00+00:00
[2024-05-28T09:54:35.675+0000] {logging_mixin.py:188} INFO - [2024-05-28T09:54:35.675+0000] {dag.py:3954} INFO - Setting next_dagrun for dataset_produces_2 to None, run_after=None
[2024-05-28T09:54:35.724+0000] {processor.py:183} INFO - Processing /home/airflow/.local/lib/python3.12/site-packages/airflow/example_dags/example_datasets.py took 0.349 seconds
[2024-05-28T09:55:06.459+0000] {processor.py:161} INFO - Started process (PID=644) to work on /home/airflow/.local/lib/python3.12/site-packages/airflow/example_dags/example_datasets.py
[2024-05-28T09:55:06.465+0000] {processor.py:830} INFO - Processing file /home/airflow/.local/lib/python3.12/site-packages/airflow/example_dags/example_datasets.py for tasks to queue
[2024-05-28T09:55:06.479+0000] {logging_mixin.py:188} INFO - [2024-05-28T09:55:06.478+0000] {dagbag.py:545} INFO - Filling up the DagBag from /home/airflow/.local/lib/python3.12/site-packages/airflow/example_dags/example_datasets.py
[2024-05-28T09:55:06.523+0000] {processor.py:840} INFO - DAG(s) 'consume_1_or_both_2_and_3_with_dataset_expressions', 'dataset_consumes_1_and_2', 'consume_1_and_2_with_dataset_expressions', 'dataset_consumes_1_never_scheduled', 'conditional_dataset_and_time_based_timetable', 'dataset_produces_1', 'consume_1_or_2_with_dataset_expressions', 'dataset_consumes_unknown_never_scheduled', 'dataset_produces_2', 'dataset_consumes_1' retrieved from /home/airflow/.local/lib/python3.12/site-packages/airflow/example_dags/example_datasets.py
[2024-05-28T09:55:06.632+0000] {logging_mixin.py:188} INFO - [2024-05-28T09:55:06.632+0000] {dag.py:3096} INFO - Sync 10 DAGs
[2024-05-28T09:55:06.756+0000] {logging_mixin.py:188} INFO - [2024-05-28T09:55:06.755+0000] {dag.py:3954} INFO - Setting next_dagrun for conditional_dataset_and_time_based_timetable to 2024-05-22 01:00:00+00:00, run_after=2024-05-22 01:00:00+00:00
[2024-05-28T09:55:06.768+0000] {logging_mixin.py:188} INFO - [2024-05-28T09:55:06.768+0000] {dag.py:3954} INFO - Setting next_dagrun for consume_1_and_2_with_dataset_expressions to None, run_after=None
[2024-05-28T09:55:06.773+0000] {logging_mixin.py:188} INFO - [2024-05-28T09:55:06.772+0000] {dag.py:3954} INFO - Setting next_dagrun for consume_1_or_2_with_dataset_expressions to None, run_after=None
[2024-05-28T09:55:06.781+0000] {logging_mixin.py:188} INFO - [2024-05-28T09:55:06.780+0000] {dag.py:3954} INFO - Setting next_dagrun for consume_1_or_both_2_and_3_with_dataset_expressions to None, run_after=None
[2024-05-28T09:55:06.785+0000] {logging_mixin.py:188} INFO - [2024-05-28T09:55:06.784+0000] {dag.py:3954} INFO - Setting next_dagrun for dataset_consumes_1 to None, run_after=None
[2024-05-28T09:55:06.788+0000] {logging_mixin.py:188} INFO - [2024-05-28T09:55:06.788+0000] {dag.py:3954} INFO - Setting next_dagrun for dataset_consumes_1_and_2 to None, run_after=None
[2024-05-28T09:55:06.791+0000] {logging_mixin.py:188} INFO - [2024-05-28T09:55:06.790+0000] {dag.py:3954} INFO - Setting next_dagrun for dataset_consumes_1_never_scheduled to None, run_after=None
[2024-05-28T09:55:06.797+0000] {logging_mixin.py:188} INFO - [2024-05-28T09:55:06.796+0000] {dag.py:3954} INFO - Setting next_dagrun for dataset_consumes_unknown_never_scheduled to None, run_after=None
[2024-05-28T09:55:06.808+0000] {logging_mixin.py:188} INFO - [2024-05-28T09:55:06.808+0000] {dag.py:3954} INFO - Setting next_dagrun for dataset_produces_1 to 2024-05-27 00:00:00+00:00, run_after=2024-05-28 00:00:00+00:00
[2024-05-28T09:55:06.820+0000] {logging_mixin.py:188} INFO - [2024-05-28T09:55:06.818+0000] {dag.py:3954} INFO - Setting next_dagrun for dataset_produces_2 to None, run_after=None
[2024-05-28T09:55:06.937+0000] {processor.py:183} INFO - Processing /home/airflow/.local/lib/python3.12/site-packages/airflow/example_dags/example_datasets.py took 0.492 seconds
[2024-05-28T09:55:37.014+0000] {processor.py:161} INFO - Started process (PID=702) to work on /home/airflow/.local/lib/python3.12/site-packages/airflow/example_dags/example_datasets.py
[2024-05-28T09:55:37.018+0000] {processor.py:830} INFO - Processing file /home/airflow/.local/lib/python3.12/site-packages/airflow/example_dags/example_datasets.py for tasks to queue
[2024-05-28T09:55:37.024+0000] {logging_mixin.py:188} INFO - [2024-05-28T09:55:37.023+0000] {dagbag.py:545} INFO - Filling up the DagBag from /home/airflow/.local/lib/python3.12/site-packages/airflow/example_dags/example_datasets.py
[2024-05-28T09:55:37.086+0000] {processor.py:840} INFO - DAG(s) 'dataset_consumes_1_and_2', 'consume_1_or_both_2_and_3_with_dataset_expressions', 'dataset_consumes_unknown_never_scheduled', 'dataset_produces_1', 'dataset_produces_2', 'conditional_dataset_and_time_based_timetable', 'consume_1_and_2_with_dataset_expressions', 'dataset_consumes_1', 'dataset_consumes_1_never_scheduled', 'consume_1_or_2_with_dataset_expressions' retrieved from /home/airflow/.local/lib/python3.12/site-packages/airflow/example_dags/example_datasets.py
[2024-05-28T09:55:37.214+0000] {logging_mixin.py:188} INFO - [2024-05-28T09:55:37.213+0000] {dag.py:3096} INFO - Sync 10 DAGs
[2024-05-28T09:55:37.270+0000] {logging_mixin.py:188} INFO - [2024-05-28T09:55:37.270+0000] {dag.py:3954} INFO - Setting next_dagrun for conditional_dataset_and_time_based_timetable to 2024-05-22 01:00:00+00:00, run_after=2024-05-22 01:00:00+00:00
[2024-05-28T09:55:37.279+0000] {logging_mixin.py:188} INFO - [2024-05-28T09:55:37.279+0000] {dag.py:3954} INFO - Setting next_dagrun for consume_1_and_2_with_dataset_expressions to None, run_after=None
[2024-05-28T09:55:37.282+0000] {logging_mixin.py:188} INFO - [2024-05-28T09:55:37.282+0000] {dag.py:3954} INFO - Setting next_dagrun for consume_1_or_2_with_dataset_expressions to None, run_after=None
[2024-05-28T09:55:37.285+0000] {logging_mixin.py:188} INFO - [2024-05-28T09:55:37.284+0000] {dag.py:3954} INFO - Setting next_dagrun for consume_1_or_both_2_and_3_with_dataset_expressions to None, run_after=None
[2024-05-28T09:55:37.288+0000] {logging_mixin.py:188} INFO - [2024-05-28T09:55:37.288+0000] {dag.py:3954} INFO - Setting next_dagrun for dataset_consumes_1 to None, run_after=None
[2024-05-28T09:55:37.290+0000] {logging_mixin.py:188} INFO - [2024-05-28T09:55:37.290+0000] {dag.py:3954} INFO - Setting next_dagrun for dataset_consumes_1_and_2 to None, run_after=None
[2024-05-28T09:55:37.293+0000] {logging_mixin.py:188} INFO - [2024-05-28T09:55:37.292+0000] {dag.py:3954} INFO - Setting next_dagrun for dataset_consumes_1_never_scheduled to None, run_after=None
[2024-05-28T09:55:37.295+0000] {logging_mixin.py:188} INFO - [2024-05-28T09:55:37.295+0000] {dag.py:3954} INFO - Setting next_dagrun for dataset_consumes_unknown_never_scheduled to None, run_after=None
[2024-05-28T09:55:37.299+0000] {logging_mixin.py:188} INFO - [2024-05-28T09:55:37.299+0000] {dag.py:3954} INFO - Setting next_dagrun for dataset_produces_1 to 2024-05-27 00:00:00+00:00, run_after=2024-05-28 00:00:00+00:00
[2024-05-28T09:55:37.301+0000] {logging_mixin.py:188} INFO - [2024-05-28T09:55:37.301+0000] {dag.py:3954} INFO - Setting next_dagrun for dataset_produces_2 to None, run_after=None
[2024-05-28T09:55:37.416+0000] {processor.py:183} INFO - Processing /home/airflow/.local/lib/python3.12/site-packages/airflow/example_dags/example_datasets.py took 0.433 seconds
[2024-05-28T09:56:07.651+0000] {processor.py:161} INFO - Started process (PID=760) to work on /home/airflow/.local/lib/python3.12/site-packages/airflow/example_dags/example_datasets.py
[2024-05-28T09:56:07.653+0000] {processor.py:830} INFO - Processing file /home/airflow/.local/lib/python3.12/site-packages/airflow/example_dags/example_datasets.py for tasks to queue
[2024-05-28T09:56:07.657+0000] {logging_mixin.py:188} INFO - [2024-05-28T09:56:07.656+0000] {dagbag.py:545} INFO - Filling up the DagBag from /home/airflow/.local/lib/python3.12/site-packages/airflow/example_dags/example_datasets.py
[2024-05-28T09:56:07.692+0000] {processor.py:840} INFO - DAG(s) 'dataset_consumes_1_and_2', 'consume_1_or_both_2_and_3_with_dataset_expressions', 'consume_1_or_2_with_dataset_expressions', 'consume_1_and_2_with_dataset_expressions', 'dataset_consumes_1', 'dataset_produces_2', 'conditional_dataset_and_time_based_timetable', 'dataset_consumes_1_never_scheduled', 'dataset_consumes_unknown_never_scheduled', 'dataset_produces_1' retrieved from /home/airflow/.local/lib/python3.12/site-packages/airflow/example_dags/example_datasets.py
[2024-05-28T09:56:07.798+0000] {logging_mixin.py:188} INFO - [2024-05-28T09:56:07.797+0000] {dag.py:3096} INFO - Sync 10 DAGs
[2024-05-28T09:56:07.858+0000] {logging_mixin.py:188} INFO - [2024-05-28T09:56:07.857+0000] {dag.py:3954} INFO - Setting next_dagrun for conditional_dataset_and_time_based_timetable to 2024-05-22 01:00:00+00:00, run_after=2024-05-22 01:00:00+00:00
[2024-05-28T09:56:07.864+0000] {logging_mixin.py:188} INFO - [2024-05-28T09:56:07.863+0000] {dag.py:3954} INFO - Setting next_dagrun for consume_1_and_2_with_dataset_expressions to None, run_after=None
[2024-05-28T09:56:07.867+0000] {logging_mixin.py:188} INFO - [2024-05-28T09:56:07.866+0000] {dag.py:3954} INFO - Setting next_dagrun for consume_1_or_2_with_dataset_expressions to None, run_after=None
[2024-05-28T09:56:07.870+0000] {logging_mixin.py:188} INFO - [2024-05-28T09:56:07.869+0000] {dag.py:3954} INFO - Setting next_dagrun for consume_1_or_both_2_and_3_with_dataset_expressions to None, run_after=None
[2024-05-28T09:56:07.872+0000] {logging_mixin.py:188} INFO - [2024-05-28T09:56:07.871+0000] {dag.py:3954} INFO - Setting next_dagrun for dataset_consumes_1 to None, run_after=None
[2024-05-28T09:56:07.873+0000] {logging_mixin.py:188} INFO - [2024-05-28T09:56:07.873+0000] {dag.py:3954} INFO - Setting next_dagrun for dataset_consumes_1_and_2 to None, run_after=None
[2024-05-28T09:56:07.875+0000] {logging_mixin.py:188} INFO - [2024-05-28T09:56:07.875+0000] {dag.py:3954} INFO - Setting next_dagrun for dataset_consumes_1_never_scheduled to None, run_after=None
[2024-05-28T09:56:07.877+0000] {logging_mixin.py:188} INFO - [2024-05-28T09:56:07.877+0000] {dag.py:3954} INFO - Setting next_dagrun for dataset_consumes_unknown_never_scheduled to None, run_after=None
[2024-05-28T09:56:07.881+0000] {logging_mixin.py:188} INFO - [2024-05-28T09:56:07.881+0000] {dag.py:3954} INFO - Setting next_dagrun for dataset_produces_1 to 2024-05-27 00:00:00+00:00, run_after=2024-05-28 00:00:00+00:00
[2024-05-28T09:56:07.883+0000] {logging_mixin.py:188} INFO - [2024-05-28T09:56:07.883+0000] {dag.py:3954} INFO - Setting next_dagrun for dataset_produces_2 to None, run_after=None
[2024-05-28T09:56:07.986+0000] {processor.py:183} INFO - Processing /home/airflow/.local/lib/python3.12/site-packages/airflow/example_dags/example_datasets.py took 0.344 seconds
[2024-05-28T09:56:38.040+0000] {processor.py:161} INFO - Started process (PID=818) to work on /home/airflow/.local/lib/python3.12/site-packages/airflow/example_dags/example_datasets.py
[2024-05-28T09:56:38.042+0000] {processor.py:830} INFO - Processing file /home/airflow/.local/lib/python3.12/site-packages/airflow/example_dags/example_datasets.py for tasks to queue
[2024-05-28T09:56:38.044+0000] {logging_mixin.py:188} INFO - [2024-05-28T09:56:38.044+0000] {dagbag.py:545} INFO - Filling up the DagBag from /home/airflow/.local/lib/python3.12/site-packages/airflow/example_dags/example_datasets.py
[2024-05-28T09:56:38.065+0000] {processor.py:840} INFO - DAG(s) 'dataset_produces_2', 'consume_1_or_2_with_dataset_expressions', 'dataset_consumes_unknown_never_scheduled', 'consume_1_or_both_2_and_3_with_dataset_expressions', 'consume_1_and_2_with_dataset_expressions', 'conditional_dataset_and_time_based_timetable', 'dataset_consumes_1_and_2', 'dataset_consumes_1_never_scheduled', 'dataset_produces_1', 'dataset_consumes_1' retrieved from /home/airflow/.local/lib/python3.12/site-packages/airflow/example_dags/example_datasets.py
[2024-05-28T09:56:38.137+0000] {logging_mixin.py:188} INFO - [2024-05-28T09:56:38.137+0000] {dag.py:3096} INFO - Sync 10 DAGs
[2024-05-28T09:56:38.174+0000] {logging_mixin.py:188} INFO - [2024-05-28T09:56:38.174+0000] {dag.py:3954} INFO - Setting next_dagrun for conditional_dataset_and_time_based_timetable to 2024-05-22 01:00:00+00:00, run_after=2024-05-22 01:00:00+00:00
[2024-05-28T09:56:38.180+0000] {logging_mixin.py:188} INFO - [2024-05-28T09:56:38.180+0000] {dag.py:3954} INFO - Setting next_dagrun for consume_1_and_2_with_dataset_expressions to None, run_after=None
[2024-05-28T09:56:38.182+0000] {logging_mixin.py:188} INFO - [2024-05-28T09:56:38.182+0000] {dag.py:3954} INFO - Setting next_dagrun for consume_1_or_2_with_dataset_expressions to None, run_after=None
[2024-05-28T09:56:38.185+0000] {logging_mixin.py:188} INFO - [2024-05-28T09:56:38.185+0000] {dag.py:3954} INFO - Setting next_dagrun for consume_1_or_both_2_and_3_with_dataset_expressions to None, run_after=None
[2024-05-28T09:56:38.187+0000] {logging_mixin.py:188} INFO - [2024-05-28T09:56:38.186+0000] {dag.py:3954} INFO - Setting next_dagrun for dataset_consumes_1 to None, run_after=None
[2024-05-28T09:56:38.189+0000] {logging_mixin.py:188} INFO - [2024-05-28T09:56:38.188+0000] {dag.py:3954} INFO - Setting next_dagrun for dataset_consumes_1_and_2 to None, run_after=None
[2024-05-28T09:56:38.190+0000] {logging_mixin.py:188} INFO - [2024-05-28T09:56:38.190+0000] {dag.py:3954} INFO - Setting next_dagrun for dataset_consumes_1_never_scheduled to None, run_after=None
[2024-05-28T09:56:38.192+0000] {logging_mixin.py:188} INFO - [2024-05-28T09:56:38.192+0000] {dag.py:3954} INFO - Setting next_dagrun for dataset_consumes_unknown_never_scheduled to None, run_after=None
[2024-05-28T09:56:38.197+0000] {logging_mixin.py:188} INFO - [2024-05-28T09:56:38.197+0000] {dag.py:3954} INFO - Setting next_dagrun for dataset_produces_1 to 2024-05-27 00:00:00+00:00, run_after=2024-05-28 00:00:00+00:00
[2024-05-28T09:56:38.206+0000] {logging_mixin.py:188} INFO - [2024-05-28T09:56:38.206+0000] {dag.py:3954} INFO - Setting next_dagrun for dataset_produces_2 to None, run_after=None
[2024-05-28T09:56:38.266+0000] {processor.py:183} INFO - Processing /home/airflow/.local/lib/python3.12/site-packages/airflow/example_dags/example_datasets.py took 0.234 seconds
[2024-05-28T09:57:08.713+0000] {processor.py:161} INFO - Started process (PID=875) to work on /home/airflow/.local/lib/python3.12/site-packages/airflow/example_dags/example_datasets.py
[2024-05-28T09:57:08.716+0000] {processor.py:830} INFO - Processing file /home/airflow/.local/lib/python3.12/site-packages/airflow/example_dags/example_datasets.py for tasks to queue
[2024-05-28T09:57:08.720+0000] {logging_mixin.py:188} INFO - [2024-05-28T09:57:08.719+0000] {dagbag.py:545} INFO - Filling up the DagBag from /home/airflow/.local/lib/python3.12/site-packages/airflow/example_dags/example_datasets.py
[2024-05-28T09:57:08.761+0000] {processor.py:840} INFO - DAG(s) 'conditional_dataset_and_time_based_timetable', 'dataset_consumes_unknown_never_scheduled', 'dataset_produces_2', 'dataset_consumes_1_never_scheduled', 'dataset_produces_1', 'dataset_consumes_1', 'consume_1_or_2_with_dataset_expressions', 'dataset_consumes_1_and_2', 'consume_1_and_2_with_dataset_expressions', 'consume_1_or_both_2_and_3_with_dataset_expressions' retrieved from /home/airflow/.local/lib/python3.12/site-packages/airflow/example_dags/example_datasets.py
[2024-05-28T09:57:08.937+0000] {logging_mixin.py:188} INFO - [2024-05-28T09:57:08.937+0000] {dag.py:3096} INFO - Sync 10 DAGs
[2024-05-28T09:57:08.981+0000] {logging_mixin.py:188} INFO - [2024-05-28T09:57:08.981+0000] {dag.py:3954} INFO - Setting next_dagrun for conditional_dataset_and_time_based_timetable to 2024-05-22 01:00:00+00:00, run_after=2024-05-22 01:00:00+00:00
[2024-05-28T09:57:08.989+0000] {logging_mixin.py:188} INFO - [2024-05-28T09:57:08.988+0000] {dag.py:3954} INFO - Setting next_dagrun for consume_1_and_2_with_dataset_expressions to None, run_after=None
[2024-05-28T09:57:08.991+0000] {logging_mixin.py:188} INFO - [2024-05-28T09:57:08.991+0000] {dag.py:3954} INFO - Setting next_dagrun for consume_1_or_2_with_dataset_expressions to None, run_after=None
[2024-05-28T09:57:08.993+0000] {logging_mixin.py:188} INFO - [2024-05-28T09:57:08.993+0000] {dag.py:3954} INFO - Setting next_dagrun for consume_1_or_both_2_and_3_with_dataset_expressions to None, run_after=None
[2024-05-28T09:57:08.995+0000] {logging_mixin.py:188} INFO - [2024-05-28T09:57:08.995+0000] {dag.py:3954} INFO - Setting next_dagrun for dataset_consumes_1 to None, run_after=None
[2024-05-28T09:57:08.997+0000] {logging_mixin.py:188} INFO - [2024-05-28T09:57:08.997+0000] {dag.py:3954} INFO - Setting next_dagrun for dataset_consumes_1_and_2 to None, run_after=None
[2024-05-28T09:57:08.999+0000] {logging_mixin.py:188} INFO - [2024-05-28T09:57:08.999+0000] {dag.py:3954} INFO - Setting next_dagrun for dataset_consumes_1_never_scheduled to None, run_after=None
[2024-05-28T09:57:09.001+0000] {logging_mixin.py:188} INFO - [2024-05-28T09:57:09.001+0000] {dag.py:3954} INFO - Setting next_dagrun for dataset_consumes_unknown_never_scheduled to None, run_after=None
[2024-05-28T09:57:09.027+0000] {logging_mixin.py:188} INFO - [2024-05-28T09:57:09.026+0000] {dag.py:3954} INFO - Setting next_dagrun for dataset_produces_1 to 2024-05-27 00:00:00+00:00, run_after=2024-05-28 00:00:00+00:00
[2024-05-28T09:57:09.031+0000] {logging_mixin.py:188} INFO - [2024-05-28T09:57:09.030+0000] {dag.py:3954} INFO - Setting next_dagrun for dataset_produces_2 to None, run_after=None
[2024-05-28T09:57:09.117+0000] {processor.py:183} INFO - Processing /home/airflow/.local/lib/python3.12/site-packages/airflow/example_dags/example_datasets.py took 0.428 seconds
[2024-05-28T09:57:39.379+0000] {processor.py:161} INFO - Started process (PID=934) to work on /home/airflow/.local/lib/python3.12/site-packages/airflow/example_dags/example_datasets.py
[2024-05-28T09:57:39.382+0000] {processor.py:830} INFO - Processing file /home/airflow/.local/lib/python3.12/site-packages/airflow/example_dags/example_datasets.py for tasks to queue
[2024-05-28T09:57:39.392+0000] {logging_mixin.py:188} INFO - [2024-05-28T09:57:39.390+0000] {dagbag.py:545} INFO - Filling up the DagBag from /home/airflow/.local/lib/python3.12/site-packages/airflow/example_dags/example_datasets.py
[2024-05-28T09:57:39.430+0000] {processor.py:840} INFO - DAG(s) 'consume_1_or_both_2_and_3_with_dataset_expressions', 'consume_1_and_2_with_dataset_expressions', 'conditional_dataset_and_time_based_timetable', 'dataset_consumes_1', 'consume_1_or_2_with_dataset_expressions', 'dataset_consumes_unknown_never_scheduled', 'dataset_produces_2', 'dataset_consumes_1_and_2', 'dataset_produces_1', 'dataset_consumes_1_never_scheduled' retrieved from /home/airflow/.local/lib/python3.12/site-packages/airflow/example_dags/example_datasets.py
[2024-05-28T09:57:39.575+0000] {logging_mixin.py:188} INFO - [2024-05-28T09:57:39.575+0000] {dag.py:3096} INFO - Sync 10 DAGs
[2024-05-28T09:57:39.631+0000] {logging_mixin.py:188} INFO - [2024-05-28T09:57:39.630+0000] {dag.py:3954} INFO - Setting next_dagrun for conditional_dataset_and_time_based_timetable to 2024-05-22 01:00:00+00:00, run_after=2024-05-22 01:00:00+00:00
[2024-05-28T09:57:39.639+0000] {logging_mixin.py:188} INFO - [2024-05-28T09:57:39.639+0000] {dag.py:3954} INFO - Setting next_dagrun for consume_1_and_2_with_dataset_expressions to None, run_after=None
[2024-05-28T09:57:39.642+0000] {logging_mixin.py:188} INFO - [2024-05-28T09:57:39.641+0000] {dag.py:3954} INFO - Setting next_dagrun for consume_1_or_2_with_dataset_expressions to None, run_after=None
[2024-05-28T09:57:39.646+0000] {logging_mixin.py:188} INFO - [2024-05-28T09:57:39.646+0000] {dag.py:3954} INFO - Setting next_dagrun for consume_1_or_both_2_and_3_with_dataset_expressions to None, run_after=None
[2024-05-28T09:57:39.649+0000] {logging_mixin.py:188} INFO - [2024-05-28T09:57:39.649+0000] {dag.py:3954} INFO - Setting next_dagrun for dataset_consumes_1 to None, run_after=None
[2024-05-28T09:57:39.652+0000] {logging_mixin.py:188} INFO - [2024-05-28T09:57:39.652+0000] {dag.py:3954} INFO - Setting next_dagrun for dataset_consumes_1_and_2 to None, run_after=None
[2024-05-28T09:57:39.656+0000] {logging_mixin.py:188} INFO - [2024-05-28T09:57:39.655+0000] {dag.py:3954} INFO - Setting next_dagrun for dataset_consumes_1_never_scheduled to None, run_after=None
[2024-05-28T09:57:39.658+0000] {logging_mixin.py:188} INFO - [2024-05-28T09:57:39.658+0000] {dag.py:3954} INFO - Setting next_dagrun for dataset_consumes_unknown_never_scheduled to None, run_after=None
[2024-05-28T09:57:39.662+0000] {logging_mixin.py:188} INFO - [2024-05-28T09:57:39.662+0000] {dag.py:3954} INFO - Setting next_dagrun for dataset_produces_1 to 2024-05-27 00:00:00+00:00, run_after=2024-05-28 00:00:00+00:00
[2024-05-28T09:57:39.664+0000] {logging_mixin.py:188} INFO - [2024-05-28T09:57:39.663+0000] {dag.py:3954} INFO - Setting next_dagrun for dataset_produces_2 to None, run_after=None
[2024-05-28T09:57:39.740+0000] {processor.py:183} INFO - Processing /home/airflow/.local/lib/python3.12/site-packages/airflow/example_dags/example_datasets.py took 0.390 seconds
[2024-05-28T09:58:09.791+0000] {processor.py:161} INFO - Started process (PID=991) to work on /home/airflow/.local/lib/python3.12/site-packages/airflow/example_dags/example_datasets.py
[2024-05-28T09:58:09.793+0000] {processor.py:830} INFO - Processing file /home/airflow/.local/lib/python3.12/site-packages/airflow/example_dags/example_datasets.py for tasks to queue
[2024-05-28T09:58:09.797+0000] {logging_mixin.py:188} INFO - [2024-05-28T09:58:09.796+0000] {dagbag.py:545} INFO - Filling up the DagBag from /home/airflow/.local/lib/python3.12/site-packages/airflow/example_dags/example_datasets.py
[2024-05-28T09:58:09.859+0000] {processor.py:840} INFO - DAG(s) 'dataset_consumes_1_never_scheduled', 'dataset_produces_1', 'dataset_consumes_1', 'dataset_consumes_1_and_2', 'consume_1_and_2_with_dataset_expressions', 'dataset_consumes_unknown_never_scheduled', 'conditional_dataset_and_time_based_timetable', 'consume_1_or_both_2_and_3_with_dataset_expressions', 'consume_1_or_2_with_dataset_expressions', 'dataset_produces_2' retrieved from /home/airflow/.local/lib/python3.12/site-packages/airflow/example_dags/example_datasets.py
[2024-05-28T09:58:09.969+0000] {logging_mixin.py:188} INFO - [2024-05-28T09:58:09.969+0000] {dag.py:3096} INFO - Sync 10 DAGs
[2024-05-28T09:58:10.021+0000] {logging_mixin.py:188} INFO - [2024-05-28T09:58:10.020+0000] {dag.py:3954} INFO - Setting next_dagrun for conditional_dataset_and_time_based_timetable to 2024-05-22 01:00:00+00:00, run_after=2024-05-22 01:00:00+00:00
[2024-05-28T09:58:10.026+0000] {logging_mixin.py:188} INFO - [2024-05-28T09:58:10.026+0000] {dag.py:3954} INFO - Setting next_dagrun for consume_1_and_2_with_dataset_expressions to None, run_after=None
[2024-05-28T09:58:10.028+0000] {logging_mixin.py:188} INFO - [2024-05-28T09:58:10.028+0000] {dag.py:3954} INFO - Setting next_dagrun for consume_1_or_2_with_dataset_expressions to None, run_after=None
[2024-05-28T09:58:10.031+0000] {logging_mixin.py:188} INFO - [2024-05-28T09:58:10.030+0000] {dag.py:3954} INFO - Setting next_dagrun for consume_1_or_both_2_and_3_with_dataset_expressions to None, run_after=None
[2024-05-28T09:58:10.033+0000] {logging_mixin.py:188} INFO - [2024-05-28T09:58:10.032+0000] {dag.py:3954} INFO - Setting next_dagrun for dataset_consumes_1 to None, run_after=None
[2024-05-28T09:58:10.036+0000] {logging_mixin.py:188} INFO - [2024-05-28T09:58:10.036+0000] {dag.py:3954} INFO - Setting next_dagrun for dataset_consumes_1_and_2 to None, run_after=None
[2024-05-28T09:58:10.038+0000] {logging_mixin.py:188} INFO - [2024-05-28T09:58:10.037+0000] {dag.py:3954} INFO - Setting next_dagrun for dataset_consumes_1_never_scheduled to None, run_after=None
[2024-05-28T09:58:10.040+0000] {logging_mixin.py:188} INFO - [2024-05-28T09:58:10.040+0000] {dag.py:3954} INFO - Setting next_dagrun for dataset_consumes_unknown_never_scheduled to None, run_after=None
[2024-05-28T09:58:10.045+0000] {logging_mixin.py:188} INFO - [2024-05-28T09:58:10.045+0000] {dag.py:3954} INFO - Setting next_dagrun for dataset_produces_1 to 2024-05-27 00:00:00+00:00, run_after=2024-05-28 00:00:00+00:00
[2024-05-28T09:58:10.047+0000] {logging_mixin.py:188} INFO - [2024-05-28T09:58:10.047+0000] {dag.py:3954} INFO - Setting next_dagrun for dataset_produces_2 to None, run_after=None
[2024-05-28T09:58:10.148+0000] {processor.py:183} INFO - Processing /home/airflow/.local/lib/python3.12/site-packages/airflow/example_dags/example_datasets.py took 0.373 seconds
[2024-05-28T10:00:16.094+0000] {processor.py:161} INFO - Started process (PID=65) to work on /home/airflow/.local/lib/python3.12/site-packages/airflow/example_dags/example_datasets.py
[2024-05-28T10:00:16.099+0000] {processor.py:830} INFO - Processing file /home/airflow/.local/lib/python3.12/site-packages/airflow/example_dags/example_datasets.py for tasks to queue
[2024-05-28T10:00:16.102+0000] {logging_mixin.py:188} INFO - [2024-05-28T10:00:16.102+0000] {dagbag.py:545} INFO - Filling up the DagBag from /home/airflow/.local/lib/python3.12/site-packages/airflow/example_dags/example_datasets.py
[2024-05-28T10:00:16.167+0000] {processor.py:840} INFO - DAG(s) 'dataset_consumes_1_and_2', 'conditional_dataset_and_time_based_timetable', 'dataset_consumes_1_never_scheduled', 'dataset_produces_1', 'consume_1_and_2_with_dataset_expressions', 'consume_1_or_2_with_dataset_expressions', 'dataset_consumes_unknown_never_scheduled', 'consume_1_or_both_2_and_3_with_dataset_expressions', 'dataset_produces_2', 'dataset_consumes_1' retrieved from /home/airflow/.local/lib/python3.12/site-packages/airflow/example_dags/example_datasets.py
[2024-05-28T10:00:16.946+0000] {logging_mixin.py:188} INFO - [2024-05-28T10:00:16.939+0000] {dag.py:3096} INFO - Sync 10 DAGs
[2024-05-28T10:00:17.010+0000] {logging_mixin.py:188} INFO - [2024-05-28T10:00:17.010+0000] {dag.py:3954} INFO - Setting next_dagrun for conditional_dataset_and_time_based_timetable to 2024-05-22 01:00:00+00:00, run_after=2024-05-22 01:00:00+00:00
[2024-05-28T10:00:17.017+0000] {logging_mixin.py:188} INFO - [2024-05-28T10:00:17.017+0000] {dag.py:3954} INFO - Setting next_dagrun for consume_1_and_2_with_dataset_expressions to None, run_after=None
[2024-05-28T10:00:17.020+0000] {logging_mixin.py:188} INFO - [2024-05-28T10:00:17.020+0000] {dag.py:3954} INFO - Setting next_dagrun for consume_1_or_2_with_dataset_expressions to None, run_after=None
[2024-05-28T10:00:17.023+0000] {logging_mixin.py:188} INFO - [2024-05-28T10:00:17.022+0000] {dag.py:3954} INFO - Setting next_dagrun for consume_1_or_both_2_and_3_with_dataset_expressions to None, run_after=None
[2024-05-28T10:00:17.026+0000] {logging_mixin.py:188} INFO - [2024-05-28T10:00:17.026+0000] {dag.py:3954} INFO - Setting next_dagrun for dataset_consumes_1 to None, run_after=None
[2024-05-28T10:00:17.029+0000] {logging_mixin.py:188} INFO - [2024-05-28T10:00:17.028+0000] {dag.py:3954} INFO - Setting next_dagrun for dataset_consumes_1_and_2 to None, run_after=None
[2024-05-28T10:00:17.033+0000] {logging_mixin.py:188} INFO - [2024-05-28T10:00:17.033+0000] {dag.py:3954} INFO - Setting next_dagrun for dataset_consumes_1_never_scheduled to None, run_after=None
[2024-05-28T10:00:17.035+0000] {logging_mixin.py:188} INFO - [2024-05-28T10:00:17.035+0000] {dag.py:3954} INFO - Setting next_dagrun for dataset_consumes_unknown_never_scheduled to None, run_after=None
[2024-05-28T10:00:17.040+0000] {logging_mixin.py:188} INFO - [2024-05-28T10:00:17.040+0000] {dag.py:3954} INFO - Setting next_dagrun for dataset_produces_1 to 2024-05-27 00:00:00+00:00, run_after=2024-05-28 00:00:00+00:00
[2024-05-28T10:00:17.043+0000] {logging_mixin.py:188} INFO - [2024-05-28T10:00:17.042+0000] {dag.py:3954} INFO - Setting next_dagrun for dataset_produces_2 to None, run_after=None
[2024-05-28T10:00:17.131+0000] {processor.py:183} INFO - Processing /home/airflow/.local/lib/python3.12/site-packages/airflow/example_dags/example_datasets.py took 1.048 seconds
[2024-05-28T10:00:47.364+0000] {processor.py:161} INFO - Started process (PID=123) to work on /home/airflow/.local/lib/python3.12/site-packages/airflow/example_dags/example_datasets.py
[2024-05-28T10:00:47.367+0000] {processor.py:830} INFO - Processing file /home/airflow/.local/lib/python3.12/site-packages/airflow/example_dags/example_datasets.py for tasks to queue
[2024-05-28T10:00:47.370+0000] {logging_mixin.py:188} INFO - [2024-05-28T10:00:47.370+0000] {dagbag.py:545} INFO - Filling up the DagBag from /home/airflow/.local/lib/python3.12/site-packages/airflow/example_dags/example_datasets.py
[2024-05-28T10:00:47.394+0000] {processor.py:840} INFO - DAG(s) 'dataset_consumes_1_never_scheduled', 'consume_1_or_both_2_and_3_with_dataset_expressions', 'consume_1_and_2_with_dataset_expressions', 'dataset_consumes_1', 'conditional_dataset_and_time_based_timetable', 'dataset_consumes_unknown_never_scheduled', 'dataset_produces_1', 'dataset_produces_2', 'consume_1_or_2_with_dataset_expressions', 'dataset_consumes_1_and_2' retrieved from /home/airflow/.local/lib/python3.12/site-packages/airflow/example_dags/example_datasets.py
[2024-05-28T10:00:47.511+0000] {logging_mixin.py:188} INFO - [2024-05-28T10:00:47.510+0000] {dag.py:3096} INFO - Sync 10 DAGs
[2024-05-28T10:00:47.560+0000] {logging_mixin.py:188} INFO - [2024-05-28T10:00:47.560+0000] {dag.py:3954} INFO - Setting next_dagrun for conditional_dataset_and_time_based_timetable to 2024-05-22 01:00:00+00:00, run_after=2024-05-22 01:00:00+00:00
[2024-05-28T10:00:47.569+0000] {logging_mixin.py:188} INFO - [2024-05-28T10:00:47.568+0000] {dag.py:3954} INFO - Setting next_dagrun for consume_1_and_2_with_dataset_expressions to None, run_after=None
[2024-05-28T10:00:47.572+0000] {logging_mixin.py:188} INFO - [2024-05-28T10:00:47.572+0000] {dag.py:3954} INFO - Setting next_dagrun for consume_1_or_2_with_dataset_expressions to None, run_after=None
[2024-05-28T10:00:47.574+0000] {logging_mixin.py:188} INFO - [2024-05-28T10:00:47.574+0000] {dag.py:3954} INFO - Setting next_dagrun for consume_1_or_both_2_and_3_with_dataset_expressions to None, run_after=None
[2024-05-28T10:00:47.579+0000] {logging_mixin.py:188} INFO - [2024-05-28T10:00:47.578+0000] {dag.py:3954} INFO - Setting next_dagrun for dataset_consumes_1 to None, run_after=None
[2024-05-28T10:00:47.582+0000] {logging_mixin.py:188} INFO - [2024-05-28T10:00:47.582+0000] {dag.py:3954} INFO - Setting next_dagrun for dataset_consumes_1_and_2 to None, run_after=None
[2024-05-28T10:00:47.586+0000] {logging_mixin.py:188} INFO - [2024-05-28T10:00:47.585+0000] {dag.py:3954} INFO - Setting next_dagrun for dataset_consumes_1_never_scheduled to None, run_after=None
[2024-05-28T10:00:47.588+0000] {logging_mixin.py:188} INFO - [2024-05-28T10:00:47.588+0000] {dag.py:3954} INFO - Setting next_dagrun for dataset_consumes_unknown_never_scheduled to None, run_after=None
[2024-05-28T10:00:47.596+0000] {logging_mixin.py:188} INFO - [2024-05-28T10:00:47.596+0000] {dag.py:3954} INFO - Setting next_dagrun for dataset_produces_1 to 2024-05-27 00:00:00+00:00, run_after=2024-05-28 00:00:00+00:00
[2024-05-28T10:00:47.599+0000] {logging_mixin.py:188} INFO - [2024-05-28T10:00:47.599+0000] {dag.py:3954} INFO - Setting next_dagrun for dataset_produces_2 to None, run_after=None
[2024-05-28T10:00:47.680+0000] {processor.py:183} INFO - Processing /home/airflow/.local/lib/python3.12/site-packages/airflow/example_dags/example_datasets.py took 0.324 seconds
[2024-05-28T10:01:17.789+0000] {processor.py:161} INFO - Started process (PID=181) to work on /home/airflow/.local/lib/python3.12/site-packages/airflow/example_dags/example_datasets.py
[2024-05-28T10:01:17.790+0000] {processor.py:830} INFO - Processing file /home/airflow/.local/lib/python3.12/site-packages/airflow/example_dags/example_datasets.py for tasks to queue
[2024-05-28T10:01:17.792+0000] {logging_mixin.py:188} INFO - [2024-05-28T10:01:17.792+0000] {dagbag.py:545} INFO - Filling up the DagBag from /home/airflow/.local/lib/python3.12/site-packages/airflow/example_dags/example_datasets.py
[2024-05-28T10:01:17.814+0000] {processor.py:840} INFO - DAG(s) 'dataset_produces_1', 'dataset_consumes_1_never_scheduled', 'dataset_consumes_unknown_never_scheduled', 'dataset_consumes_1_and_2', 'dataset_produces_2', 'consume_1_or_both_2_and_3_with_dataset_expressions', 'dataset_consumes_1', 'consume_1_and_2_with_dataset_expressions', 'consume_1_or_2_with_dataset_expressions', 'conditional_dataset_and_time_based_timetable' retrieved from /home/airflow/.local/lib/python3.12/site-packages/airflow/example_dags/example_datasets.py
[2024-05-28T10:01:17.924+0000] {logging_mixin.py:188} INFO - [2024-05-28T10:01:17.924+0000] {dag.py:3096} INFO - Sync 10 DAGs
[2024-05-28T10:01:17.970+0000] {logging_mixin.py:188} INFO - [2024-05-28T10:01:17.970+0000] {dag.py:3954} INFO - Setting next_dagrun for conditional_dataset_and_time_based_timetable to 2024-05-22 01:00:00+00:00, run_after=2024-05-22 01:00:00+00:00
[2024-05-28T10:01:17.975+0000] {logging_mixin.py:188} INFO - [2024-05-28T10:01:17.975+0000] {dag.py:3954} INFO - Setting next_dagrun for consume_1_and_2_with_dataset_expressions to None, run_after=None
[2024-05-28T10:01:17.977+0000] {logging_mixin.py:188} INFO - [2024-05-28T10:01:17.976+0000] {dag.py:3954} INFO - Setting next_dagrun for consume_1_or_2_with_dataset_expressions to None, run_after=None
[2024-05-28T10:01:17.978+0000] {logging_mixin.py:188} INFO - [2024-05-28T10:01:17.978+0000] {dag.py:3954} INFO - Setting next_dagrun for consume_1_or_both_2_and_3_with_dataset_expressions to None, run_after=None
[2024-05-28T10:01:17.979+0000] {logging_mixin.py:188} INFO - [2024-05-28T10:01:17.979+0000] {dag.py:3954} INFO - Setting next_dagrun for dataset_consumes_1 to None, run_after=None
[2024-05-28T10:01:17.980+0000] {logging_mixin.py:188} INFO - [2024-05-28T10:01:17.980+0000] {dag.py:3954} INFO - Setting next_dagrun for dataset_consumes_1_and_2 to None, run_after=None
[2024-05-28T10:01:17.981+0000] {logging_mixin.py:188} INFO - [2024-05-28T10:01:17.981+0000] {dag.py:3954} INFO - Setting next_dagrun for dataset_consumes_1_never_scheduled to None, run_after=None
[2024-05-28T10:01:17.983+0000] {logging_mixin.py:188} INFO - [2024-05-28T10:01:17.982+0000] {dag.py:3954} INFO - Setting next_dagrun for dataset_consumes_unknown_never_scheduled to None, run_after=None
[2024-05-28T10:01:17.985+0000] {logging_mixin.py:188} INFO - [2024-05-28T10:01:17.985+0000] {dag.py:3954} INFO - Setting next_dagrun for dataset_produces_1 to 2024-05-27 00:00:00+00:00, run_after=2024-05-28 00:00:00+00:00
[2024-05-28T10:01:17.987+0000] {logging_mixin.py:188} INFO - [2024-05-28T10:01:17.987+0000] {dag.py:3954} INFO - Setting next_dagrun for dataset_produces_2 to None, run_after=None
[2024-05-28T10:01:18.032+0000] {processor.py:183} INFO - Processing /home/airflow/.local/lib/python3.12/site-packages/airflow/example_dags/example_datasets.py took 0.254 seconds
