[2024-05-28T09:46:23.220+0000] {processor.py:161} INFO - Started process (PID=35) to work on /home/airflow/.local/lib/python3.12/site-packages/airflow/example_dags/example_bash_operator.py
[2024-05-28T09:46:23.222+0000] {processor.py:830} INFO - Processing file /home/airflow/.local/lib/python3.12/site-packages/airflow/example_dags/example_bash_operator.py for tasks to queue
[2024-05-28T09:46:23.228+0000] {logging_mixin.py:188} INFO - [2024-05-28T09:46:23.227+0000] {dagbag.py:545} INFO - Filling up the DagBag from /home/airflow/.local/lib/python3.12/site-packages/airflow/example_dags/example_bash_operator.py
[2024-05-28T09:46:23.291+0000] {processor.py:840} INFO - DAG(s) 'example_bash_operator' retrieved from /home/airflow/.local/lib/python3.12/site-packages/airflow/example_dags/example_bash_operator.py
[2024-05-28T09:46:23.732+0000] {logging_mixin.py:188} INFO - [2024-05-28T09:46:23.732+0000] {dag.py:3096} INFO - Sync 1 DAGs
[2024-05-28T09:46:23.768+0000] {logging_mixin.py:188} INFO - [2024-05-28T09:46:23.767+0000] {dag.py:3954} INFO - Setting next_dagrun for example_bash_operator to 2024-05-27 00:00:00+00:00, run_after=2024-05-28 00:00:00+00:00
[2024-05-28T09:46:23.805+0000] {processor.py:183} INFO - Processing /home/airflow/.local/lib/python3.12/site-packages/airflow/example_dags/example_bash_operator.py took 0.596 seconds
[2024-05-28T09:46:54.814+0000] {processor.py:161} INFO - Started process (PID=93) to work on /home/airflow/.local/lib/python3.12/site-packages/airflow/example_dags/example_bash_operator.py
[2024-05-28T09:46:54.817+0000] {processor.py:830} INFO - Processing file /home/airflow/.local/lib/python3.12/site-packages/airflow/example_dags/example_bash_operator.py for tasks to queue
[2024-05-28T09:46:54.821+0000] {logging_mixin.py:188} INFO - [2024-05-28T09:46:54.821+0000] {dagbag.py:545} INFO - Filling up the DagBag from /home/airflow/.local/lib/python3.12/site-packages/airflow/example_dags/example_bash_operator.py
[2024-05-28T09:46:54.849+0000] {processor.py:840} INFO - DAG(s) 'example_bash_operator' retrieved from /home/airflow/.local/lib/python3.12/site-packages/airflow/example_dags/example_bash_operator.py
[2024-05-28T09:46:54.941+0000] {logging_mixin.py:188} INFO - [2024-05-28T09:46:54.941+0000] {dag.py:3096} INFO - Sync 1 DAGs
[2024-05-28T09:46:55.004+0000] {logging_mixin.py:188} INFO - [2024-05-28T09:46:55.004+0000] {dag.py:3954} INFO - Setting next_dagrun for example_bash_operator to 2024-05-27 00:00:00+00:00, run_after=2024-05-28 00:00:00+00:00
[2024-05-28T09:46:55.044+0000] {processor.py:183} INFO - Processing /home/airflow/.local/lib/python3.12/site-packages/airflow/example_dags/example_bash_operator.py took 0.252 seconds
[2024-05-28T09:47:25.108+0000] {processor.py:161} INFO - Started process (PID=151) to work on /home/airflow/.local/lib/python3.12/site-packages/airflow/example_dags/example_bash_operator.py
[2024-05-28T09:47:25.110+0000] {processor.py:830} INFO - Processing file /home/airflow/.local/lib/python3.12/site-packages/airflow/example_dags/example_bash_operator.py for tasks to queue
[2024-05-28T09:47:25.113+0000] {logging_mixin.py:188} INFO - [2024-05-28T09:47:25.112+0000] {dagbag.py:545} INFO - Filling up the DagBag from /home/airflow/.local/lib/python3.12/site-packages/airflow/example_dags/example_bash_operator.py
[2024-05-28T09:47:25.131+0000] {processor.py:840} INFO - DAG(s) 'example_bash_operator' retrieved from /home/airflow/.local/lib/python3.12/site-packages/airflow/example_dags/example_bash_operator.py
[2024-05-28T09:47:25.183+0000] {logging_mixin.py:188} INFO - [2024-05-28T09:47:25.183+0000] {dag.py:3096} INFO - Sync 1 DAGs
[2024-05-28T09:47:25.219+0000] {logging_mixin.py:188} INFO - [2024-05-28T09:47:25.218+0000] {dag.py:3954} INFO - Setting next_dagrun for example_bash_operator to 2024-05-27 00:00:00+00:00, run_after=2024-05-28 00:00:00+00:00
[2024-05-28T09:47:25.246+0000] {processor.py:183} INFO - Processing /home/airflow/.local/lib/python3.12/site-packages/airflow/example_dags/example_bash_operator.py took 0.147 seconds
[2024-05-28T09:47:55.329+0000] {processor.py:161} INFO - Started process (PID=209) to work on /home/airflow/.local/lib/python3.12/site-packages/airflow/example_dags/example_bash_operator.py
[2024-05-28T09:47:55.332+0000] {processor.py:830} INFO - Processing file /home/airflow/.local/lib/python3.12/site-packages/airflow/example_dags/example_bash_operator.py for tasks to queue
[2024-05-28T09:47:55.335+0000] {logging_mixin.py:188} INFO - [2024-05-28T09:47:55.334+0000] {dagbag.py:545} INFO - Filling up the DagBag from /home/airflow/.local/lib/python3.12/site-packages/airflow/example_dags/example_bash_operator.py
[2024-05-28T09:47:55.356+0000] {processor.py:840} INFO - DAG(s) 'example_bash_operator' retrieved from /home/airflow/.local/lib/python3.12/site-packages/airflow/example_dags/example_bash_operator.py
[2024-05-28T09:47:55.429+0000] {logging_mixin.py:188} INFO - [2024-05-28T09:47:55.429+0000] {dag.py:3096} INFO - Sync 1 DAGs
[2024-05-28T09:47:55.482+0000] {logging_mixin.py:188} INFO - [2024-05-28T09:47:55.481+0000] {dag.py:3954} INFO - Setting next_dagrun for example_bash_operator to 2024-05-27 00:00:00+00:00, run_after=2024-05-28 00:00:00+00:00
[2024-05-28T09:47:55.521+0000] {processor.py:183} INFO - Processing /home/airflow/.local/lib/python3.12/site-packages/airflow/example_dags/example_bash_operator.py took 0.206 seconds
[2024-05-28T09:48:26.417+0000] {processor.py:161} INFO - Started process (PID=267) to work on /home/airflow/.local/lib/python3.12/site-packages/airflow/example_dags/example_bash_operator.py
[2024-05-28T09:48:26.420+0000] {processor.py:830} INFO - Processing file /home/airflow/.local/lib/python3.12/site-packages/airflow/example_dags/example_bash_operator.py for tasks to queue
[2024-05-28T09:48:26.434+0000] {logging_mixin.py:188} INFO - [2024-05-28T09:48:26.433+0000] {dagbag.py:545} INFO - Filling up the DagBag from /home/airflow/.local/lib/python3.12/site-packages/airflow/example_dags/example_bash_operator.py
[2024-05-28T09:48:26.479+0000] {processor.py:840} INFO - DAG(s) 'example_bash_operator' retrieved from /home/airflow/.local/lib/python3.12/site-packages/airflow/example_dags/example_bash_operator.py
[2024-05-28T09:48:26.552+0000] {logging_mixin.py:188} INFO - [2024-05-28T09:48:26.552+0000] {dag.py:3096} INFO - Sync 1 DAGs
[2024-05-28T09:48:26.615+0000] {logging_mixin.py:188} INFO - [2024-05-28T09:48:26.614+0000] {dag.py:3954} INFO - Setting next_dagrun for example_bash_operator to 2024-05-27 00:00:00+00:00, run_after=2024-05-28 00:00:00+00:00
[2024-05-28T09:48:26.655+0000] {processor.py:183} INFO - Processing /home/airflow/.local/lib/python3.12/site-packages/airflow/example_dags/example_bash_operator.py took 0.256 seconds
[2024-05-28T09:49:53.055+0000] {processor.py:161} INFO - Started process (PID=29) to work on /home/airflow/.local/lib/python3.12/site-packages/airflow/example_dags/example_bash_operator.py
[2024-05-28T09:49:53.057+0000] {processor.py:830} INFO - Processing file /home/airflow/.local/lib/python3.12/site-packages/airflow/example_dags/example_bash_operator.py for tasks to queue
[2024-05-28T09:49:53.060+0000] {logging_mixin.py:188} INFO - [2024-05-28T09:49:53.059+0000] {dagbag.py:545} INFO - Filling up the DagBag from /home/airflow/.local/lib/python3.12/site-packages/airflow/example_dags/example_bash_operator.py
[2024-05-28T09:49:53.089+0000] {processor.py:840} INFO - DAG(s) 'example_bash_operator' retrieved from /home/airflow/.local/lib/python3.12/site-packages/airflow/example_dags/example_bash_operator.py
[2024-05-28T09:49:53.447+0000] {logging_mixin.py:188} INFO - [2024-05-28T09:49:53.447+0000] {dag.py:3096} INFO - Sync 1 DAGs
[2024-05-28T09:49:53.482+0000] {logging_mixin.py:188} INFO - [2024-05-28T09:49:53.481+0000] {dag.py:3954} INFO - Setting next_dagrun for example_bash_operator to 2024-05-27 00:00:00+00:00, run_after=2024-05-28 00:00:00+00:00
[2024-05-28T09:49:53.516+0000] {processor.py:183} INFO - Processing /home/airflow/.local/lib/python3.12/site-packages/airflow/example_dags/example_bash_operator.py took 0.472 seconds
[2024-05-28T09:50:23.981+0000] {processor.py:161} INFO - Started process (PID=87) to work on /home/airflow/.local/lib/python3.12/site-packages/airflow/example_dags/example_bash_operator.py
[2024-05-28T09:50:23.985+0000] {processor.py:830} INFO - Processing file /home/airflow/.local/lib/python3.12/site-packages/airflow/example_dags/example_bash_operator.py for tasks to queue
[2024-05-28T09:50:23.991+0000] {logging_mixin.py:188} INFO - [2024-05-28T09:50:23.989+0000] {dagbag.py:545} INFO - Filling up the DagBag from /home/airflow/.local/lib/python3.12/site-packages/airflow/example_dags/example_bash_operator.py
[2024-05-28T09:50:24.026+0000] {processor.py:840} INFO - DAG(s) 'example_bash_operator' retrieved from /home/airflow/.local/lib/python3.12/site-packages/airflow/example_dags/example_bash_operator.py
[2024-05-28T09:50:24.065+0000] {logging_mixin.py:188} INFO - [2024-05-28T09:50:24.065+0000] {dag.py:3096} INFO - Sync 1 DAGs
[2024-05-28T09:50:24.095+0000] {logging_mixin.py:188} INFO - [2024-05-28T09:50:24.095+0000] {dag.py:3954} INFO - Setting next_dagrun for example_bash_operator to 2024-05-27 00:00:00+00:00, run_after=2024-05-28 00:00:00+00:00
[2024-05-28T09:50:24.125+0000] {processor.py:183} INFO - Processing /home/airflow/.local/lib/python3.12/site-packages/airflow/example_dags/example_bash_operator.py took 0.171 seconds
[2024-05-28T09:50:54.920+0000] {processor.py:161} INFO - Started process (PID=145) to work on /home/airflow/.local/lib/python3.12/site-packages/airflow/example_dags/example_bash_operator.py
[2024-05-28T09:50:54.921+0000] {processor.py:830} INFO - Processing file /home/airflow/.local/lib/python3.12/site-packages/airflow/example_dags/example_bash_operator.py for tasks to queue
[2024-05-28T09:50:54.924+0000] {logging_mixin.py:188} INFO - [2024-05-28T09:50:54.924+0000] {dagbag.py:545} INFO - Filling up the DagBag from /home/airflow/.local/lib/python3.12/site-packages/airflow/example_dags/example_bash_operator.py
[2024-05-28T09:50:54.938+0000] {processor.py:840} INFO - DAG(s) 'example_bash_operator' retrieved from /home/airflow/.local/lib/python3.12/site-packages/airflow/example_dags/example_bash_operator.py
[2024-05-28T09:50:54.979+0000] {logging_mixin.py:188} INFO - [2024-05-28T09:50:54.979+0000] {dag.py:3096} INFO - Sync 1 DAGs
[2024-05-28T09:50:55.020+0000] {logging_mixin.py:188} INFO - [2024-05-28T09:50:55.019+0000] {dag.py:3954} INFO - Setting next_dagrun for example_bash_operator to 2024-05-27 00:00:00+00:00, run_after=2024-05-28 00:00:00+00:00
[2024-05-28T09:50:55.061+0000] {processor.py:183} INFO - Processing /home/airflow/.local/lib/python3.12/site-packages/airflow/example_dags/example_bash_operator.py took 0.147 seconds
[2024-05-28T09:51:25.653+0000] {processor.py:161} INFO - Started process (PID=203) to work on /home/airflow/.local/lib/python3.12/site-packages/airflow/example_dags/example_bash_operator.py
[2024-05-28T09:51:25.655+0000] {processor.py:830} INFO - Processing file /home/airflow/.local/lib/python3.12/site-packages/airflow/example_dags/example_bash_operator.py for tasks to queue
[2024-05-28T09:51:25.657+0000] {logging_mixin.py:188} INFO - [2024-05-28T09:51:25.657+0000] {dagbag.py:545} INFO - Filling up the DagBag from /home/airflow/.local/lib/python3.12/site-packages/airflow/example_dags/example_bash_operator.py
[2024-05-28T09:51:25.675+0000] {processor.py:840} INFO - DAG(s) 'example_bash_operator' retrieved from /home/airflow/.local/lib/python3.12/site-packages/airflow/example_dags/example_bash_operator.py
[2024-05-28T09:51:25.719+0000] {logging_mixin.py:188} INFO - [2024-05-28T09:51:25.719+0000] {dag.py:3096} INFO - Sync 1 DAGs
[2024-05-28T09:51:25.753+0000] {logging_mixin.py:188} INFO - [2024-05-28T09:51:25.753+0000] {dag.py:3954} INFO - Setting next_dagrun for example_bash_operator to 2024-05-27 00:00:00+00:00, run_after=2024-05-28 00:00:00+00:00
[2024-05-28T09:51:25.781+0000] {processor.py:183} INFO - Processing /home/airflow/.local/lib/python3.12/site-packages/airflow/example_dags/example_bash_operator.py took 0.136 seconds
[2024-05-28T09:51:56.325+0000] {processor.py:161} INFO - Started process (PID=261) to work on /home/airflow/.local/lib/python3.12/site-packages/airflow/example_dags/example_bash_operator.py
[2024-05-28T09:51:56.326+0000] {processor.py:830} INFO - Processing file /home/airflow/.local/lib/python3.12/site-packages/airflow/example_dags/example_bash_operator.py for tasks to queue
[2024-05-28T09:51:56.330+0000] {logging_mixin.py:188} INFO - [2024-05-28T09:51:56.329+0000] {dagbag.py:545} INFO - Filling up the DagBag from /home/airflow/.local/lib/python3.12/site-packages/airflow/example_dags/example_bash_operator.py
[2024-05-28T09:51:56.359+0000] {processor.py:840} INFO - DAG(s) 'example_bash_operator' retrieved from /home/airflow/.local/lib/python3.12/site-packages/airflow/example_dags/example_bash_operator.py
[2024-05-28T09:51:56.438+0000] {logging_mixin.py:188} INFO - [2024-05-28T09:51:56.437+0000] {dag.py:3096} INFO - Sync 1 DAGs
[2024-05-28T09:51:56.489+0000] {logging_mixin.py:188} INFO - [2024-05-28T09:51:56.488+0000] {dag.py:3954} INFO - Setting next_dagrun for example_bash_operator to 2024-05-27 00:00:00+00:00, run_after=2024-05-28 00:00:00+00:00
[2024-05-28T09:51:56.518+0000] {processor.py:183} INFO - Processing /home/airflow/.local/lib/python3.12/site-packages/airflow/example_dags/example_bash_operator.py took 0.207 seconds
[2024-05-28T09:52:26.933+0000] {processor.py:161} INFO - Started process (PID=318) to work on /home/airflow/.local/lib/python3.12/site-packages/airflow/example_dags/example_bash_operator.py
[2024-05-28T09:52:26.935+0000] {processor.py:830} INFO - Processing file /home/airflow/.local/lib/python3.12/site-packages/airflow/example_dags/example_bash_operator.py for tasks to queue
[2024-05-28T09:52:26.937+0000] {logging_mixin.py:188} INFO - [2024-05-28T09:52:26.937+0000] {dagbag.py:545} INFO - Filling up the DagBag from /home/airflow/.local/lib/python3.12/site-packages/airflow/example_dags/example_bash_operator.py
[2024-05-28T09:52:26.978+0000] {processor.py:840} INFO - DAG(s) 'example_bash_operator' retrieved from /home/airflow/.local/lib/python3.12/site-packages/airflow/example_dags/example_bash_operator.py
[2024-05-28T09:52:27.042+0000] {logging_mixin.py:188} INFO - [2024-05-28T09:52:27.042+0000] {dag.py:3096} INFO - Sync 1 DAGs
[2024-05-28T09:52:27.112+0000] {logging_mixin.py:188} INFO - [2024-05-28T09:52:27.111+0000] {dag.py:3954} INFO - Setting next_dagrun for example_bash_operator to 2024-05-27 00:00:00+00:00, run_after=2024-05-28 00:00:00+00:00
[2024-05-28T09:52:27.153+0000] {processor.py:183} INFO - Processing /home/airflow/.local/lib/python3.12/site-packages/airflow/example_dags/example_bash_operator.py took 0.242 seconds
[2024-05-28T09:52:57.757+0000] {processor.py:161} INFO - Started process (PID=376) to work on /home/airflow/.local/lib/python3.12/site-packages/airflow/example_dags/example_bash_operator.py
[2024-05-28T09:52:57.759+0000] {processor.py:830} INFO - Processing file /home/airflow/.local/lib/python3.12/site-packages/airflow/example_dags/example_bash_operator.py for tasks to queue
[2024-05-28T09:52:57.762+0000] {logging_mixin.py:188} INFO - [2024-05-28T09:52:57.761+0000] {dagbag.py:545} INFO - Filling up the DagBag from /home/airflow/.local/lib/python3.12/site-packages/airflow/example_dags/example_bash_operator.py
[2024-05-28T09:52:57.785+0000] {processor.py:840} INFO - DAG(s) 'example_bash_operator' retrieved from /home/airflow/.local/lib/python3.12/site-packages/airflow/example_dags/example_bash_operator.py
[2024-05-28T09:52:57.840+0000] {logging_mixin.py:188} INFO - [2024-05-28T09:52:57.840+0000] {dag.py:3096} INFO - Sync 1 DAGs
[2024-05-28T09:52:57.882+0000] {logging_mixin.py:188} INFO - [2024-05-28T09:52:57.882+0000] {dag.py:3954} INFO - Setting next_dagrun for example_bash_operator to 2024-05-27 00:00:00+00:00, run_after=2024-05-28 00:00:00+00:00
[2024-05-28T09:52:57.921+0000] {processor.py:183} INFO - Processing /home/airflow/.local/lib/python3.12/site-packages/airflow/example_dags/example_bash_operator.py took 0.180 seconds
[2024-05-28T09:53:28.532+0000] {processor.py:161} INFO - Started process (PID=434) to work on /home/airflow/.local/lib/python3.12/site-packages/airflow/example_dags/example_bash_operator.py
[2024-05-28T09:53:28.540+0000] {processor.py:830} INFO - Processing file /home/airflow/.local/lib/python3.12/site-packages/airflow/example_dags/example_bash_operator.py for tasks to queue
[2024-05-28T09:53:28.542+0000] {logging_mixin.py:188} INFO - [2024-05-28T09:53:28.542+0000] {dagbag.py:545} INFO - Filling up the DagBag from /home/airflow/.local/lib/python3.12/site-packages/airflow/example_dags/example_bash_operator.py
[2024-05-28T09:53:28.600+0000] {processor.py:840} INFO - DAG(s) 'example_bash_operator' retrieved from /home/airflow/.local/lib/python3.12/site-packages/airflow/example_dags/example_bash_operator.py
[2024-05-28T09:53:28.701+0000] {logging_mixin.py:188} INFO - [2024-05-28T09:53:28.699+0000] {dag.py:3096} INFO - Sync 1 DAGs
[2024-05-28T09:53:28.788+0000] {logging_mixin.py:188} INFO - [2024-05-28T09:53:28.788+0000] {dag.py:3954} INFO - Setting next_dagrun for example_bash_operator to 2024-05-27 00:00:00+00:00, run_after=2024-05-28 00:00:00+00:00
[2024-05-28T09:53:28.838+0000] {processor.py:183} INFO - Processing /home/airflow/.local/lib/python3.12/site-packages/airflow/example_dags/example_bash_operator.py took 0.321 seconds
[2024-05-28T09:53:59.017+0000] {processor.py:161} INFO - Started process (PID=492) to work on /home/airflow/.local/lib/python3.12/site-packages/airflow/example_dags/example_bash_operator.py
[2024-05-28T09:53:59.019+0000] {processor.py:830} INFO - Processing file /home/airflow/.local/lib/python3.12/site-packages/airflow/example_dags/example_bash_operator.py for tasks to queue
[2024-05-28T09:53:59.022+0000] {logging_mixin.py:188} INFO - [2024-05-28T09:53:59.021+0000] {dagbag.py:545} INFO - Filling up the DagBag from /home/airflow/.local/lib/python3.12/site-packages/airflow/example_dags/example_bash_operator.py
[2024-05-28T09:53:59.045+0000] {processor.py:840} INFO - DAG(s) 'example_bash_operator' retrieved from /home/airflow/.local/lib/python3.12/site-packages/airflow/example_dags/example_bash_operator.py
[2024-05-28T09:53:59.106+0000] {logging_mixin.py:188} INFO - [2024-05-28T09:53:59.106+0000] {dag.py:3096} INFO - Sync 1 DAGs
[2024-05-28T09:53:59.160+0000] {logging_mixin.py:188} INFO - [2024-05-28T09:53:59.160+0000] {dag.py:3954} INFO - Setting next_dagrun for example_bash_operator to 2024-05-27 00:00:00+00:00, run_after=2024-05-28 00:00:00+00:00
[2024-05-28T09:53:59.200+0000] {processor.py:183} INFO - Processing /home/airflow/.local/lib/python3.12/site-packages/airflow/example_dags/example_bash_operator.py took 0.193 seconds
[2024-05-28T09:54:29.831+0000] {processor.py:161} INFO - Started process (PID=550) to work on /home/airflow/.local/lib/python3.12/site-packages/airflow/example_dags/example_bash_operator.py
[2024-05-28T09:54:29.832+0000] {processor.py:830} INFO - Processing file /home/airflow/.local/lib/python3.12/site-packages/airflow/example_dags/example_bash_operator.py for tasks to queue
[2024-05-28T09:54:29.841+0000] {logging_mixin.py:188} INFO - [2024-05-28T09:54:29.838+0000] {dagbag.py:545} INFO - Filling up the DagBag from /home/airflow/.local/lib/python3.12/site-packages/airflow/example_dags/example_bash_operator.py
[2024-05-28T09:54:29.861+0000] {processor.py:840} INFO - DAG(s) 'example_bash_operator' retrieved from /home/airflow/.local/lib/python3.12/site-packages/airflow/example_dags/example_bash_operator.py
[2024-05-28T09:54:29.913+0000] {logging_mixin.py:188} INFO - [2024-05-28T09:54:29.913+0000] {dag.py:3096} INFO - Sync 1 DAGs
[2024-05-28T09:54:29.946+0000] {logging_mixin.py:188} INFO - [2024-05-28T09:54:29.946+0000] {dag.py:3954} INFO - Setting next_dagrun for example_bash_operator to 2024-05-27 00:00:00+00:00, run_after=2024-05-28 00:00:00+00:00
[2024-05-28T09:54:29.975+0000] {processor.py:183} INFO - Processing /home/airflow/.local/lib/python3.12/site-packages/airflow/example_dags/example_bash_operator.py took 0.166 seconds
[2024-05-28T09:55:00.662+0000] {processor.py:161} INFO - Started process (PID=608) to work on /home/airflow/.local/lib/python3.12/site-packages/airflow/example_dags/example_bash_operator.py
[2024-05-28T09:55:00.683+0000] {processor.py:830} INFO - Processing file /home/airflow/.local/lib/python3.12/site-packages/airflow/example_dags/example_bash_operator.py for tasks to queue
[2024-05-28T09:55:00.686+0000] {logging_mixin.py:188} INFO - [2024-05-28T09:55:00.686+0000] {dagbag.py:545} INFO - Filling up the DagBag from /home/airflow/.local/lib/python3.12/site-packages/airflow/example_dags/example_bash_operator.py
[2024-05-28T09:55:00.762+0000] {processor.py:840} INFO - DAG(s) 'example_bash_operator' retrieved from /home/airflow/.local/lib/python3.12/site-packages/airflow/example_dags/example_bash_operator.py
[2024-05-28T09:55:00.828+0000] {logging_mixin.py:188} INFO - [2024-05-28T09:55:00.827+0000] {dag.py:3096} INFO - Sync 1 DAGs
[2024-05-28T09:55:00.894+0000] {logging_mixin.py:188} INFO - [2024-05-28T09:55:00.894+0000] {dag.py:3954} INFO - Setting next_dagrun for example_bash_operator to 2024-05-27 00:00:00+00:00, run_after=2024-05-28 00:00:00+00:00
[2024-05-28T09:55:00.956+0000] {processor.py:183} INFO - Processing /home/airflow/.local/lib/python3.12/site-packages/airflow/example_dags/example_bash_operator.py took 0.325 seconds
[2024-05-28T09:55:31.187+0000] {processor.py:161} INFO - Started process (PID=666) to work on /home/airflow/.local/lib/python3.12/site-packages/airflow/example_dags/example_bash_operator.py
[2024-05-28T09:55:31.189+0000] {processor.py:830} INFO - Processing file /home/airflow/.local/lib/python3.12/site-packages/airflow/example_dags/example_bash_operator.py for tasks to queue
[2024-05-28T09:55:31.192+0000] {logging_mixin.py:188} INFO - [2024-05-28T09:55:31.192+0000] {dagbag.py:545} INFO - Filling up the DagBag from /home/airflow/.local/lib/python3.12/site-packages/airflow/example_dags/example_bash_operator.py
[2024-05-28T09:55:31.223+0000] {processor.py:840} INFO - DAG(s) 'example_bash_operator' retrieved from /home/airflow/.local/lib/python3.12/site-packages/airflow/example_dags/example_bash_operator.py
[2024-05-28T09:55:31.336+0000] {logging_mixin.py:188} INFO - [2024-05-28T09:55:31.335+0000] {dag.py:3096} INFO - Sync 1 DAGs
[2024-05-28T09:55:31.424+0000] {logging_mixin.py:188} INFO - [2024-05-28T09:55:31.422+0000] {dag.py:3954} INFO - Setting next_dagrun for example_bash_operator to 2024-05-27 00:00:00+00:00, run_after=2024-05-28 00:00:00+00:00
[2024-05-28T09:55:31.502+0000] {processor.py:183} INFO - Processing /home/airflow/.local/lib/python3.12/site-packages/airflow/example_dags/example_bash_operator.py took 0.330 seconds
[2024-05-28T09:56:01.761+0000] {processor.py:161} INFO - Started process (PID=724) to work on /home/airflow/.local/lib/python3.12/site-packages/airflow/example_dags/example_bash_operator.py
[2024-05-28T09:56:01.770+0000] {processor.py:830} INFO - Processing file /home/airflow/.local/lib/python3.12/site-packages/airflow/example_dags/example_bash_operator.py for tasks to queue
[2024-05-28T09:56:01.782+0000] {logging_mixin.py:188} INFO - [2024-05-28T09:56:01.781+0000] {dagbag.py:545} INFO - Filling up the DagBag from /home/airflow/.local/lib/python3.12/site-packages/airflow/example_dags/example_bash_operator.py
[2024-05-28T09:56:01.810+0000] {processor.py:840} INFO - DAG(s) 'example_bash_operator' retrieved from /home/airflow/.local/lib/python3.12/site-packages/airflow/example_dags/example_bash_operator.py
[2024-05-28T09:56:01.905+0000] {logging_mixin.py:188} INFO - [2024-05-28T09:56:01.901+0000] {dag.py:3096} INFO - Sync 1 DAGs
[2024-05-28T09:56:01.980+0000] {logging_mixin.py:188} INFO - [2024-05-28T09:56:01.979+0000] {dag.py:3954} INFO - Setting next_dagrun for example_bash_operator to 2024-05-27 00:00:00+00:00, run_after=2024-05-28 00:00:00+00:00
[2024-05-28T09:56:02.024+0000] {processor.py:183} INFO - Processing /home/airflow/.local/lib/python3.12/site-packages/airflow/example_dags/example_bash_operator.py took 0.269 seconds
[2024-05-28T09:56:32.497+0000] {processor.py:161} INFO - Started process (PID=782) to work on /home/airflow/.local/lib/python3.12/site-packages/airflow/example_dags/example_bash_operator.py
[2024-05-28T09:56:32.499+0000] {processor.py:830} INFO - Processing file /home/airflow/.local/lib/python3.12/site-packages/airflow/example_dags/example_bash_operator.py for tasks to queue
[2024-05-28T09:56:32.503+0000] {logging_mixin.py:188} INFO - [2024-05-28T09:56:32.502+0000] {dagbag.py:545} INFO - Filling up the DagBag from /home/airflow/.local/lib/python3.12/site-packages/airflow/example_dags/example_bash_operator.py
[2024-05-28T09:56:32.522+0000] {processor.py:840} INFO - DAG(s) 'example_bash_operator' retrieved from /home/airflow/.local/lib/python3.12/site-packages/airflow/example_dags/example_bash_operator.py
[2024-05-28T09:56:32.615+0000] {logging_mixin.py:188} INFO - [2024-05-28T09:56:32.615+0000] {dag.py:3096} INFO - Sync 1 DAGs
[2024-05-28T09:56:32.681+0000] {logging_mixin.py:188} INFO - [2024-05-28T09:56:32.680+0000] {dag.py:3954} INFO - Setting next_dagrun for example_bash_operator to 2024-05-27 00:00:00+00:00, run_after=2024-05-28 00:00:00+00:00
[2024-05-28T09:56:32.752+0000] {processor.py:183} INFO - Processing /home/airflow/.local/lib/python3.12/site-packages/airflow/example_dags/example_bash_operator.py took 0.261 seconds
[2024-05-28T09:57:03.187+0000] {processor.py:161} INFO - Started process (PID=840) to work on /home/airflow/.local/lib/python3.12/site-packages/airflow/example_dags/example_bash_operator.py
[2024-05-28T09:57:03.189+0000] {processor.py:830} INFO - Processing file /home/airflow/.local/lib/python3.12/site-packages/airflow/example_dags/example_bash_operator.py for tasks to queue
[2024-05-28T09:57:03.192+0000] {logging_mixin.py:188} INFO - [2024-05-28T09:57:03.191+0000] {dagbag.py:545} INFO - Filling up the DagBag from /home/airflow/.local/lib/python3.12/site-packages/airflow/example_dags/example_bash_operator.py
[2024-05-28T09:57:03.206+0000] {processor.py:840} INFO - DAG(s) 'example_bash_operator' retrieved from /home/airflow/.local/lib/python3.12/site-packages/airflow/example_dags/example_bash_operator.py
[2024-05-28T09:57:03.250+0000] {logging_mixin.py:188} INFO - [2024-05-28T09:57:03.249+0000] {dag.py:3096} INFO - Sync 1 DAGs
[2024-05-28T09:57:03.336+0000] {logging_mixin.py:188} INFO - [2024-05-28T09:57:03.332+0000] {dag.py:3954} INFO - Setting next_dagrun for example_bash_operator to 2024-05-27 00:00:00+00:00, run_after=2024-05-28 00:00:00+00:00
[2024-05-28T09:57:03.379+0000] {processor.py:183} INFO - Processing /home/airflow/.local/lib/python3.12/site-packages/airflow/example_dags/example_bash_operator.py took 0.201 seconds
[2024-05-28T09:57:33.814+0000] {processor.py:161} INFO - Started process (PID=897) to work on /home/airflow/.local/lib/python3.12/site-packages/airflow/example_dags/example_bash_operator.py
[2024-05-28T09:57:33.815+0000] {processor.py:830} INFO - Processing file /home/airflow/.local/lib/python3.12/site-packages/airflow/example_dags/example_bash_operator.py for tasks to queue
[2024-05-28T09:57:33.818+0000] {logging_mixin.py:188} INFO - [2024-05-28T09:57:33.817+0000] {dagbag.py:545} INFO - Filling up the DagBag from /home/airflow/.local/lib/python3.12/site-packages/airflow/example_dags/example_bash_operator.py
[2024-05-28T09:57:33.835+0000] {processor.py:840} INFO - DAG(s) 'example_bash_operator' retrieved from /home/airflow/.local/lib/python3.12/site-packages/airflow/example_dags/example_bash_operator.py
[2024-05-28T09:57:33.873+0000] {logging_mixin.py:188} INFO - [2024-05-28T09:57:33.872+0000] {dag.py:3096} INFO - Sync 1 DAGs
[2024-05-28T09:57:33.905+0000] {logging_mixin.py:188} INFO - [2024-05-28T09:57:33.905+0000] {dag.py:3954} INFO - Setting next_dagrun for example_bash_operator to 2024-05-27 00:00:00+00:00, run_after=2024-05-28 00:00:00+00:00
[2024-05-28T09:57:33.970+0000] {processor.py:183} INFO - Processing /home/airflow/.local/lib/python3.12/site-packages/airflow/example_dags/example_bash_operator.py took 0.164 seconds
[2024-05-28T09:58:04.248+0000] {processor.py:161} INFO - Started process (PID=962) to work on /home/airflow/.local/lib/python3.12/site-packages/airflow/example_dags/example_bash_operator.py
[2024-05-28T09:58:04.249+0000] {processor.py:830} INFO - Processing file /home/airflow/.local/lib/python3.12/site-packages/airflow/example_dags/example_bash_operator.py for tasks to queue
[2024-05-28T09:58:04.258+0000] {logging_mixin.py:188} INFO - [2024-05-28T09:58:04.256+0000] {dagbag.py:545} INFO - Filling up the DagBag from /home/airflow/.local/lib/python3.12/site-packages/airflow/example_dags/example_bash_operator.py
[2024-05-28T09:58:04.279+0000] {processor.py:840} INFO - DAG(s) 'example_bash_operator' retrieved from /home/airflow/.local/lib/python3.12/site-packages/airflow/example_dags/example_bash_operator.py
[2024-05-28T09:58:04.337+0000] {logging_mixin.py:188} INFO - [2024-05-28T09:58:04.337+0000] {dag.py:3096} INFO - Sync 1 DAGs
[2024-05-28T09:58:04.397+0000] {logging_mixin.py:188} INFO - [2024-05-28T09:58:04.397+0000] {dag.py:3954} INFO - Setting next_dagrun for example_bash_operator to 2024-05-27 00:00:00+00:00, run_after=2024-05-28 00:00:00+00:00
[2024-05-28T09:58:04.439+0000] {processor.py:183} INFO - Processing /home/airflow/.local/lib/python3.12/site-packages/airflow/example_dags/example_bash_operator.py took 0.202 seconds
[2024-05-28T10:00:07.253+0000] {processor.py:161} INFO - Started process (PID=30) to work on /home/airflow/.local/lib/python3.12/site-packages/airflow/example_dags/example_bash_operator.py
[2024-05-28T10:00:07.255+0000] {processor.py:830} INFO - Processing file /home/airflow/.local/lib/python3.12/site-packages/airflow/example_dags/example_bash_operator.py for tasks to queue
[2024-05-28T10:00:07.259+0000] {logging_mixin.py:188} INFO - [2024-05-28T10:00:07.258+0000] {dagbag.py:545} INFO - Filling up the DagBag from /home/airflow/.local/lib/python3.12/site-packages/airflow/example_dags/example_bash_operator.py
[2024-05-28T10:00:07.319+0000] {processor.py:840} INFO - DAG(s) 'example_bash_operator' retrieved from /home/airflow/.local/lib/python3.12/site-packages/airflow/example_dags/example_bash_operator.py
[2024-05-28T10:00:07.953+0000] {logging_mixin.py:188} INFO - [2024-05-28T10:00:07.952+0000] {dag.py:3096} INFO - Sync 1 DAGs
[2024-05-28T10:00:08.008+0000] {logging_mixin.py:188} INFO - [2024-05-28T10:00:08.008+0000] {dag.py:3954} INFO - Setting next_dagrun for example_bash_operator to 2024-05-27 00:00:00+00:00, run_after=2024-05-28 00:00:00+00:00
[2024-05-28T10:00:08.101+0000] {processor.py:183} INFO - Processing /home/airflow/.local/lib/python3.12/site-packages/airflow/example_dags/example_bash_operator.py took 0.859 seconds
[2024-05-28T10:00:38.998+0000] {processor.py:161} INFO - Started process (PID=88) to work on /home/airflow/.local/lib/python3.12/site-packages/airflow/example_dags/example_bash_operator.py
[2024-05-28T10:00:38.999+0000] {processor.py:830} INFO - Processing file /home/airflow/.local/lib/python3.12/site-packages/airflow/example_dags/example_bash_operator.py for tasks to queue
[2024-05-28T10:00:39.003+0000] {logging_mixin.py:188} INFO - [2024-05-28T10:00:39.002+0000] {dagbag.py:545} INFO - Filling up the DagBag from /home/airflow/.local/lib/python3.12/site-packages/airflow/example_dags/example_bash_operator.py
[2024-05-28T10:00:39.019+0000] {processor.py:840} INFO - DAG(s) 'example_bash_operator' retrieved from /home/airflow/.local/lib/python3.12/site-packages/airflow/example_dags/example_bash_operator.py
[2024-05-28T10:00:39.068+0000] {logging_mixin.py:188} INFO - [2024-05-28T10:00:39.067+0000] {dag.py:3096} INFO - Sync 1 DAGs
[2024-05-28T10:00:39.103+0000] {logging_mixin.py:188} INFO - [2024-05-28T10:00:39.103+0000] {dag.py:3954} INFO - Setting next_dagrun for example_bash_operator to 2024-05-27 00:00:00+00:00, run_after=2024-05-28 00:00:00+00:00
[2024-05-28T10:00:39.135+0000] {processor.py:183} INFO - Processing /home/airflow/.local/lib/python3.12/site-packages/airflow/example_dags/example_bash_operator.py took 0.146 seconds
[2024-05-28T10:01:09.379+0000] {processor.py:161} INFO - Started process (PID=146) to work on /home/airflow/.local/lib/python3.12/site-packages/airflow/example_dags/example_bash_operator.py
[2024-05-28T10:01:09.380+0000] {processor.py:830} INFO - Processing file /home/airflow/.local/lib/python3.12/site-packages/airflow/example_dags/example_bash_operator.py for tasks to queue
[2024-05-28T10:01:09.382+0000] {logging_mixin.py:188} INFO - [2024-05-28T10:01:09.382+0000] {dagbag.py:545} INFO - Filling up the DagBag from /home/airflow/.local/lib/python3.12/site-packages/airflow/example_dags/example_bash_operator.py
[2024-05-28T10:01:09.400+0000] {processor.py:840} INFO - DAG(s) 'example_bash_operator' retrieved from /home/airflow/.local/lib/python3.12/site-packages/airflow/example_dags/example_bash_operator.py
[2024-05-28T10:01:09.449+0000] {logging_mixin.py:188} INFO - [2024-05-28T10:01:09.449+0000] {dag.py:3096} INFO - Sync 1 DAGs
[2024-05-28T10:01:09.497+0000] {logging_mixin.py:188} INFO - [2024-05-28T10:01:09.497+0000] {dag.py:3954} INFO - Setting next_dagrun for example_bash_operator to 2024-05-27 00:00:00+00:00, run_after=2024-05-28 00:00:00+00:00
[2024-05-28T10:01:09.589+0000] {processor.py:183} INFO - Processing /home/airflow/.local/lib/python3.12/site-packages/airflow/example_dags/example_bash_operator.py took 0.235 seconds
