[2024-05-28T09:46:25.238+0000] {processor.py:161} INFO - Started process (PID=42) to work on /home/airflow/.local/lib/python3.12/site-packages/airflow/example_dags/example_nested_branch_dag.py
[2024-05-28T09:46:25.239+0000] {processor.py:830} INFO - Processing file /home/airflow/.local/lib/python3.12/site-packages/airflow/example_dags/example_nested_branch_dag.py for tasks to queue
[2024-05-28T09:46:25.242+0000] {logging_mixin.py:188} INFO - [2024-05-28T09:46:25.242+0000] {dagbag.py:545} INFO - Filling up the DagBag from /home/airflow/.local/lib/python3.12/site-packages/airflow/example_dags/example_nested_branch_dag.py
[2024-05-28T09:46:25.265+0000] {processor.py:840} INFO - DAG(s) 'example_nested_branch_dag' retrieved from /home/airflow/.local/lib/python3.12/site-packages/airflow/example_dags/example_nested_branch_dag.py
[2024-05-28T09:46:25.471+0000] {logging_mixin.py:188} INFO - [2024-05-28T09:46:25.471+0000] {dag.py:3096} INFO - Sync 1 DAGs
[2024-05-28T09:46:25.509+0000] {logging_mixin.py:188} INFO - [2024-05-28T09:46:25.508+0000] {dag.py:3954} INFO - Setting next_dagrun for example_nested_branch_dag to 2024-05-27 00:00:00+00:00, run_after=2024-05-28 00:00:00+00:00
[2024-05-28T09:46:25.548+0000] {processor.py:183} INFO - Processing /home/airflow/.local/lib/python3.12/site-packages/airflow/example_dags/example_nested_branch_dag.py took 0.321 seconds
[2024-05-28T09:46:55.662+0000] {processor.py:161} INFO - Started process (PID=100) to work on /home/airflow/.local/lib/python3.12/site-packages/airflow/example_dags/example_nested_branch_dag.py
[2024-05-28T09:46:55.664+0000] {processor.py:830} INFO - Processing file /home/airflow/.local/lib/python3.12/site-packages/airflow/example_dags/example_nested_branch_dag.py for tasks to queue
[2024-05-28T09:46:55.668+0000] {logging_mixin.py:188} INFO - [2024-05-28T09:46:55.667+0000] {dagbag.py:545} INFO - Filling up the DagBag from /home/airflow/.local/lib/python3.12/site-packages/airflow/example_dags/example_nested_branch_dag.py
[2024-05-28T09:46:55.684+0000] {processor.py:840} INFO - DAG(s) 'example_nested_branch_dag' retrieved from /home/airflow/.local/lib/python3.12/site-packages/airflow/example_dags/example_nested_branch_dag.py
[2024-05-28T09:46:55.729+0000] {logging_mixin.py:188} INFO - [2024-05-28T09:46:55.729+0000] {dag.py:3096} INFO - Sync 1 DAGs
[2024-05-28T09:46:55.829+0000] {logging_mixin.py:188} INFO - [2024-05-28T09:46:55.824+0000] {dag.py:3954} INFO - Setting next_dagrun for example_nested_branch_dag to 2024-05-27 00:00:00+00:00, run_after=2024-05-28 00:00:00+00:00
[2024-05-28T09:46:55.900+0000] {processor.py:183} INFO - Processing /home/airflow/.local/lib/python3.12/site-packages/airflow/example_dags/example_nested_branch_dag.py took 0.246 seconds
[2024-05-28T09:47:25.961+0000] {processor.py:161} INFO - Started process (PID=158) to work on /home/airflow/.local/lib/python3.12/site-packages/airflow/example_dags/example_nested_branch_dag.py
[2024-05-28T09:47:25.963+0000] {processor.py:830} INFO - Processing file /home/airflow/.local/lib/python3.12/site-packages/airflow/example_dags/example_nested_branch_dag.py for tasks to queue
[2024-05-28T09:47:25.965+0000] {logging_mixin.py:188} INFO - [2024-05-28T09:47:25.965+0000] {dagbag.py:545} INFO - Filling up the DagBag from /home/airflow/.local/lib/python3.12/site-packages/airflow/example_dags/example_nested_branch_dag.py
[2024-05-28T09:47:25.977+0000] {processor.py:840} INFO - DAG(s) 'example_nested_branch_dag' retrieved from /home/airflow/.local/lib/python3.12/site-packages/airflow/example_dags/example_nested_branch_dag.py
[2024-05-28T09:47:26.009+0000] {logging_mixin.py:188} INFO - [2024-05-28T09:47:26.009+0000] {dag.py:3096} INFO - Sync 1 DAGs
[2024-05-28T09:47:26.047+0000] {logging_mixin.py:188} INFO - [2024-05-28T09:47:26.047+0000] {dag.py:3954} INFO - Setting next_dagrun for example_nested_branch_dag to 2024-05-27 00:00:00+00:00, run_after=2024-05-28 00:00:00+00:00
[2024-05-28T09:47:26.101+0000] {processor.py:183} INFO - Processing /home/airflow/.local/lib/python3.12/site-packages/airflow/example_dags/example_nested_branch_dag.py took 0.147 seconds
[2024-05-28T09:47:56.348+0000] {processor.py:161} INFO - Started process (PID=216) to work on /home/airflow/.local/lib/python3.12/site-packages/airflow/example_dags/example_nested_branch_dag.py
[2024-05-28T09:47:56.350+0000] {processor.py:830} INFO - Processing file /home/airflow/.local/lib/python3.12/site-packages/airflow/example_dags/example_nested_branch_dag.py for tasks to queue
[2024-05-28T09:47:56.353+0000] {logging_mixin.py:188} INFO - [2024-05-28T09:47:56.352+0000] {dagbag.py:545} INFO - Filling up the DagBag from /home/airflow/.local/lib/python3.12/site-packages/airflow/example_dags/example_nested_branch_dag.py
[2024-05-28T09:47:56.389+0000] {processor.py:840} INFO - DAG(s) 'example_nested_branch_dag' retrieved from /home/airflow/.local/lib/python3.12/site-packages/airflow/example_dags/example_nested_branch_dag.py
[2024-05-28T09:47:56.448+0000] {logging_mixin.py:188} INFO - [2024-05-28T09:47:56.448+0000] {dag.py:3096} INFO - Sync 1 DAGs
[2024-05-28T09:47:56.514+0000] {logging_mixin.py:188} INFO - [2024-05-28T09:47:56.513+0000] {dag.py:3954} INFO - Setting next_dagrun for example_nested_branch_dag to 2024-05-27 00:00:00+00:00, run_after=2024-05-28 00:00:00+00:00
[2024-05-28T09:47:56.569+0000] {processor.py:183} INFO - Processing /home/airflow/.local/lib/python3.12/site-packages/airflow/example_dags/example_nested_branch_dag.py took 0.232 seconds
[2024-05-28T09:48:27.280+0000] {processor.py:161} INFO - Started process (PID=274) to work on /home/airflow/.local/lib/python3.12/site-packages/airflow/example_dags/example_nested_branch_dag.py
[2024-05-28T09:48:27.283+0000] {processor.py:830} INFO - Processing file /home/airflow/.local/lib/python3.12/site-packages/airflow/example_dags/example_nested_branch_dag.py for tasks to queue
[2024-05-28T09:48:27.286+0000] {logging_mixin.py:188} INFO - [2024-05-28T09:48:27.285+0000] {dagbag.py:545} INFO - Filling up the DagBag from /home/airflow/.local/lib/python3.12/site-packages/airflow/example_dags/example_nested_branch_dag.py
[2024-05-28T09:48:27.304+0000] {processor.py:840} INFO - DAG(s) 'example_nested_branch_dag' retrieved from /home/airflow/.local/lib/python3.12/site-packages/airflow/example_dags/example_nested_branch_dag.py
[2024-05-28T09:48:27.346+0000] {logging_mixin.py:188} INFO - [2024-05-28T09:48:27.346+0000] {dag.py:3096} INFO - Sync 1 DAGs
[2024-05-28T09:48:27.398+0000] {logging_mixin.py:188} INFO - [2024-05-28T09:48:27.398+0000] {dag.py:3954} INFO - Setting next_dagrun for example_nested_branch_dag to 2024-05-27 00:00:00+00:00, run_after=2024-05-28 00:00:00+00:00
[2024-05-28T09:48:27.431+0000] {processor.py:183} INFO - Processing /home/airflow/.local/lib/python3.12/site-packages/airflow/example_dags/example_nested_branch_dag.py took 0.159 seconds
[2024-05-28T09:49:54.802+0000] {processor.py:161} INFO - Started process (PID=36) to work on /home/airflow/.local/lib/python3.12/site-packages/airflow/example_dags/example_nested_branch_dag.py
[2024-05-28T09:49:54.805+0000] {processor.py:830} INFO - Processing file /home/airflow/.local/lib/python3.12/site-packages/airflow/example_dags/example_nested_branch_dag.py for tasks to queue
[2024-05-28T09:49:54.809+0000] {logging_mixin.py:188} INFO - [2024-05-28T09:49:54.809+0000] {dagbag.py:545} INFO - Filling up the DagBag from /home/airflow/.local/lib/python3.12/site-packages/airflow/example_dags/example_nested_branch_dag.py
[2024-05-28T09:49:54.836+0000] {processor.py:840} INFO - DAG(s) 'example_nested_branch_dag' retrieved from /home/airflow/.local/lib/python3.12/site-packages/airflow/example_dags/example_nested_branch_dag.py
[2024-05-28T09:49:55.171+0000] {logging_mixin.py:188} INFO - [2024-05-28T09:49:55.170+0000] {dag.py:3096} INFO - Sync 1 DAGs
[2024-05-28T09:49:55.223+0000] {logging_mixin.py:188} INFO - [2024-05-28T09:49:55.223+0000] {dag.py:3954} INFO - Setting next_dagrun for example_nested_branch_dag to 2024-05-27 00:00:00+00:00, run_after=2024-05-28 00:00:00+00:00
[2024-05-28T09:49:55.254+0000] {processor.py:183} INFO - Processing /home/airflow/.local/lib/python3.12/site-packages/airflow/example_dags/example_nested_branch_dag.py took 0.468 seconds
[2024-05-28T09:50:25.636+0000] {processor.py:161} INFO - Started process (PID=94) to work on /home/airflow/.local/lib/python3.12/site-packages/airflow/example_dags/example_nested_branch_dag.py
[2024-05-28T09:50:25.638+0000] {processor.py:830} INFO - Processing file /home/airflow/.local/lib/python3.12/site-packages/airflow/example_dags/example_nested_branch_dag.py for tasks to queue
[2024-05-28T09:50:25.640+0000] {logging_mixin.py:188} INFO - [2024-05-28T09:50:25.640+0000] {dagbag.py:545} INFO - Filling up the DagBag from /home/airflow/.local/lib/python3.12/site-packages/airflow/example_dags/example_nested_branch_dag.py
[2024-05-28T09:50:25.653+0000] {processor.py:840} INFO - DAG(s) 'example_nested_branch_dag' retrieved from /home/airflow/.local/lib/python3.12/site-packages/airflow/example_dags/example_nested_branch_dag.py
[2024-05-28T09:50:25.694+0000] {logging_mixin.py:188} INFO - [2024-05-28T09:50:25.693+0000] {dag.py:3096} INFO - Sync 1 DAGs
[2024-05-28T09:50:25.735+0000] {logging_mixin.py:188} INFO - [2024-05-28T09:50:25.734+0000] {dag.py:3954} INFO - Setting next_dagrun for example_nested_branch_dag to 2024-05-27 00:00:00+00:00, run_after=2024-05-28 00:00:00+00:00
[2024-05-28T09:50:25.772+0000] {processor.py:183} INFO - Processing /home/airflow/.local/lib/python3.12/site-packages/airflow/example_dags/example_nested_branch_dag.py took 0.151 seconds
[2024-05-28T09:50:56.486+0000] {processor.py:161} INFO - Started process (PID=152) to work on /home/airflow/.local/lib/python3.12/site-packages/airflow/example_dags/example_nested_branch_dag.py
[2024-05-28T09:50:56.491+0000] {processor.py:830} INFO - Processing file /home/airflow/.local/lib/python3.12/site-packages/airflow/example_dags/example_nested_branch_dag.py for tasks to queue
[2024-05-28T09:50:56.493+0000] {logging_mixin.py:188} INFO - [2024-05-28T09:50:56.493+0000] {dagbag.py:545} INFO - Filling up the DagBag from /home/airflow/.local/lib/python3.12/site-packages/airflow/example_dags/example_nested_branch_dag.py
[2024-05-28T09:50:56.505+0000] {processor.py:840} INFO - DAG(s) 'example_nested_branch_dag' retrieved from /home/airflow/.local/lib/python3.12/site-packages/airflow/example_dags/example_nested_branch_dag.py
[2024-05-28T09:50:56.588+0000] {logging_mixin.py:188} INFO - [2024-05-28T09:50:56.588+0000] {dag.py:3096} INFO - Sync 1 DAGs
[2024-05-28T09:50:56.648+0000] {logging_mixin.py:188} INFO - [2024-05-28T09:50:56.648+0000] {dag.py:3954} INFO - Setting next_dagrun for example_nested_branch_dag to 2024-05-27 00:00:00+00:00, run_after=2024-05-28 00:00:00+00:00
[2024-05-28T09:50:56.697+0000] {processor.py:183} INFO - Processing /home/airflow/.local/lib/python3.12/site-packages/airflow/example_dags/example_nested_branch_dag.py took 0.218 seconds
[2024-05-28T09:51:27.211+0000] {processor.py:161} INFO - Started process (PID=210) to work on /home/airflow/.local/lib/python3.12/site-packages/airflow/example_dags/example_nested_branch_dag.py
[2024-05-28T09:51:27.212+0000] {processor.py:830} INFO - Processing file /home/airflow/.local/lib/python3.12/site-packages/airflow/example_dags/example_nested_branch_dag.py for tasks to queue
[2024-05-28T09:51:27.214+0000] {logging_mixin.py:188} INFO - [2024-05-28T09:51:27.214+0000] {dagbag.py:545} INFO - Filling up the DagBag from /home/airflow/.local/lib/python3.12/site-packages/airflow/example_dags/example_nested_branch_dag.py
[2024-05-28T09:51:27.226+0000] {processor.py:840} INFO - DAG(s) 'example_nested_branch_dag' retrieved from /home/airflow/.local/lib/python3.12/site-packages/airflow/example_dags/example_nested_branch_dag.py
[2024-05-28T09:51:27.257+0000] {logging_mixin.py:188} INFO - [2024-05-28T09:51:27.256+0000] {dag.py:3096} INFO - Sync 1 DAGs
[2024-05-28T09:51:27.285+0000] {logging_mixin.py:188} INFO - [2024-05-28T09:51:27.284+0000] {dag.py:3954} INFO - Setting next_dagrun for example_nested_branch_dag to 2024-05-27 00:00:00+00:00, run_after=2024-05-28 00:00:00+00:00
[2024-05-28T09:51:27.308+0000] {processor.py:183} INFO - Processing /home/airflow/.local/lib/python3.12/site-packages/airflow/example_dags/example_nested_branch_dag.py took 0.104 seconds
[2024-05-28T09:51:58.100+0000] {processor.py:161} INFO - Started process (PID=268) to work on /home/airflow/.local/lib/python3.12/site-packages/airflow/example_dags/example_nested_branch_dag.py
[2024-05-28T09:51:58.102+0000] {processor.py:830} INFO - Processing file /home/airflow/.local/lib/python3.12/site-packages/airflow/example_dags/example_nested_branch_dag.py for tasks to queue
[2024-05-28T09:51:58.106+0000] {logging_mixin.py:188} INFO - [2024-05-28T09:51:58.104+0000] {dagbag.py:545} INFO - Filling up the DagBag from /home/airflow/.local/lib/python3.12/site-packages/airflow/example_dags/example_nested_branch_dag.py
[2024-05-28T09:51:58.126+0000] {processor.py:840} INFO - DAG(s) 'example_nested_branch_dag' retrieved from /home/airflow/.local/lib/python3.12/site-packages/airflow/example_dags/example_nested_branch_dag.py
[2024-05-28T09:51:58.174+0000] {logging_mixin.py:188} INFO - [2024-05-28T09:51:58.174+0000] {dag.py:3096} INFO - Sync 1 DAGs
[2024-05-28T09:51:58.217+0000] {logging_mixin.py:188} INFO - [2024-05-28T09:51:58.216+0000] {dag.py:3954} INFO - Setting next_dagrun for example_nested_branch_dag to 2024-05-27 00:00:00+00:00, run_after=2024-05-28 00:00:00+00:00
[2024-05-28T09:51:58.257+0000] {processor.py:183} INFO - Processing /home/airflow/.local/lib/python3.12/site-packages/airflow/example_dags/example_nested_branch_dag.py took 0.179 seconds
[2024-05-28T09:52:28.575+0000] {processor.py:161} INFO - Started process (PID=325) to work on /home/airflow/.local/lib/python3.12/site-packages/airflow/example_dags/example_nested_branch_dag.py
[2024-05-28T09:52:28.576+0000] {processor.py:830} INFO - Processing file /home/airflow/.local/lib/python3.12/site-packages/airflow/example_dags/example_nested_branch_dag.py for tasks to queue
[2024-05-28T09:52:28.578+0000] {logging_mixin.py:188} INFO - [2024-05-28T09:52:28.578+0000] {dagbag.py:545} INFO - Filling up the DagBag from /home/airflow/.local/lib/python3.12/site-packages/airflow/example_dags/example_nested_branch_dag.py
[2024-05-28T09:52:28.597+0000] {processor.py:840} INFO - DAG(s) 'example_nested_branch_dag' retrieved from /home/airflow/.local/lib/python3.12/site-packages/airflow/example_dags/example_nested_branch_dag.py
[2024-05-28T09:52:28.673+0000] {logging_mixin.py:188} INFO - [2024-05-28T09:52:28.673+0000] {dag.py:3096} INFO - Sync 1 DAGs
[2024-05-28T09:52:28.724+0000] {logging_mixin.py:188} INFO - [2024-05-28T09:52:28.723+0000] {dag.py:3954} INFO - Setting next_dagrun for example_nested_branch_dag to 2024-05-27 00:00:00+00:00, run_after=2024-05-28 00:00:00+00:00
[2024-05-28T09:52:28.766+0000] {processor.py:183} INFO - Processing /home/airflow/.local/lib/python3.12/site-packages/airflow/example_dags/example_nested_branch_dag.py took 0.212 seconds
[2024-05-28T09:52:59.285+0000] {processor.py:161} INFO - Started process (PID=383) to work on /home/airflow/.local/lib/python3.12/site-packages/airflow/example_dags/example_nested_branch_dag.py
[2024-05-28T09:52:59.287+0000] {processor.py:830} INFO - Processing file /home/airflow/.local/lib/python3.12/site-packages/airflow/example_dags/example_nested_branch_dag.py for tasks to queue
[2024-05-28T09:52:59.292+0000] {logging_mixin.py:188} INFO - [2024-05-28T09:52:59.291+0000] {dagbag.py:545} INFO - Filling up the DagBag from /home/airflow/.local/lib/python3.12/site-packages/airflow/example_dags/example_nested_branch_dag.py
[2024-05-28T09:52:59.327+0000] {processor.py:840} INFO - DAG(s) 'example_nested_branch_dag' retrieved from /home/airflow/.local/lib/python3.12/site-packages/airflow/example_dags/example_nested_branch_dag.py
[2024-05-28T09:52:59.379+0000] {logging_mixin.py:188} INFO - [2024-05-28T09:52:59.379+0000] {dag.py:3096} INFO - Sync 1 DAGs
[2024-05-28T09:52:59.423+0000] {logging_mixin.py:188} INFO - [2024-05-28T09:52:59.422+0000] {dag.py:3954} INFO - Setting next_dagrun for example_nested_branch_dag to 2024-05-27 00:00:00+00:00, run_after=2024-05-28 00:00:00+00:00
[2024-05-28T09:52:59.502+0000] {processor.py:183} INFO - Processing /home/airflow/.local/lib/python3.12/site-packages/airflow/example_dags/example_nested_branch_dag.py took 0.242 seconds
[2024-05-28T09:53:30.210+0000] {processor.py:161} INFO - Started process (PID=441) to work on /home/airflow/.local/lib/python3.12/site-packages/airflow/example_dags/example_nested_branch_dag.py
[2024-05-28T09:53:30.212+0000] {processor.py:830} INFO - Processing file /home/airflow/.local/lib/python3.12/site-packages/airflow/example_dags/example_nested_branch_dag.py for tasks to queue
[2024-05-28T09:53:30.215+0000] {logging_mixin.py:188} INFO - [2024-05-28T09:53:30.214+0000] {dagbag.py:545} INFO - Filling up the DagBag from /home/airflow/.local/lib/python3.12/site-packages/airflow/example_dags/example_nested_branch_dag.py
[2024-05-28T09:53:30.229+0000] {processor.py:840} INFO - DAG(s) 'example_nested_branch_dag' retrieved from /home/airflow/.local/lib/python3.12/site-packages/airflow/example_dags/example_nested_branch_dag.py
[2024-05-28T09:53:30.263+0000] {logging_mixin.py:188} INFO - [2024-05-28T09:53:30.263+0000] {dag.py:3096} INFO - Sync 1 DAGs
[2024-05-28T09:53:30.310+0000] {logging_mixin.py:188} INFO - [2024-05-28T09:53:30.309+0000] {dag.py:3954} INFO - Setting next_dagrun for example_nested_branch_dag to 2024-05-27 00:00:00+00:00, run_after=2024-05-28 00:00:00+00:00
[2024-05-28T09:53:30.342+0000] {processor.py:183} INFO - Processing /home/airflow/.local/lib/python3.12/site-packages/airflow/example_dags/example_nested_branch_dag.py took 0.140 seconds
[2024-05-28T09:54:00.636+0000] {processor.py:161} INFO - Started process (PID=499) to work on /home/airflow/.local/lib/python3.12/site-packages/airflow/example_dags/example_nested_branch_dag.py
[2024-05-28T09:54:00.637+0000] {processor.py:830} INFO - Processing file /home/airflow/.local/lib/python3.12/site-packages/airflow/example_dags/example_nested_branch_dag.py for tasks to queue
[2024-05-28T09:54:00.640+0000] {logging_mixin.py:188} INFO - [2024-05-28T09:54:00.639+0000] {dagbag.py:545} INFO - Filling up the DagBag from /home/airflow/.local/lib/python3.12/site-packages/airflow/example_dags/example_nested_branch_dag.py
[2024-05-28T09:54:00.698+0000] {processor.py:840} INFO - DAG(s) 'example_nested_branch_dag' retrieved from /home/airflow/.local/lib/python3.12/site-packages/airflow/example_dags/example_nested_branch_dag.py
[2024-05-28T09:54:00.765+0000] {logging_mixin.py:188} INFO - [2024-05-28T09:54:00.765+0000] {dag.py:3096} INFO - Sync 1 DAGs
[2024-05-28T09:54:00.803+0000] {logging_mixin.py:188} INFO - [2024-05-28T09:54:00.803+0000] {dag.py:3954} INFO - Setting next_dagrun for example_nested_branch_dag to 2024-05-27 00:00:00+00:00, run_after=2024-05-28 00:00:00+00:00
[2024-05-28T09:54:00.845+0000] {processor.py:183} INFO - Processing /home/airflow/.local/lib/python3.12/site-packages/airflow/example_dags/example_nested_branch_dag.py took 0.258 seconds
[2024-05-28T09:54:31.398+0000] {processor.py:161} INFO - Started process (PID=557) to work on /home/airflow/.local/lib/python3.12/site-packages/airflow/example_dags/example_nested_branch_dag.py
[2024-05-28T09:54:31.400+0000] {processor.py:830} INFO - Processing file /home/airflow/.local/lib/python3.12/site-packages/airflow/example_dags/example_nested_branch_dag.py for tasks to queue
[2024-05-28T09:54:31.402+0000] {logging_mixin.py:188} INFO - [2024-05-28T09:54:31.401+0000] {dagbag.py:545} INFO - Filling up the DagBag from /home/airflow/.local/lib/python3.12/site-packages/airflow/example_dags/example_nested_branch_dag.py
[2024-05-28T09:54:31.425+0000] {processor.py:840} INFO - DAG(s) 'example_nested_branch_dag' retrieved from /home/airflow/.local/lib/python3.12/site-packages/airflow/example_dags/example_nested_branch_dag.py
[2024-05-28T09:54:31.480+0000] {logging_mixin.py:188} INFO - [2024-05-28T09:54:31.480+0000] {dag.py:3096} INFO - Sync 1 DAGs
[2024-05-28T09:54:31.526+0000] {logging_mixin.py:188} INFO - [2024-05-28T09:54:31.525+0000] {dag.py:3954} INFO - Setting next_dagrun for example_nested_branch_dag to 2024-05-27 00:00:00+00:00, run_after=2024-05-28 00:00:00+00:00
[2024-05-28T09:54:31.563+0000] {processor.py:183} INFO - Processing /home/airflow/.local/lib/python3.12/site-packages/airflow/example_dags/example_nested_branch_dag.py took 0.173 seconds
[2024-05-28T09:55:02.386+0000] {processor.py:161} INFO - Started process (PID=615) to work on /home/airflow/.local/lib/python3.12/site-packages/airflow/example_dags/example_nested_branch_dag.py
[2024-05-28T09:55:02.388+0000] {processor.py:830} INFO - Processing file /home/airflow/.local/lib/python3.12/site-packages/airflow/example_dags/example_nested_branch_dag.py for tasks to queue
[2024-05-28T09:55:02.390+0000] {logging_mixin.py:188} INFO - [2024-05-28T09:55:02.390+0000] {dagbag.py:545} INFO - Filling up the DagBag from /home/airflow/.local/lib/python3.12/site-packages/airflow/example_dags/example_nested_branch_dag.py
[2024-05-28T09:55:02.409+0000] {processor.py:840} INFO - DAG(s) 'example_nested_branch_dag' retrieved from /home/airflow/.local/lib/python3.12/site-packages/airflow/example_dags/example_nested_branch_dag.py
[2024-05-28T09:55:02.488+0000] {logging_mixin.py:188} INFO - [2024-05-28T09:55:02.484+0000] {dag.py:3096} INFO - Sync 1 DAGs
[2024-05-28T09:55:02.539+0000] {logging_mixin.py:188} INFO - [2024-05-28T09:55:02.539+0000] {dag.py:3954} INFO - Setting next_dagrun for example_nested_branch_dag to 2024-05-27 00:00:00+00:00, run_after=2024-05-28 00:00:00+00:00
[2024-05-28T09:55:02.612+0000] {processor.py:183} INFO - Processing /home/airflow/.local/lib/python3.12/site-packages/airflow/example_dags/example_nested_branch_dag.py took 0.243 seconds
[2024-05-28T09:55:33.051+0000] {processor.py:161} INFO - Started process (PID=673) to work on /home/airflow/.local/lib/python3.12/site-packages/airflow/example_dags/example_nested_branch_dag.py
[2024-05-28T09:55:33.053+0000] {processor.py:830} INFO - Processing file /home/airflow/.local/lib/python3.12/site-packages/airflow/example_dags/example_nested_branch_dag.py for tasks to queue
[2024-05-28T09:55:33.055+0000] {logging_mixin.py:188} INFO - [2024-05-28T09:55:33.055+0000] {dagbag.py:545} INFO - Filling up the DagBag from /home/airflow/.local/lib/python3.12/site-packages/airflow/example_dags/example_nested_branch_dag.py
[2024-05-28T09:55:33.083+0000] {processor.py:840} INFO - DAG(s) 'example_nested_branch_dag' retrieved from /home/airflow/.local/lib/python3.12/site-packages/airflow/example_dags/example_nested_branch_dag.py
[2024-05-28T09:55:33.139+0000] {logging_mixin.py:188} INFO - [2024-05-28T09:55:33.139+0000] {dag.py:3096} INFO - Sync 1 DAGs
[2024-05-28T09:55:33.221+0000] {logging_mixin.py:188} INFO - [2024-05-28T09:55:33.221+0000] {dag.py:3954} INFO - Setting next_dagrun for example_nested_branch_dag to 2024-05-27 00:00:00+00:00, run_after=2024-05-28 00:00:00+00:00
[2024-05-28T09:55:33.305+0000] {processor.py:183} INFO - Processing /home/airflow/.local/lib/python3.12/site-packages/airflow/example_dags/example_nested_branch_dag.py took 0.274 seconds
[2024-05-28T09:56:03.477+0000] {processor.py:161} INFO - Started process (PID=737) to work on /home/airflow/.local/lib/python3.12/site-packages/airflow/example_dags/example_nested_branch_dag.py
[2024-05-28T09:56:03.479+0000] {processor.py:830} INFO - Processing file /home/airflow/.local/lib/python3.12/site-packages/airflow/example_dags/example_nested_branch_dag.py for tasks to queue
[2024-05-28T09:56:03.482+0000] {logging_mixin.py:188} INFO - [2024-05-28T09:56:03.481+0000] {dagbag.py:545} INFO - Filling up the DagBag from /home/airflow/.local/lib/python3.12/site-packages/airflow/example_dags/example_nested_branch_dag.py
[2024-05-28T09:56:03.500+0000] {processor.py:840} INFO - DAG(s) 'example_nested_branch_dag' retrieved from /home/airflow/.local/lib/python3.12/site-packages/airflow/example_dags/example_nested_branch_dag.py
[2024-05-28T09:56:03.536+0000] {logging_mixin.py:188} INFO - [2024-05-28T09:56:03.535+0000] {dag.py:3096} INFO - Sync 1 DAGs
[2024-05-28T09:56:03.596+0000] {logging_mixin.py:188} INFO - [2024-05-28T09:56:03.596+0000] {dag.py:3954} INFO - Setting next_dagrun for example_nested_branch_dag to 2024-05-27 00:00:00+00:00, run_after=2024-05-28 00:00:00+00:00
[2024-05-28T09:56:03.646+0000] {processor.py:183} INFO - Processing /home/airflow/.local/lib/python3.12/site-packages/airflow/example_dags/example_nested_branch_dag.py took 0.186 seconds
[2024-05-28T09:56:34.151+0000] {processor.py:161} INFO - Started process (PID=795) to work on /home/airflow/.local/lib/python3.12/site-packages/airflow/example_dags/example_nested_branch_dag.py
[2024-05-28T09:56:34.153+0000] {processor.py:830} INFO - Processing file /home/airflow/.local/lib/python3.12/site-packages/airflow/example_dags/example_nested_branch_dag.py for tasks to queue
[2024-05-28T09:56:34.156+0000] {logging_mixin.py:188} INFO - [2024-05-28T09:56:34.155+0000] {dagbag.py:545} INFO - Filling up the DagBag from /home/airflow/.local/lib/python3.12/site-packages/airflow/example_dags/example_nested_branch_dag.py
[2024-05-28T09:56:34.176+0000] {processor.py:840} INFO - DAG(s) 'example_nested_branch_dag' retrieved from /home/airflow/.local/lib/python3.12/site-packages/airflow/example_dags/example_nested_branch_dag.py
[2024-05-28T09:56:34.216+0000] {logging_mixin.py:188} INFO - [2024-05-28T09:56:34.216+0000] {dag.py:3096} INFO - Sync 1 DAGs
[2024-05-28T09:56:34.261+0000] {logging_mixin.py:188} INFO - [2024-05-28T09:56:34.260+0000] {dag.py:3954} INFO - Setting next_dagrun for example_nested_branch_dag to 2024-05-27 00:00:00+00:00, run_after=2024-05-28 00:00:00+00:00
[2024-05-28T09:56:34.291+0000] {processor.py:183} INFO - Processing /home/airflow/.local/lib/python3.12/site-packages/airflow/example_dags/example_nested_branch_dag.py took 0.155 seconds
[2024-05-28T09:57:04.862+0000] {processor.py:161} INFO - Started process (PID=852) to work on /home/airflow/.local/lib/python3.12/site-packages/airflow/example_dags/example_nested_branch_dag.py
[2024-05-28T09:57:04.864+0000] {processor.py:830} INFO - Processing file /home/airflow/.local/lib/python3.12/site-packages/airflow/example_dags/example_nested_branch_dag.py for tasks to queue
[2024-05-28T09:57:04.868+0000] {logging_mixin.py:188} INFO - [2024-05-28T09:57:04.867+0000] {dagbag.py:545} INFO - Filling up the DagBag from /home/airflow/.local/lib/python3.12/site-packages/airflow/example_dags/example_nested_branch_dag.py
[2024-05-28T09:57:04.894+0000] {processor.py:840} INFO - DAG(s) 'example_nested_branch_dag' retrieved from /home/airflow/.local/lib/python3.12/site-packages/airflow/example_dags/example_nested_branch_dag.py
[2024-05-28T09:57:04.948+0000] {logging_mixin.py:188} INFO - [2024-05-28T09:57:04.947+0000] {dag.py:3096} INFO - Sync 1 DAGs
[2024-05-28T09:57:05.013+0000] {logging_mixin.py:188} INFO - [2024-05-28T09:57:05.013+0000] {dag.py:3954} INFO - Setting next_dagrun for example_nested_branch_dag to 2024-05-27 00:00:00+00:00, run_after=2024-05-28 00:00:00+00:00
[2024-05-28T09:57:05.084+0000] {processor.py:183} INFO - Processing /home/airflow/.local/lib/python3.12/site-packages/airflow/example_dags/example_nested_branch_dag.py took 0.238 seconds
[2024-05-28T09:57:35.263+0000] {processor.py:161} INFO - Started process (PID=910) to work on /home/airflow/.local/lib/python3.12/site-packages/airflow/example_dags/example_nested_branch_dag.py
[2024-05-28T09:57:35.269+0000] {processor.py:830} INFO - Processing file /home/airflow/.local/lib/python3.12/site-packages/airflow/example_dags/example_nested_branch_dag.py for tasks to queue
[2024-05-28T09:57:35.273+0000] {logging_mixin.py:188} INFO - [2024-05-28T09:57:35.272+0000] {dagbag.py:545} INFO - Filling up the DagBag from /home/airflow/.local/lib/python3.12/site-packages/airflow/example_dags/example_nested_branch_dag.py
[2024-05-28T09:57:35.288+0000] {processor.py:840} INFO - DAG(s) 'example_nested_branch_dag' retrieved from /home/airflow/.local/lib/python3.12/site-packages/airflow/example_dags/example_nested_branch_dag.py
[2024-05-28T09:57:35.361+0000] {logging_mixin.py:188} INFO - [2024-05-28T09:57:35.361+0000] {dag.py:3096} INFO - Sync 1 DAGs
[2024-05-28T09:57:35.409+0000] {logging_mixin.py:188} INFO - [2024-05-28T09:57:35.409+0000] {dag.py:3954} INFO - Setting next_dagrun for example_nested_branch_dag to 2024-05-27 00:00:00+00:00, run_after=2024-05-28 00:00:00+00:00
[2024-05-28T09:57:35.463+0000] {processor.py:183} INFO - Processing /home/airflow/.local/lib/python3.12/site-packages/airflow/example_dags/example_nested_branch_dag.py took 0.207 seconds
[2024-05-28T09:58:05.801+0000] {processor.py:161} INFO - Started process (PID=968) to work on /home/airflow/.local/lib/python3.12/site-packages/airflow/example_dags/example_nested_branch_dag.py
[2024-05-28T09:58:05.804+0000] {processor.py:830} INFO - Processing file /home/airflow/.local/lib/python3.12/site-packages/airflow/example_dags/example_nested_branch_dag.py for tasks to queue
[2024-05-28T09:58:05.808+0000] {logging_mixin.py:188} INFO - [2024-05-28T09:58:05.808+0000] {dagbag.py:545} INFO - Filling up the DagBag from /home/airflow/.local/lib/python3.12/site-packages/airflow/example_dags/example_nested_branch_dag.py
[2024-05-28T09:58:05.865+0000] {processor.py:840} INFO - DAG(s) 'example_nested_branch_dag' retrieved from /home/airflow/.local/lib/python3.12/site-packages/airflow/example_dags/example_nested_branch_dag.py
[2024-05-28T09:58:05.922+0000] {logging_mixin.py:188} INFO - [2024-05-28T09:58:05.922+0000] {dag.py:3096} INFO - Sync 1 DAGs
[2024-05-28T09:58:05.964+0000] {logging_mixin.py:188} INFO - [2024-05-28T09:58:05.964+0000] {dag.py:3954} INFO - Setting next_dagrun for example_nested_branch_dag to 2024-05-27 00:00:00+00:00, run_after=2024-05-28 00:00:00+00:00
[2024-05-28T09:58:05.995+0000] {processor.py:183} INFO - Processing /home/airflow/.local/lib/python3.12/site-packages/airflow/example_dags/example_nested_branch_dag.py took 0.218 seconds
[2024-05-28T10:00:09.404+0000] {processor.py:161} INFO - Started process (PID=37) to work on /home/airflow/.local/lib/python3.12/site-packages/airflow/example_dags/example_nested_branch_dag.py
[2024-05-28T10:00:09.406+0000] {processor.py:830} INFO - Processing file /home/airflow/.local/lib/python3.12/site-packages/airflow/example_dags/example_nested_branch_dag.py for tasks to queue
[2024-05-28T10:00:09.409+0000] {logging_mixin.py:188} INFO - [2024-05-28T10:00:09.408+0000] {dagbag.py:545} INFO - Filling up the DagBag from /home/airflow/.local/lib/python3.12/site-packages/airflow/example_dags/example_nested_branch_dag.py
[2024-05-28T10:00:09.434+0000] {processor.py:840} INFO - DAG(s) 'example_nested_branch_dag' retrieved from /home/airflow/.local/lib/python3.12/site-packages/airflow/example_dags/example_nested_branch_dag.py
[2024-05-28T10:00:09.845+0000] {logging_mixin.py:188} INFO - [2024-05-28T10:00:09.844+0000] {dag.py:3096} INFO - Sync 1 DAGs
[2024-05-28T10:00:09.871+0000] {logging_mixin.py:188} INFO - [2024-05-28T10:00:09.870+0000] {dag.py:3954} INFO - Setting next_dagrun for example_nested_branch_dag to 2024-05-27 00:00:00+00:00, run_after=2024-05-28 00:00:00+00:00
[2024-05-28T10:00:09.911+0000] {processor.py:183} INFO - Processing /home/airflow/.local/lib/python3.12/site-packages/airflow/example_dags/example_nested_branch_dag.py took 0.516 seconds
[2024-05-28T10:00:40.610+0000] {processor.py:161} INFO - Started process (PID=95) to work on /home/airflow/.local/lib/python3.12/site-packages/airflow/example_dags/example_nested_branch_dag.py
[2024-05-28T10:00:40.611+0000] {processor.py:830} INFO - Processing file /home/airflow/.local/lib/python3.12/site-packages/airflow/example_dags/example_nested_branch_dag.py for tasks to queue
[2024-05-28T10:00:40.614+0000] {logging_mixin.py:188} INFO - [2024-05-28T10:00:40.613+0000] {dagbag.py:545} INFO - Filling up the DagBag from /home/airflow/.local/lib/python3.12/site-packages/airflow/example_dags/example_nested_branch_dag.py
[2024-05-28T10:00:40.630+0000] {processor.py:840} INFO - DAG(s) 'example_nested_branch_dag' retrieved from /home/airflow/.local/lib/python3.12/site-packages/airflow/example_dags/example_nested_branch_dag.py
[2024-05-28T10:00:40.691+0000] {logging_mixin.py:188} INFO - [2024-05-28T10:00:40.690+0000] {dag.py:3096} INFO - Sync 1 DAGs
[2024-05-28T10:00:40.738+0000] {logging_mixin.py:188} INFO - [2024-05-28T10:00:40.738+0000] {dag.py:3954} INFO - Setting next_dagrun for example_nested_branch_dag to 2024-05-27 00:00:00+00:00, run_after=2024-05-28 00:00:00+00:00
[2024-05-28T10:00:40.769+0000] {processor.py:183} INFO - Processing /home/airflow/.local/lib/python3.12/site-packages/airflow/example_dags/example_nested_branch_dag.py took 0.170 seconds
[2024-05-28T10:01:11.103+0000] {processor.py:161} INFO - Started process (PID=153) to work on /home/airflow/.local/lib/python3.12/site-packages/airflow/example_dags/example_nested_branch_dag.py
[2024-05-28T10:01:11.105+0000] {processor.py:830} INFO - Processing file /home/airflow/.local/lib/python3.12/site-packages/airflow/example_dags/example_nested_branch_dag.py for tasks to queue
[2024-05-28T10:01:11.116+0000] {logging_mixin.py:188} INFO - [2024-05-28T10:01:11.115+0000] {dagbag.py:545} INFO - Filling up the DagBag from /home/airflow/.local/lib/python3.12/site-packages/airflow/example_dags/example_nested_branch_dag.py
[2024-05-28T10:01:11.127+0000] {processor.py:840} INFO - DAG(s) 'example_nested_branch_dag' retrieved from /home/airflow/.local/lib/python3.12/site-packages/airflow/example_dags/example_nested_branch_dag.py
[2024-05-28T10:01:11.167+0000] {logging_mixin.py:188} INFO - [2024-05-28T10:01:11.166+0000] {dag.py:3096} INFO - Sync 1 DAGs
[2024-05-28T10:01:11.236+0000] {logging_mixin.py:188} INFO - [2024-05-28T10:01:11.229+0000] {dag.py:3954} INFO - Setting next_dagrun for example_nested_branch_dag to 2024-05-27 00:00:00+00:00, run_after=2024-05-28 00:00:00+00:00
[2024-05-28T10:01:11.279+0000] {processor.py:183} INFO - Processing /home/airflow/.local/lib/python3.12/site-packages/airflow/example_dags/example_nested_branch_dag.py took 0.198 seconds
