[2024-05-28T09:46:32.231+0000] {processor.py:161} INFO - Started process (PID=73) to work on /home/airflow/.local/lib/python3.12/site-packages/airflow/example_dags/example_dag_decorator.py
[2024-05-28T09:46:32.233+0000] {processor.py:830} INFO - Processing file /home/airflow/.local/lib/python3.12/site-packages/airflow/example_dags/example_dag_decorator.py for tasks to queue
[2024-05-28T09:46:32.237+0000] {logging_mixin.py:188} INFO - [2024-05-28T09:46:32.236+0000] {dagbag.py:545} INFO - Filling up the DagBag from /home/airflow/.local/lib/python3.12/site-packages/airflow/example_dags/example_dag_decorator.py
[2024-05-28T09:46:32.777+0000] {processor.py:840} INFO - DAG(s) 'example_dag_decorator' retrieved from /home/airflow/.local/lib/python3.12/site-packages/airflow/example_dags/example_dag_decorator.py
[2024-05-28T09:46:33.126+0000] {logging_mixin.py:188} INFO - [2024-05-28T09:46:33.125+0000] {dag.py:3096} INFO - Sync 1 DAGs
[2024-05-28T09:46:33.151+0000] {logging_mixin.py:188} INFO - [2024-05-28T09:46:33.148+0000] {dag.py:3954} INFO - Setting next_dagrun for example_dag_decorator to None, run_after=None
[2024-05-28T09:46:33.179+0000] {processor.py:183} INFO - Processing /home/airflow/.local/lib/python3.12/site-packages/airflow/example_dags/example_dag_decorator.py took 0.971 seconds
[2024-05-28T09:47:03.640+0000] {processor.py:161} INFO - Started process (PID=131) to work on /home/airflow/.local/lib/python3.12/site-packages/airflow/example_dags/example_dag_decorator.py
[2024-05-28T09:47:03.642+0000] {processor.py:830} INFO - Processing file /home/airflow/.local/lib/python3.12/site-packages/airflow/example_dags/example_dag_decorator.py for tasks to queue
[2024-05-28T09:47:03.645+0000] {logging_mixin.py:188} INFO - [2024-05-28T09:47:03.644+0000] {dagbag.py:545} INFO - Filling up the DagBag from /home/airflow/.local/lib/python3.12/site-packages/airflow/example_dags/example_dag_decorator.py
[2024-05-28T09:47:03.870+0000] {processor.py:840} INFO - DAG(s) 'example_dag_decorator' retrieved from /home/airflow/.local/lib/python3.12/site-packages/airflow/example_dags/example_dag_decorator.py
[2024-05-28T09:47:04.122+0000] {logging_mixin.py:188} INFO - [2024-05-28T09:47:04.122+0000] {dag.py:3096} INFO - Sync 1 DAGs
[2024-05-28T09:47:04.143+0000] {logging_mixin.py:188} INFO - [2024-05-28T09:47:04.142+0000] {dag.py:3954} INFO - Setting next_dagrun for example_dag_decorator to None, run_after=None
[2024-05-28T09:47:04.185+0000] {processor.py:183} INFO - Processing /home/airflow/.local/lib/python3.12/site-packages/airflow/example_dags/example_dag_decorator.py took 0.556 seconds
[2024-05-28T09:47:34.280+0000] {processor.py:161} INFO - Started process (PID=189) to work on /home/airflow/.local/lib/python3.12/site-packages/airflow/example_dags/example_dag_decorator.py
[2024-05-28T09:47:34.281+0000] {processor.py:830} INFO - Processing file /home/airflow/.local/lib/python3.12/site-packages/airflow/example_dags/example_dag_decorator.py for tasks to queue
[2024-05-28T09:47:34.284+0000] {logging_mixin.py:188} INFO - [2024-05-28T09:47:34.283+0000] {dagbag.py:545} INFO - Filling up the DagBag from /home/airflow/.local/lib/python3.12/site-packages/airflow/example_dags/example_dag_decorator.py
[2024-05-28T09:47:34.465+0000] {processor.py:840} INFO - DAG(s) 'example_dag_decorator' retrieved from /home/airflow/.local/lib/python3.12/site-packages/airflow/example_dags/example_dag_decorator.py
[2024-05-28T09:47:34.733+0000] {logging_mixin.py:188} INFO - [2024-05-28T09:47:34.733+0000] {dag.py:3096} INFO - Sync 1 DAGs
[2024-05-28T09:47:34.747+0000] {logging_mixin.py:188} INFO - [2024-05-28T09:47:34.747+0000] {dag.py:3954} INFO - Setting next_dagrun for example_dag_decorator to None, run_after=None
[2024-05-28T09:47:34.815+0000] {processor.py:183} INFO - Processing /home/airflow/.local/lib/python3.12/site-packages/airflow/example_dags/example_dag_decorator.py took 0.550 seconds
[2024-05-28T09:48:05.122+0000] {processor.py:161} INFO - Started process (PID=247) to work on /home/airflow/.local/lib/python3.12/site-packages/airflow/example_dags/example_dag_decorator.py
[2024-05-28T09:48:05.125+0000] {processor.py:830} INFO - Processing file /home/airflow/.local/lib/python3.12/site-packages/airflow/example_dags/example_dag_decorator.py for tasks to queue
[2024-05-28T09:48:05.131+0000] {logging_mixin.py:188} INFO - [2024-05-28T09:48:05.130+0000] {dagbag.py:545} INFO - Filling up the DagBag from /home/airflow/.local/lib/python3.12/site-packages/airflow/example_dags/example_dag_decorator.py
[2024-05-28T09:48:05.304+0000] {processor.py:840} INFO - DAG(s) 'example_dag_decorator' retrieved from /home/airflow/.local/lib/python3.12/site-packages/airflow/example_dags/example_dag_decorator.py
[2024-05-28T09:48:05.351+0000] {logging_mixin.py:188} INFO - [2024-05-28T09:48:05.351+0000] {dag.py:3096} INFO - Sync 1 DAGs
[2024-05-28T09:48:05.370+0000] {logging_mixin.py:188} INFO - [2024-05-28T09:48:05.369+0000] {dag.py:3954} INFO - Setting next_dagrun for example_dag_decorator to None, run_after=None
[2024-05-28T09:48:05.408+0000] {processor.py:183} INFO - Processing /home/airflow/.local/lib/python3.12/site-packages/airflow/example_dags/example_dag_decorator.py took 0.297 seconds
[2024-05-28T09:48:35.947+0000] {processor.py:161} INFO - Started process (PID=305) to work on /home/airflow/.local/lib/python3.12/site-packages/airflow/example_dags/example_dag_decorator.py
[2024-05-28T09:48:35.952+0000] {processor.py:830} INFO - Processing file /home/airflow/.local/lib/python3.12/site-packages/airflow/example_dags/example_dag_decorator.py for tasks to queue
[2024-05-28T09:48:35.957+0000] {logging_mixin.py:188} INFO - [2024-05-28T09:48:35.956+0000] {dagbag.py:545} INFO - Filling up the DagBag from /home/airflow/.local/lib/python3.12/site-packages/airflow/example_dags/example_dag_decorator.py
[2024-05-28T09:48:36.081+0000] {processor.py:840} INFO - DAG(s) 'example_dag_decorator' retrieved from /home/airflow/.local/lib/python3.12/site-packages/airflow/example_dags/example_dag_decorator.py
[2024-05-28T09:48:36.328+0000] {logging_mixin.py:188} INFO - [2024-05-28T09:48:36.328+0000] {dag.py:3096} INFO - Sync 1 DAGs
[2024-05-28T09:48:36.347+0000] {logging_mixin.py:188} INFO - [2024-05-28T09:48:36.347+0000] {dag.py:3954} INFO - Setting next_dagrun for example_dag_decorator to None, run_after=None
[2024-05-28T09:48:36.397+0000] {processor.py:183} INFO - Processing /home/airflow/.local/lib/python3.12/site-packages/airflow/example_dags/example_dag_decorator.py took 0.479 seconds
[2024-05-28T09:50:00.991+0000] {processor.py:161} INFO - Started process (PID=67) to work on /home/airflow/.local/lib/python3.12/site-packages/airflow/example_dags/example_dag_decorator.py
[2024-05-28T09:50:00.996+0000] {processor.py:830} INFO - Processing file /home/airflow/.local/lib/python3.12/site-packages/airflow/example_dags/example_dag_decorator.py for tasks to queue
[2024-05-28T09:50:01.003+0000] {logging_mixin.py:188} INFO - [2024-05-28T09:50:00.999+0000] {dagbag.py:545} INFO - Filling up the DagBag from /home/airflow/.local/lib/python3.12/site-packages/airflow/example_dags/example_dag_decorator.py
[2024-05-28T09:50:01.157+0000] {processor.py:840} INFO - DAG(s) 'example_dag_decorator' retrieved from /home/airflow/.local/lib/python3.12/site-packages/airflow/example_dags/example_dag_decorator.py
[2024-05-28T09:50:01.641+0000] {logging_mixin.py:188} INFO - [2024-05-28T09:50:01.641+0000] {dag.py:3096} INFO - Sync 1 DAGs
[2024-05-28T09:50:01.681+0000] {logging_mixin.py:188} INFO - [2024-05-28T09:50:01.680+0000] {dag.py:3954} INFO - Setting next_dagrun for example_dag_decorator to None, run_after=None
[2024-05-28T09:50:01.816+0000] {processor.py:183} INFO - Processing /home/airflow/.local/lib/python3.12/site-packages/airflow/example_dags/example_dag_decorator.py took 0.843 seconds
[2024-05-28T09:50:32.480+0000] {processor.py:161} INFO - Started process (PID=131) to work on /home/airflow/.local/lib/python3.12/site-packages/airflow/example_dags/example_dag_decorator.py
[2024-05-28T09:50:32.483+0000] {processor.py:830} INFO - Processing file /home/airflow/.local/lib/python3.12/site-packages/airflow/example_dags/example_dag_decorator.py for tasks to queue
[2024-05-28T09:50:32.493+0000] {logging_mixin.py:188} INFO - [2024-05-28T09:50:32.490+0000] {dagbag.py:545} INFO - Filling up the DagBag from /home/airflow/.local/lib/python3.12/site-packages/airflow/example_dags/example_dag_decorator.py
[2024-05-28T09:50:32.715+0000] {processor.py:840} INFO - DAG(s) 'example_dag_decorator' retrieved from /home/airflow/.local/lib/python3.12/site-packages/airflow/example_dags/example_dag_decorator.py
[2024-05-28T09:50:33.028+0000] {logging_mixin.py:188} INFO - [2024-05-28T09:50:33.027+0000] {dag.py:3096} INFO - Sync 1 DAGs
[2024-05-28T09:50:33.044+0000] {logging_mixin.py:188} INFO - [2024-05-28T09:50:33.044+0000] {dag.py:3954} INFO - Setting next_dagrun for example_dag_decorator to None, run_after=None
[2024-05-28T09:50:33.074+0000] {processor.py:183} INFO - Processing /home/airflow/.local/lib/python3.12/site-packages/airflow/example_dags/example_dag_decorator.py took 0.618 seconds
[2024-05-28T09:51:03.235+0000] {processor.py:161} INFO - Started process (PID=189) to work on /home/airflow/.local/lib/python3.12/site-packages/airflow/example_dags/example_dag_decorator.py
[2024-05-28T09:51:03.237+0000] {processor.py:830} INFO - Processing file /home/airflow/.local/lib/python3.12/site-packages/airflow/example_dags/example_dag_decorator.py for tasks to queue
[2024-05-28T09:51:03.246+0000] {logging_mixin.py:188} INFO - [2024-05-28T09:51:03.246+0000] {dagbag.py:545} INFO - Filling up the DagBag from /home/airflow/.local/lib/python3.12/site-packages/airflow/example_dags/example_dag_decorator.py
[2024-05-28T09:51:03.473+0000] {processor.py:840} INFO - DAG(s) 'example_dag_decorator' retrieved from /home/airflow/.local/lib/python3.12/site-packages/airflow/example_dags/example_dag_decorator.py
[2024-05-28T09:51:03.719+0000] {logging_mixin.py:188} INFO - [2024-05-28T09:51:03.718+0000] {dag.py:3096} INFO - Sync 1 DAGs
[2024-05-28T09:51:03.777+0000] {logging_mixin.py:188} INFO - [2024-05-28T09:51:03.777+0000] {dag.py:3954} INFO - Setting next_dagrun for example_dag_decorator to None, run_after=None
[2024-05-28T09:51:03.857+0000] {processor.py:183} INFO - Processing /home/airflow/.local/lib/python3.12/site-packages/airflow/example_dags/example_dag_decorator.py took 0.643 seconds
[2024-05-28T09:51:33.964+0000] {processor.py:161} INFO - Started process (PID=247) to work on /home/airflow/.local/lib/python3.12/site-packages/airflow/example_dags/example_dag_decorator.py
[2024-05-28T09:51:33.968+0000] {processor.py:830} INFO - Processing file /home/airflow/.local/lib/python3.12/site-packages/airflow/example_dags/example_dag_decorator.py for tasks to queue
[2024-05-28T09:51:33.972+0000] {logging_mixin.py:188} INFO - [2024-05-28T09:51:33.971+0000] {dagbag.py:545} INFO - Filling up the DagBag from /home/airflow/.local/lib/python3.12/site-packages/airflow/example_dags/example_dag_decorator.py
[2024-05-28T09:51:34.255+0000] {processor.py:840} INFO - DAG(s) 'example_dag_decorator' retrieved from /home/airflow/.local/lib/python3.12/site-packages/airflow/example_dags/example_dag_decorator.py
[2024-05-28T09:51:34.295+0000] {logging_mixin.py:188} INFO - [2024-05-28T09:51:34.295+0000] {dag.py:3096} INFO - Sync 1 DAGs
[2024-05-28T09:51:34.316+0000] {logging_mixin.py:188} INFO - [2024-05-28T09:51:34.316+0000] {dag.py:3954} INFO - Setting next_dagrun for example_dag_decorator to None, run_after=None
[2024-05-28T09:51:34.351+0000] {processor.py:183} INFO - Processing /home/airflow/.local/lib/python3.12/site-packages/airflow/example_dags/example_dag_decorator.py took 0.406 seconds
[2024-05-28T09:52:04.541+0000] {processor.py:161} INFO - Started process (PID=304) to work on /home/airflow/.local/lib/python3.12/site-packages/airflow/example_dags/example_dag_decorator.py
[2024-05-28T09:52:04.542+0000] {processor.py:830} INFO - Processing file /home/airflow/.local/lib/python3.12/site-packages/airflow/example_dags/example_dag_decorator.py for tasks to queue
[2024-05-28T09:52:04.548+0000] {logging_mixin.py:188} INFO - [2024-05-28T09:52:04.547+0000] {dagbag.py:545} INFO - Filling up the DagBag from /home/airflow/.local/lib/python3.12/site-packages/airflow/example_dags/example_dag_decorator.py
[2024-05-28T09:52:04.699+0000] {processor.py:840} INFO - DAG(s) 'example_dag_decorator' retrieved from /home/airflow/.local/lib/python3.12/site-packages/airflow/example_dags/example_dag_decorator.py
[2024-05-28T09:52:04.881+0000] {logging_mixin.py:188} INFO - [2024-05-28T09:52:04.880+0000] {dag.py:3096} INFO - Sync 1 DAGs
[2024-05-28T09:52:04.902+0000] {logging_mixin.py:188} INFO - [2024-05-28T09:52:04.902+0000] {dag.py:3954} INFO - Setting next_dagrun for example_dag_decorator to None, run_after=None
[2024-05-28T09:52:05.172+0000] {processor.py:183} INFO - Processing /home/airflow/.local/lib/python3.12/site-packages/airflow/example_dags/example_dag_decorator.py took 0.652 seconds
[2024-05-28T09:52:35.604+0000] {processor.py:161} INFO - Started process (PID=362) to work on /home/airflow/.local/lib/python3.12/site-packages/airflow/example_dags/example_dag_decorator.py
[2024-05-28T09:52:35.605+0000] {processor.py:830} INFO - Processing file /home/airflow/.local/lib/python3.12/site-packages/airflow/example_dags/example_dag_decorator.py for tasks to queue
[2024-05-28T09:52:35.611+0000] {logging_mixin.py:188} INFO - [2024-05-28T09:52:35.609+0000] {dagbag.py:545} INFO - Filling up the DagBag from /home/airflow/.local/lib/python3.12/site-packages/airflow/example_dags/example_dag_decorator.py
[2024-05-28T09:52:35.767+0000] {processor.py:840} INFO - DAG(s) 'example_dag_decorator' retrieved from /home/airflow/.local/lib/python3.12/site-packages/airflow/example_dags/example_dag_decorator.py
[2024-05-28T09:52:35.975+0000] {logging_mixin.py:188} INFO - [2024-05-28T09:52:35.974+0000] {dag.py:3096} INFO - Sync 1 DAGs
[2024-05-28T09:52:36.006+0000] {logging_mixin.py:188} INFO - [2024-05-28T09:52:36.006+0000] {dag.py:3954} INFO - Setting next_dagrun for example_dag_decorator to None, run_after=None
[2024-05-28T09:52:36.048+0000] {processor.py:183} INFO - Processing /home/airflow/.local/lib/python3.12/site-packages/airflow/example_dags/example_dag_decorator.py took 0.456 seconds
[2024-05-28T09:53:06.199+0000] {processor.py:161} INFO - Started process (PID=420) to work on /home/airflow/.local/lib/python3.12/site-packages/airflow/example_dags/example_dag_decorator.py
[2024-05-28T09:53:06.201+0000] {processor.py:830} INFO - Processing file /home/airflow/.local/lib/python3.12/site-packages/airflow/example_dags/example_dag_decorator.py for tasks to queue
[2024-05-28T09:53:06.204+0000] {logging_mixin.py:188} INFO - [2024-05-28T09:53:06.203+0000] {dagbag.py:545} INFO - Filling up the DagBag from /home/airflow/.local/lib/python3.12/site-packages/airflow/example_dags/example_dag_decorator.py
[2024-05-28T09:53:06.352+0000] {processor.py:840} INFO - DAG(s) 'example_dag_decorator' retrieved from /home/airflow/.local/lib/python3.12/site-packages/airflow/example_dags/example_dag_decorator.py
[2024-05-28T09:53:06.550+0000] {logging_mixin.py:188} INFO - [2024-05-28T09:53:06.550+0000] {dag.py:3096} INFO - Sync 1 DAGs
[2024-05-28T09:53:06.564+0000] {logging_mixin.py:188} INFO - [2024-05-28T09:53:06.564+0000] {dag.py:3954} INFO - Setting next_dagrun for example_dag_decorator to None, run_after=None
[2024-05-28T09:53:06.596+0000] {processor.py:183} INFO - Processing /home/airflow/.local/lib/python3.12/site-packages/airflow/example_dags/example_dag_decorator.py took 0.406 seconds
[2024-05-28T09:53:36.844+0000] {processor.py:161} INFO - Started process (PID=478) to work on /home/airflow/.local/lib/python3.12/site-packages/airflow/example_dags/example_dag_decorator.py
[2024-05-28T09:53:36.847+0000] {processor.py:830} INFO - Processing file /home/airflow/.local/lib/python3.12/site-packages/airflow/example_dags/example_dag_decorator.py for tasks to queue
[2024-05-28T09:53:36.851+0000] {logging_mixin.py:188} INFO - [2024-05-28T09:53:36.850+0000] {dagbag.py:545} INFO - Filling up the DagBag from /home/airflow/.local/lib/python3.12/site-packages/airflow/example_dags/example_dag_decorator.py
[2024-05-28T09:53:37.107+0000] {processor.py:840} INFO - DAG(s) 'example_dag_decorator' retrieved from /home/airflow/.local/lib/python3.12/site-packages/airflow/example_dags/example_dag_decorator.py
[2024-05-28T09:53:37.263+0000] {logging_mixin.py:188} INFO - [2024-05-28T09:53:37.262+0000] {dag.py:3096} INFO - Sync 1 DAGs
[2024-05-28T09:53:37.278+0000] {logging_mixin.py:188} INFO - [2024-05-28T09:53:37.277+0000] {dag.py:3954} INFO - Setting next_dagrun for example_dag_decorator to None, run_after=None
[2024-05-28T09:53:37.324+0000] {processor.py:183} INFO - Processing /home/airflow/.local/lib/python3.12/site-packages/airflow/example_dags/example_dag_decorator.py took 0.498 seconds
[2024-05-28T09:54:07.553+0000] {processor.py:161} INFO - Started process (PID=536) to work on /home/airflow/.local/lib/python3.12/site-packages/airflow/example_dags/example_dag_decorator.py
[2024-05-28T09:54:07.554+0000] {processor.py:830} INFO - Processing file /home/airflow/.local/lib/python3.12/site-packages/airflow/example_dags/example_dag_decorator.py for tasks to queue
[2024-05-28T09:54:07.557+0000] {logging_mixin.py:188} INFO - [2024-05-28T09:54:07.556+0000] {dagbag.py:545} INFO - Filling up the DagBag from /home/airflow/.local/lib/python3.12/site-packages/airflow/example_dags/example_dag_decorator.py
[2024-05-28T09:54:07.759+0000] {processor.py:840} INFO - DAG(s) 'example_dag_decorator' retrieved from /home/airflow/.local/lib/python3.12/site-packages/airflow/example_dags/example_dag_decorator.py
[2024-05-28T09:54:07.993+0000] {logging_mixin.py:188} INFO - [2024-05-28T09:54:07.993+0000] {dag.py:3096} INFO - Sync 1 DAGs
[2024-05-28T09:54:08.028+0000] {logging_mixin.py:188} INFO - [2024-05-28T09:54:08.027+0000] {dag.py:3954} INFO - Setting next_dagrun for example_dag_decorator to None, run_after=None
[2024-05-28T09:54:08.094+0000] {processor.py:183} INFO - Processing /home/airflow/.local/lib/python3.12/site-packages/airflow/example_dags/example_dag_decorator.py took 0.560 seconds
[2024-05-28T09:54:38.288+0000] {processor.py:161} INFO - Started process (PID=594) to work on /home/airflow/.local/lib/python3.12/site-packages/airflow/example_dags/example_dag_decorator.py
[2024-05-28T09:54:38.290+0000] {processor.py:830} INFO - Processing file /home/airflow/.local/lib/python3.12/site-packages/airflow/example_dags/example_dag_decorator.py for tasks to queue
[2024-05-28T09:54:38.293+0000] {logging_mixin.py:188} INFO - [2024-05-28T09:54:38.292+0000] {dagbag.py:545} INFO - Filling up the DagBag from /home/airflow/.local/lib/python3.12/site-packages/airflow/example_dags/example_dag_decorator.py
[2024-05-28T09:54:38.407+0000] {processor.py:840} INFO - DAG(s) 'example_dag_decorator' retrieved from /home/airflow/.local/lib/python3.12/site-packages/airflow/example_dags/example_dag_decorator.py
[2024-05-28T09:54:38.911+0000] {logging_mixin.py:188} INFO - [2024-05-28T09:54:38.910+0000] {dag.py:3096} INFO - Sync 1 DAGs
[2024-05-28T09:54:38.942+0000] {logging_mixin.py:188} INFO - [2024-05-28T09:54:38.942+0000] {dag.py:3954} INFO - Setting next_dagrun for example_dag_decorator to None, run_after=None
[2024-05-28T09:54:38.974+0000] {processor.py:183} INFO - Processing /home/airflow/.local/lib/python3.12/site-packages/airflow/example_dags/example_dag_decorator.py took 0.696 seconds
[2024-05-28T09:55:09.192+0000] {processor.py:161} INFO - Started process (PID=655) to work on /home/airflow/.local/lib/python3.12/site-packages/airflow/example_dags/example_dag_decorator.py
[2024-05-28T09:55:09.194+0000] {processor.py:830} INFO - Processing file /home/airflow/.local/lib/python3.12/site-packages/airflow/example_dags/example_dag_decorator.py for tasks to queue
[2024-05-28T09:55:09.196+0000] {logging_mixin.py:188} INFO - [2024-05-28T09:55:09.196+0000] {dagbag.py:545} INFO - Filling up the DagBag from /home/airflow/.local/lib/python3.12/site-packages/airflow/example_dags/example_dag_decorator.py
[2024-05-28T09:55:09.321+0000] {processor.py:840} INFO - DAG(s) 'example_dag_decorator' retrieved from /home/airflow/.local/lib/python3.12/site-packages/airflow/example_dags/example_dag_decorator.py
[2024-05-28T09:55:09.657+0000] {logging_mixin.py:188} INFO - [2024-05-28T09:55:09.657+0000] {dag.py:3096} INFO - Sync 1 DAGs
[2024-05-28T09:55:09.668+0000] {logging_mixin.py:188} INFO - [2024-05-28T09:55:09.668+0000] {dag.py:3954} INFO - Setting next_dagrun for example_dag_decorator to None, run_after=None
[2024-05-28T09:55:09.689+0000] {processor.py:183} INFO - Processing /home/airflow/.local/lib/python3.12/site-packages/airflow/example_dags/example_dag_decorator.py took 0.506 seconds
[2024-05-28T09:55:39.755+0000] {processor.py:161} INFO - Started process (PID=714) to work on /home/airflow/.local/lib/python3.12/site-packages/airflow/example_dags/example_dag_decorator.py
[2024-05-28T09:55:39.758+0000] {processor.py:830} INFO - Processing file /home/airflow/.local/lib/python3.12/site-packages/airflow/example_dags/example_dag_decorator.py for tasks to queue
[2024-05-28T09:55:39.764+0000] {logging_mixin.py:188} INFO - [2024-05-28T09:55:39.763+0000] {dagbag.py:545} INFO - Filling up the DagBag from /home/airflow/.local/lib/python3.12/site-packages/airflow/example_dags/example_dag_decorator.py
[2024-05-28T09:55:39.946+0000] {processor.py:840} INFO - DAG(s) 'example_dag_decorator' retrieved from /home/airflow/.local/lib/python3.12/site-packages/airflow/example_dags/example_dag_decorator.py
[2024-05-28T09:55:40.280+0000] {logging_mixin.py:188} INFO - [2024-05-28T09:55:40.280+0000] {dag.py:3096} INFO - Sync 1 DAGs
[2024-05-28T09:55:40.295+0000] {logging_mixin.py:188} INFO - [2024-05-28T09:55:40.294+0000] {dag.py:3954} INFO - Setting next_dagrun for example_dag_decorator to None, run_after=None
[2024-05-28T09:55:40.334+0000] {processor.py:183} INFO - Processing /home/airflow/.local/lib/python3.12/site-packages/airflow/example_dags/example_dag_decorator.py took 0.593 seconds
[2024-05-28T09:56:10.565+0000] {processor.py:161} INFO - Started process (PID=774) to work on /home/airflow/.local/lib/python3.12/site-packages/airflow/example_dags/example_dag_decorator.py
[2024-05-28T09:56:10.568+0000] {processor.py:830} INFO - Processing file /home/airflow/.local/lib/python3.12/site-packages/airflow/example_dags/example_dag_decorator.py for tasks to queue
[2024-05-28T09:56:10.571+0000] {logging_mixin.py:188} INFO - [2024-05-28T09:56:10.570+0000] {dagbag.py:545} INFO - Filling up the DagBag from /home/airflow/.local/lib/python3.12/site-packages/airflow/example_dags/example_dag_decorator.py
[2024-05-28T09:56:10.745+0000] {processor.py:840} INFO - DAG(s) 'example_dag_decorator' retrieved from /home/airflow/.local/lib/python3.12/site-packages/airflow/example_dags/example_dag_decorator.py
[2024-05-28T09:56:11.184+0000] {logging_mixin.py:188} INFO - [2024-05-28T09:56:11.184+0000] {dag.py:3096} INFO - Sync 1 DAGs
[2024-05-28T09:56:11.205+0000] {logging_mixin.py:188} INFO - [2024-05-28T09:56:11.205+0000] {dag.py:3954} INFO - Setting next_dagrun for example_dag_decorator to None, run_after=None
[2024-05-28T09:56:11.248+0000] {processor.py:183} INFO - Processing /home/airflow/.local/lib/python3.12/site-packages/airflow/example_dags/example_dag_decorator.py took 0.694 seconds
[2024-05-28T09:56:41.482+0000] {processor.py:161} INFO - Started process (PID=832) to work on /home/airflow/.local/lib/python3.12/site-packages/airflow/example_dags/example_dag_decorator.py
[2024-05-28T09:56:41.484+0000] {processor.py:830} INFO - Processing file /home/airflow/.local/lib/python3.12/site-packages/airflow/example_dags/example_dag_decorator.py for tasks to queue
[2024-05-28T09:56:41.488+0000] {logging_mixin.py:188} INFO - [2024-05-28T09:56:41.487+0000] {dagbag.py:545} INFO - Filling up the DagBag from /home/airflow/.local/lib/python3.12/site-packages/airflow/example_dags/example_dag_decorator.py
[2024-05-28T09:56:41.669+0000] {processor.py:840} INFO - DAG(s) 'example_dag_decorator' retrieved from /home/airflow/.local/lib/python3.12/site-packages/airflow/example_dags/example_dag_decorator.py
[2024-05-28T09:56:42.124+0000] {logging_mixin.py:188} INFO - [2024-05-28T09:56:42.123+0000] {dag.py:3096} INFO - Sync 1 DAGs
[2024-05-28T09:56:42.155+0000] {logging_mixin.py:188} INFO - [2024-05-28T09:56:42.155+0000] {dag.py:3954} INFO - Setting next_dagrun for example_dag_decorator to None, run_after=None
[2024-05-28T09:56:42.199+0000] {processor.py:183} INFO - Processing /home/airflow/.local/lib/python3.12/site-packages/airflow/example_dags/example_dag_decorator.py took 0.729 seconds
[2024-05-28T09:57:12.593+0000] {processor.py:161} INFO - Started process (PID=891) to work on /home/airflow/.local/lib/python3.12/site-packages/airflow/example_dags/example_dag_decorator.py
[2024-05-28T09:57:12.596+0000] {processor.py:830} INFO - Processing file /home/airflow/.local/lib/python3.12/site-packages/airflow/example_dags/example_dag_decorator.py for tasks to queue
[2024-05-28T09:57:12.598+0000] {logging_mixin.py:188} INFO - [2024-05-28T09:57:12.598+0000] {dagbag.py:545} INFO - Filling up the DagBag from /home/airflow/.local/lib/python3.12/site-packages/airflow/example_dags/example_dag_decorator.py
[2024-05-28T09:57:12.740+0000] {processor.py:840} INFO - DAG(s) 'example_dag_decorator' retrieved from /home/airflow/.local/lib/python3.12/site-packages/airflow/example_dags/example_dag_decorator.py
[2024-05-28T09:57:13.125+0000] {logging_mixin.py:188} INFO - [2024-05-28T09:57:13.124+0000] {dag.py:3096} INFO - Sync 1 DAGs
[2024-05-28T09:57:13.135+0000] {logging_mixin.py:188} INFO - [2024-05-28T09:57:13.135+0000] {dag.py:3954} INFO - Setting next_dagrun for example_dag_decorator to None, run_after=None
[2024-05-28T09:57:13.155+0000] {processor.py:183} INFO - Processing /home/airflow/.local/lib/python3.12/site-packages/airflow/example_dags/example_dag_decorator.py took 0.580 seconds
[2024-05-28T09:57:43.214+0000] {processor.py:161} INFO - Started process (PID=952) to work on /home/airflow/.local/lib/python3.12/site-packages/airflow/example_dags/example_dag_decorator.py
[2024-05-28T09:57:43.215+0000] {processor.py:830} INFO - Processing file /home/airflow/.local/lib/python3.12/site-packages/airflow/example_dags/example_dag_decorator.py for tasks to queue
[2024-05-28T09:57:43.218+0000] {logging_mixin.py:188} INFO - [2024-05-28T09:57:43.217+0000] {dagbag.py:545} INFO - Filling up the DagBag from /home/airflow/.local/lib/python3.12/site-packages/airflow/example_dags/example_dag_decorator.py
[2024-05-28T09:57:43.442+0000] {processor.py:840} INFO - DAG(s) 'example_dag_decorator' retrieved from /home/airflow/.local/lib/python3.12/site-packages/airflow/example_dags/example_dag_decorator.py
[2024-05-28T09:57:44.001+0000] {logging_mixin.py:188} INFO - [2024-05-28T09:57:44.001+0000] {dag.py:3096} INFO - Sync 1 DAGs
[2024-05-28T09:57:44.015+0000] {logging_mixin.py:188} INFO - [2024-05-28T09:57:44.014+0000] {dag.py:3954} INFO - Setting next_dagrun for example_dag_decorator to None, run_after=None
[2024-05-28T09:57:44.044+0000] {processor.py:183} INFO - Processing /home/airflow/.local/lib/python3.12/site-packages/airflow/example_dags/example_dag_decorator.py took 0.850 seconds
[2024-05-28T09:58:14.811+0000] {processor.py:161} INFO - Started process (PID=1010) to work on /home/airflow/.local/lib/python3.12/site-packages/airflow/example_dags/example_dag_decorator.py
[2024-05-28T09:58:14.814+0000] {processor.py:830} INFO - Processing file /home/airflow/.local/lib/python3.12/site-packages/airflow/example_dags/example_dag_decorator.py for tasks to queue
[2024-05-28T09:58:14.820+0000] {logging_mixin.py:188} INFO - [2024-05-28T09:58:14.820+0000] {dagbag.py:545} INFO - Filling up the DagBag from /home/airflow/.local/lib/python3.12/site-packages/airflow/example_dags/example_dag_decorator.py
[2024-05-28T09:58:15.059+0000] {processor.py:840} INFO - DAG(s) 'example_dag_decorator' retrieved from /home/airflow/.local/lib/python3.12/site-packages/airflow/example_dags/example_dag_decorator.py
[2024-05-28T09:58:15.425+0000] {logging_mixin.py:188} INFO - [2024-05-28T09:58:15.424+0000] {dag.py:3096} INFO - Sync 1 DAGs
[2024-05-28T09:58:15.451+0000] {logging_mixin.py:188} INFO - [2024-05-28T09:58:15.451+0000] {dag.py:3954} INFO - Setting next_dagrun for example_dag_decorator to None, run_after=None
[2024-05-28T09:58:15.522+0000] {processor.py:183} INFO - Processing /home/airflow/.local/lib/python3.12/site-packages/airflow/example_dags/example_dag_decorator.py took 0.727 seconds
[2024-05-28T10:00:18.995+0000] {processor.py:161} INFO - Started process (PID=74) to work on /home/airflow/.local/lib/python3.12/site-packages/airflow/example_dags/example_dag_decorator.py
[2024-05-28T10:00:18.997+0000] {processor.py:830} INFO - Processing file /home/airflow/.local/lib/python3.12/site-packages/airflow/example_dags/example_dag_decorator.py for tasks to queue
[2024-05-28T10:00:19.000+0000] {logging_mixin.py:188} INFO - [2024-05-28T10:00:18.999+0000] {dagbag.py:545} INFO - Filling up the DagBag from /home/airflow/.local/lib/python3.12/site-packages/airflow/example_dags/example_dag_decorator.py
[2024-05-28T10:00:19.660+0000] {processor.py:840} INFO - DAG(s) 'example_dag_decorator' retrieved from /home/airflow/.local/lib/python3.12/site-packages/airflow/example_dags/example_dag_decorator.py
[2024-05-28T10:00:20.019+0000] {logging_mixin.py:188} INFO - [2024-05-28T10:00:20.019+0000] {dag.py:3096} INFO - Sync 1 DAGs
[2024-05-28T10:00:20.044+0000] {logging_mixin.py:188} INFO - [2024-05-28T10:00:20.044+0000] {dag.py:3954} INFO - Setting next_dagrun for example_dag_decorator to None, run_after=None
[2024-05-28T10:00:20.109+0000] {processor.py:183} INFO - Processing /home/airflow/.local/lib/python3.12/site-packages/airflow/example_dags/example_dag_decorator.py took 1.127 seconds
[2024-05-28T10:00:50.704+0000] {processor.py:161} INFO - Started process (PID=132) to work on /home/airflow/.local/lib/python3.12/site-packages/airflow/example_dags/example_dag_decorator.py
[2024-05-28T10:00:50.705+0000] {processor.py:830} INFO - Processing file /home/airflow/.local/lib/python3.12/site-packages/airflow/example_dags/example_dag_decorator.py for tasks to queue
[2024-05-28T10:00:50.709+0000] {logging_mixin.py:188} INFO - [2024-05-28T10:00:50.709+0000] {dagbag.py:545} INFO - Filling up the DagBag from /home/airflow/.local/lib/python3.12/site-packages/airflow/example_dags/example_dag_decorator.py
[2024-05-28T10:00:50.873+0000] {processor.py:840} INFO - DAG(s) 'example_dag_decorator' retrieved from /home/airflow/.local/lib/python3.12/site-packages/airflow/example_dags/example_dag_decorator.py
[2024-05-28T10:00:51.159+0000] {logging_mixin.py:188} INFO - [2024-05-28T10:00:51.159+0000] {dag.py:3096} INFO - Sync 1 DAGs
[2024-05-28T10:00:51.179+0000] {logging_mixin.py:188} INFO - [2024-05-28T10:00:51.178+0000] {dag.py:3954} INFO - Setting next_dagrun for example_dag_decorator to None, run_after=None
[2024-05-28T10:00:51.222+0000] {processor.py:183} INFO - Processing /home/airflow/.local/lib/python3.12/site-packages/airflow/example_dags/example_dag_decorator.py took 0.529 seconds
[2024-05-28T10:01:21.976+0000] {processor.py:161} INFO - Started process (PID=190) to work on /home/airflow/.local/lib/python3.12/site-packages/airflow/example_dags/example_dag_decorator.py
[2024-05-28T10:01:21.978+0000] {processor.py:830} INFO - Processing file /home/airflow/.local/lib/python3.12/site-packages/airflow/example_dags/example_dag_decorator.py for tasks to queue
[2024-05-28T10:01:21.995+0000] {logging_mixin.py:188} INFO - [2024-05-28T10:01:21.989+0000] {dagbag.py:545} INFO - Filling up the DagBag from /home/airflow/.local/lib/python3.12/site-packages/airflow/example_dags/example_dag_decorator.py
[2024-05-28T10:01:22.219+0000] {processor.py:840} INFO - DAG(s) 'example_dag_decorator' retrieved from /home/airflow/.local/lib/python3.12/site-packages/airflow/example_dags/example_dag_decorator.py
[2024-05-28T10:01:22.270+0000] {logging_mixin.py:188} INFO - [2024-05-28T10:01:22.269+0000] {dag.py:3096} INFO - Sync 1 DAGs
[2024-05-28T10:01:22.298+0000] {logging_mixin.py:188} INFO - [2024-05-28T10:01:22.298+0000] {dag.py:3954} INFO - Setting next_dagrun for example_dag_decorator to None, run_after=None
[2024-05-28T10:01:22.335+0000] {processor.py:183} INFO - Processing /home/airflow/.local/lib/python3.12/site-packages/airflow/example_dags/example_dag_decorator.py took 0.384 seconds
