[2024-05-28T09:46:28.418+0000] {processor.py:161} INFO - Started process (PID=57) to work on /home/airflow/.local/lib/python3.12/site-packages/airflow/example_dags/example_branch_operator.py
[2024-05-28T09:46:28.420+0000] {processor.py:830} INFO - Processing file /home/airflow/.local/lib/python3.12/site-packages/airflow/example_dags/example_branch_operator.py for tasks to queue
[2024-05-28T09:46:28.422+0000] {logging_mixin.py:188} INFO - [2024-05-28T09:46:28.422+0000] {dagbag.py:545} INFO - Filling up the DagBag from /home/airflow/.local/lib/python3.12/site-packages/airflow/example_dags/example_branch_operator.py
[2024-05-28T09:46:28.495+0000] {processor.py:840} INFO - DAG(s) 'example_branch_operator' retrieved from /home/airflow/.local/lib/python3.12/site-packages/airflow/example_dags/example_branch_operator.py
[2024-05-28T09:46:28.771+0000] {logging_mixin.py:188} INFO - [2024-05-28T09:46:28.770+0000] {dag.py:3096} INFO - Sync 1 DAGs
[2024-05-28T09:46:28.849+0000] {logging_mixin.py:188} INFO - [2024-05-28T09:46:28.847+0000] {dag.py:3954} INFO - Setting next_dagrun for example_branch_operator to 2024-05-27 00:00:00+00:00, run_after=2024-05-28 00:00:00+00:00
[2024-05-28T09:46:28.932+0000] {processor.py:183} INFO - Processing /home/airflow/.local/lib/python3.12/site-packages/airflow/example_dags/example_branch_operator.py took 0.522 seconds
[2024-05-28T09:46:59.645+0000] {processor.py:161} INFO - Started process (PID=115) to work on /home/airflow/.local/lib/python3.12/site-packages/airflow/example_dags/example_branch_operator.py
[2024-05-28T09:46:59.655+0000] {processor.py:830} INFO - Processing file /home/airflow/.local/lib/python3.12/site-packages/airflow/example_dags/example_branch_operator.py for tasks to queue
[2024-05-28T09:46:59.658+0000] {logging_mixin.py:188} INFO - [2024-05-28T09:46:59.657+0000] {dagbag.py:545} INFO - Filling up the DagBag from /home/airflow/.local/lib/python3.12/site-packages/airflow/example_dags/example_branch_operator.py
[2024-05-28T09:46:59.697+0000] {processor.py:840} INFO - DAG(s) 'example_branch_operator' retrieved from /home/airflow/.local/lib/python3.12/site-packages/airflow/example_dags/example_branch_operator.py
[2024-05-28T09:46:59.765+0000] {logging_mixin.py:188} INFO - [2024-05-28T09:46:59.765+0000] {dag.py:3096} INFO - Sync 1 DAGs
[2024-05-28T09:46:59.813+0000] {logging_mixin.py:188} INFO - [2024-05-28T09:46:59.807+0000] {dag.py:3954} INFO - Setting next_dagrun for example_branch_operator to 2024-05-27 00:00:00+00:00, run_after=2024-05-28 00:00:00+00:00
[2024-05-28T09:46:59.862+0000] {processor.py:183} INFO - Processing /home/airflow/.local/lib/python3.12/site-packages/airflow/example_dags/example_branch_operator.py took 0.231 seconds
[2024-05-28T09:47:30.468+0000] {processor.py:161} INFO - Started process (PID=173) to work on /home/airflow/.local/lib/python3.12/site-packages/airflow/example_dags/example_branch_operator.py
[2024-05-28T09:47:30.470+0000] {processor.py:830} INFO - Processing file /home/airflow/.local/lib/python3.12/site-packages/airflow/example_dags/example_branch_operator.py for tasks to queue
[2024-05-28T09:47:30.474+0000] {logging_mixin.py:188} INFO - [2024-05-28T09:47:30.473+0000] {dagbag.py:545} INFO - Filling up the DagBag from /home/airflow/.local/lib/python3.12/site-packages/airflow/example_dags/example_branch_operator.py
[2024-05-28T09:47:30.505+0000] {processor.py:840} INFO - DAG(s) 'example_branch_operator' retrieved from /home/airflow/.local/lib/python3.12/site-packages/airflow/example_dags/example_branch_operator.py
[2024-05-28T09:47:30.584+0000] {logging_mixin.py:188} INFO - [2024-05-28T09:47:30.584+0000] {dag.py:3096} INFO - Sync 1 DAGs
[2024-05-28T09:47:30.637+0000] {logging_mixin.py:188} INFO - [2024-05-28T09:47:30.636+0000] {dag.py:3954} INFO - Setting next_dagrun for example_branch_operator to 2024-05-27 00:00:00+00:00, run_after=2024-05-28 00:00:00+00:00
[2024-05-28T09:47:30.673+0000] {processor.py:183} INFO - Processing /home/airflow/.local/lib/python3.12/site-packages/airflow/example_dags/example_branch_operator.py took 0.217 seconds
[2024-05-28T09:48:01.263+0000] {processor.py:161} INFO - Started process (PID=231) to work on /home/airflow/.local/lib/python3.12/site-packages/airflow/example_dags/example_branch_operator.py
[2024-05-28T09:48:01.267+0000] {processor.py:830} INFO - Processing file /home/airflow/.local/lib/python3.12/site-packages/airflow/example_dags/example_branch_operator.py for tasks to queue
[2024-05-28T09:48:01.272+0000] {logging_mixin.py:188} INFO - [2024-05-28T09:48:01.271+0000] {dagbag.py:545} INFO - Filling up the DagBag from /home/airflow/.local/lib/python3.12/site-packages/airflow/example_dags/example_branch_operator.py
[2024-05-28T09:48:01.310+0000] {processor.py:840} INFO - DAG(s) 'example_branch_operator' retrieved from /home/airflow/.local/lib/python3.12/site-packages/airflow/example_dags/example_branch_operator.py
[2024-05-28T09:48:01.358+0000] {logging_mixin.py:188} INFO - [2024-05-28T09:48:01.358+0000] {dag.py:3096} INFO - Sync 1 DAGs
[2024-05-28T09:48:01.392+0000] {logging_mixin.py:188} INFO - [2024-05-28T09:48:01.391+0000] {dag.py:3954} INFO - Setting next_dagrun for example_branch_operator to 2024-05-27 00:00:00+00:00, run_after=2024-05-28 00:00:00+00:00
[2024-05-28T09:48:01.417+0000] {processor.py:183} INFO - Processing /home/airflow/.local/lib/python3.12/site-packages/airflow/example_dags/example_branch_operator.py took 0.169 seconds
[2024-05-28T09:48:32.279+0000] {processor.py:161} INFO - Started process (PID=289) to work on /home/airflow/.local/lib/python3.12/site-packages/airflow/example_dags/example_branch_operator.py
[2024-05-28T09:48:32.282+0000] {processor.py:830} INFO - Processing file /home/airflow/.local/lib/python3.12/site-packages/airflow/example_dags/example_branch_operator.py for tasks to queue
[2024-05-28T09:48:32.286+0000] {logging_mixin.py:188} INFO - [2024-05-28T09:48:32.286+0000] {dagbag.py:545} INFO - Filling up the DagBag from /home/airflow/.local/lib/python3.12/site-packages/airflow/example_dags/example_branch_operator.py
[2024-05-28T09:48:32.328+0000] {processor.py:840} INFO - DAG(s) 'example_branch_operator' retrieved from /home/airflow/.local/lib/python3.12/site-packages/airflow/example_dags/example_branch_operator.py
[2024-05-28T09:48:32.420+0000] {logging_mixin.py:188} INFO - [2024-05-28T09:48:32.420+0000] {dag.py:3096} INFO - Sync 1 DAGs
[2024-05-28T09:48:32.499+0000] {logging_mixin.py:188} INFO - [2024-05-28T09:48:32.498+0000] {dag.py:3954} INFO - Setting next_dagrun for example_branch_operator to 2024-05-27 00:00:00+00:00, run_after=2024-05-28 00:00:00+00:00
[2024-05-28T09:48:32.574+0000] {processor.py:183} INFO - Processing /home/airflow/.local/lib/python3.12/site-packages/airflow/example_dags/example_branch_operator.py took 0.314 seconds
[2024-05-28T09:49:57.474+0000] {processor.py:161} INFO - Started process (PID=51) to work on /home/airflow/.local/lib/python3.12/site-packages/airflow/example_dags/example_branch_operator.py
[2024-05-28T09:49:57.476+0000] {processor.py:830} INFO - Processing file /home/airflow/.local/lib/python3.12/site-packages/airflow/example_dags/example_branch_operator.py for tasks to queue
[2024-05-28T09:49:57.479+0000] {logging_mixin.py:188} INFO - [2024-05-28T09:49:57.479+0000] {dagbag.py:545} INFO - Filling up the DagBag from /home/airflow/.local/lib/python3.12/site-packages/airflow/example_dags/example_branch_operator.py
[2024-05-28T09:49:57.503+0000] {processor.py:840} INFO - DAG(s) 'example_branch_operator' retrieved from /home/airflow/.local/lib/python3.12/site-packages/airflow/example_dags/example_branch_operator.py
[2024-05-28T09:49:57.710+0000] {logging_mixin.py:188} INFO - [2024-05-28T09:49:57.709+0000] {dag.py:3096} INFO - Sync 1 DAGs
[2024-05-28T09:49:57.752+0000] {logging_mixin.py:188} INFO - [2024-05-28T09:49:57.752+0000] {dag.py:3954} INFO - Setting next_dagrun for example_branch_operator to 2024-05-27 00:00:00+00:00, run_after=2024-05-28 00:00:00+00:00
[2024-05-28T09:49:57.802+0000] {processor.py:183} INFO - Processing /home/airflow/.local/lib/python3.12/site-packages/airflow/example_dags/example_branch_operator.py took 0.335 seconds
[2024-05-28T09:50:28.234+0000] {processor.py:161} INFO - Started process (PID=109) to work on /home/airflow/.local/lib/python3.12/site-packages/airflow/example_dags/example_branch_operator.py
[2024-05-28T09:50:28.236+0000] {processor.py:830} INFO - Processing file /home/airflow/.local/lib/python3.12/site-packages/airflow/example_dags/example_branch_operator.py for tasks to queue
[2024-05-28T09:50:28.238+0000] {logging_mixin.py:188} INFO - [2024-05-28T09:50:28.238+0000] {dagbag.py:545} INFO - Filling up the DagBag from /home/airflow/.local/lib/python3.12/site-packages/airflow/example_dags/example_branch_operator.py
[2024-05-28T09:50:28.274+0000] {processor.py:840} INFO - DAG(s) 'example_branch_operator' retrieved from /home/airflow/.local/lib/python3.12/site-packages/airflow/example_dags/example_branch_operator.py
[2024-05-28T09:50:28.368+0000] {logging_mixin.py:188} INFO - [2024-05-28T09:50:28.368+0000] {dag.py:3096} INFO - Sync 1 DAGs
[2024-05-28T09:50:28.431+0000] {logging_mixin.py:188} INFO - [2024-05-28T09:50:28.428+0000] {dag.py:3954} INFO - Setting next_dagrun for example_branch_operator to 2024-05-27 00:00:00+00:00, run_after=2024-05-28 00:00:00+00:00
[2024-05-28T09:50:28.486+0000] {processor.py:183} INFO - Processing /home/airflow/.local/lib/python3.12/site-packages/airflow/example_dags/example_branch_operator.py took 0.259 seconds
[2024-05-28T09:50:58.728+0000] {processor.py:161} INFO - Started process (PID=167) to work on /home/airflow/.local/lib/python3.12/site-packages/airflow/example_dags/example_branch_operator.py
[2024-05-28T09:50:58.730+0000] {processor.py:830} INFO - Processing file /home/airflow/.local/lib/python3.12/site-packages/airflow/example_dags/example_branch_operator.py for tasks to queue
[2024-05-28T09:50:58.738+0000] {logging_mixin.py:188} INFO - [2024-05-28T09:50:58.738+0000] {dagbag.py:545} INFO - Filling up the DagBag from /home/airflow/.local/lib/python3.12/site-packages/airflow/example_dags/example_branch_operator.py
[2024-05-28T09:50:58.793+0000] {processor.py:840} INFO - DAG(s) 'example_branch_operator' retrieved from /home/airflow/.local/lib/python3.12/site-packages/airflow/example_dags/example_branch_operator.py
[2024-05-28T09:50:58.868+0000] {logging_mixin.py:188} INFO - [2024-05-28T09:50:58.867+0000] {dag.py:3096} INFO - Sync 1 DAGs
[2024-05-28T09:50:58.915+0000] {logging_mixin.py:188} INFO - [2024-05-28T09:50:58.915+0000] {dag.py:3954} INFO - Setting next_dagrun for example_branch_operator to 2024-05-27 00:00:00+00:00, run_after=2024-05-28 00:00:00+00:00
[2024-05-28T09:50:58.961+0000] {processor.py:183} INFO - Processing /home/airflow/.local/lib/python3.12/site-packages/airflow/example_dags/example_branch_operator.py took 0.246 seconds
[2024-05-28T09:51:29.809+0000] {processor.py:161} INFO - Started process (PID=225) to work on /home/airflow/.local/lib/python3.12/site-packages/airflow/example_dags/example_branch_operator.py
[2024-05-28T09:51:29.811+0000] {processor.py:830} INFO - Processing file /home/airflow/.local/lib/python3.12/site-packages/airflow/example_dags/example_branch_operator.py for tasks to queue
[2024-05-28T09:51:29.813+0000] {logging_mixin.py:188} INFO - [2024-05-28T09:51:29.813+0000] {dagbag.py:545} INFO - Filling up the DagBag from /home/airflow/.local/lib/python3.12/site-packages/airflow/example_dags/example_branch_operator.py
[2024-05-28T09:51:29.839+0000] {processor.py:840} INFO - DAG(s) 'example_branch_operator' retrieved from /home/airflow/.local/lib/python3.12/site-packages/airflow/example_dags/example_branch_operator.py
[2024-05-28T09:51:29.897+0000] {logging_mixin.py:188} INFO - [2024-05-28T09:51:29.897+0000] {dag.py:3096} INFO - Sync 1 DAGs
[2024-05-28T09:51:29.937+0000] {logging_mixin.py:188} INFO - [2024-05-28T09:51:29.937+0000] {dag.py:3954} INFO - Setting next_dagrun for example_branch_operator to 2024-05-27 00:00:00+00:00, run_after=2024-05-28 00:00:00+00:00
[2024-05-28T09:51:29.987+0000] {processor.py:183} INFO - Processing /home/airflow/.local/lib/python3.12/site-packages/airflow/example_dags/example_branch_operator.py took 0.189 seconds
[2024-05-28T09:52:00.134+0000] {processor.py:161} INFO - Started process (PID=283) to work on /home/airflow/.local/lib/python3.12/site-packages/airflow/example_dags/example_branch_operator.py
[2024-05-28T09:52:00.140+0000] {processor.py:830} INFO - Processing file /home/airflow/.local/lib/python3.12/site-packages/airflow/example_dags/example_branch_operator.py for tasks to queue
[2024-05-28T09:52:00.151+0000] {logging_mixin.py:188} INFO - [2024-05-28T09:52:00.149+0000] {dagbag.py:545} INFO - Filling up the DagBag from /home/airflow/.local/lib/python3.12/site-packages/airflow/example_dags/example_branch_operator.py
[2024-05-28T09:52:00.239+0000] {processor.py:840} INFO - DAG(s) 'example_branch_operator' retrieved from /home/airflow/.local/lib/python3.12/site-packages/airflow/example_dags/example_branch_operator.py
[2024-05-28T09:52:00.309+0000] {logging_mixin.py:188} INFO - [2024-05-28T09:52:00.308+0000] {dag.py:3096} INFO - Sync 1 DAGs
[2024-05-28T09:52:00.372+0000] {logging_mixin.py:188} INFO - [2024-05-28T09:52:00.371+0000] {dag.py:3954} INFO - Setting next_dagrun for example_branch_operator to 2024-05-27 00:00:00+00:00, run_after=2024-05-28 00:00:00+00:00
[2024-05-28T09:52:00.447+0000] {processor.py:183} INFO - Processing /home/airflow/.local/lib/python3.12/site-packages/airflow/example_dags/example_branch_operator.py took 0.336 seconds
[2024-05-28T09:52:30.700+0000] {processor.py:161} INFO - Started process (PID=340) to work on /home/airflow/.local/lib/python3.12/site-packages/airflow/example_dags/example_branch_operator.py
[2024-05-28T09:52:30.702+0000] {processor.py:830} INFO - Processing file /home/airflow/.local/lib/python3.12/site-packages/airflow/example_dags/example_branch_operator.py for tasks to queue
[2024-05-28T09:52:30.706+0000] {logging_mixin.py:188} INFO - [2024-05-28T09:52:30.705+0000] {dagbag.py:545} INFO - Filling up the DagBag from /home/airflow/.local/lib/python3.12/site-packages/airflow/example_dags/example_branch_operator.py
[2024-05-28T09:52:30.734+0000] {processor.py:840} INFO - DAG(s) 'example_branch_operator' retrieved from /home/airflow/.local/lib/python3.12/site-packages/airflow/example_dags/example_branch_operator.py
[2024-05-28T09:52:30.792+0000] {logging_mixin.py:188} INFO - [2024-05-28T09:52:30.791+0000] {dag.py:3096} INFO - Sync 1 DAGs
[2024-05-28T09:52:30.833+0000] {logging_mixin.py:188} INFO - [2024-05-28T09:52:30.833+0000] {dag.py:3954} INFO - Setting next_dagrun for example_branch_operator to 2024-05-27 00:00:00+00:00, run_after=2024-05-28 00:00:00+00:00
[2024-05-28T09:52:30.866+0000] {processor.py:183} INFO - Processing /home/airflow/.local/lib/python3.12/site-packages/airflow/example_dags/example_branch_operator.py took 0.175 seconds
[2024-05-28T09:53:01.287+0000] {processor.py:161} INFO - Started process (PID=398) to work on /home/airflow/.local/lib/python3.12/site-packages/airflow/example_dags/example_branch_operator.py
[2024-05-28T09:53:01.289+0000] {processor.py:830} INFO - Processing file /home/airflow/.local/lib/python3.12/site-packages/airflow/example_dags/example_branch_operator.py for tasks to queue
[2024-05-28T09:53:01.293+0000] {logging_mixin.py:188} INFO - [2024-05-28T09:53:01.292+0000] {dagbag.py:545} INFO - Filling up the DagBag from /home/airflow/.local/lib/python3.12/site-packages/airflow/example_dags/example_branch_operator.py
[2024-05-28T09:53:01.341+0000] {processor.py:840} INFO - DAG(s) 'example_branch_operator' retrieved from /home/airflow/.local/lib/python3.12/site-packages/airflow/example_dags/example_branch_operator.py
[2024-05-28T09:53:01.419+0000] {logging_mixin.py:188} INFO - [2024-05-28T09:53:01.418+0000] {dag.py:3096} INFO - Sync 1 DAGs
[2024-05-28T09:53:01.512+0000] {logging_mixin.py:188} INFO - [2024-05-28T09:53:01.512+0000] {dag.py:3954} INFO - Setting next_dagrun for example_branch_operator to 2024-05-27 00:00:00+00:00, run_after=2024-05-28 00:00:00+00:00
[2024-05-28T09:53:01.556+0000] {processor.py:183} INFO - Processing /home/airflow/.local/lib/python3.12/site-packages/airflow/example_dags/example_branch_operator.py took 0.285 seconds
[2024-05-28T09:53:32.013+0000] {processor.py:161} INFO - Started process (PID=456) to work on /home/airflow/.local/lib/python3.12/site-packages/airflow/example_dags/example_branch_operator.py
[2024-05-28T09:53:32.016+0000] {processor.py:830} INFO - Processing file /home/airflow/.local/lib/python3.12/site-packages/airflow/example_dags/example_branch_operator.py for tasks to queue
[2024-05-28T09:53:32.020+0000] {logging_mixin.py:188} INFO - [2024-05-28T09:53:32.019+0000] {dagbag.py:545} INFO - Filling up the DagBag from /home/airflow/.local/lib/python3.12/site-packages/airflow/example_dags/example_branch_operator.py
[2024-05-28T09:53:32.045+0000] {processor.py:840} INFO - DAG(s) 'example_branch_operator' retrieved from /home/airflow/.local/lib/python3.12/site-packages/airflow/example_dags/example_branch_operator.py
[2024-05-28T09:53:32.088+0000] {logging_mixin.py:188} INFO - [2024-05-28T09:53:32.087+0000] {dag.py:3096} INFO - Sync 1 DAGs
[2024-05-28T09:53:32.128+0000] {logging_mixin.py:188} INFO - [2024-05-28T09:53:32.128+0000] {dag.py:3954} INFO - Setting next_dagrun for example_branch_operator to 2024-05-27 00:00:00+00:00, run_after=2024-05-28 00:00:00+00:00
[2024-05-28T09:53:32.161+0000] {processor.py:183} INFO - Processing /home/airflow/.local/lib/python3.12/site-packages/airflow/example_dags/example_branch_operator.py took 0.161 seconds
[2024-05-28T09:54:02.678+0000] {processor.py:161} INFO - Started process (PID=514) to work on /home/airflow/.local/lib/python3.12/site-packages/airflow/example_dags/example_branch_operator.py
[2024-05-28T09:54:02.680+0000] {processor.py:830} INFO - Processing file /home/airflow/.local/lib/python3.12/site-packages/airflow/example_dags/example_branch_operator.py for tasks to queue
[2024-05-28T09:54:02.683+0000] {logging_mixin.py:188} INFO - [2024-05-28T09:54:02.683+0000] {dagbag.py:545} INFO - Filling up the DagBag from /home/airflow/.local/lib/python3.12/site-packages/airflow/example_dags/example_branch_operator.py
[2024-05-28T09:54:02.713+0000] {processor.py:840} INFO - DAG(s) 'example_branch_operator' retrieved from /home/airflow/.local/lib/python3.12/site-packages/airflow/example_dags/example_branch_operator.py
[2024-05-28T09:54:02.773+0000] {logging_mixin.py:188} INFO - [2024-05-28T09:54:02.773+0000] {dag.py:3096} INFO - Sync 1 DAGs
[2024-05-28T09:54:02.842+0000] {logging_mixin.py:188} INFO - [2024-05-28T09:54:02.841+0000] {dag.py:3954} INFO - Setting next_dagrun for example_branch_operator to 2024-05-27 00:00:00+00:00, run_after=2024-05-28 00:00:00+00:00
[2024-05-28T09:54:02.910+0000] {processor.py:183} INFO - Processing /home/airflow/.local/lib/python3.12/site-packages/airflow/example_dags/example_branch_operator.py took 0.246 seconds
[2024-05-28T09:54:33.502+0000] {processor.py:161} INFO - Started process (PID=578) to work on /home/airflow/.local/lib/python3.12/site-packages/airflow/example_dags/example_branch_operator.py
[2024-05-28T09:54:33.504+0000] {processor.py:830} INFO - Processing file /home/airflow/.local/lib/python3.12/site-packages/airflow/example_dags/example_branch_operator.py for tasks to queue
[2024-05-28T09:54:33.507+0000] {logging_mixin.py:188} INFO - [2024-05-28T09:54:33.506+0000] {dagbag.py:545} INFO - Filling up the DagBag from /home/airflow/.local/lib/python3.12/site-packages/airflow/example_dags/example_branch_operator.py
[2024-05-28T09:54:33.551+0000] {processor.py:840} INFO - DAG(s) 'example_branch_operator' retrieved from /home/airflow/.local/lib/python3.12/site-packages/airflow/example_dags/example_branch_operator.py
[2024-05-28T09:54:33.614+0000] {logging_mixin.py:188} INFO - [2024-05-28T09:54:33.613+0000] {dag.py:3096} INFO - Sync 1 DAGs
[2024-05-28T09:54:33.651+0000] {logging_mixin.py:188} INFO - [2024-05-28T09:54:33.648+0000] {dag.py:3954} INFO - Setting next_dagrun for example_branch_operator to 2024-05-27 00:00:00+00:00, run_after=2024-05-28 00:00:00+00:00
[2024-05-28T09:54:33.706+0000] {processor.py:183} INFO - Processing /home/airflow/.local/lib/python3.12/site-packages/airflow/example_dags/example_branch_operator.py took 0.213 seconds
[2024-05-28T09:55:04.521+0000] {processor.py:161} INFO - Started process (PID=636) to work on /home/airflow/.local/lib/python3.12/site-packages/airflow/example_dags/example_branch_operator.py
[2024-05-28T09:55:04.526+0000] {processor.py:830} INFO - Processing file /home/airflow/.local/lib/python3.12/site-packages/airflow/example_dags/example_branch_operator.py for tasks to queue
[2024-05-28T09:55:04.532+0000] {logging_mixin.py:188} INFO - [2024-05-28T09:55:04.530+0000] {dagbag.py:545} INFO - Filling up the DagBag from /home/airflow/.local/lib/python3.12/site-packages/airflow/example_dags/example_branch_operator.py
[2024-05-28T09:55:04.571+0000] {processor.py:840} INFO - DAG(s) 'example_branch_operator' retrieved from /home/airflow/.local/lib/python3.12/site-packages/airflow/example_dags/example_branch_operator.py
[2024-05-28T09:55:04.638+0000] {logging_mixin.py:188} INFO - [2024-05-28T09:55:04.637+0000] {dag.py:3096} INFO - Sync 1 DAGs
[2024-05-28T09:55:04.689+0000] {logging_mixin.py:188} INFO - [2024-05-28T09:55:04.689+0000] {dag.py:3954} INFO - Setting next_dagrun for example_branch_operator to 2024-05-27 00:00:00+00:00, run_after=2024-05-28 00:00:00+00:00
[2024-05-28T09:55:04.720+0000] {processor.py:183} INFO - Processing /home/airflow/.local/lib/python3.12/site-packages/airflow/example_dags/example_branch_operator.py took 0.215 seconds
[2024-05-28T09:55:34.859+0000] {processor.py:161} INFO - Started process (PID=694) to work on /home/airflow/.local/lib/python3.12/site-packages/airflow/example_dags/example_branch_operator.py
[2024-05-28T09:55:34.862+0000] {processor.py:830} INFO - Processing file /home/airflow/.local/lib/python3.12/site-packages/airflow/example_dags/example_branch_operator.py for tasks to queue
[2024-05-28T09:55:34.864+0000] {logging_mixin.py:188} INFO - [2024-05-28T09:55:34.864+0000] {dagbag.py:545} INFO - Filling up the DagBag from /home/airflow/.local/lib/python3.12/site-packages/airflow/example_dags/example_branch_operator.py
[2024-05-28T09:55:34.884+0000] {processor.py:840} INFO - DAG(s) 'example_branch_operator' retrieved from /home/airflow/.local/lib/python3.12/site-packages/airflow/example_dags/example_branch_operator.py
[2024-05-28T09:55:34.944+0000] {logging_mixin.py:188} INFO - [2024-05-28T09:55:34.944+0000] {dag.py:3096} INFO - Sync 1 DAGs
[2024-05-28T09:55:34.981+0000] {logging_mixin.py:188} INFO - [2024-05-28T09:55:34.980+0000] {dag.py:3954} INFO - Setting next_dagrun for example_branch_operator to 2024-05-27 00:00:00+00:00, run_after=2024-05-28 00:00:00+00:00
[2024-05-28T09:55:35.034+0000] {processor.py:183} INFO - Processing /home/airflow/.local/lib/python3.12/site-packages/airflow/example_dags/example_branch_operator.py took 0.182 seconds
[2024-05-28T09:56:05.798+0000] {processor.py:161} INFO - Started process (PID=752) to work on /home/airflow/.local/lib/python3.12/site-packages/airflow/example_dags/example_branch_operator.py
[2024-05-28T09:56:05.800+0000] {processor.py:830} INFO - Processing file /home/airflow/.local/lib/python3.12/site-packages/airflow/example_dags/example_branch_operator.py for tasks to queue
[2024-05-28T09:56:05.804+0000] {logging_mixin.py:188} INFO - [2024-05-28T09:56:05.803+0000] {dagbag.py:545} INFO - Filling up the DagBag from /home/airflow/.local/lib/python3.12/site-packages/airflow/example_dags/example_branch_operator.py
[2024-05-28T09:56:05.827+0000] {processor.py:840} INFO - DAG(s) 'example_branch_operator' retrieved from /home/airflow/.local/lib/python3.12/site-packages/airflow/example_dags/example_branch_operator.py
[2024-05-28T09:56:05.896+0000] {logging_mixin.py:188} INFO - [2024-05-28T09:56:05.895+0000] {dag.py:3096} INFO - Sync 1 DAGs
[2024-05-28T09:56:05.971+0000] {logging_mixin.py:188} INFO - [2024-05-28T09:56:05.970+0000] {dag.py:3954} INFO - Setting next_dagrun for example_branch_operator to 2024-05-27 00:00:00+00:00, run_after=2024-05-28 00:00:00+00:00
[2024-05-28T09:56:06.019+0000] {processor.py:183} INFO - Processing /home/airflow/.local/lib/python3.12/site-packages/airflow/example_dags/example_branch_operator.py took 0.233 seconds
[2024-05-28T09:56:36.197+0000] {processor.py:161} INFO - Started process (PID=810) to work on /home/airflow/.local/lib/python3.12/site-packages/airflow/example_dags/example_branch_operator.py
[2024-05-28T09:56:36.199+0000] {processor.py:830} INFO - Processing file /home/airflow/.local/lib/python3.12/site-packages/airflow/example_dags/example_branch_operator.py for tasks to queue
[2024-05-28T09:56:36.203+0000] {logging_mixin.py:188} INFO - [2024-05-28T09:56:36.202+0000] {dagbag.py:545} INFO - Filling up the DagBag from /home/airflow/.local/lib/python3.12/site-packages/airflow/example_dags/example_branch_operator.py
[2024-05-28T09:56:36.241+0000] {processor.py:840} INFO - DAG(s) 'example_branch_operator' retrieved from /home/airflow/.local/lib/python3.12/site-packages/airflow/example_dags/example_branch_operator.py
[2024-05-28T09:56:36.294+0000] {logging_mixin.py:188} INFO - [2024-05-28T09:56:36.293+0000] {dag.py:3096} INFO - Sync 1 DAGs
[2024-05-28T09:56:36.328+0000] {logging_mixin.py:188} INFO - [2024-05-28T09:56:36.327+0000] {dag.py:3954} INFO - Setting next_dagrun for example_branch_operator to 2024-05-27 00:00:00+00:00, run_after=2024-05-28 00:00:00+00:00
[2024-05-28T09:56:36.385+0000] {processor.py:183} INFO - Processing /home/airflow/.local/lib/python3.12/site-packages/airflow/example_dags/example_branch_operator.py took 0.198 seconds
[2024-05-28T09:57:06.944+0000] {processor.py:161} INFO - Started process (PID=867) to work on /home/airflow/.local/lib/python3.12/site-packages/airflow/example_dags/example_branch_operator.py
[2024-05-28T09:57:06.947+0000] {processor.py:830} INFO - Processing file /home/airflow/.local/lib/python3.12/site-packages/airflow/example_dags/example_branch_operator.py for tasks to queue
[2024-05-28T09:57:06.951+0000] {logging_mixin.py:188} INFO - [2024-05-28T09:57:06.950+0000] {dagbag.py:545} INFO - Filling up the DagBag from /home/airflow/.local/lib/python3.12/site-packages/airflow/example_dags/example_branch_operator.py
[2024-05-28T09:57:06.982+0000] {processor.py:840} INFO - DAG(s) 'example_branch_operator' retrieved from /home/airflow/.local/lib/python3.12/site-packages/airflow/example_dags/example_branch_operator.py
[2024-05-28T09:57:07.042+0000] {logging_mixin.py:188} INFO - [2024-05-28T09:57:07.041+0000] {dag.py:3096} INFO - Sync 1 DAGs
[2024-05-28T09:57:07.092+0000] {logging_mixin.py:188} INFO - [2024-05-28T09:57:07.092+0000] {dag.py:3954} INFO - Setting next_dagrun for example_branch_operator to 2024-05-27 00:00:00+00:00, run_after=2024-05-28 00:00:00+00:00
[2024-05-28T09:57:07.145+0000] {processor.py:183} INFO - Processing /home/airflow/.local/lib/python3.12/site-packages/airflow/example_dags/example_branch_operator.py took 0.213 seconds
[2024-05-28T09:57:37.302+0000] {processor.py:161} INFO - Started process (PID=925) to work on /home/airflow/.local/lib/python3.12/site-packages/airflow/example_dags/example_branch_operator.py
[2024-05-28T09:57:37.303+0000] {processor.py:830} INFO - Processing file /home/airflow/.local/lib/python3.12/site-packages/airflow/example_dags/example_branch_operator.py for tasks to queue
[2024-05-28T09:57:37.306+0000] {logging_mixin.py:188} INFO - [2024-05-28T09:57:37.305+0000] {dagbag.py:545} INFO - Filling up the DagBag from /home/airflow/.local/lib/python3.12/site-packages/airflow/example_dags/example_branch_operator.py
[2024-05-28T09:57:37.328+0000] {processor.py:840} INFO - DAG(s) 'example_branch_operator' retrieved from /home/airflow/.local/lib/python3.12/site-packages/airflow/example_dags/example_branch_operator.py
[2024-05-28T09:57:37.385+0000] {logging_mixin.py:188} INFO - [2024-05-28T09:57:37.384+0000] {dag.py:3096} INFO - Sync 1 DAGs
[2024-05-28T09:57:37.429+0000] {logging_mixin.py:188} INFO - [2024-05-28T09:57:37.429+0000] {dag.py:3954} INFO - Setting next_dagrun for example_branch_operator to 2024-05-27 00:00:00+00:00, run_after=2024-05-28 00:00:00+00:00
[2024-05-28T09:57:37.457+0000] {processor.py:183} INFO - Processing /home/airflow/.local/lib/python3.12/site-packages/airflow/example_dags/example_branch_operator.py took 0.162 seconds
[2024-05-28T09:58:07.797+0000] {processor.py:161} INFO - Started process (PID=983) to work on /home/airflow/.local/lib/python3.12/site-packages/airflow/example_dags/example_branch_operator.py
[2024-05-28T09:58:07.799+0000] {processor.py:830} INFO - Processing file /home/airflow/.local/lib/python3.12/site-packages/airflow/example_dags/example_branch_operator.py for tasks to queue
[2024-05-28T09:58:07.801+0000] {logging_mixin.py:188} INFO - [2024-05-28T09:58:07.800+0000] {dagbag.py:545} INFO - Filling up the DagBag from /home/airflow/.local/lib/python3.12/site-packages/airflow/example_dags/example_branch_operator.py
[2024-05-28T09:58:07.830+0000] {processor.py:840} INFO - DAG(s) 'example_branch_operator' retrieved from /home/airflow/.local/lib/python3.12/site-packages/airflow/example_dags/example_branch_operator.py
[2024-05-28T09:58:07.878+0000] {logging_mixin.py:188} INFO - [2024-05-28T09:58:07.878+0000] {dag.py:3096} INFO - Sync 1 DAGs
[2024-05-28T09:58:07.923+0000] {logging_mixin.py:188} INFO - [2024-05-28T09:58:07.923+0000] {dag.py:3954} INFO - Setting next_dagrun for example_branch_operator to 2024-05-27 00:00:00+00:00, run_after=2024-05-28 00:00:00+00:00
[2024-05-28T09:58:07.953+0000] {processor.py:183} INFO - Processing /home/airflow/.local/lib/python3.12/site-packages/airflow/example_dags/example_branch_operator.py took 0.170 seconds
[2024-05-28T10:00:14.051+0000] {processor.py:161} INFO - Started process (PID=58) to work on /home/airflow/.local/lib/python3.12/site-packages/airflow/example_dags/example_branch_operator.py
[2024-05-28T10:00:14.059+0000] {processor.py:830} INFO - Processing file /home/airflow/.local/lib/python3.12/site-packages/airflow/example_dags/example_branch_operator.py for tasks to queue
[2024-05-28T10:00:14.062+0000] {logging_mixin.py:188} INFO - [2024-05-28T10:00:14.061+0000] {dagbag.py:545} INFO - Filling up the DagBag from /home/airflow/.local/lib/python3.12/site-packages/airflow/example_dags/example_branch_operator.py
[2024-05-28T10:00:14.114+0000] {processor.py:840} INFO - DAG(s) 'example_branch_operator' retrieved from /home/airflow/.local/lib/python3.12/site-packages/airflow/example_dags/example_branch_operator.py
[2024-05-28T10:00:14.444+0000] {logging_mixin.py:188} INFO - [2024-05-28T10:00:14.443+0000] {dag.py:3096} INFO - Sync 1 DAGs
[2024-05-28T10:00:14.489+0000] {logging_mixin.py:188} INFO - [2024-05-28T10:00:14.489+0000] {dag.py:3954} INFO - Setting next_dagrun for example_branch_operator to 2024-05-27 00:00:00+00:00, run_after=2024-05-28 00:00:00+00:00
[2024-05-28T10:00:14.542+0000] {processor.py:183} INFO - Processing /home/airflow/.local/lib/python3.12/site-packages/airflow/example_dags/example_branch_operator.py took 0.531 seconds
[2024-05-28T10:00:44.754+0000] {processor.py:161} INFO - Started process (PID=116) to work on /home/airflow/.local/lib/python3.12/site-packages/airflow/example_dags/example_branch_operator.py
[2024-05-28T10:00:44.755+0000] {processor.py:830} INFO - Processing file /home/airflow/.local/lib/python3.12/site-packages/airflow/example_dags/example_branch_operator.py for tasks to queue
[2024-05-28T10:00:44.757+0000] {logging_mixin.py:188} INFO - [2024-05-28T10:00:44.757+0000] {dagbag.py:545} INFO - Filling up the DagBag from /home/airflow/.local/lib/python3.12/site-packages/airflow/example_dags/example_branch_operator.py
[2024-05-28T10:00:44.786+0000] {processor.py:840} INFO - DAG(s) 'example_branch_operator' retrieved from /home/airflow/.local/lib/python3.12/site-packages/airflow/example_dags/example_branch_operator.py
[2024-05-28T10:00:44.859+0000] {logging_mixin.py:188} INFO - [2024-05-28T10:00:44.857+0000] {dag.py:3096} INFO - Sync 1 DAGs
[2024-05-28T10:00:44.916+0000] {logging_mixin.py:188} INFO - [2024-05-28T10:00:44.915+0000] {dag.py:3954} INFO - Setting next_dagrun for example_branch_operator to 2024-05-27 00:00:00+00:00, run_after=2024-05-28 00:00:00+00:00
[2024-05-28T10:00:44.953+0000] {processor.py:183} INFO - Processing /home/airflow/.local/lib/python3.12/site-packages/airflow/example_dags/example_branch_operator.py took 0.210 seconds
[2024-05-28T10:01:15.055+0000] {processor.py:161} INFO - Started process (PID=174) to work on /home/airflow/.local/lib/python3.12/site-packages/airflow/example_dags/example_branch_operator.py
[2024-05-28T10:01:15.057+0000] {processor.py:830} INFO - Processing file /home/airflow/.local/lib/python3.12/site-packages/airflow/example_dags/example_branch_operator.py for tasks to queue
[2024-05-28T10:01:15.060+0000] {logging_mixin.py:188} INFO - [2024-05-28T10:01:15.059+0000] {dagbag.py:545} INFO - Filling up the DagBag from /home/airflow/.local/lib/python3.12/site-packages/airflow/example_dags/example_branch_operator.py
[2024-05-28T10:01:15.081+0000] {processor.py:840} INFO - DAG(s) 'example_branch_operator' retrieved from /home/airflow/.local/lib/python3.12/site-packages/airflow/example_dags/example_branch_operator.py
[2024-05-28T10:01:15.172+0000] {logging_mixin.py:188} INFO - [2024-05-28T10:01:15.172+0000] {dag.py:3096} INFO - Sync 1 DAGs
[2024-05-28T10:01:15.231+0000] {logging_mixin.py:188} INFO - [2024-05-28T10:01:15.230+0000] {dag.py:3954} INFO - Setting next_dagrun for example_branch_operator to 2024-05-27 00:00:00+00:00, run_after=2024-05-28 00:00:00+00:00
[2024-05-28T10:01:15.277+0000] {processor.py:183} INFO - Processing /home/airflow/.local/lib/python3.12/site-packages/airflow/example_dags/example_branch_operator.py took 0.230 seconds
