[2024-05-28T09:46:26.553+0000] {processor.py:161} INFO - Started process (PID=49) to work on /home/airflow/.local/lib/python3.12/site-packages/airflow/example_dags/example_xcomargs.py
[2024-05-28T09:46:26.555+0000] {processor.py:830} INFO - Processing file /home/airflow/.local/lib/python3.12/site-packages/airflow/example_dags/example_xcomargs.py for tasks to queue
[2024-05-28T09:46:26.558+0000] {logging_mixin.py:188} INFO - [2024-05-28T09:46:26.557+0000] {dagbag.py:545} INFO - Filling up the DagBag from /home/airflow/.local/lib/python3.12/site-packages/airflow/example_dags/example_xcomargs.py
[2024-05-28T09:46:26.602+0000] {processor.py:840} INFO - DAG(s) 'example_xcom_args_with_operators', 'example_xcom_args' retrieved from /home/airflow/.local/lib/python3.12/site-packages/airflow/example_dags/example_xcomargs.py
[2024-05-28T09:46:26.892+0000] {logging_mixin.py:188} INFO - [2024-05-28T09:46:26.892+0000] {dag.py:3096} INFO - Sync 2 DAGs
[2024-05-28T09:46:26.918+0000] {logging_mixin.py:188} INFO - [2024-05-28T09:46:26.917+0000] {dag.py:3954} INFO - Setting next_dagrun for example_xcom_args to None, run_after=None
[2024-05-28T09:46:26.924+0000] {logging_mixin.py:188} INFO - [2024-05-28T09:46:26.923+0000] {dag.py:3954} INFO - Setting next_dagrun for example_xcom_args_with_operators to None, run_after=None
[2024-05-28T09:46:26.967+0000] {processor.py:183} INFO - Processing /home/airflow/.local/lib/python3.12/site-packages/airflow/example_dags/example_xcomargs.py took 0.428 seconds
[2024-05-28T09:46:57.726+0000] {processor.py:161} INFO - Started process (PID=107) to work on /home/airflow/.local/lib/python3.12/site-packages/airflow/example_dags/example_xcomargs.py
[2024-05-28T09:46:57.735+0000] {processor.py:830} INFO - Processing file /home/airflow/.local/lib/python3.12/site-packages/airflow/example_dags/example_xcomargs.py for tasks to queue
[2024-05-28T09:46:57.737+0000] {logging_mixin.py:188} INFO - [2024-05-28T09:46:57.737+0000] {dagbag.py:545} INFO - Filling up the DagBag from /home/airflow/.local/lib/python3.12/site-packages/airflow/example_dags/example_xcomargs.py
[2024-05-28T09:46:57.771+0000] {processor.py:840} INFO - DAG(s) 'example_xcom_args_with_operators', 'example_xcom_args' retrieved from /home/airflow/.local/lib/python3.12/site-packages/airflow/example_dags/example_xcomargs.py
[2024-05-28T09:46:57.828+0000] {logging_mixin.py:188} INFO - [2024-05-28T09:46:57.828+0000] {dag.py:3096} INFO - Sync 2 DAGs
[2024-05-28T09:46:57.864+0000] {logging_mixin.py:188} INFO - [2024-05-28T09:46:57.863+0000] {dag.py:3954} INFO - Setting next_dagrun for example_xcom_args to None, run_after=None
[2024-05-28T09:46:57.871+0000] {logging_mixin.py:188} INFO - [2024-05-28T09:46:57.871+0000] {dag.py:3954} INFO - Setting next_dagrun for example_xcom_args_with_operators to None, run_after=None
[2024-05-28T09:46:57.898+0000] {processor.py:183} INFO - Processing /home/airflow/.local/lib/python3.12/site-packages/airflow/example_dags/example_xcomargs.py took 0.179 seconds
[2024-05-28T09:47:28.744+0000] {processor.py:161} INFO - Started process (PID=165) to work on /home/airflow/.local/lib/python3.12/site-packages/airflow/example_dags/example_xcomargs.py
[2024-05-28T09:47:28.745+0000] {processor.py:830} INFO - Processing file /home/airflow/.local/lib/python3.12/site-packages/airflow/example_dags/example_xcomargs.py for tasks to queue
[2024-05-28T09:47:28.748+0000] {logging_mixin.py:188} INFO - [2024-05-28T09:47:28.747+0000] {dagbag.py:545} INFO - Filling up the DagBag from /home/airflow/.local/lib/python3.12/site-packages/airflow/example_dags/example_xcomargs.py
[2024-05-28T09:47:28.761+0000] {processor.py:840} INFO - DAG(s) 'example_xcom_args', 'example_xcom_args_with_operators' retrieved from /home/airflow/.local/lib/python3.12/site-packages/airflow/example_dags/example_xcomargs.py
[2024-05-28T09:47:28.799+0000] {logging_mixin.py:188} INFO - [2024-05-28T09:47:28.798+0000] {dag.py:3096} INFO - Sync 2 DAGs
[2024-05-28T09:47:28.821+0000] {logging_mixin.py:188} INFO - [2024-05-28T09:47:28.820+0000] {dag.py:3954} INFO - Setting next_dagrun for example_xcom_args to None, run_after=None
[2024-05-28T09:47:28.828+0000] {logging_mixin.py:188} INFO - [2024-05-28T09:47:28.827+0000] {dag.py:3954} INFO - Setting next_dagrun for example_xcom_args_with_operators to None, run_after=None
[2024-05-28T09:47:28.851+0000] {processor.py:183} INFO - Processing /home/airflow/.local/lib/python3.12/site-packages/airflow/example_dags/example_xcomargs.py took 0.121 seconds
[2024-05-28T09:47:59.045+0000] {processor.py:161} INFO - Started process (PID=223) to work on /home/airflow/.local/lib/python3.12/site-packages/airflow/example_dags/example_xcomargs.py
[2024-05-28T09:47:59.049+0000] {processor.py:830} INFO - Processing file /home/airflow/.local/lib/python3.12/site-packages/airflow/example_dags/example_xcomargs.py for tasks to queue
[2024-05-28T09:47:59.056+0000] {logging_mixin.py:188} INFO - [2024-05-28T09:47:59.055+0000] {dagbag.py:545} INFO - Filling up the DagBag from /home/airflow/.local/lib/python3.12/site-packages/airflow/example_dags/example_xcomargs.py
[2024-05-28T09:47:59.074+0000] {processor.py:840} INFO - DAG(s) 'example_xcom_args', 'example_xcom_args_with_operators' retrieved from /home/airflow/.local/lib/python3.12/site-packages/airflow/example_dags/example_xcomargs.py
[2024-05-28T09:47:59.128+0000] {logging_mixin.py:188} INFO - [2024-05-28T09:47:59.127+0000] {dag.py:3096} INFO - Sync 2 DAGs
[2024-05-28T09:47:59.158+0000] {logging_mixin.py:188} INFO - [2024-05-28T09:47:59.157+0000] {dag.py:3954} INFO - Setting next_dagrun for example_xcom_args to None, run_after=None
[2024-05-28T09:47:59.165+0000] {logging_mixin.py:188} INFO - [2024-05-28T09:47:59.165+0000] {dag.py:3954} INFO - Setting next_dagrun for example_xcom_args_with_operators to None, run_after=None
[2024-05-28T09:47:59.195+0000] {processor.py:183} INFO - Processing /home/airflow/.local/lib/python3.12/site-packages/airflow/example_dags/example_xcomargs.py took 0.180 seconds
[2024-05-28T09:48:30.019+0000] {processor.py:161} INFO - Started process (PID=281) to work on /home/airflow/.local/lib/python3.12/site-packages/airflow/example_dags/example_xcomargs.py
[2024-05-28T09:48:30.021+0000] {processor.py:830} INFO - Processing file /home/airflow/.local/lib/python3.12/site-packages/airflow/example_dags/example_xcomargs.py for tasks to queue
[2024-05-28T09:48:30.025+0000] {logging_mixin.py:188} INFO - [2024-05-28T09:48:30.024+0000] {dagbag.py:545} INFO - Filling up the DagBag from /home/airflow/.local/lib/python3.12/site-packages/airflow/example_dags/example_xcomargs.py
[2024-05-28T09:48:30.041+0000] {processor.py:840} INFO - DAG(s) 'example_xcom_args_with_operators', 'example_xcom_args' retrieved from /home/airflow/.local/lib/python3.12/site-packages/airflow/example_dags/example_xcomargs.py
[2024-05-28T09:48:30.133+0000] {logging_mixin.py:188} INFO - [2024-05-28T09:48:30.133+0000] {dag.py:3096} INFO - Sync 2 DAGs
[2024-05-28T09:48:30.159+0000] {logging_mixin.py:188} INFO - [2024-05-28T09:48:30.159+0000] {dag.py:3954} INFO - Setting next_dagrun for example_xcom_args to None, run_after=None
[2024-05-28T09:48:30.176+0000] {logging_mixin.py:188} INFO - [2024-05-28T09:48:30.175+0000] {dag.py:3954} INFO - Setting next_dagrun for example_xcom_args_with_operators to None, run_after=None
[2024-05-28T09:48:30.240+0000] {processor.py:183} INFO - Processing /home/airflow/.local/lib/python3.12/site-packages/airflow/example_dags/example_xcomargs.py took 0.241 seconds
[2024-05-28T09:49:55.955+0000] {processor.py:161} INFO - Started process (PID=43) to work on /home/airflow/.local/lib/python3.12/site-packages/airflow/example_dags/example_xcomargs.py
[2024-05-28T09:49:55.956+0000] {processor.py:830} INFO - Processing file /home/airflow/.local/lib/python3.12/site-packages/airflow/example_dags/example_xcomargs.py for tasks to queue
[2024-05-28T09:49:55.958+0000] {logging_mixin.py:188} INFO - [2024-05-28T09:49:55.958+0000] {dagbag.py:545} INFO - Filling up the DagBag from /home/airflow/.local/lib/python3.12/site-packages/airflow/example_dags/example_xcomargs.py
[2024-05-28T09:49:55.970+0000] {processor.py:840} INFO - DAG(s) 'example_xcom_args_with_operators', 'example_xcom_args' retrieved from /home/airflow/.local/lib/python3.12/site-packages/airflow/example_dags/example_xcomargs.py
[2024-05-28T09:49:56.189+0000] {logging_mixin.py:188} INFO - [2024-05-28T09:49:56.189+0000] {dag.py:3096} INFO - Sync 2 DAGs
[2024-05-28T09:49:56.204+0000] {logging_mixin.py:188} INFO - [2024-05-28T09:49:56.204+0000] {dag.py:3954} INFO - Setting next_dagrun for example_xcom_args to None, run_after=None
[2024-05-28T09:49:56.209+0000] {logging_mixin.py:188} INFO - [2024-05-28T09:49:56.209+0000] {dag.py:3954} INFO - Setting next_dagrun for example_xcom_args_with_operators to None, run_after=None
[2024-05-28T09:49:56.242+0000] {processor.py:183} INFO - Processing /home/airflow/.local/lib/python3.12/site-packages/airflow/example_dags/example_xcomargs.py took 0.295 seconds
[2024-05-28T09:50:26.456+0000] {processor.py:161} INFO - Started process (PID=101) to work on /home/airflow/.local/lib/python3.12/site-packages/airflow/example_dags/example_xcomargs.py
[2024-05-28T09:50:26.458+0000] {processor.py:830} INFO - Processing file /home/airflow/.local/lib/python3.12/site-packages/airflow/example_dags/example_xcomargs.py for tasks to queue
[2024-05-28T09:50:26.461+0000] {logging_mixin.py:188} INFO - [2024-05-28T09:50:26.461+0000] {dagbag.py:545} INFO - Filling up the DagBag from /home/airflow/.local/lib/python3.12/site-packages/airflow/example_dags/example_xcomargs.py
[2024-05-28T09:50:26.471+0000] {processor.py:840} INFO - DAG(s) 'example_xcom_args_with_operators', 'example_xcom_args' retrieved from /home/airflow/.local/lib/python3.12/site-packages/airflow/example_dags/example_xcomargs.py
[2024-05-28T09:50:26.519+0000] {logging_mixin.py:188} INFO - [2024-05-28T09:50:26.518+0000] {dag.py:3096} INFO - Sync 2 DAGs
[2024-05-28T09:50:26.540+0000] {logging_mixin.py:188} INFO - [2024-05-28T09:50:26.540+0000] {dag.py:3954} INFO - Setting next_dagrun for example_xcom_args to None, run_after=None
[2024-05-28T09:50:26.546+0000] {logging_mixin.py:188} INFO - [2024-05-28T09:50:26.545+0000] {dag.py:3954} INFO - Setting next_dagrun for example_xcom_args_with_operators to None, run_after=None
[2024-05-28T09:50:26.570+0000] {processor.py:183} INFO - Processing /home/airflow/.local/lib/python3.12/site-packages/airflow/example_dags/example_xcomargs.py took 0.122 seconds
[2024-05-28T09:50:57.387+0000] {processor.py:161} INFO - Started process (PID=159) to work on /home/airflow/.local/lib/python3.12/site-packages/airflow/example_dags/example_xcomargs.py
[2024-05-28T09:50:57.389+0000] {processor.py:830} INFO - Processing file /home/airflow/.local/lib/python3.12/site-packages/airflow/example_dags/example_xcomargs.py for tasks to queue
[2024-05-28T09:50:57.394+0000] {logging_mixin.py:188} INFO - [2024-05-28T09:50:57.394+0000] {dagbag.py:545} INFO - Filling up the DagBag from /home/airflow/.local/lib/python3.12/site-packages/airflow/example_dags/example_xcomargs.py
[2024-05-28T09:50:57.432+0000] {processor.py:840} INFO - DAG(s) 'example_xcom_args', 'example_xcom_args_with_operators' retrieved from /home/airflow/.local/lib/python3.12/site-packages/airflow/example_dags/example_xcomargs.py
[2024-05-28T09:50:57.496+0000] {logging_mixin.py:188} INFO - [2024-05-28T09:50:57.495+0000] {dag.py:3096} INFO - Sync 2 DAGs
[2024-05-28T09:50:57.529+0000] {logging_mixin.py:188} INFO - [2024-05-28T09:50:57.529+0000] {dag.py:3954} INFO - Setting next_dagrun for example_xcom_args to None, run_after=None
[2024-05-28T09:50:57.542+0000] {logging_mixin.py:188} INFO - [2024-05-28T09:50:57.542+0000] {dag.py:3954} INFO - Setting next_dagrun for example_xcom_args_with_operators to None, run_after=None
[2024-05-28T09:50:57.590+0000] {processor.py:183} INFO - Processing /home/airflow/.local/lib/python3.12/site-packages/airflow/example_dags/example_xcomargs.py took 0.213 seconds
[2024-05-28T09:51:27.902+0000] {processor.py:161} INFO - Started process (PID=217) to work on /home/airflow/.local/lib/python3.12/site-packages/airflow/example_dags/example_xcomargs.py
[2024-05-28T09:51:27.906+0000] {processor.py:830} INFO - Processing file /home/airflow/.local/lib/python3.12/site-packages/airflow/example_dags/example_xcomargs.py for tasks to queue
[2024-05-28T09:51:27.908+0000] {logging_mixin.py:188} INFO - [2024-05-28T09:51:27.908+0000] {dagbag.py:545} INFO - Filling up the DagBag from /home/airflow/.local/lib/python3.12/site-packages/airflow/example_dags/example_xcomargs.py
[2024-05-28T09:51:27.930+0000] {processor.py:840} INFO - DAG(s) 'example_xcom_args_with_operators', 'example_xcom_args' retrieved from /home/airflow/.local/lib/python3.12/site-packages/airflow/example_dags/example_xcomargs.py
[2024-05-28T09:51:27.980+0000] {logging_mixin.py:188} INFO - [2024-05-28T09:51:27.980+0000] {dag.py:3096} INFO - Sync 2 DAGs
[2024-05-28T09:51:28.024+0000] {logging_mixin.py:188} INFO - [2024-05-28T09:51:28.024+0000] {dag.py:3954} INFO - Setting next_dagrun for example_xcom_args to None, run_after=None
[2024-05-28T09:51:28.034+0000] {logging_mixin.py:188} INFO - [2024-05-28T09:51:28.034+0000] {dag.py:3954} INFO - Setting next_dagrun for example_xcom_args_with_operators to None, run_after=None
[2024-05-28T09:51:28.071+0000] {processor.py:183} INFO - Processing /home/airflow/.local/lib/python3.12/site-packages/airflow/example_dags/example_xcomargs.py took 0.180 seconds
[2024-05-28T09:51:59.042+0000] {processor.py:161} INFO - Started process (PID=275) to work on /home/airflow/.local/lib/python3.12/site-packages/airflow/example_dags/example_xcomargs.py
[2024-05-28T09:51:59.045+0000] {processor.py:830} INFO - Processing file /home/airflow/.local/lib/python3.12/site-packages/airflow/example_dags/example_xcomargs.py for tasks to queue
[2024-05-28T09:51:59.049+0000] {logging_mixin.py:188} INFO - [2024-05-28T09:51:59.048+0000] {dagbag.py:545} INFO - Filling up the DagBag from /home/airflow/.local/lib/python3.12/site-packages/airflow/example_dags/example_xcomargs.py
[2024-05-28T09:51:59.065+0000] {processor.py:840} INFO - DAG(s) 'example_xcom_args', 'example_xcom_args_with_operators' retrieved from /home/airflow/.local/lib/python3.12/site-packages/airflow/example_dags/example_xcomargs.py
[2024-05-28T09:51:59.130+0000] {logging_mixin.py:188} INFO - [2024-05-28T09:51:59.130+0000] {dag.py:3096} INFO - Sync 2 DAGs
[2024-05-28T09:51:59.181+0000] {logging_mixin.py:188} INFO - [2024-05-28T09:51:59.179+0000] {dag.py:3954} INFO - Setting next_dagrun for example_xcom_args to None, run_after=None
[2024-05-28T09:51:59.193+0000] {logging_mixin.py:188} INFO - [2024-05-28T09:51:59.193+0000] {dag.py:3954} INFO - Setting next_dagrun for example_xcom_args_with_operators to None, run_after=None
[2024-05-28T09:51:59.237+0000] {processor.py:183} INFO - Processing /home/airflow/.local/lib/python3.12/site-packages/airflow/example_dags/example_xcomargs.py took 0.209 seconds
[2024-05-28T09:52:29.580+0000] {processor.py:161} INFO - Started process (PID=332) to work on /home/airflow/.local/lib/python3.12/site-packages/airflow/example_dags/example_xcomargs.py
[2024-05-28T09:52:29.581+0000] {processor.py:830} INFO - Processing file /home/airflow/.local/lib/python3.12/site-packages/airflow/example_dags/example_xcomargs.py for tasks to queue
[2024-05-28T09:52:29.587+0000] {logging_mixin.py:188} INFO - [2024-05-28T09:52:29.584+0000] {dagbag.py:545} INFO - Filling up the DagBag from /home/airflow/.local/lib/python3.12/site-packages/airflow/example_dags/example_xcomargs.py
[2024-05-28T09:52:29.605+0000] {processor.py:840} INFO - DAG(s) 'example_xcom_args_with_operators', 'example_xcom_args' retrieved from /home/airflow/.local/lib/python3.12/site-packages/airflow/example_dags/example_xcomargs.py
[2024-05-28T09:52:29.652+0000] {logging_mixin.py:188} INFO - [2024-05-28T09:52:29.652+0000] {dag.py:3096} INFO - Sync 2 DAGs
[2024-05-28T09:52:29.673+0000] {logging_mixin.py:188} INFO - [2024-05-28T09:52:29.673+0000] {dag.py:3954} INFO - Setting next_dagrun for example_xcom_args to None, run_after=None
[2024-05-28T09:52:29.678+0000] {logging_mixin.py:188} INFO - [2024-05-28T09:52:29.678+0000] {dag.py:3954} INFO - Setting next_dagrun for example_xcom_args_with_operators to None, run_after=None
[2024-05-28T09:52:29.701+0000] {processor.py:183} INFO - Processing /home/airflow/.local/lib/python3.12/site-packages/airflow/example_dags/example_xcomargs.py took 0.133 seconds
[2024-05-28T09:53:00.019+0000] {processor.py:161} INFO - Started process (PID=390) to work on /home/airflow/.local/lib/python3.12/site-packages/airflow/example_dags/example_xcomargs.py
[2024-05-28T09:53:00.020+0000] {processor.py:830} INFO - Processing file /home/airflow/.local/lib/python3.12/site-packages/airflow/example_dags/example_xcomargs.py for tasks to queue
[2024-05-28T09:53:00.023+0000] {logging_mixin.py:188} INFO - [2024-05-28T09:53:00.022+0000] {dagbag.py:545} INFO - Filling up the DagBag from /home/airflow/.local/lib/python3.12/site-packages/airflow/example_dags/example_xcomargs.py
[2024-05-28T09:53:00.034+0000] {processor.py:840} INFO - DAG(s) 'example_xcom_args_with_operators', 'example_xcom_args' retrieved from /home/airflow/.local/lib/python3.12/site-packages/airflow/example_dags/example_xcomargs.py
[2024-05-28T09:53:00.126+0000] {logging_mixin.py:188} INFO - [2024-05-28T09:53:00.126+0000] {dag.py:3096} INFO - Sync 2 DAGs
[2024-05-28T09:53:00.192+0000] {logging_mixin.py:188} INFO - [2024-05-28T09:53:00.189+0000] {dag.py:3954} INFO - Setting next_dagrun for example_xcom_args to None, run_after=None
[2024-05-28T09:53:00.203+0000] {logging_mixin.py:188} INFO - [2024-05-28T09:53:00.202+0000] {dag.py:3954} INFO - Setting next_dagrun for example_xcom_args_with_operators to None, run_after=None
[2024-05-28T09:53:00.258+0000] {processor.py:183} INFO - Processing /home/airflow/.local/lib/python3.12/site-packages/airflow/example_dags/example_xcomargs.py took 0.255 seconds
[2024-05-28T09:53:31.161+0000] {processor.py:161} INFO - Started process (PID=448) to work on /home/airflow/.local/lib/python3.12/site-packages/airflow/example_dags/example_xcomargs.py
[2024-05-28T09:53:31.163+0000] {processor.py:830} INFO - Processing file /home/airflow/.local/lib/python3.12/site-packages/airflow/example_dags/example_xcomargs.py for tasks to queue
[2024-05-28T09:53:31.165+0000] {logging_mixin.py:188} INFO - [2024-05-28T09:53:31.165+0000] {dagbag.py:545} INFO - Filling up the DagBag from /home/airflow/.local/lib/python3.12/site-packages/airflow/example_dags/example_xcomargs.py
[2024-05-28T09:53:31.177+0000] {processor.py:840} INFO - DAG(s) 'example_xcom_args', 'example_xcom_args_with_operators' retrieved from /home/airflow/.local/lib/python3.12/site-packages/airflow/example_dags/example_xcomargs.py
[2024-05-28T09:53:31.221+0000] {logging_mixin.py:188} INFO - [2024-05-28T09:53:31.221+0000] {dag.py:3096} INFO - Sync 2 DAGs
[2024-05-28T09:53:31.243+0000] {logging_mixin.py:188} INFO - [2024-05-28T09:53:31.243+0000] {dag.py:3954} INFO - Setting next_dagrun for example_xcom_args to None, run_after=None
[2024-05-28T09:53:31.249+0000] {logging_mixin.py:188} INFO - [2024-05-28T09:53:31.248+0000] {dag.py:3954} INFO - Setting next_dagrun for example_xcom_args_with_operators to None, run_after=None
[2024-05-28T09:53:31.276+0000] {processor.py:183} INFO - Processing /home/airflow/.local/lib/python3.12/site-packages/airflow/example_dags/example_xcomargs.py took 0.123 seconds
[2024-05-28T09:54:01.554+0000] {processor.py:161} INFO - Started process (PID=506) to work on /home/airflow/.local/lib/python3.12/site-packages/airflow/example_dags/example_xcomargs.py
[2024-05-28T09:54:01.561+0000] {processor.py:830} INFO - Processing file /home/airflow/.local/lib/python3.12/site-packages/airflow/example_dags/example_xcomargs.py for tasks to queue
[2024-05-28T09:54:01.564+0000] {logging_mixin.py:188} INFO - [2024-05-28T09:54:01.564+0000] {dagbag.py:545} INFO - Filling up the DagBag from /home/airflow/.local/lib/python3.12/site-packages/airflow/example_dags/example_xcomargs.py
[2024-05-28T09:54:01.582+0000] {processor.py:840} INFO - DAG(s) 'example_xcom_args_with_operators', 'example_xcom_args' retrieved from /home/airflow/.local/lib/python3.12/site-packages/airflow/example_dags/example_xcomargs.py
[2024-05-28T09:54:01.684+0000] {logging_mixin.py:188} INFO - [2024-05-28T09:54:01.683+0000] {dag.py:3096} INFO - Sync 2 DAGs
[2024-05-28T09:54:01.725+0000] {logging_mixin.py:188} INFO - [2024-05-28T09:54:01.724+0000] {dag.py:3954} INFO - Setting next_dagrun for example_xcom_args to None, run_after=None
[2024-05-28T09:54:01.738+0000] {logging_mixin.py:188} INFO - [2024-05-28T09:54:01.736+0000] {dag.py:3954} INFO - Setting next_dagrun for example_xcom_args_with_operators to None, run_after=None
[2024-05-28T09:54:01.818+0000] {processor.py:183} INFO - Processing /home/airflow/.local/lib/python3.12/site-packages/airflow/example_dags/example_xcomargs.py took 0.284 seconds
[2024-05-28T09:54:32.360+0000] {processor.py:161} INFO - Started process (PID=564) to work on /home/airflow/.local/lib/python3.12/site-packages/airflow/example_dags/example_xcomargs.py
[2024-05-28T09:54:32.362+0000] {processor.py:830} INFO - Processing file /home/airflow/.local/lib/python3.12/site-packages/airflow/example_dags/example_xcomargs.py for tasks to queue
[2024-05-28T09:54:32.365+0000] {logging_mixin.py:188} INFO - [2024-05-28T09:54:32.364+0000] {dagbag.py:545} INFO - Filling up the DagBag from /home/airflow/.local/lib/python3.12/site-packages/airflow/example_dags/example_xcomargs.py
[2024-05-28T09:54:32.377+0000] {processor.py:840} INFO - DAG(s) 'example_xcom_args_with_operators', 'example_xcom_args' retrieved from /home/airflow/.local/lib/python3.12/site-packages/airflow/example_dags/example_xcomargs.py
[2024-05-28T09:54:32.436+0000] {logging_mixin.py:188} INFO - [2024-05-28T09:54:32.436+0000] {dag.py:3096} INFO - Sync 2 DAGs
[2024-05-28T09:54:32.464+0000] {logging_mixin.py:188} INFO - [2024-05-28T09:54:32.463+0000] {dag.py:3954} INFO - Setting next_dagrun for example_xcom_args to None, run_after=None
[2024-05-28T09:54:32.470+0000] {logging_mixin.py:188} INFO - [2024-05-28T09:54:32.470+0000] {dag.py:3954} INFO - Setting next_dagrun for example_xcom_args_with_operators to None, run_after=None
[2024-05-28T09:54:32.504+0000] {processor.py:183} INFO - Processing /home/airflow/.local/lib/python3.12/site-packages/airflow/example_dags/example_xcomargs.py took 0.153 seconds
[2024-05-28T09:55:03.401+0000] {processor.py:161} INFO - Started process (PID=628) to work on /home/airflow/.local/lib/python3.12/site-packages/airflow/example_dags/example_xcomargs.py
[2024-05-28T09:55:03.403+0000] {processor.py:830} INFO - Processing file /home/airflow/.local/lib/python3.12/site-packages/airflow/example_dags/example_xcomargs.py for tasks to queue
[2024-05-28T09:55:03.405+0000] {logging_mixin.py:188} INFO - [2024-05-28T09:55:03.405+0000] {dagbag.py:545} INFO - Filling up the DagBag from /home/airflow/.local/lib/python3.12/site-packages/airflow/example_dags/example_xcomargs.py
[2024-05-28T09:55:03.416+0000] {processor.py:840} INFO - DAG(s) 'example_xcom_args', 'example_xcom_args_with_operators' retrieved from /home/airflow/.local/lib/python3.12/site-packages/airflow/example_dags/example_xcomargs.py
[2024-05-28T09:55:03.467+0000] {logging_mixin.py:188} INFO - [2024-05-28T09:55:03.467+0000] {dag.py:3096} INFO - Sync 2 DAGs
[2024-05-28T09:55:03.515+0000] {logging_mixin.py:188} INFO - [2024-05-28T09:55:03.514+0000] {dag.py:3954} INFO - Setting next_dagrun for example_xcom_args to None, run_after=None
[2024-05-28T09:55:03.528+0000] {logging_mixin.py:188} INFO - [2024-05-28T09:55:03.527+0000] {dag.py:3954} INFO - Setting next_dagrun for example_xcom_args_with_operators to None, run_after=None
[2024-05-28T09:55:03.553+0000] {processor.py:183} INFO - Processing /home/airflow/.local/lib/python3.12/site-packages/airflow/example_dags/example_xcomargs.py took 0.159 seconds
[2024-05-28T09:55:34.042+0000] {processor.py:161} INFO - Started process (PID=686) to work on /home/airflow/.local/lib/python3.12/site-packages/airflow/example_dags/example_xcomargs.py
[2024-05-28T09:55:34.046+0000] {processor.py:830} INFO - Processing file /home/airflow/.local/lib/python3.12/site-packages/airflow/example_dags/example_xcomargs.py for tasks to queue
[2024-05-28T09:55:34.050+0000] {logging_mixin.py:188} INFO - [2024-05-28T09:55:34.049+0000] {dagbag.py:545} INFO - Filling up the DagBag from /home/airflow/.local/lib/python3.12/site-packages/airflow/example_dags/example_xcomargs.py
[2024-05-28T09:55:34.076+0000] {processor.py:840} INFO - DAG(s) 'example_xcom_args', 'example_xcom_args_with_operators' retrieved from /home/airflow/.local/lib/python3.12/site-packages/airflow/example_dags/example_xcomargs.py
[2024-05-28T09:55:34.126+0000] {logging_mixin.py:188} INFO - [2024-05-28T09:55:34.125+0000] {dag.py:3096} INFO - Sync 2 DAGs
[2024-05-28T09:55:34.167+0000] {logging_mixin.py:188} INFO - [2024-05-28T09:55:34.167+0000] {dag.py:3954} INFO - Setting next_dagrun for example_xcom_args to None, run_after=None
[2024-05-28T09:55:34.174+0000] {logging_mixin.py:188} INFO - [2024-05-28T09:55:34.174+0000] {dag.py:3954} INFO - Setting next_dagrun for example_xcom_args_with_operators to None, run_after=None
[2024-05-28T09:55:34.215+0000] {processor.py:183} INFO - Processing /home/airflow/.local/lib/python3.12/site-packages/airflow/example_dags/example_xcomargs.py took 0.206 seconds
[2024-05-28T09:56:04.685+0000] {processor.py:161} INFO - Started process (PID=744) to work on /home/airflow/.local/lib/python3.12/site-packages/airflow/example_dags/example_xcomargs.py
[2024-05-28T09:56:04.687+0000] {processor.py:830} INFO - Processing file /home/airflow/.local/lib/python3.12/site-packages/airflow/example_dags/example_xcomargs.py for tasks to queue
[2024-05-28T09:56:04.690+0000] {logging_mixin.py:188} INFO - [2024-05-28T09:56:04.689+0000] {dagbag.py:545} INFO - Filling up the DagBag from /home/airflow/.local/lib/python3.12/site-packages/airflow/example_dags/example_xcomargs.py
[2024-05-28T09:56:04.706+0000] {processor.py:840} INFO - DAG(s) 'example_xcom_args', 'example_xcom_args_with_operators' retrieved from /home/airflow/.local/lib/python3.12/site-packages/airflow/example_dags/example_xcomargs.py
[2024-05-28T09:56:04.750+0000] {logging_mixin.py:188} INFO - [2024-05-28T09:56:04.750+0000] {dag.py:3096} INFO - Sync 2 DAGs
[2024-05-28T09:56:04.768+0000] {logging_mixin.py:188} INFO - [2024-05-28T09:56:04.768+0000] {dag.py:3954} INFO - Setting next_dagrun for example_xcom_args to None, run_after=None
[2024-05-28T09:56:04.775+0000] {logging_mixin.py:188} INFO - [2024-05-28T09:56:04.775+0000] {dag.py:3954} INFO - Setting next_dagrun for example_xcom_args_with_operators to None, run_after=None
[2024-05-28T09:56:04.800+0000] {processor.py:183} INFO - Processing /home/airflow/.local/lib/python3.12/site-packages/airflow/example_dags/example_xcomargs.py took 0.123 seconds
[2024-05-28T09:56:34.934+0000] {processor.py:161} INFO - Started process (PID=802) to work on /home/airflow/.local/lib/python3.12/site-packages/airflow/example_dags/example_xcomargs.py
[2024-05-28T09:56:34.937+0000] {processor.py:830} INFO - Processing file /home/airflow/.local/lib/python3.12/site-packages/airflow/example_dags/example_xcomargs.py for tasks to queue
[2024-05-28T09:56:34.940+0000] {logging_mixin.py:188} INFO - [2024-05-28T09:56:34.939+0000] {dagbag.py:545} INFO - Filling up the DagBag from /home/airflow/.local/lib/python3.12/site-packages/airflow/example_dags/example_xcomargs.py
[2024-05-28T09:56:34.952+0000] {processor.py:840} INFO - DAG(s) 'example_xcom_args_with_operators', 'example_xcom_args' retrieved from /home/airflow/.local/lib/python3.12/site-packages/airflow/example_dags/example_xcomargs.py
[2024-05-28T09:56:34.988+0000] {logging_mixin.py:188} INFO - [2024-05-28T09:56:34.988+0000] {dag.py:3096} INFO - Sync 2 DAGs
[2024-05-28T09:56:35.009+0000] {logging_mixin.py:188} INFO - [2024-05-28T09:56:35.008+0000] {dag.py:3954} INFO - Setting next_dagrun for example_xcom_args to None, run_after=None
[2024-05-28T09:56:35.015+0000] {logging_mixin.py:188} INFO - [2024-05-28T09:56:35.015+0000] {dag.py:3954} INFO - Setting next_dagrun for example_xcom_args_with_operators to None, run_after=None
[2024-05-28T09:56:35.043+0000] {processor.py:183} INFO - Processing /home/airflow/.local/lib/python3.12/site-packages/airflow/example_dags/example_xcomargs.py took 0.119 seconds
[2024-05-28T09:57:05.825+0000] {processor.py:161} INFO - Started process (PID=859) to work on /home/airflow/.local/lib/python3.12/site-packages/airflow/example_dags/example_xcomargs.py
[2024-05-28T09:57:05.827+0000] {processor.py:830} INFO - Processing file /home/airflow/.local/lib/python3.12/site-packages/airflow/example_dags/example_xcomargs.py for tasks to queue
[2024-05-28T09:57:05.831+0000] {logging_mixin.py:188} INFO - [2024-05-28T09:57:05.831+0000] {dagbag.py:545} INFO - Filling up the DagBag from /home/airflow/.local/lib/python3.12/site-packages/airflow/example_dags/example_xcomargs.py
[2024-05-28T09:57:05.853+0000] {processor.py:840} INFO - DAG(s) 'example_xcom_args', 'example_xcom_args_with_operators' retrieved from /home/airflow/.local/lib/python3.12/site-packages/airflow/example_dags/example_xcomargs.py
[2024-05-28T09:57:05.922+0000] {logging_mixin.py:188} INFO - [2024-05-28T09:57:05.922+0000] {dag.py:3096} INFO - Sync 2 DAGs
[2024-05-28T09:57:05.957+0000] {logging_mixin.py:188} INFO - [2024-05-28T09:57:05.957+0000] {dag.py:3954} INFO - Setting next_dagrun for example_xcom_args to None, run_after=None
[2024-05-28T09:57:05.964+0000] {logging_mixin.py:188} INFO - [2024-05-28T09:57:05.964+0000] {dag.py:3954} INFO - Setting next_dagrun for example_xcom_args_with_operators to None, run_after=None
[2024-05-28T09:57:06.006+0000] {processor.py:183} INFO - Processing /home/airflow/.local/lib/python3.12/site-packages/airflow/example_dags/example_xcomargs.py took 0.194 seconds
[2024-05-28T09:57:36.075+0000] {processor.py:161} INFO - Started process (PID=917) to work on /home/airflow/.local/lib/python3.12/site-packages/airflow/example_dags/example_xcomargs.py
[2024-05-28T09:57:36.080+0000] {processor.py:830} INFO - Processing file /home/airflow/.local/lib/python3.12/site-packages/airflow/example_dags/example_xcomargs.py for tasks to queue
[2024-05-28T09:57:36.082+0000] {logging_mixin.py:188} INFO - [2024-05-28T09:57:36.082+0000] {dagbag.py:545} INFO - Filling up the DagBag from /home/airflow/.local/lib/python3.12/site-packages/airflow/example_dags/example_xcomargs.py
[2024-05-28T09:57:36.095+0000] {processor.py:840} INFO - DAG(s) 'example_xcom_args_with_operators', 'example_xcom_args' retrieved from /home/airflow/.local/lib/python3.12/site-packages/airflow/example_dags/example_xcomargs.py
[2024-05-28T09:57:36.163+0000] {logging_mixin.py:188} INFO - [2024-05-28T09:57:36.162+0000] {dag.py:3096} INFO - Sync 2 DAGs
[2024-05-28T09:57:36.197+0000] {logging_mixin.py:188} INFO - [2024-05-28T09:57:36.196+0000] {dag.py:3954} INFO - Setting next_dagrun for example_xcom_args to None, run_after=None
[2024-05-28T09:57:36.208+0000] {logging_mixin.py:188} INFO - [2024-05-28T09:57:36.207+0000] {dag.py:3954} INFO - Setting next_dagrun for example_xcom_args_with_operators to None, run_after=None
[2024-05-28T09:57:36.259+0000] {processor.py:183} INFO - Processing /home/airflow/.local/lib/python3.12/site-packages/airflow/example_dags/example_xcomargs.py took 0.199 seconds
[2024-05-28T09:58:06.888+0000] {processor.py:161} INFO - Started process (PID=975) to work on /home/airflow/.local/lib/python3.12/site-packages/airflow/example_dags/example_xcomargs.py
[2024-05-28T09:58:06.889+0000] {processor.py:830} INFO - Processing file /home/airflow/.local/lib/python3.12/site-packages/airflow/example_dags/example_xcomargs.py for tasks to queue
[2024-05-28T09:58:06.896+0000] {logging_mixin.py:188} INFO - [2024-05-28T09:58:06.895+0000] {dagbag.py:545} INFO - Filling up the DagBag from /home/airflow/.local/lib/python3.12/site-packages/airflow/example_dags/example_xcomargs.py
[2024-05-28T09:58:06.908+0000] {processor.py:840} INFO - DAG(s) 'example_xcom_args_with_operators', 'example_xcom_args' retrieved from /home/airflow/.local/lib/python3.12/site-packages/airflow/example_dags/example_xcomargs.py
[2024-05-28T09:58:06.957+0000] {logging_mixin.py:188} INFO - [2024-05-28T09:58:06.957+0000] {dag.py:3096} INFO - Sync 2 DAGs
[2024-05-28T09:58:06.980+0000] {logging_mixin.py:188} INFO - [2024-05-28T09:58:06.979+0000] {dag.py:3954} INFO - Setting next_dagrun for example_xcom_args to None, run_after=None
[2024-05-28T09:58:06.985+0000] {logging_mixin.py:188} INFO - [2024-05-28T09:58:06.985+0000] {dag.py:3954} INFO - Setting next_dagrun for example_xcom_args_with_operators to None, run_after=None
[2024-05-28T09:58:07.014+0000] {processor.py:183} INFO - Processing /home/airflow/.local/lib/python3.12/site-packages/airflow/example_dags/example_xcomargs.py took 0.135 seconds
[2024-05-28T10:00:11.682+0000] {processor.py:161} INFO - Started process (PID=50) to work on /home/airflow/.local/lib/python3.12/site-packages/airflow/example_dags/example_xcomargs.py
[2024-05-28T10:00:11.686+0000] {processor.py:830} INFO - Processing file /home/airflow/.local/lib/python3.12/site-packages/airflow/example_dags/example_xcomargs.py for tasks to queue
[2024-05-28T10:00:11.693+0000] {logging_mixin.py:188} INFO - [2024-05-28T10:00:11.692+0000] {dagbag.py:545} INFO - Filling up the DagBag from /home/airflow/.local/lib/python3.12/site-packages/airflow/example_dags/example_xcomargs.py
[2024-05-28T10:00:11.721+0000] {processor.py:840} INFO - DAG(s) 'example_xcom_args', 'example_xcom_args_with_operators' retrieved from /home/airflow/.local/lib/python3.12/site-packages/airflow/example_dags/example_xcomargs.py
[2024-05-28T10:00:12.090+0000] {logging_mixin.py:188} INFO - [2024-05-28T10:00:12.089+0000] {dag.py:3096} INFO - Sync 2 DAGs
[2024-05-28T10:00:12.131+0000] {logging_mixin.py:188} INFO - [2024-05-28T10:00:12.130+0000] {dag.py:3954} INFO - Setting next_dagrun for example_xcom_args to None, run_after=None
[2024-05-28T10:00:12.148+0000] {logging_mixin.py:188} INFO - [2024-05-28T10:00:12.148+0000] {dag.py:3954} INFO - Setting next_dagrun for example_xcom_args_with_operators to None, run_after=None
[2024-05-28T10:00:12.264+0000] {processor.py:183} INFO - Processing /home/airflow/.local/lib/python3.12/site-packages/airflow/example_dags/example_xcomargs.py took 0.590 seconds
[2024-05-28T10:00:42.691+0000] {processor.py:161} INFO - Started process (PID=108) to work on /home/airflow/.local/lib/python3.12/site-packages/airflow/example_dags/example_xcomargs.py
[2024-05-28T10:00:42.693+0000] {processor.py:830} INFO - Processing file /home/airflow/.local/lib/python3.12/site-packages/airflow/example_dags/example_xcomargs.py for tasks to queue
[2024-05-28T10:00:42.697+0000] {logging_mixin.py:188} INFO - [2024-05-28T10:00:42.696+0000] {dagbag.py:545} INFO - Filling up the DagBag from /home/airflow/.local/lib/python3.12/site-packages/airflow/example_dags/example_xcomargs.py
[2024-05-28T10:00:42.712+0000] {processor.py:840} INFO - DAG(s) 'example_xcom_args_with_operators', 'example_xcom_args' retrieved from /home/airflow/.local/lib/python3.12/site-packages/airflow/example_dags/example_xcomargs.py
[2024-05-28T10:00:42.750+0000] {logging_mixin.py:188} INFO - [2024-05-28T10:00:42.749+0000] {dag.py:3096} INFO - Sync 2 DAGs
[2024-05-28T10:00:42.773+0000] {logging_mixin.py:188} INFO - [2024-05-28T10:00:42.773+0000] {dag.py:3954} INFO - Setting next_dagrun for example_xcom_args to None, run_after=None
[2024-05-28T10:00:42.779+0000] {logging_mixin.py:188} INFO - [2024-05-28T10:00:42.779+0000] {dag.py:3954} INFO - Setting next_dagrun for example_xcom_args_with_operators to None, run_after=None
[2024-05-28T10:00:42.815+0000] {processor.py:183} INFO - Processing /home/airflow/.local/lib/python3.12/site-packages/airflow/example_dags/example_xcomargs.py took 0.134 seconds
[2024-05-28T10:01:12.956+0000] {processor.py:161} INFO - Started process (PID=166) to work on /home/airflow/.local/lib/python3.12/site-packages/airflow/example_dags/example_xcomargs.py
[2024-05-28T10:01:12.957+0000] {processor.py:830} INFO - Processing file /home/airflow/.local/lib/python3.12/site-packages/airflow/example_dags/example_xcomargs.py for tasks to queue
[2024-05-28T10:01:12.960+0000] {logging_mixin.py:188} INFO - [2024-05-28T10:01:12.959+0000] {dagbag.py:545} INFO - Filling up the DagBag from /home/airflow/.local/lib/python3.12/site-packages/airflow/example_dags/example_xcomargs.py
[2024-05-28T10:01:12.972+0000] {processor.py:840} INFO - DAG(s) 'example_xcom_args', 'example_xcom_args_with_operators' retrieved from /home/airflow/.local/lib/python3.12/site-packages/airflow/example_dags/example_xcomargs.py
[2024-05-28T10:01:13.014+0000] {logging_mixin.py:188} INFO - [2024-05-28T10:01:13.014+0000] {dag.py:3096} INFO - Sync 2 DAGs
[2024-05-28T10:01:13.034+0000] {logging_mixin.py:188} INFO - [2024-05-28T10:01:13.033+0000] {dag.py:3954} INFO - Setting next_dagrun for example_xcom_args to None, run_after=None
[2024-05-28T10:01:13.040+0000] {logging_mixin.py:188} INFO - [2024-05-28T10:01:13.040+0000] {dag.py:3954} INFO - Setting next_dagrun for example_xcom_args_with_operators to None, run_after=None
[2024-05-28T10:01:13.073+0000] {processor.py:183} INFO - Processing /home/airflow/.local/lib/python3.12/site-packages/airflow/example_dags/example_xcomargs.py took 0.127 seconds
