[2024-05-28T09:46:28.833+0000] {processor.py:161} INFO - Started process (PID=59) to work on /home/airflow/.local/lib/python3.12/site-packages/airflow/example_dags/example_short_circuit_operator.py
[2024-05-28T09:46:28.834+0000] {processor.py:830} INFO - Processing file /home/airflow/.local/lib/python3.12/site-packages/airflow/example_dags/example_short_circuit_operator.py for tasks to queue
[2024-05-28T09:46:28.836+0000] {logging_mixin.py:188} INFO - [2024-05-28T09:46:28.836+0000] {dagbag.py:545} INFO - Filling up the DagBag from /home/airflow/.local/lib/python3.12/site-packages/airflow/example_dags/example_short_circuit_operator.py
[2024-05-28T09:46:28.849+0000] {processor.py:840} INFO - DAG(s) 'example_short_circuit_operator' retrieved from /home/airflow/.local/lib/python3.12/site-packages/airflow/example_dags/example_short_circuit_operator.py
[2024-05-28T09:46:29.187+0000] {logging_mixin.py:188} INFO - [2024-05-28T09:46:29.185+0000] {dag.py:3096} INFO - Sync 1 DAGs
[2024-05-28T09:46:29.263+0000] {logging_mixin.py:188} INFO - [2024-05-28T09:46:29.262+0000] {dag.py:3954} INFO - Setting next_dagrun for example_short_circuit_operator to 2024-05-27 00:00:00+00:00, run_after=2024-05-28 00:00:00+00:00
[2024-05-28T09:46:29.298+0000] {processor.py:183} INFO - Processing /home/airflow/.local/lib/python3.12/site-packages/airflow/example_dags/example_short_circuit_operator.py took 0.474 seconds
[2024-05-28T09:46:59.880+0000] {processor.py:161} INFO - Started process (PID=117) to work on /home/airflow/.local/lib/python3.12/site-packages/airflow/example_dags/example_short_circuit_operator.py
[2024-05-28T09:46:59.884+0000] {processor.py:830} INFO - Processing file /home/airflow/.local/lib/python3.12/site-packages/airflow/example_dags/example_short_circuit_operator.py for tasks to queue
[2024-05-28T09:46:59.888+0000] {logging_mixin.py:188} INFO - [2024-05-28T09:46:59.887+0000] {dagbag.py:545} INFO - Filling up the DagBag from /home/airflow/.local/lib/python3.12/site-packages/airflow/example_dags/example_short_circuit_operator.py
[2024-05-28T09:46:59.911+0000] {processor.py:840} INFO - DAG(s) 'example_short_circuit_operator' retrieved from /home/airflow/.local/lib/python3.12/site-packages/airflow/example_dags/example_short_circuit_operator.py
[2024-05-28T09:46:59.962+0000] {logging_mixin.py:188} INFO - [2024-05-28T09:46:59.962+0000] {dag.py:3096} INFO - Sync 1 DAGs
[2024-05-28T09:47:00.058+0000] {logging_mixin.py:188} INFO - [2024-05-28T09:47:00.057+0000] {dag.py:3954} INFO - Setting next_dagrun for example_short_circuit_operator to 2024-05-27 00:00:00+00:00, run_after=2024-05-28 00:00:00+00:00
[2024-05-28T09:47:00.138+0000] {processor.py:183} INFO - Processing /home/airflow/.local/lib/python3.12/site-packages/airflow/example_dags/example_short_circuit_operator.py took 0.270 seconds
[2024-05-28T09:47:30.695+0000] {processor.py:161} INFO - Started process (PID=175) to work on /home/airflow/.local/lib/python3.12/site-packages/airflow/example_dags/example_short_circuit_operator.py
[2024-05-28T09:47:30.697+0000] {processor.py:830} INFO - Processing file /home/airflow/.local/lib/python3.12/site-packages/airflow/example_dags/example_short_circuit_operator.py for tasks to queue
[2024-05-28T09:47:30.706+0000] {logging_mixin.py:188} INFO - [2024-05-28T09:47:30.703+0000] {dagbag.py:545} INFO - Filling up the DagBag from /home/airflow/.local/lib/python3.12/site-packages/airflow/example_dags/example_short_circuit_operator.py
[2024-05-28T09:47:30.728+0000] {processor.py:840} INFO - DAG(s) 'example_short_circuit_operator' retrieved from /home/airflow/.local/lib/python3.12/site-packages/airflow/example_dags/example_short_circuit_operator.py
[2024-05-28T09:47:30.780+0000] {logging_mixin.py:188} INFO - [2024-05-28T09:47:30.780+0000] {dag.py:3096} INFO - Sync 1 DAGs
[2024-05-28T09:47:30.828+0000] {logging_mixin.py:188} INFO - [2024-05-28T09:47:30.828+0000] {dag.py:3954} INFO - Setting next_dagrun for example_short_circuit_operator to 2024-05-27 00:00:00+00:00, run_after=2024-05-28 00:00:00+00:00
[2024-05-28T09:47:30.863+0000] {processor.py:183} INFO - Processing /home/airflow/.local/lib/python3.12/site-packages/airflow/example_dags/example_short_circuit_operator.py took 0.182 seconds
[2024-05-28T09:48:01.462+0000] {processor.py:161} INFO - Started process (PID=233) to work on /home/airflow/.local/lib/python3.12/site-packages/airflow/example_dags/example_short_circuit_operator.py
[2024-05-28T09:48:01.464+0000] {processor.py:830} INFO - Processing file /home/airflow/.local/lib/python3.12/site-packages/airflow/example_dags/example_short_circuit_operator.py for tasks to queue
[2024-05-28T09:48:01.467+0000] {logging_mixin.py:188} INFO - [2024-05-28T09:48:01.466+0000] {dagbag.py:545} INFO - Filling up the DagBag from /home/airflow/.local/lib/python3.12/site-packages/airflow/example_dags/example_short_circuit_operator.py
[2024-05-28T09:48:01.480+0000] {processor.py:840} INFO - DAG(s) 'example_short_circuit_operator' retrieved from /home/airflow/.local/lib/python3.12/site-packages/airflow/example_dags/example_short_circuit_operator.py
[2024-05-28T09:48:01.515+0000] {logging_mixin.py:188} INFO - [2024-05-28T09:48:01.515+0000] {dag.py:3096} INFO - Sync 1 DAGs
[2024-05-28T09:48:01.544+0000] {logging_mixin.py:188} INFO - [2024-05-28T09:48:01.544+0000] {dag.py:3954} INFO - Setting next_dagrun for example_short_circuit_operator to 2024-05-27 00:00:00+00:00, run_after=2024-05-28 00:00:00+00:00
[2024-05-28T09:48:01.579+0000] {processor.py:183} INFO - Processing /home/airflow/.local/lib/python3.12/site-packages/airflow/example_dags/example_short_circuit_operator.py took 0.130 seconds
[2024-05-28T09:48:32.577+0000] {processor.py:161} INFO - Started process (PID=291) to work on /home/airflow/.local/lib/python3.12/site-packages/airflow/example_dags/example_short_circuit_operator.py
[2024-05-28T09:48:32.579+0000] {processor.py:830} INFO - Processing file /home/airflow/.local/lib/python3.12/site-packages/airflow/example_dags/example_short_circuit_operator.py for tasks to queue
[2024-05-28T09:48:32.586+0000] {logging_mixin.py:188} INFO - [2024-05-28T09:48:32.586+0000] {dagbag.py:545} INFO - Filling up the DagBag from /home/airflow/.local/lib/python3.12/site-packages/airflow/example_dags/example_short_circuit_operator.py
[2024-05-28T09:48:32.600+0000] {processor.py:840} INFO - DAG(s) 'example_short_circuit_operator' retrieved from /home/airflow/.local/lib/python3.12/site-packages/airflow/example_dags/example_short_circuit_operator.py
[2024-05-28T09:48:32.645+0000] {logging_mixin.py:188} INFO - [2024-05-28T09:48:32.644+0000] {dag.py:3096} INFO - Sync 1 DAGs
[2024-05-28T09:48:32.680+0000] {logging_mixin.py:188} INFO - [2024-05-28T09:48:32.680+0000] {dag.py:3954} INFO - Setting next_dagrun for example_short_circuit_operator to 2024-05-27 00:00:00+00:00, run_after=2024-05-28 00:00:00+00:00
[2024-05-28T09:48:32.710+0000] {processor.py:183} INFO - Processing /home/airflow/.local/lib/python3.12/site-packages/airflow/example_dags/example_short_circuit_operator.py took 0.166 seconds
[2024-05-28T09:49:57.863+0000] {processor.py:161} INFO - Started process (PID=53) to work on /home/airflow/.local/lib/python3.12/site-packages/airflow/example_dags/example_short_circuit_operator.py
[2024-05-28T09:49:57.865+0000] {processor.py:830} INFO - Processing file /home/airflow/.local/lib/python3.12/site-packages/airflow/example_dags/example_short_circuit_operator.py for tasks to queue
[2024-05-28T09:49:57.870+0000] {logging_mixin.py:188} INFO - [2024-05-28T09:49:57.869+0000] {dagbag.py:545} INFO - Filling up the DagBag from /home/airflow/.local/lib/python3.12/site-packages/airflow/example_dags/example_short_circuit_operator.py
[2024-05-28T09:49:57.906+0000] {processor.py:840} INFO - DAG(s) 'example_short_circuit_operator' retrieved from /home/airflow/.local/lib/python3.12/site-packages/airflow/example_dags/example_short_circuit_operator.py
[2024-05-28T09:49:58.175+0000] {logging_mixin.py:188} INFO - [2024-05-28T09:49:58.175+0000] {dag.py:3096} INFO - Sync 1 DAGs
[2024-05-28T09:49:58.214+0000] {logging_mixin.py:188} INFO - [2024-05-28T09:49:58.213+0000] {dag.py:3954} INFO - Setting next_dagrun for example_short_circuit_operator to 2024-05-27 00:00:00+00:00, run_after=2024-05-28 00:00:00+00:00
[2024-05-28T09:49:58.241+0000] {processor.py:183} INFO - Processing /home/airflow/.local/lib/python3.12/site-packages/airflow/example_dags/example_short_circuit_operator.py took 0.397 seconds
[2024-05-28T09:50:28.489+0000] {processor.py:161} INFO - Started process (PID=111) to work on /home/airflow/.local/lib/python3.12/site-packages/airflow/example_dags/example_short_circuit_operator.py
[2024-05-28T09:50:28.491+0000] {processor.py:830} INFO - Processing file /home/airflow/.local/lib/python3.12/site-packages/airflow/example_dags/example_short_circuit_operator.py for tasks to queue
[2024-05-28T09:50:28.494+0000] {logging_mixin.py:188} INFO - [2024-05-28T09:50:28.494+0000] {dagbag.py:545} INFO - Filling up the DagBag from /home/airflow/.local/lib/python3.12/site-packages/airflow/example_dags/example_short_circuit_operator.py
[2024-05-28T09:50:28.517+0000] {processor.py:840} INFO - DAG(s) 'example_short_circuit_operator' retrieved from /home/airflow/.local/lib/python3.12/site-packages/airflow/example_dags/example_short_circuit_operator.py
[2024-05-28T09:50:28.575+0000] {logging_mixin.py:188} INFO - [2024-05-28T09:50:28.575+0000] {dag.py:3096} INFO - Sync 1 DAGs
[2024-05-28T09:50:28.624+0000] {logging_mixin.py:188} INFO - [2024-05-28T09:50:28.623+0000] {dag.py:3954} INFO - Setting next_dagrun for example_short_circuit_operator to 2024-05-27 00:00:00+00:00, run_after=2024-05-28 00:00:00+00:00
[2024-05-28T09:50:28.672+0000] {processor.py:183} INFO - Processing /home/airflow/.local/lib/python3.12/site-packages/airflow/example_dags/example_short_circuit_operator.py took 0.192 seconds
[2024-05-28T09:50:58.975+0000] {processor.py:161} INFO - Started process (PID=169) to work on /home/airflow/.local/lib/python3.12/site-packages/airflow/example_dags/example_short_circuit_operator.py
[2024-05-28T09:50:58.978+0000] {processor.py:830} INFO - Processing file /home/airflow/.local/lib/python3.12/site-packages/airflow/example_dags/example_short_circuit_operator.py for tasks to queue
[2024-05-28T09:50:58.983+0000] {logging_mixin.py:188} INFO - [2024-05-28T09:50:58.982+0000] {dagbag.py:545} INFO - Filling up the DagBag from /home/airflow/.local/lib/python3.12/site-packages/airflow/example_dags/example_short_circuit_operator.py
[2024-05-28T09:50:58.995+0000] {processor.py:840} INFO - DAG(s) 'example_short_circuit_operator' retrieved from /home/airflow/.local/lib/python3.12/site-packages/airflow/example_dags/example_short_circuit_operator.py
[2024-05-28T09:50:59.044+0000] {logging_mixin.py:188} INFO - [2024-05-28T09:50:59.044+0000] {dag.py:3096} INFO - Sync 1 DAGs
[2024-05-28T09:50:59.153+0000] {logging_mixin.py:188} INFO - [2024-05-28T09:50:59.152+0000] {dag.py:3954} INFO - Setting next_dagrun for example_short_circuit_operator to 2024-05-27 00:00:00+00:00, run_after=2024-05-28 00:00:00+00:00
[2024-05-28T09:50:59.193+0000] {processor.py:183} INFO - Processing /home/airflow/.local/lib/python3.12/site-packages/airflow/example_dags/example_short_circuit_operator.py took 0.238 seconds
[2024-05-28T09:51:30.051+0000] {processor.py:161} INFO - Started process (PID=227) to work on /home/airflow/.local/lib/python3.12/site-packages/airflow/example_dags/example_short_circuit_operator.py
[2024-05-28T09:51:30.053+0000] {processor.py:830} INFO - Processing file /home/airflow/.local/lib/python3.12/site-packages/airflow/example_dags/example_short_circuit_operator.py for tasks to queue
[2024-05-28T09:51:30.057+0000] {logging_mixin.py:188} INFO - [2024-05-28T09:51:30.056+0000] {dagbag.py:545} INFO - Filling up the DagBag from /home/airflow/.local/lib/python3.12/site-packages/airflow/example_dags/example_short_circuit_operator.py
[2024-05-28T09:51:30.081+0000] {processor.py:840} INFO - DAG(s) 'example_short_circuit_operator' retrieved from /home/airflow/.local/lib/python3.12/site-packages/airflow/example_dags/example_short_circuit_operator.py
[2024-05-28T09:51:30.149+0000] {logging_mixin.py:188} INFO - [2024-05-28T09:51:30.149+0000] {dag.py:3096} INFO - Sync 1 DAGs
[2024-05-28T09:51:30.208+0000] {logging_mixin.py:188} INFO - [2024-05-28T09:51:30.208+0000] {dag.py:3954} INFO - Setting next_dagrun for example_short_circuit_operator to 2024-05-27 00:00:00+00:00, run_after=2024-05-28 00:00:00+00:00
[2024-05-28T09:51:30.245+0000] {processor.py:183} INFO - Processing /home/airflow/.local/lib/python3.12/site-packages/airflow/example_dags/example_short_circuit_operator.py took 0.216 seconds
[2024-05-28T09:52:00.440+0000] {processor.py:161} INFO - Started process (PID=285) to work on /home/airflow/.local/lib/python3.12/site-packages/airflow/example_dags/example_short_circuit_operator.py
[2024-05-28T09:52:00.441+0000] {processor.py:830} INFO - Processing file /home/airflow/.local/lib/python3.12/site-packages/airflow/example_dags/example_short_circuit_operator.py for tasks to queue
[2024-05-28T09:52:00.444+0000] {logging_mixin.py:188} INFO - [2024-05-28T09:52:00.443+0000] {dagbag.py:545} INFO - Filling up the DagBag from /home/airflow/.local/lib/python3.12/site-packages/airflow/example_dags/example_short_circuit_operator.py
[2024-05-28T09:52:00.455+0000] {processor.py:840} INFO - DAG(s) 'example_short_circuit_operator' retrieved from /home/airflow/.local/lib/python3.12/site-packages/airflow/example_dags/example_short_circuit_operator.py
[2024-05-28T09:52:00.562+0000] {logging_mixin.py:188} INFO - [2024-05-28T09:52:00.561+0000] {dag.py:3096} INFO - Sync 1 DAGs
[2024-05-28T09:52:00.634+0000] {logging_mixin.py:188} INFO - [2024-05-28T09:52:00.634+0000] {dag.py:3954} INFO - Setting next_dagrun for example_short_circuit_operator to 2024-05-27 00:00:00+00:00, run_after=2024-05-28 00:00:00+00:00
[2024-05-28T09:52:00.698+0000] {processor.py:183} INFO - Processing /home/airflow/.local/lib/python3.12/site-packages/airflow/example_dags/example_short_circuit_operator.py took 0.268 seconds
[2024-05-28T09:52:30.850+0000] {processor.py:161} INFO - Started process (PID=342) to work on /home/airflow/.local/lib/python3.12/site-packages/airflow/example_dags/example_short_circuit_operator.py
[2024-05-28T09:52:30.851+0000] {processor.py:830} INFO - Processing file /home/airflow/.local/lib/python3.12/site-packages/airflow/example_dags/example_short_circuit_operator.py for tasks to queue
[2024-05-28T09:52:30.856+0000] {logging_mixin.py:188} INFO - [2024-05-28T09:52:30.854+0000] {dagbag.py:545} INFO - Filling up the DagBag from /home/airflow/.local/lib/python3.12/site-packages/airflow/example_dags/example_short_circuit_operator.py
[2024-05-28T09:52:30.880+0000] {processor.py:840} INFO - DAG(s) 'example_short_circuit_operator' retrieved from /home/airflow/.local/lib/python3.12/site-packages/airflow/example_dags/example_short_circuit_operator.py
[2024-05-28T09:52:30.930+0000] {logging_mixin.py:188} INFO - [2024-05-28T09:52:30.930+0000] {dag.py:3096} INFO - Sync 1 DAGs
[2024-05-28T09:52:30.962+0000] {logging_mixin.py:188} INFO - [2024-05-28T09:52:30.962+0000] {dag.py:3954} INFO - Setting next_dagrun for example_short_circuit_operator to 2024-05-27 00:00:00+00:00, run_after=2024-05-28 00:00:00+00:00
[2024-05-28T09:52:30.996+0000] {processor.py:183} INFO - Processing /home/airflow/.local/lib/python3.12/site-packages/airflow/example_dags/example_short_circuit_operator.py took 0.159 seconds
[2024-05-28T09:53:01.489+0000] {processor.py:161} INFO - Started process (PID=400) to work on /home/airflow/.local/lib/python3.12/site-packages/airflow/example_dags/example_short_circuit_operator.py
[2024-05-28T09:53:01.493+0000] {processor.py:830} INFO - Processing file /home/airflow/.local/lib/python3.12/site-packages/airflow/example_dags/example_short_circuit_operator.py for tasks to queue
[2024-05-28T09:53:01.505+0000] {logging_mixin.py:188} INFO - [2024-05-28T09:53:01.499+0000] {dagbag.py:545} INFO - Filling up the DagBag from /home/airflow/.local/lib/python3.12/site-packages/airflow/example_dags/example_short_circuit_operator.py
[2024-05-28T09:53:01.525+0000] {processor.py:840} INFO - DAG(s) 'example_short_circuit_operator' retrieved from /home/airflow/.local/lib/python3.12/site-packages/airflow/example_dags/example_short_circuit_operator.py
[2024-05-28T09:53:01.629+0000] {logging_mixin.py:188} INFO - [2024-05-28T09:53:01.628+0000] {dag.py:3096} INFO - Sync 1 DAGs
[2024-05-28T09:53:01.704+0000] {logging_mixin.py:188} INFO - [2024-05-28T09:53:01.704+0000] {dag.py:3954} INFO - Setting next_dagrun for example_short_circuit_operator to 2024-05-27 00:00:00+00:00, run_after=2024-05-28 00:00:00+00:00
[2024-05-28T09:53:01.736+0000] {processor.py:183} INFO - Processing /home/airflow/.local/lib/python3.12/site-packages/airflow/example_dags/example_short_circuit_operator.py took 0.259 seconds
[2024-05-28T09:53:32.212+0000] {processor.py:161} INFO - Started process (PID=458) to work on /home/airflow/.local/lib/python3.12/site-packages/airflow/example_dags/example_short_circuit_operator.py
[2024-05-28T09:53:32.214+0000] {processor.py:830} INFO - Processing file /home/airflow/.local/lib/python3.12/site-packages/airflow/example_dags/example_short_circuit_operator.py for tasks to queue
[2024-05-28T09:53:32.218+0000] {logging_mixin.py:188} INFO - [2024-05-28T09:53:32.218+0000] {dagbag.py:545} INFO - Filling up the DagBag from /home/airflow/.local/lib/python3.12/site-packages/airflow/example_dags/example_short_circuit_operator.py
[2024-05-28T09:53:32.254+0000] {processor.py:840} INFO - DAG(s) 'example_short_circuit_operator' retrieved from /home/airflow/.local/lib/python3.12/site-packages/airflow/example_dags/example_short_circuit_operator.py
[2024-05-28T09:53:32.305+0000] {logging_mixin.py:188} INFO - [2024-05-28T09:53:32.304+0000] {dag.py:3096} INFO - Sync 1 DAGs
[2024-05-28T09:53:32.375+0000] {logging_mixin.py:188} INFO - [2024-05-28T09:53:32.375+0000] {dag.py:3954} INFO - Setting next_dagrun for example_short_circuit_operator to 2024-05-27 00:00:00+00:00, run_after=2024-05-28 00:00:00+00:00
[2024-05-28T09:53:32.409+0000] {processor.py:183} INFO - Processing /home/airflow/.local/lib/python3.12/site-packages/airflow/example_dags/example_short_circuit_operator.py took 0.208 seconds
[2024-05-28T09:54:02.960+0000] {processor.py:161} INFO - Started process (PID=522) to work on /home/airflow/.local/lib/python3.12/site-packages/airflow/example_dags/example_short_circuit_operator.py
[2024-05-28T09:54:02.962+0000] {processor.py:830} INFO - Processing file /home/airflow/.local/lib/python3.12/site-packages/airflow/example_dags/example_short_circuit_operator.py for tasks to queue
[2024-05-28T09:54:02.965+0000] {logging_mixin.py:188} INFO - [2024-05-28T09:54:02.964+0000] {dagbag.py:545} INFO - Filling up the DagBag from /home/airflow/.local/lib/python3.12/site-packages/airflow/example_dags/example_short_circuit_operator.py
[2024-05-28T09:54:02.979+0000] {processor.py:840} INFO - DAG(s) 'example_short_circuit_operator' retrieved from /home/airflow/.local/lib/python3.12/site-packages/airflow/example_dags/example_short_circuit_operator.py
[2024-05-28T09:54:03.026+0000] {logging_mixin.py:188} INFO - [2024-05-28T09:54:03.025+0000] {dag.py:3096} INFO - Sync 1 DAGs
[2024-05-28T09:54:03.091+0000] {logging_mixin.py:188} INFO - [2024-05-28T09:54:03.090+0000] {dag.py:3954} INFO - Setting next_dagrun for example_short_circuit_operator to 2024-05-27 00:00:00+00:00, run_after=2024-05-28 00:00:00+00:00
[2024-05-28T09:54:03.146+0000] {processor.py:183} INFO - Processing /home/airflow/.local/lib/python3.12/site-packages/airflow/example_dags/example_short_circuit_operator.py took 0.197 seconds
[2024-05-28T09:54:33.717+0000] {processor.py:161} INFO - Started process (PID=580) to work on /home/airflow/.local/lib/python3.12/site-packages/airflow/example_dags/example_short_circuit_operator.py
[2024-05-28T09:54:33.719+0000] {processor.py:830} INFO - Processing file /home/airflow/.local/lib/python3.12/site-packages/airflow/example_dags/example_short_circuit_operator.py for tasks to queue
[2024-05-28T09:54:33.722+0000] {logging_mixin.py:188} INFO - [2024-05-28T09:54:33.721+0000] {dagbag.py:545} INFO - Filling up the DagBag from /home/airflow/.local/lib/python3.12/site-packages/airflow/example_dags/example_short_circuit_operator.py
[2024-05-28T09:54:33.748+0000] {processor.py:840} INFO - DAG(s) 'example_short_circuit_operator' retrieved from /home/airflow/.local/lib/python3.12/site-packages/airflow/example_dags/example_short_circuit_operator.py
[2024-05-28T09:54:33.812+0000] {logging_mixin.py:188} INFO - [2024-05-28T09:54:33.812+0000] {dag.py:3096} INFO - Sync 1 DAGs
[2024-05-28T09:54:33.855+0000] {logging_mixin.py:188} INFO - [2024-05-28T09:54:33.854+0000] {dag.py:3954} INFO - Setting next_dagrun for example_short_circuit_operator to 2024-05-27 00:00:00+00:00, run_after=2024-05-28 00:00:00+00:00
[2024-05-28T09:54:33.896+0000] {processor.py:183} INFO - Processing /home/airflow/.local/lib/python3.12/site-packages/airflow/example_dags/example_short_circuit_operator.py took 0.190 seconds
[2024-05-28T09:55:04.762+0000] {processor.py:161} INFO - Started process (PID=638) to work on /home/airflow/.local/lib/python3.12/site-packages/airflow/example_dags/example_short_circuit_operator.py
[2024-05-28T09:55:04.764+0000] {processor.py:830} INFO - Processing file /home/airflow/.local/lib/python3.12/site-packages/airflow/example_dags/example_short_circuit_operator.py for tasks to queue
[2024-05-28T09:55:04.767+0000] {logging_mixin.py:188} INFO - [2024-05-28T09:55:04.767+0000] {dagbag.py:545} INFO - Filling up the DagBag from /home/airflow/.local/lib/python3.12/site-packages/airflow/example_dags/example_short_circuit_operator.py
[2024-05-28T09:55:04.778+0000] {processor.py:840} INFO - DAG(s) 'example_short_circuit_operator' retrieved from /home/airflow/.local/lib/python3.12/site-packages/airflow/example_dags/example_short_circuit_operator.py
[2024-05-28T09:55:04.829+0000] {logging_mixin.py:188} INFO - [2024-05-28T09:55:04.829+0000] {dag.py:3096} INFO - Sync 1 DAGs
[2024-05-28T09:55:04.873+0000] {logging_mixin.py:188} INFO - [2024-05-28T09:55:04.873+0000] {dag.py:3954} INFO - Setting next_dagrun for example_short_circuit_operator to 2024-05-27 00:00:00+00:00, run_after=2024-05-28 00:00:00+00:00
[2024-05-28T09:55:04.902+0000] {processor.py:183} INFO - Processing /home/airflow/.local/lib/python3.12/site-packages/airflow/example_dags/example_short_circuit_operator.py took 0.149 seconds
[2024-05-28T09:55:35.118+0000] {processor.py:161} INFO - Started process (PID=696) to work on /home/airflow/.local/lib/python3.12/site-packages/airflow/example_dags/example_short_circuit_operator.py
[2024-05-28T09:55:35.120+0000] {processor.py:830} INFO - Processing file /home/airflow/.local/lib/python3.12/site-packages/airflow/example_dags/example_short_circuit_operator.py for tasks to queue
[2024-05-28T09:55:35.124+0000] {logging_mixin.py:188} INFO - [2024-05-28T09:55:35.123+0000] {dagbag.py:545} INFO - Filling up the DagBag from /home/airflow/.local/lib/python3.12/site-packages/airflow/example_dags/example_short_circuit_operator.py
[2024-05-28T09:55:35.150+0000] {processor.py:840} INFO - DAG(s) 'example_short_circuit_operator' retrieved from /home/airflow/.local/lib/python3.12/site-packages/airflow/example_dags/example_short_circuit_operator.py
[2024-05-28T09:55:35.234+0000] {logging_mixin.py:188} INFO - [2024-05-28T09:55:35.234+0000] {dag.py:3096} INFO - Sync 1 DAGs
[2024-05-28T09:55:35.285+0000] {logging_mixin.py:188} INFO - [2024-05-28T09:55:35.285+0000] {dag.py:3954} INFO - Setting next_dagrun for example_short_circuit_operator to 2024-05-27 00:00:00+00:00, run_after=2024-05-28 00:00:00+00:00
[2024-05-28T09:55:35.320+0000] {processor.py:183} INFO - Processing /home/airflow/.local/lib/python3.12/site-packages/airflow/example_dags/example_short_circuit_operator.py took 0.218 seconds
[2024-05-28T09:56:06.068+0000] {processor.py:161} INFO - Started process (PID=754) to work on /home/airflow/.local/lib/python3.12/site-packages/airflow/example_dags/example_short_circuit_operator.py
[2024-05-28T09:56:06.070+0000] {processor.py:830} INFO - Processing file /home/airflow/.local/lib/python3.12/site-packages/airflow/example_dags/example_short_circuit_operator.py for tasks to queue
[2024-05-28T09:56:06.073+0000] {logging_mixin.py:188} INFO - [2024-05-28T09:56:06.072+0000] {dagbag.py:545} INFO - Filling up the DagBag from /home/airflow/.local/lib/python3.12/site-packages/airflow/example_dags/example_short_circuit_operator.py
[2024-05-28T09:56:06.084+0000] {processor.py:840} INFO - DAG(s) 'example_short_circuit_operator' retrieved from /home/airflow/.local/lib/python3.12/site-packages/airflow/example_dags/example_short_circuit_operator.py
[2024-05-28T09:56:06.132+0000] {logging_mixin.py:188} INFO - [2024-05-28T09:56:06.131+0000] {dag.py:3096} INFO - Sync 1 DAGs
[2024-05-28T09:56:06.181+0000] {logging_mixin.py:188} INFO - [2024-05-28T09:56:06.181+0000] {dag.py:3954} INFO - Setting next_dagrun for example_short_circuit_operator to 2024-05-27 00:00:00+00:00, run_after=2024-05-28 00:00:00+00:00
[2024-05-28T09:56:06.228+0000] {processor.py:183} INFO - Processing /home/airflow/.local/lib/python3.12/site-packages/airflow/example_dags/example_short_circuit_operator.py took 0.175 seconds
[2024-05-28T09:56:36.423+0000] {processor.py:161} INFO - Started process (PID=812) to work on /home/airflow/.local/lib/python3.12/site-packages/airflow/example_dags/example_short_circuit_operator.py
[2024-05-28T09:56:36.425+0000] {processor.py:830} INFO - Processing file /home/airflow/.local/lib/python3.12/site-packages/airflow/example_dags/example_short_circuit_operator.py for tasks to queue
[2024-05-28T09:56:36.428+0000] {logging_mixin.py:188} INFO - [2024-05-28T09:56:36.427+0000] {dagbag.py:545} INFO - Filling up the DagBag from /home/airflow/.local/lib/python3.12/site-packages/airflow/example_dags/example_short_circuit_operator.py
[2024-05-28T09:56:36.438+0000] {processor.py:840} INFO - DAG(s) 'example_short_circuit_operator' retrieved from /home/airflow/.local/lib/python3.12/site-packages/airflow/example_dags/example_short_circuit_operator.py
[2024-05-28T09:56:36.474+0000] {logging_mixin.py:188} INFO - [2024-05-28T09:56:36.474+0000] {dag.py:3096} INFO - Sync 1 DAGs
[2024-05-28T09:56:36.509+0000] {logging_mixin.py:188} INFO - [2024-05-28T09:56:36.509+0000] {dag.py:3954} INFO - Setting next_dagrun for example_short_circuit_operator to 2024-05-27 00:00:00+00:00, run_after=2024-05-28 00:00:00+00:00
[2024-05-28T09:56:36.547+0000] {processor.py:183} INFO - Processing /home/airflow/.local/lib/python3.12/site-packages/airflow/example_dags/example_short_circuit_operator.py took 0.134 seconds
[2024-05-28T09:57:07.182+0000] {processor.py:161} INFO - Started process (PID=869) to work on /home/airflow/.local/lib/python3.12/site-packages/airflow/example_dags/example_short_circuit_operator.py
[2024-05-28T09:57:07.183+0000] {processor.py:830} INFO - Processing file /home/airflow/.local/lib/python3.12/site-packages/airflow/example_dags/example_short_circuit_operator.py for tasks to queue
[2024-05-28T09:57:07.186+0000] {logging_mixin.py:188} INFO - [2024-05-28T09:57:07.186+0000] {dagbag.py:545} INFO - Filling up the DagBag from /home/airflow/.local/lib/python3.12/site-packages/airflow/example_dags/example_short_circuit_operator.py
[2024-05-28T09:57:07.199+0000] {processor.py:840} INFO - DAG(s) 'example_short_circuit_operator' retrieved from /home/airflow/.local/lib/python3.12/site-packages/airflow/example_dags/example_short_circuit_operator.py
[2024-05-28T09:57:07.235+0000] {logging_mixin.py:188} INFO - [2024-05-28T09:57:07.234+0000] {dag.py:3096} INFO - Sync 1 DAGs
[2024-05-28T09:57:07.263+0000] {logging_mixin.py:188} INFO - [2024-05-28T09:57:07.263+0000] {dag.py:3954} INFO - Setting next_dagrun for example_short_circuit_operator to 2024-05-27 00:00:00+00:00, run_after=2024-05-28 00:00:00+00:00
[2024-05-28T09:57:07.285+0000] {processor.py:183} INFO - Processing /home/airflow/.local/lib/python3.12/site-packages/airflow/example_dags/example_short_circuit_operator.py took 0.114 seconds
[2024-05-28T09:57:37.543+0000] {processor.py:161} INFO - Started process (PID=927) to work on /home/airflow/.local/lib/python3.12/site-packages/airflow/example_dags/example_short_circuit_operator.py
[2024-05-28T09:57:37.548+0000] {processor.py:830} INFO - Processing file /home/airflow/.local/lib/python3.12/site-packages/airflow/example_dags/example_short_circuit_operator.py for tasks to queue
[2024-05-28T09:57:37.552+0000] {logging_mixin.py:188} INFO - [2024-05-28T09:57:37.551+0000] {dagbag.py:545} INFO - Filling up the DagBag from /home/airflow/.local/lib/python3.12/site-packages/airflow/example_dags/example_short_circuit_operator.py
[2024-05-28T09:57:37.561+0000] {processor.py:840} INFO - DAG(s) 'example_short_circuit_operator' retrieved from /home/airflow/.local/lib/python3.12/site-packages/airflow/example_dags/example_short_circuit_operator.py
[2024-05-28T09:57:37.600+0000] {logging_mixin.py:188} INFO - [2024-05-28T09:57:37.600+0000] {dag.py:3096} INFO - Sync 1 DAGs
[2024-05-28T09:57:37.677+0000] {logging_mixin.py:188} INFO - [2024-05-28T09:57:37.677+0000] {dag.py:3954} INFO - Setting next_dagrun for example_short_circuit_operator to 2024-05-27 00:00:00+00:00, run_after=2024-05-28 00:00:00+00:00
[2024-05-28T09:57:37.702+0000] {processor.py:183} INFO - Processing /home/airflow/.local/lib/python3.12/site-packages/airflow/example_dags/example_short_circuit_operator.py took 0.181 seconds
[2024-05-28T09:58:08.009+0000] {processor.py:161} INFO - Started process (PID=985) to work on /home/airflow/.local/lib/python3.12/site-packages/airflow/example_dags/example_short_circuit_operator.py
[2024-05-28T09:58:08.012+0000] {processor.py:830} INFO - Processing file /home/airflow/.local/lib/python3.12/site-packages/airflow/example_dags/example_short_circuit_operator.py for tasks to queue
[2024-05-28T09:58:08.015+0000] {logging_mixin.py:188} INFO - [2024-05-28T09:58:08.014+0000] {dagbag.py:545} INFO - Filling up the DagBag from /home/airflow/.local/lib/python3.12/site-packages/airflow/example_dags/example_short_circuit_operator.py
[2024-05-28T09:58:08.031+0000] {processor.py:840} INFO - DAG(s) 'example_short_circuit_operator' retrieved from /home/airflow/.local/lib/python3.12/site-packages/airflow/example_dags/example_short_circuit_operator.py
[2024-05-28T09:58:08.115+0000] {logging_mixin.py:188} INFO - [2024-05-28T09:58:08.114+0000] {dag.py:3096} INFO - Sync 1 DAGs
[2024-05-28T09:58:08.173+0000] {logging_mixin.py:188} INFO - [2024-05-28T09:58:08.173+0000] {dag.py:3954} INFO - Setting next_dagrun for example_short_circuit_operator to 2024-05-27 00:00:00+00:00, run_after=2024-05-28 00:00:00+00:00
[2024-05-28T09:58:08.211+0000] {processor.py:183} INFO - Processing /home/airflow/.local/lib/python3.12/site-packages/airflow/example_dags/example_short_circuit_operator.py took 0.222 seconds
[2024-05-28T10:00:14.590+0000] {processor.py:161} INFO - Started process (PID=60) to work on /home/airflow/.local/lib/python3.12/site-packages/airflow/example_dags/example_short_circuit_operator.py
[2024-05-28T10:00:14.602+0000] {processor.py:830} INFO - Processing file /home/airflow/.local/lib/python3.12/site-packages/airflow/example_dags/example_short_circuit_operator.py for tasks to queue
[2024-05-28T10:00:14.604+0000] {logging_mixin.py:188} INFO - [2024-05-28T10:00:14.604+0000] {dagbag.py:545} INFO - Filling up the DagBag from /home/airflow/.local/lib/python3.12/site-packages/airflow/example_dags/example_short_circuit_operator.py
[2024-05-28T10:00:14.628+0000] {processor.py:840} INFO - DAG(s) 'example_short_circuit_operator' retrieved from /home/airflow/.local/lib/python3.12/site-packages/airflow/example_dags/example_short_circuit_operator.py
[2024-05-28T10:00:14.909+0000] {logging_mixin.py:188} INFO - [2024-05-28T10:00:14.909+0000] {dag.py:3096} INFO - Sync 1 DAGs
[2024-05-28T10:00:14.964+0000] {logging_mixin.py:188} INFO - [2024-05-28T10:00:14.964+0000] {dag.py:3954} INFO - Setting next_dagrun for example_short_circuit_operator to 2024-05-27 00:00:00+00:00, run_after=2024-05-28 00:00:00+00:00
[2024-05-28T10:00:15.020+0000] {processor.py:183} INFO - Processing /home/airflow/.local/lib/python3.12/site-packages/airflow/example_dags/example_short_circuit_operator.py took 0.442 seconds
[2024-05-28T10:00:45.993+0000] {processor.py:161} INFO - Started process (PID=118) to work on /home/airflow/.local/lib/python3.12/site-packages/airflow/example_dags/example_short_circuit_operator.py
[2024-05-28T10:00:45.995+0000] {processor.py:830} INFO - Processing file /home/airflow/.local/lib/python3.12/site-packages/airflow/example_dags/example_short_circuit_operator.py for tasks to queue
[2024-05-28T10:00:46.004+0000] {logging_mixin.py:188} INFO - [2024-05-28T10:00:46.004+0000] {dagbag.py:545} INFO - Filling up the DagBag from /home/airflow/.local/lib/python3.12/site-packages/airflow/example_dags/example_short_circuit_operator.py
[2024-05-28T10:00:46.013+0000] {processor.py:840} INFO - DAG(s) 'example_short_circuit_operator' retrieved from /home/airflow/.local/lib/python3.12/site-packages/airflow/example_dags/example_short_circuit_operator.py
[2024-05-28T10:00:46.064+0000] {logging_mixin.py:188} INFO - [2024-05-28T10:00:46.063+0000] {dag.py:3096} INFO - Sync 1 DAGs
[2024-05-28T10:00:46.097+0000] {logging_mixin.py:188} INFO - [2024-05-28T10:00:46.097+0000] {dag.py:3954} INFO - Setting next_dagrun for example_short_circuit_operator to 2024-05-27 00:00:00+00:00, run_after=2024-05-28 00:00:00+00:00
[2024-05-28T10:00:46.127+0000] {processor.py:183} INFO - Processing /home/airflow/.local/lib/python3.12/site-packages/airflow/example_dags/example_short_circuit_operator.py took 0.160 seconds
[2024-05-28T10:01:16.293+0000] {processor.py:161} INFO - Started process (PID=176) to work on /home/airflow/.local/lib/python3.12/site-packages/airflow/example_dags/example_short_circuit_operator.py
[2024-05-28T10:01:16.296+0000] {processor.py:830} INFO - Processing file /home/airflow/.local/lib/python3.12/site-packages/airflow/example_dags/example_short_circuit_operator.py for tasks to queue
[2024-05-28T10:01:16.300+0000] {logging_mixin.py:188} INFO - [2024-05-28T10:01:16.299+0000] {dagbag.py:545} INFO - Filling up the DagBag from /home/airflow/.local/lib/python3.12/site-packages/airflow/example_dags/example_short_circuit_operator.py
[2024-05-28T10:01:16.317+0000] {processor.py:840} INFO - DAG(s) 'example_short_circuit_operator' retrieved from /home/airflow/.local/lib/python3.12/site-packages/airflow/example_dags/example_short_circuit_operator.py
[2024-05-28T10:01:16.370+0000] {logging_mixin.py:188} INFO - [2024-05-28T10:01:16.370+0000] {dag.py:3096} INFO - Sync 1 DAGs
[2024-05-28T10:01:16.414+0000] {logging_mixin.py:188} INFO - [2024-05-28T10:01:16.414+0000] {dag.py:3954} INFO - Setting next_dagrun for example_short_circuit_operator to 2024-05-27 00:00:00+00:00, run_after=2024-05-28 00:00:00+00:00
[2024-05-28T10:01:16.453+0000] {processor.py:183} INFO - Processing /home/airflow/.local/lib/python3.12/site-packages/airflow/example_dags/example_short_circuit_operator.py took 0.180 seconds
