[2024-05-28T09:46:23.239+0000] {processor.py:161} INFO - Started process (PID=36) to work on /home/airflow/.local/lib/python3.12/site-packages/airflow/example_dags/example_latest_only_with_trigger.py
[2024-05-28T09:46:23.241+0000] {processor.py:830} INFO - Processing file /home/airflow/.local/lib/python3.12/site-packages/airflow/example_dags/example_latest_only_with_trigger.py for tasks to queue
[2024-05-28T09:46:23.244+0000] {logging_mixin.py:188} INFO - [2024-05-28T09:46:23.243+0000] {dagbag.py:545} INFO - Filling up the DagBag from /home/airflow/.local/lib/python3.12/site-packages/airflow/example_dags/example_latest_only_with_trigger.py
[2024-05-28T09:46:23.290+0000] {processor.py:840} INFO - DAG(s) 'latest_only_with_trigger' retrieved from /home/airflow/.local/lib/python3.12/site-packages/airflow/example_dags/example_latest_only_with_trigger.py
[2024-05-28T09:46:23.782+0000] {logging_mixin.py:188} INFO - [2024-05-28T09:46:23.781+0000] {dag.py:3096} INFO - Sync 1 DAGs
[2024-05-28T09:46:23.838+0000] {logging_mixin.py:188} INFO - [2024-05-28T09:46:23.838+0000] {dag.py:3954} INFO - Setting next_dagrun for latest_only_with_trigger to 2024-05-28 04:00:00+00:00, run_after=2024-05-28 08:00:00+00:00
[2024-05-28T09:46:23.885+0000] {processor.py:183} INFO - Processing /home/airflow/.local/lib/python3.12/site-packages/airflow/example_dags/example_latest_only_with_trigger.py took 0.662 seconds
[2024-05-28T09:46:54.830+0000] {processor.py:161} INFO - Started process (PID=94) to work on /home/airflow/.local/lib/python3.12/site-packages/airflow/example_dags/example_latest_only_with_trigger.py
[2024-05-28T09:46:54.837+0000] {processor.py:830} INFO - Processing file /home/airflow/.local/lib/python3.12/site-packages/airflow/example_dags/example_latest_only_with_trigger.py for tasks to queue
[2024-05-28T09:46:54.840+0000] {logging_mixin.py:188} INFO - [2024-05-28T09:46:54.839+0000] {dagbag.py:545} INFO - Filling up the DagBag from /home/airflow/.local/lib/python3.12/site-packages/airflow/example_dags/example_latest_only_with_trigger.py
[2024-05-28T09:46:54.851+0000] {processor.py:840} INFO - DAG(s) 'latest_only_with_trigger' retrieved from /home/airflow/.local/lib/python3.12/site-packages/airflow/example_dags/example_latest_only_with_trigger.py
[2024-05-28T09:46:54.900+0000] {logging_mixin.py:188} INFO - [2024-05-28T09:46:54.900+0000] {dag.py:3096} INFO - Sync 1 DAGs
[2024-05-28T09:46:54.946+0000] {logging_mixin.py:188} INFO - [2024-05-28T09:46:54.945+0000] {dag.py:3954} INFO - Setting next_dagrun for latest_only_with_trigger to 2024-05-28 04:00:00+00:00, run_after=2024-05-28 08:00:00+00:00
[2024-05-28T09:46:55.012+0000] {processor.py:183} INFO - Processing /home/airflow/.local/lib/python3.12/site-packages/airflow/example_dags/example_latest_only_with_trigger.py took 0.202 seconds
[2024-05-28T09:47:25.130+0000] {processor.py:161} INFO - Started process (PID=152) to work on /home/airflow/.local/lib/python3.12/site-packages/airflow/example_dags/example_latest_only_with_trigger.py
[2024-05-28T09:47:25.131+0000] {processor.py:830} INFO - Processing file /home/airflow/.local/lib/python3.12/site-packages/airflow/example_dags/example_latest_only_with_trigger.py for tasks to queue
[2024-05-28T09:47:25.134+0000] {logging_mixin.py:188} INFO - [2024-05-28T09:47:25.134+0000] {dagbag.py:545} INFO - Filling up the DagBag from /home/airflow/.local/lib/python3.12/site-packages/airflow/example_dags/example_latest_only_with_trigger.py
[2024-05-28T09:47:25.142+0000] {processor.py:840} INFO - DAG(s) 'latest_only_with_trigger' retrieved from /home/airflow/.local/lib/python3.12/site-packages/airflow/example_dags/example_latest_only_with_trigger.py
[2024-05-28T09:47:25.181+0000] {logging_mixin.py:188} INFO - [2024-05-28T09:47:25.181+0000] {dag.py:3096} INFO - Sync 1 DAGs
[2024-05-28T09:47:25.220+0000] {logging_mixin.py:188} INFO - [2024-05-28T09:47:25.220+0000] {dag.py:3954} INFO - Setting next_dagrun for latest_only_with_trigger to 2024-05-28 04:00:00+00:00, run_after=2024-05-28 08:00:00+00:00
[2024-05-28T09:47:25.258+0000] {processor.py:183} INFO - Processing /home/airflow/.local/lib/python3.12/site-packages/airflow/example_dags/example_latest_only_with_trigger.py took 0.136 seconds
[2024-05-28T09:47:55.330+0000] {processor.py:161} INFO - Started process (PID=210) to work on /home/airflow/.local/lib/python3.12/site-packages/airflow/example_dags/example_latest_only_with_trigger.py
[2024-05-28T09:47:55.332+0000] {processor.py:830} INFO - Processing file /home/airflow/.local/lib/python3.12/site-packages/airflow/example_dags/example_latest_only_with_trigger.py for tasks to queue
[2024-05-28T09:47:55.334+0000] {logging_mixin.py:188} INFO - [2024-05-28T09:47:55.334+0000] {dagbag.py:545} INFO - Filling up the DagBag from /home/airflow/.local/lib/python3.12/site-packages/airflow/example_dags/example_latest_only_with_trigger.py
[2024-05-28T09:47:55.347+0000] {processor.py:840} INFO - DAG(s) 'latest_only_with_trigger' retrieved from /home/airflow/.local/lib/python3.12/site-packages/airflow/example_dags/example_latest_only_with_trigger.py
[2024-05-28T09:47:55.428+0000] {logging_mixin.py:188} INFO - [2024-05-28T09:47:55.427+0000] {dag.py:3096} INFO - Sync 1 DAGs
[2024-05-28T09:47:55.475+0000] {logging_mixin.py:188} INFO - [2024-05-28T09:47:55.475+0000] {dag.py:3954} INFO - Setting next_dagrun for latest_only_with_trigger to 2024-05-28 04:00:00+00:00, run_after=2024-05-28 08:00:00+00:00
[2024-05-28T09:47:55.505+0000] {processor.py:183} INFO - Processing /home/airflow/.local/lib/python3.12/site-packages/airflow/example_dags/example_latest_only_with_trigger.py took 0.185 seconds
[2024-05-28T09:48:26.435+0000] {processor.py:161} INFO - Started process (PID=268) to work on /home/airflow/.local/lib/python3.12/site-packages/airflow/example_dags/example_latest_only_with_trigger.py
[2024-05-28T09:48:26.438+0000] {processor.py:830} INFO - Processing file /home/airflow/.local/lib/python3.12/site-packages/airflow/example_dags/example_latest_only_with_trigger.py for tasks to queue
[2024-05-28T09:48:26.442+0000] {logging_mixin.py:188} INFO - [2024-05-28T09:48:26.441+0000] {dagbag.py:545} INFO - Filling up the DagBag from /home/airflow/.local/lib/python3.12/site-packages/airflow/example_dags/example_latest_only_with_trigger.py
[2024-05-28T09:48:26.457+0000] {processor.py:840} INFO - DAG(s) 'latest_only_with_trigger' retrieved from /home/airflow/.local/lib/python3.12/site-packages/airflow/example_dags/example_latest_only_with_trigger.py
[2024-05-28T09:48:26.529+0000] {logging_mixin.py:188} INFO - [2024-05-28T09:48:26.529+0000] {dag.py:3096} INFO - Sync 1 DAGs
[2024-05-28T09:48:26.603+0000] {logging_mixin.py:188} INFO - [2024-05-28T09:48:26.602+0000] {dag.py:3954} INFO - Setting next_dagrun for latest_only_with_trigger to 2024-05-28 04:00:00+00:00, run_after=2024-05-28 08:00:00+00:00
[2024-05-28T09:48:26.658+0000] {processor.py:183} INFO - Processing /home/airflow/.local/lib/python3.12/site-packages/airflow/example_dags/example_latest_only_with_trigger.py took 0.250 seconds
[2024-05-28T09:49:53.104+0000] {processor.py:161} INFO - Started process (PID=30) to work on /home/airflow/.local/lib/python3.12/site-packages/airflow/example_dags/example_latest_only_with_trigger.py
[2024-05-28T09:49:53.106+0000] {processor.py:830} INFO - Processing file /home/airflow/.local/lib/python3.12/site-packages/airflow/example_dags/example_latest_only_with_trigger.py for tasks to queue
[2024-05-28T09:49:53.110+0000] {logging_mixin.py:188} INFO - [2024-05-28T09:49:53.109+0000] {dagbag.py:545} INFO - Filling up the DagBag from /home/airflow/.local/lib/python3.12/site-packages/airflow/example_dags/example_latest_only_with_trigger.py
[2024-05-28T09:49:53.128+0000] {processor.py:840} INFO - DAG(s) 'latest_only_with_trigger' retrieved from /home/airflow/.local/lib/python3.12/site-packages/airflow/example_dags/example_latest_only_with_trigger.py
[2024-05-28T09:49:53.330+0000] {logging_mixin.py:188} INFO - [2024-05-28T09:49:53.330+0000] {dag.py:3096} INFO - Sync 1 DAGs
[2024-05-28T09:49:53.357+0000] {logging_mixin.py:188} INFO - [2024-05-28T09:49:53.357+0000] {dag.py:3954} INFO - Setting next_dagrun for latest_only_with_trigger to 2024-05-28 04:00:00+00:00, run_after=2024-05-28 08:00:00+00:00
[2024-05-28T09:49:53.393+0000] {processor.py:183} INFO - Processing /home/airflow/.local/lib/python3.12/site-packages/airflow/example_dags/example_latest_only_with_trigger.py took 0.310 seconds
[2024-05-28T09:50:23.983+0000] {processor.py:161} INFO - Started process (PID=88) to work on /home/airflow/.local/lib/python3.12/site-packages/airflow/example_dags/example_latest_only_with_trigger.py
[2024-05-28T09:50:23.985+0000] {processor.py:830} INFO - Processing file /home/airflow/.local/lib/python3.12/site-packages/airflow/example_dags/example_latest_only_with_trigger.py for tasks to queue
[2024-05-28T09:50:23.991+0000] {logging_mixin.py:188} INFO - [2024-05-28T09:50:23.991+0000] {dagbag.py:545} INFO - Filling up the DagBag from /home/airflow/.local/lib/python3.12/site-packages/airflow/example_dags/example_latest_only_with_trigger.py
[2024-05-28T09:50:24.002+0000] {processor.py:840} INFO - DAG(s) 'latest_only_with_trigger' retrieved from /home/airflow/.local/lib/python3.12/site-packages/airflow/example_dags/example_latest_only_with_trigger.py
[2024-05-28T09:50:24.041+0000] {logging_mixin.py:188} INFO - [2024-05-28T09:50:24.041+0000] {dag.py:3096} INFO - Sync 1 DAGs
[2024-05-28T09:50:24.092+0000] {logging_mixin.py:188} INFO - [2024-05-28T09:50:24.092+0000] {dag.py:3954} INFO - Setting next_dagrun for latest_only_with_trigger to 2024-05-28 04:00:00+00:00, run_after=2024-05-28 08:00:00+00:00
[2024-05-28T09:50:24.131+0000] {processor.py:183} INFO - Processing /home/airflow/.local/lib/python3.12/site-packages/airflow/example_dags/example_latest_only_with_trigger.py took 0.167 seconds
[2024-05-28T09:50:54.945+0000] {processor.py:161} INFO - Started process (PID=146) to work on /home/airflow/.local/lib/python3.12/site-packages/airflow/example_dags/example_latest_only_with_trigger.py
[2024-05-28T09:50:54.949+0000] {processor.py:830} INFO - Processing file /home/airflow/.local/lib/python3.12/site-packages/airflow/example_dags/example_latest_only_with_trigger.py for tasks to queue
[2024-05-28T09:50:54.955+0000] {logging_mixin.py:188} INFO - [2024-05-28T09:50:54.954+0000] {dagbag.py:545} INFO - Filling up the DagBag from /home/airflow/.local/lib/python3.12/site-packages/airflow/example_dags/example_latest_only_with_trigger.py
[2024-05-28T09:50:54.970+0000] {processor.py:840} INFO - DAG(s) 'latest_only_with_trigger' retrieved from /home/airflow/.local/lib/python3.12/site-packages/airflow/example_dags/example_latest_only_with_trigger.py
[2024-05-28T09:50:55.055+0000] {logging_mixin.py:188} INFO - [2024-05-28T09:50:55.054+0000] {dag.py:3096} INFO - Sync 1 DAGs
[2024-05-28T09:50:55.103+0000] {logging_mixin.py:188} INFO - [2024-05-28T09:50:55.102+0000] {dag.py:3954} INFO - Setting next_dagrun for latest_only_with_trigger to 2024-05-28 04:00:00+00:00, run_after=2024-05-28 08:00:00+00:00
[2024-05-28T09:50:55.143+0000] {processor.py:183} INFO - Processing /home/airflow/.local/lib/python3.12/site-packages/airflow/example_dags/example_latest_only_with_trigger.py took 0.220 seconds
[2024-05-28T09:51:25.666+0000] {processor.py:161} INFO - Started process (PID=204) to work on /home/airflow/.local/lib/python3.12/site-packages/airflow/example_dags/example_latest_only_with_trigger.py
[2024-05-28T09:51:25.668+0000] {processor.py:830} INFO - Processing file /home/airflow/.local/lib/python3.12/site-packages/airflow/example_dags/example_latest_only_with_trigger.py for tasks to queue
[2024-05-28T09:51:25.670+0000] {logging_mixin.py:188} INFO - [2024-05-28T09:51:25.670+0000] {dagbag.py:545} INFO - Filling up the DagBag from /home/airflow/.local/lib/python3.12/site-packages/airflow/example_dags/example_latest_only_with_trigger.py
[2024-05-28T09:51:25.678+0000] {processor.py:840} INFO - DAG(s) 'latest_only_with_trigger' retrieved from /home/airflow/.local/lib/python3.12/site-packages/airflow/example_dags/example_latest_only_with_trigger.py
[2024-05-28T09:51:25.718+0000] {logging_mixin.py:188} INFO - [2024-05-28T09:51:25.718+0000] {dag.py:3096} INFO - Sync 1 DAGs
[2024-05-28T09:51:25.752+0000] {logging_mixin.py:188} INFO - [2024-05-28T09:51:25.752+0000] {dag.py:3954} INFO - Setting next_dagrun for latest_only_with_trigger to 2024-05-28 04:00:00+00:00, run_after=2024-05-28 08:00:00+00:00
[2024-05-28T09:51:25.785+0000] {processor.py:183} INFO - Processing /home/airflow/.local/lib/python3.12/site-packages/airflow/example_dags/example_latest_only_with_trigger.py took 0.126 seconds
[2024-05-28T09:51:56.346+0000] {processor.py:161} INFO - Started process (PID=262) to work on /home/airflow/.local/lib/python3.12/site-packages/airflow/example_dags/example_latest_only_with_trigger.py
[2024-05-28T09:51:56.351+0000] {processor.py:830} INFO - Processing file /home/airflow/.local/lib/python3.12/site-packages/airflow/example_dags/example_latest_only_with_trigger.py for tasks to queue
[2024-05-28T09:51:56.354+0000] {logging_mixin.py:188} INFO - [2024-05-28T09:51:56.354+0000] {dagbag.py:545} INFO - Filling up the DagBag from /home/airflow/.local/lib/python3.12/site-packages/airflow/example_dags/example_latest_only_with_trigger.py
[2024-05-28T09:51:56.389+0000] {processor.py:840} INFO - DAG(s) 'latest_only_with_trigger' retrieved from /home/airflow/.local/lib/python3.12/site-packages/airflow/example_dags/example_latest_only_with_trigger.py
[2024-05-28T09:51:56.456+0000] {logging_mixin.py:188} INFO - [2024-05-28T09:51:56.455+0000] {dag.py:3096} INFO - Sync 1 DAGs
[2024-05-28T09:51:56.488+0000] {logging_mixin.py:188} INFO - [2024-05-28T09:51:56.487+0000] {dag.py:3954} INFO - Setting next_dagrun for latest_only_with_trigger to 2024-05-28 04:00:00+00:00, run_after=2024-05-28 08:00:00+00:00
[2024-05-28T09:51:56.521+0000] {processor.py:183} INFO - Processing /home/airflow/.local/lib/python3.12/site-packages/airflow/example_dags/example_latest_only_with_trigger.py took 0.198 seconds
[2024-05-28T09:52:26.960+0000] {processor.py:161} INFO - Started process (PID=319) to work on /home/airflow/.local/lib/python3.12/site-packages/airflow/example_dags/example_latest_only_with_trigger.py
[2024-05-28T09:52:26.962+0000] {processor.py:830} INFO - Processing file /home/airflow/.local/lib/python3.12/site-packages/airflow/example_dags/example_latest_only_with_trigger.py for tasks to queue
[2024-05-28T09:52:26.966+0000] {logging_mixin.py:188} INFO - [2024-05-28T09:52:26.965+0000] {dagbag.py:545} INFO - Filling up the DagBag from /home/airflow/.local/lib/python3.12/site-packages/airflow/example_dags/example_latest_only_with_trigger.py
[2024-05-28T09:52:26.988+0000] {processor.py:840} INFO - DAG(s) 'latest_only_with_trigger' retrieved from /home/airflow/.local/lib/python3.12/site-packages/airflow/example_dags/example_latest_only_with_trigger.py
[2024-05-28T09:52:27.027+0000] {logging_mixin.py:188} INFO - [2024-05-28T09:52:27.027+0000] {dag.py:3096} INFO - Sync 1 DAGs
[2024-05-28T09:52:27.089+0000] {logging_mixin.py:188} INFO - [2024-05-28T09:52:27.089+0000] {dag.py:3954} INFO - Setting next_dagrun for latest_only_with_trigger to 2024-05-28 04:00:00+00:00, run_after=2024-05-28 08:00:00+00:00
[2024-05-28T09:52:27.139+0000] {processor.py:183} INFO - Processing /home/airflow/.local/lib/python3.12/site-packages/airflow/example_dags/example_latest_only_with_trigger.py took 0.211 seconds
[2024-05-28T09:52:57.763+0000] {processor.py:161} INFO - Started process (PID=377) to work on /home/airflow/.local/lib/python3.12/site-packages/airflow/example_dags/example_latest_only_with_trigger.py
[2024-05-28T09:52:57.765+0000] {processor.py:830} INFO - Processing file /home/airflow/.local/lib/python3.12/site-packages/airflow/example_dags/example_latest_only_with_trigger.py for tasks to queue
[2024-05-28T09:52:57.771+0000] {logging_mixin.py:188} INFO - [2024-05-28T09:52:57.770+0000] {dagbag.py:545} INFO - Filling up the DagBag from /home/airflow/.local/lib/python3.12/site-packages/airflow/example_dags/example_latest_only_with_trigger.py
[2024-05-28T09:52:57.784+0000] {processor.py:840} INFO - DAG(s) 'latest_only_with_trigger' retrieved from /home/airflow/.local/lib/python3.12/site-packages/airflow/example_dags/example_latest_only_with_trigger.py
[2024-05-28T09:52:57.837+0000] {logging_mixin.py:188} INFO - [2024-05-28T09:52:57.836+0000] {dag.py:3096} INFO - Sync 1 DAGs
[2024-05-28T09:52:57.898+0000] {logging_mixin.py:188} INFO - [2024-05-28T09:52:57.897+0000] {dag.py:3954} INFO - Setting next_dagrun for latest_only_with_trigger to 2024-05-28 04:00:00+00:00, run_after=2024-05-28 08:00:00+00:00
[2024-05-28T09:52:57.941+0000] {processor.py:183} INFO - Processing /home/airflow/.local/lib/python3.12/site-packages/airflow/example_dags/example_latest_only_with_trigger.py took 0.187 seconds
[2024-05-28T09:53:28.559+0000] {processor.py:161} INFO - Started process (PID=435) to work on /home/airflow/.local/lib/python3.12/site-packages/airflow/example_dags/example_latest_only_with_trigger.py
[2024-05-28T09:53:28.560+0000] {processor.py:830} INFO - Processing file /home/airflow/.local/lib/python3.12/site-packages/airflow/example_dags/example_latest_only_with_trigger.py for tasks to queue
[2024-05-28T09:53:28.563+0000] {logging_mixin.py:188} INFO - [2024-05-28T09:53:28.563+0000] {dagbag.py:545} INFO - Filling up the DagBag from /home/airflow/.local/lib/python3.12/site-packages/airflow/example_dags/example_latest_only_with_trigger.py
[2024-05-28T09:53:28.576+0000] {processor.py:840} INFO - DAG(s) 'latest_only_with_trigger' retrieved from /home/airflow/.local/lib/python3.12/site-packages/airflow/example_dags/example_latest_only_with_trigger.py
[2024-05-28T09:53:28.632+0000] {logging_mixin.py:188} INFO - [2024-05-28T09:53:28.632+0000] {dag.py:3096} INFO - Sync 1 DAGs
[2024-05-28T09:53:28.676+0000] {logging_mixin.py:188} INFO - [2024-05-28T09:53:28.675+0000] {dag.py:3954} INFO - Setting next_dagrun for latest_only_with_trigger to 2024-05-28 04:00:00+00:00, run_after=2024-05-28 08:00:00+00:00
[2024-05-28T09:53:28.729+0000] {processor.py:183} INFO - Processing /home/airflow/.local/lib/python3.12/site-packages/airflow/example_dags/example_latest_only_with_trigger.py took 0.195 seconds
[2024-05-28T09:53:59.040+0000] {processor.py:161} INFO - Started process (PID=493) to work on /home/airflow/.local/lib/python3.12/site-packages/airflow/example_dags/example_latest_only_with_trigger.py
[2024-05-28T09:53:59.044+0000] {processor.py:830} INFO - Processing file /home/airflow/.local/lib/python3.12/site-packages/airflow/example_dags/example_latest_only_with_trigger.py for tasks to queue
[2024-05-28T09:53:59.049+0000] {logging_mixin.py:188} INFO - [2024-05-28T09:53:59.048+0000] {dagbag.py:545} INFO - Filling up the DagBag from /home/airflow/.local/lib/python3.12/site-packages/airflow/example_dags/example_latest_only_with_trigger.py
[2024-05-28T09:53:59.067+0000] {processor.py:840} INFO - DAG(s) 'latest_only_with_trigger' retrieved from /home/airflow/.local/lib/python3.12/site-packages/airflow/example_dags/example_latest_only_with_trigger.py
[2024-05-28T09:53:59.144+0000] {logging_mixin.py:188} INFO - [2024-05-28T09:53:59.142+0000] {dag.py:3096} INFO - Sync 1 DAGs
[2024-05-28T09:53:59.216+0000] {logging_mixin.py:188} INFO - [2024-05-28T09:53:59.215+0000] {dag.py:3954} INFO - Setting next_dagrun for latest_only_with_trigger to 2024-05-28 04:00:00+00:00, run_after=2024-05-28 08:00:00+00:00
[2024-05-28T09:53:59.262+0000] {processor.py:183} INFO - Processing /home/airflow/.local/lib/python3.12/site-packages/airflow/example_dags/example_latest_only_with_trigger.py took 0.242 seconds
[2024-05-28T09:54:29.840+0000] {processor.py:161} INFO - Started process (PID=551) to work on /home/airflow/.local/lib/python3.12/site-packages/airflow/example_dags/example_latest_only_with_trigger.py
[2024-05-28T09:54:29.841+0000] {processor.py:830} INFO - Processing file /home/airflow/.local/lib/python3.12/site-packages/airflow/example_dags/example_latest_only_with_trigger.py for tasks to queue
[2024-05-28T09:54:29.846+0000] {logging_mixin.py:188} INFO - [2024-05-28T09:54:29.845+0000] {dagbag.py:545} INFO - Filling up the DagBag from /home/airflow/.local/lib/python3.12/site-packages/airflow/example_dags/example_latest_only_with_trigger.py
[2024-05-28T09:54:29.859+0000] {processor.py:840} INFO - DAG(s) 'latest_only_with_trigger' retrieved from /home/airflow/.local/lib/python3.12/site-packages/airflow/example_dags/example_latest_only_with_trigger.py
[2024-05-28T09:54:29.911+0000] {logging_mixin.py:188} INFO - [2024-05-28T09:54:29.911+0000] {dag.py:3096} INFO - Sync 1 DAGs
[2024-05-28T09:54:29.954+0000] {logging_mixin.py:188} INFO - [2024-05-28T09:54:29.954+0000] {dag.py:3954} INFO - Setting next_dagrun for latest_only_with_trigger to 2024-05-28 04:00:00+00:00, run_after=2024-05-28 08:00:00+00:00
[2024-05-28T09:54:29.979+0000] {processor.py:183} INFO - Processing /home/airflow/.local/lib/python3.12/site-packages/airflow/example_dags/example_latest_only_with_trigger.py took 0.160 seconds
[2024-05-28T09:55:00.710+0000] {processor.py:161} INFO - Started process (PID=609) to work on /home/airflow/.local/lib/python3.12/site-packages/airflow/example_dags/example_latest_only_with_trigger.py
[2024-05-28T09:55:00.718+0000] {processor.py:830} INFO - Processing file /home/airflow/.local/lib/python3.12/site-packages/airflow/example_dags/example_latest_only_with_trigger.py for tasks to queue
[2024-05-28T09:55:00.727+0000] {logging_mixin.py:188} INFO - [2024-05-28T09:55:00.726+0000] {dagbag.py:545} INFO - Filling up the DagBag from /home/airflow/.local/lib/python3.12/site-packages/airflow/example_dags/example_latest_only_with_trigger.py
[2024-05-28T09:55:00.754+0000] {processor.py:840} INFO - DAG(s) 'latest_only_with_trigger' retrieved from /home/airflow/.local/lib/python3.12/site-packages/airflow/example_dags/example_latest_only_with_trigger.py
[2024-05-28T09:55:00.814+0000] {logging_mixin.py:188} INFO - [2024-05-28T09:55:00.813+0000] {dag.py:3096} INFO - Sync 1 DAGs
[2024-05-28T09:55:00.870+0000] {logging_mixin.py:188} INFO - [2024-05-28T09:55:00.870+0000] {dag.py:3954} INFO - Setting next_dagrun for latest_only_with_trigger to 2024-05-28 04:00:00+00:00, run_after=2024-05-28 08:00:00+00:00
[2024-05-28T09:55:00.918+0000] {processor.py:183} INFO - Processing /home/airflow/.local/lib/python3.12/site-packages/airflow/example_dags/example_latest_only_with_trigger.py took 0.267 seconds
[2024-05-28T09:55:31.207+0000] {processor.py:161} INFO - Started process (PID=667) to work on /home/airflow/.local/lib/python3.12/site-packages/airflow/example_dags/example_latest_only_with_trigger.py
[2024-05-28T09:55:31.209+0000] {processor.py:830} INFO - Processing file /home/airflow/.local/lib/python3.12/site-packages/airflow/example_dags/example_latest_only_with_trigger.py for tasks to queue
[2024-05-28T09:55:31.212+0000] {logging_mixin.py:188} INFO - [2024-05-28T09:55:31.212+0000] {dagbag.py:545} INFO - Filling up the DagBag from /home/airflow/.local/lib/python3.12/site-packages/airflow/example_dags/example_latest_only_with_trigger.py
[2024-05-28T09:55:31.224+0000] {processor.py:840} INFO - DAG(s) 'latest_only_with_trigger' retrieved from /home/airflow/.local/lib/python3.12/site-packages/airflow/example_dags/example_latest_only_with_trigger.py
[2024-05-28T09:55:31.276+0000] {logging_mixin.py:188} INFO - [2024-05-28T09:55:31.276+0000] {dag.py:3096} INFO - Sync 1 DAGs
[2024-05-28T09:55:31.363+0000] {logging_mixin.py:188} INFO - [2024-05-28T09:55:31.362+0000] {dag.py:3954} INFO - Setting next_dagrun for latest_only_with_trigger to 2024-05-28 04:00:00+00:00, run_after=2024-05-28 08:00:00+00:00
[2024-05-28T09:55:31.443+0000] {processor.py:183} INFO - Processing /home/airflow/.local/lib/python3.12/site-packages/airflow/example_dags/example_latest_only_with_trigger.py took 0.249 seconds
[2024-05-28T09:56:01.784+0000] {processor.py:161} INFO - Started process (PID=725) to work on /home/airflow/.local/lib/python3.12/site-packages/airflow/example_dags/example_latest_only_with_trigger.py
[2024-05-28T09:56:01.787+0000] {processor.py:830} INFO - Processing file /home/airflow/.local/lib/python3.12/site-packages/airflow/example_dags/example_latest_only_with_trigger.py for tasks to queue
[2024-05-28T09:56:01.791+0000] {logging_mixin.py:188} INFO - [2024-05-28T09:56:01.791+0000] {dagbag.py:545} INFO - Filling up the DagBag from /home/airflow/.local/lib/python3.12/site-packages/airflow/example_dags/example_latest_only_with_trigger.py
[2024-05-28T09:56:01.803+0000] {processor.py:840} INFO - DAG(s) 'latest_only_with_trigger' retrieved from /home/airflow/.local/lib/python3.12/site-packages/airflow/example_dags/example_latest_only_with_trigger.py
[2024-05-28T09:56:01.861+0000] {logging_mixin.py:188} INFO - [2024-05-28T09:56:01.860+0000] {dag.py:3096} INFO - Sync 1 DAGs
[2024-05-28T09:56:01.966+0000] {logging_mixin.py:188} INFO - [2024-05-28T09:56:01.966+0000] {dag.py:3954} INFO - Setting next_dagrun for latest_only_with_trigger to 2024-05-28 04:00:00+00:00, run_after=2024-05-28 08:00:00+00:00
[2024-05-28T09:56:02.006+0000] {processor.py:183} INFO - Processing /home/airflow/.local/lib/python3.12/site-packages/airflow/example_dags/example_latest_only_with_trigger.py took 0.230 seconds
[2024-05-28T09:56:32.545+0000] {processor.py:161} INFO - Started process (PID=783) to work on /home/airflow/.local/lib/python3.12/site-packages/airflow/example_dags/example_latest_only_with_trigger.py
[2024-05-28T09:56:32.549+0000] {processor.py:830} INFO - Processing file /home/airflow/.local/lib/python3.12/site-packages/airflow/example_dags/example_latest_only_with_trigger.py for tasks to queue
[2024-05-28T09:56:32.560+0000] {logging_mixin.py:188} INFO - [2024-05-28T09:56:32.557+0000] {dagbag.py:545} INFO - Filling up the DagBag from /home/airflow/.local/lib/python3.12/site-packages/airflow/example_dags/example_latest_only_with_trigger.py
[2024-05-28T09:56:32.585+0000] {processor.py:840} INFO - DAG(s) 'latest_only_with_trigger' retrieved from /home/airflow/.local/lib/python3.12/site-packages/airflow/example_dags/example_latest_only_with_trigger.py
[2024-05-28T09:56:32.635+0000] {logging_mixin.py:188} INFO - [2024-05-28T09:56:32.634+0000] {dag.py:3096} INFO - Sync 1 DAGs
[2024-05-28T09:56:32.683+0000] {logging_mixin.py:188} INFO - [2024-05-28T09:56:32.682+0000] {dag.py:3954} INFO - Setting next_dagrun for latest_only_with_trigger to 2024-05-28 04:00:00+00:00, run_after=2024-05-28 08:00:00+00:00
[2024-05-28T09:56:32.734+0000] {processor.py:183} INFO - Processing /home/airflow/.local/lib/python3.12/site-packages/airflow/example_dags/example_latest_only_with_trigger.py took 0.220 seconds
[2024-05-28T09:57:03.228+0000] {processor.py:161} INFO - Started process (PID=841) to work on /home/airflow/.local/lib/python3.12/site-packages/airflow/example_dags/example_latest_only_with_trigger.py
[2024-05-28T09:57:03.236+0000] {processor.py:830} INFO - Processing file /home/airflow/.local/lib/python3.12/site-packages/airflow/example_dags/example_latest_only_with_trigger.py for tasks to queue
[2024-05-28T09:57:03.241+0000] {logging_mixin.py:188} INFO - [2024-05-28T09:57:03.241+0000] {dagbag.py:545} INFO - Filling up the DagBag from /home/airflow/.local/lib/python3.12/site-packages/airflow/example_dags/example_latest_only_with_trigger.py
[2024-05-28T09:57:03.255+0000] {processor.py:840} INFO - DAG(s) 'latest_only_with_trigger' retrieved from /home/airflow/.local/lib/python3.12/site-packages/airflow/example_dags/example_latest_only_with_trigger.py
[2024-05-28T09:57:03.332+0000] {logging_mixin.py:188} INFO - [2024-05-28T09:57:03.331+0000] {dag.py:3096} INFO - Sync 1 DAGs
[2024-05-28T09:57:03.415+0000] {logging_mixin.py:188} INFO - [2024-05-28T09:57:03.415+0000] {dag.py:3954} INFO - Setting next_dagrun for latest_only_with_trigger to 2024-05-28 04:00:00+00:00, run_after=2024-05-28 08:00:00+00:00
[2024-05-28T09:57:03.469+0000] {processor.py:183} INFO - Processing /home/airflow/.local/lib/python3.12/site-packages/airflow/example_dags/example_latest_only_with_trigger.py took 0.270 seconds
[2024-05-28T09:57:33.828+0000] {processor.py:161} INFO - Started process (PID=898) to work on /home/airflow/.local/lib/python3.12/site-packages/airflow/example_dags/example_latest_only_with_trigger.py
[2024-05-28T09:57:33.830+0000] {processor.py:830} INFO - Processing file /home/airflow/.local/lib/python3.12/site-packages/airflow/example_dags/example_latest_only_with_trigger.py for tasks to queue
[2024-05-28T09:57:33.832+0000] {logging_mixin.py:188} INFO - [2024-05-28T09:57:33.832+0000] {dagbag.py:545} INFO - Filling up the DagBag from /home/airflow/.local/lib/python3.12/site-packages/airflow/example_dags/example_latest_only_with_trigger.py
[2024-05-28T09:57:33.838+0000] {processor.py:840} INFO - DAG(s) 'latest_only_with_trigger' retrieved from /home/airflow/.local/lib/python3.12/site-packages/airflow/example_dags/example_latest_only_with_trigger.py
[2024-05-28T09:57:33.865+0000] {logging_mixin.py:188} INFO - [2024-05-28T09:57:33.865+0000] {dag.py:3096} INFO - Sync 1 DAGs
[2024-05-28T09:57:33.900+0000] {logging_mixin.py:188} INFO - [2024-05-28T09:57:33.899+0000] {dag.py:3954} INFO - Setting next_dagrun for latest_only_with_trigger to 2024-05-28 04:00:00+00:00, run_after=2024-05-28 08:00:00+00:00
[2024-05-28T09:57:33.926+0000] {processor.py:183} INFO - Processing /home/airflow/.local/lib/python3.12/site-packages/airflow/example_dags/example_latest_only_with_trigger.py took 0.105 seconds
[2024-05-28T09:58:03.999+0000] {processor.py:161} INFO - Started process (PID=955) to work on /home/airflow/.local/lib/python3.12/site-packages/airflow/example_dags/example_latest_only_with_trigger.py
[2024-05-28T09:58:04.005+0000] {processor.py:830} INFO - Processing file /home/airflow/.local/lib/python3.12/site-packages/airflow/example_dags/example_latest_only_with_trigger.py for tasks to queue
[2024-05-28T09:58:04.010+0000] {logging_mixin.py:188} INFO - [2024-05-28T09:58:04.009+0000] {dagbag.py:545} INFO - Filling up the DagBag from /home/airflow/.local/lib/python3.12/site-packages/airflow/example_dags/example_latest_only_with_trigger.py
[2024-05-28T09:58:04.030+0000] {processor.py:840} INFO - DAG(s) 'latest_only_with_trigger' retrieved from /home/airflow/.local/lib/python3.12/site-packages/airflow/example_dags/example_latest_only_with_trigger.py
[2024-05-28T09:58:04.120+0000] {logging_mixin.py:188} INFO - [2024-05-28T09:58:04.120+0000] {dag.py:3096} INFO - Sync 1 DAGs
[2024-05-28T09:58:04.170+0000] {logging_mixin.py:188} INFO - [2024-05-28T09:58:04.170+0000] {dag.py:3954} INFO - Setting next_dagrun for latest_only_with_trigger to 2024-05-28 04:00:00+00:00, run_after=2024-05-28 08:00:00+00:00
[2024-05-28T09:58:04.211+0000] {processor.py:183} INFO - Processing /home/airflow/.local/lib/python3.12/site-packages/airflow/example_dags/example_latest_only_with_trigger.py took 0.234 seconds
[2024-05-28T10:00:07.264+0000] {processor.py:161} INFO - Started process (PID=31) to work on /home/airflow/.local/lib/python3.12/site-packages/airflow/example_dags/example_latest_only_with_trigger.py
[2024-05-28T10:00:07.266+0000] {processor.py:830} INFO - Processing file /home/airflow/.local/lib/python3.12/site-packages/airflow/example_dags/example_latest_only_with_trigger.py for tasks to queue
[2024-05-28T10:00:07.269+0000] {logging_mixin.py:188} INFO - [2024-05-28T10:00:07.269+0000] {dagbag.py:545} INFO - Filling up the DagBag from /home/airflow/.local/lib/python3.12/site-packages/airflow/example_dags/example_latest_only_with_trigger.py
[2024-05-28T10:00:07.317+0000] {processor.py:840} INFO - DAG(s) 'latest_only_with_trigger' retrieved from /home/airflow/.local/lib/python3.12/site-packages/airflow/example_dags/example_latest_only_with_trigger.py
[2024-05-28T10:00:07.959+0000] {logging_mixin.py:188} INFO - [2024-05-28T10:00:07.958+0000] {dag.py:3096} INFO - Sync 1 DAGs
[2024-05-28T10:00:07.985+0000] {logging_mixin.py:188} INFO - [2024-05-28T10:00:07.985+0000] {dag.py:3954} INFO - Setting next_dagrun for latest_only_with_trigger to 2024-05-28 04:00:00+00:00, run_after=2024-05-28 08:00:00+00:00
[2024-05-28T10:00:08.012+0000] {processor.py:183} INFO - Processing /home/airflow/.local/lib/python3.12/site-packages/airflow/example_dags/example_latest_only_with_trigger.py took 0.759 seconds
[2024-05-28T10:00:39.021+0000] {processor.py:161} INFO - Started process (PID=89) to work on /home/airflow/.local/lib/python3.12/site-packages/airflow/example_dags/example_latest_only_with_trigger.py
[2024-05-28T10:00:39.023+0000] {processor.py:830} INFO - Processing file /home/airflow/.local/lib/python3.12/site-packages/airflow/example_dags/example_latest_only_with_trigger.py for tasks to queue
[2024-05-28T10:00:39.026+0000] {logging_mixin.py:188} INFO - [2024-05-28T10:00:39.025+0000] {dagbag.py:545} INFO - Filling up the DagBag from /home/airflow/.local/lib/python3.12/site-packages/airflow/example_dags/example_latest_only_with_trigger.py
[2024-05-28T10:00:39.049+0000] {processor.py:840} INFO - DAG(s) 'latest_only_with_trigger' retrieved from /home/airflow/.local/lib/python3.12/site-packages/airflow/example_dags/example_latest_only_with_trigger.py
[2024-05-28T10:00:39.116+0000] {logging_mixin.py:188} INFO - [2024-05-28T10:00:39.116+0000] {dag.py:3096} INFO - Sync 1 DAGs
[2024-05-28T10:00:39.191+0000] {logging_mixin.py:188} INFO - [2024-05-28T10:00:39.191+0000] {dag.py:3954} INFO - Setting next_dagrun for latest_only_with_trigger to 2024-05-28 04:00:00+00:00, run_after=2024-05-28 08:00:00+00:00
[2024-05-28T10:00:39.249+0000] {processor.py:183} INFO - Processing /home/airflow/.local/lib/python3.12/site-packages/airflow/example_dags/example_latest_only_with_trigger.py took 0.245 seconds
[2024-05-28T10:01:09.384+0000] {processor.py:161} INFO - Started process (PID=147) to work on /home/airflow/.local/lib/python3.12/site-packages/airflow/example_dags/example_latest_only_with_trigger.py
[2024-05-28T10:01:09.388+0000] {processor.py:830} INFO - Processing file /home/airflow/.local/lib/python3.12/site-packages/airflow/example_dags/example_latest_only_with_trigger.py for tasks to queue
[2024-05-28T10:01:09.391+0000] {logging_mixin.py:188} INFO - [2024-05-28T10:01:09.391+0000] {dagbag.py:545} INFO - Filling up the DagBag from /home/airflow/.local/lib/python3.12/site-packages/airflow/example_dags/example_latest_only_with_trigger.py
[2024-05-28T10:01:09.416+0000] {processor.py:840} INFO - DAG(s) 'latest_only_with_trigger' retrieved from /home/airflow/.local/lib/python3.12/site-packages/airflow/example_dags/example_latest_only_with_trigger.py
[2024-05-28T10:01:09.520+0000] {logging_mixin.py:188} INFO - [2024-05-28T10:01:09.515+0000] {dag.py:3096} INFO - Sync 1 DAGs
[2024-05-28T10:01:09.656+0000] {logging_mixin.py:188} INFO - [2024-05-28T10:01:09.655+0000] {dag.py:3954} INFO - Setting next_dagrun for latest_only_with_trigger to 2024-05-28 04:00:00+00:00, run_after=2024-05-28 08:00:00+00:00
[2024-05-28T10:01:09.695+0000] {processor.py:183} INFO - Processing /home/airflow/.local/lib/python3.12/site-packages/airflow/example_dags/example_latest_only_with_trigger.py took 0.330 seconds
