[2024-05-28T09:46:34.056+0000] {processor.py:161} INFO - Started process (PID=80) to work on /home/airflow/.local/lib/python3.12/site-packages/airflow/example_dags/example_display_name.py
[2024-05-28T09:46:34.058+0000] {processor.py:830} INFO - Processing file /home/airflow/.local/lib/python3.12/site-packages/airflow/example_dags/example_display_name.py for tasks to queue
[2024-05-28T09:46:34.062+0000] {logging_mixin.py:188} INFO - [2024-05-28T09:46:34.061+0000] {dagbag.py:545} INFO - Filling up the DagBag from /home/airflow/.local/lib/python3.12/site-packages/airflow/example_dags/example_display_name.py
[2024-05-28T09:46:34.081+0000] {processor.py:840} INFO - DAG(s) 'example_display_name' retrieved from /home/airflow/.local/lib/python3.12/site-packages/airflow/example_dags/example_display_name.py
[2024-05-28T09:46:34.353+0000] {logging_mixin.py:188} INFO - [2024-05-28T09:46:34.353+0000] {dag.py:3096} INFO - Sync 1 DAGs
[2024-05-28T09:46:34.374+0000] {logging_mixin.py:188} INFO - [2024-05-28T09:46:34.374+0000] {dag.py:3954} INFO - Setting next_dagrun for example_display_name to None, run_after=None
[2024-05-28T09:46:34.439+0000] {processor.py:183} INFO - Processing /home/airflow/.local/lib/python3.12/site-packages/airflow/example_dags/example_display_name.py took 0.401 seconds
[2024-05-28T09:47:04.744+0000] {processor.py:161} INFO - Started process (PID=139) to work on /home/airflow/.local/lib/python3.12/site-packages/airflow/example_dags/example_display_name.py
[2024-05-28T09:47:04.746+0000] {processor.py:830} INFO - Processing file /home/airflow/.local/lib/python3.12/site-packages/airflow/example_dags/example_display_name.py for tasks to queue
[2024-05-28T09:47:04.748+0000] {logging_mixin.py:188} INFO - [2024-05-28T09:47:04.748+0000] {dagbag.py:545} INFO - Filling up the DagBag from /home/airflow/.local/lib/python3.12/site-packages/airflow/example_dags/example_display_name.py
[2024-05-28T09:47:04.758+0000] {processor.py:840} INFO - DAG(s) 'example_display_name' retrieved from /home/airflow/.local/lib/python3.12/site-packages/airflow/example_dags/example_display_name.py
[2024-05-28T09:47:04.807+0000] {logging_mixin.py:188} INFO - [2024-05-28T09:47:04.807+0000] {dag.py:3096} INFO - Sync 1 DAGs
[2024-05-28T09:47:04.832+0000] {logging_mixin.py:188} INFO - [2024-05-28T09:47:04.831+0000] {dag.py:3954} INFO - Setting next_dagrun for example_display_name to None, run_after=None
[2024-05-28T09:47:04.878+0000] {processor.py:183} INFO - Processing /home/airflow/.local/lib/python3.12/site-packages/airflow/example_dags/example_display_name.py took 0.148 seconds
[2024-05-28T09:47:35.291+0000] {processor.py:161} INFO - Started process (PID=196) to work on /home/airflow/.local/lib/python3.12/site-packages/airflow/example_dags/example_display_name.py
[2024-05-28T09:47:35.293+0000] {processor.py:830} INFO - Processing file /home/airflow/.local/lib/python3.12/site-packages/airflow/example_dags/example_display_name.py for tasks to queue
[2024-05-28T09:47:35.296+0000] {logging_mixin.py:188} INFO - [2024-05-28T09:47:35.295+0000] {dagbag.py:545} INFO - Filling up the DagBag from /home/airflow/.local/lib/python3.12/site-packages/airflow/example_dags/example_display_name.py
[2024-05-28T09:47:35.337+0000] {processor.py:840} INFO - DAG(s) 'example_display_name' retrieved from /home/airflow/.local/lib/python3.12/site-packages/airflow/example_dags/example_display_name.py
[2024-05-28T09:47:35.375+0000] {logging_mixin.py:188} INFO - [2024-05-28T09:47:35.374+0000] {dag.py:3096} INFO - Sync 1 DAGs
[2024-05-28T09:47:35.399+0000] {logging_mixin.py:188} INFO - [2024-05-28T09:47:35.399+0000] {dag.py:3954} INFO - Setting next_dagrun for example_display_name to None, run_after=None
[2024-05-28T09:47:35.426+0000] {processor.py:183} INFO - Processing /home/airflow/.local/lib/python3.12/site-packages/airflow/example_dags/example_display_name.py took 0.148 seconds
[2024-05-28T09:48:06.010+0000] {processor.py:161} INFO - Started process (PID=254) to work on /home/airflow/.local/lib/python3.12/site-packages/airflow/example_dags/example_display_name.py
[2024-05-28T09:48:06.012+0000] {processor.py:830} INFO - Processing file /home/airflow/.local/lib/python3.12/site-packages/airflow/example_dags/example_display_name.py for tasks to queue
[2024-05-28T09:48:06.020+0000] {logging_mixin.py:188} INFO - [2024-05-28T09:48:06.015+0000] {dagbag.py:545} INFO - Filling up the DagBag from /home/airflow/.local/lib/python3.12/site-packages/airflow/example_dags/example_display_name.py
[2024-05-28T09:48:06.037+0000] {processor.py:840} INFO - DAG(s) 'example_display_name' retrieved from /home/airflow/.local/lib/python3.12/site-packages/airflow/example_dags/example_display_name.py
[2024-05-28T09:48:06.116+0000] {logging_mixin.py:188} INFO - [2024-05-28T09:48:06.116+0000] {dag.py:3096} INFO - Sync 1 DAGs
[2024-05-28T09:48:06.140+0000] {logging_mixin.py:188} INFO - [2024-05-28T09:48:06.139+0000] {dag.py:3954} INFO - Setting next_dagrun for example_display_name to None, run_after=None
[2024-05-28T09:48:06.194+0000] {processor.py:183} INFO - Processing /home/airflow/.local/lib/python3.12/site-packages/airflow/example_dags/example_display_name.py took 0.207 seconds
[2024-05-28T09:48:37.050+0000] {processor.py:161} INFO - Started process (PID=312) to work on /home/airflow/.local/lib/python3.12/site-packages/airflow/example_dags/example_display_name.py
[2024-05-28T09:48:37.051+0000] {processor.py:830} INFO - Processing file /home/airflow/.local/lib/python3.12/site-packages/airflow/example_dags/example_display_name.py for tasks to queue
[2024-05-28T09:48:37.054+0000] {logging_mixin.py:188} INFO - [2024-05-28T09:48:37.053+0000] {dagbag.py:545} INFO - Filling up the DagBag from /home/airflow/.local/lib/python3.12/site-packages/airflow/example_dags/example_display_name.py
[2024-05-28T09:48:37.066+0000] {processor.py:840} INFO - DAG(s) 'example_display_name' retrieved from /home/airflow/.local/lib/python3.12/site-packages/airflow/example_dags/example_display_name.py
[2024-05-28T09:48:37.106+0000] {logging_mixin.py:188} INFO - [2024-05-28T09:48:37.106+0000] {dag.py:3096} INFO - Sync 1 DAGs
[2024-05-28T09:48:37.146+0000] {logging_mixin.py:188} INFO - [2024-05-28T09:48:37.145+0000] {dag.py:3954} INFO - Setting next_dagrun for example_display_name to None, run_after=None
[2024-05-28T09:48:37.187+0000] {processor.py:183} INFO - Processing /home/airflow/.local/lib/python3.12/site-packages/airflow/example_dags/example_display_name.py took 0.146 seconds
[2024-05-28T09:50:03.200+0000] {processor.py:161} INFO - Started process (PID=80) to work on /home/airflow/.local/lib/python3.12/site-packages/airflow/example_dags/example_display_name.py
[2024-05-28T09:50:03.202+0000] {processor.py:830} INFO - Processing file /home/airflow/.local/lib/python3.12/site-packages/airflow/example_dags/example_display_name.py for tasks to queue
[2024-05-28T09:50:03.204+0000] {logging_mixin.py:188} INFO - [2024-05-28T09:50:03.204+0000] {dagbag.py:545} INFO - Filling up the DagBag from /home/airflow/.local/lib/python3.12/site-packages/airflow/example_dags/example_display_name.py
[2024-05-28T09:50:03.213+0000] {processor.py:840} INFO - DAG(s) 'example_display_name' retrieved from /home/airflow/.local/lib/python3.12/site-packages/airflow/example_dags/example_display_name.py
[2024-05-28T09:50:03.422+0000] {logging_mixin.py:188} INFO - [2024-05-28T09:50:03.421+0000] {dag.py:3096} INFO - Sync 1 DAGs
[2024-05-28T09:50:03.444+0000] {logging_mixin.py:188} INFO - [2024-05-28T09:50:03.443+0000] {dag.py:3954} INFO - Setting next_dagrun for example_display_name to None, run_after=None
[2024-05-28T09:50:03.488+0000] {processor.py:183} INFO - Processing /home/airflow/.local/lib/python3.12/site-packages/airflow/example_dags/example_display_name.py took 0.296 seconds
[2024-05-28T09:50:33.589+0000] {processor.py:161} INFO - Started process (PID=138) to work on /home/airflow/.local/lib/python3.12/site-packages/airflow/example_dags/example_display_name.py
[2024-05-28T09:50:33.592+0000] {processor.py:830} INFO - Processing file /home/airflow/.local/lib/python3.12/site-packages/airflow/example_dags/example_display_name.py for tasks to queue
[2024-05-28T09:50:33.594+0000] {logging_mixin.py:188} INFO - [2024-05-28T09:50:33.594+0000] {dagbag.py:545} INFO - Filling up the DagBag from /home/airflow/.local/lib/python3.12/site-packages/airflow/example_dags/example_display_name.py
[2024-05-28T09:50:33.604+0000] {processor.py:840} INFO - DAG(s) 'example_display_name' retrieved from /home/airflow/.local/lib/python3.12/site-packages/airflow/example_dags/example_display_name.py
[2024-05-28T09:50:33.652+0000] {logging_mixin.py:188} INFO - [2024-05-28T09:50:33.651+0000] {dag.py:3096} INFO - Sync 1 DAGs
[2024-05-28T09:50:33.686+0000] {logging_mixin.py:188} INFO - [2024-05-28T09:50:33.685+0000] {dag.py:3954} INFO - Setting next_dagrun for example_display_name to None, run_after=None
[2024-05-28T09:50:33.741+0000] {processor.py:183} INFO - Processing /home/airflow/.local/lib/python3.12/site-packages/airflow/example_dags/example_display_name.py took 0.162 seconds
[2024-05-28T09:51:04.282+0000] {processor.py:161} INFO - Started process (PID=196) to work on /home/airflow/.local/lib/python3.12/site-packages/airflow/example_dags/example_display_name.py
[2024-05-28T09:51:04.286+0000] {processor.py:830} INFO - Processing file /home/airflow/.local/lib/python3.12/site-packages/airflow/example_dags/example_display_name.py for tasks to queue
[2024-05-28T09:51:04.290+0000] {logging_mixin.py:188} INFO - [2024-05-28T09:51:04.289+0000] {dagbag.py:545} INFO - Filling up the DagBag from /home/airflow/.local/lib/python3.12/site-packages/airflow/example_dags/example_display_name.py
[2024-05-28T09:51:04.304+0000] {processor.py:840} INFO - DAG(s) 'example_display_name' retrieved from /home/airflow/.local/lib/python3.12/site-packages/airflow/example_dags/example_display_name.py
[2024-05-28T09:51:04.343+0000] {logging_mixin.py:188} INFO - [2024-05-28T09:51:04.341+0000] {dag.py:3096} INFO - Sync 1 DAGs
[2024-05-28T09:51:04.375+0000] {logging_mixin.py:188} INFO - [2024-05-28T09:51:04.375+0000] {dag.py:3954} INFO - Setting next_dagrun for example_display_name to None, run_after=None
[2024-05-28T09:51:04.409+0000] {processor.py:183} INFO - Processing /home/airflow/.local/lib/python3.12/site-packages/airflow/example_dags/example_display_name.py took 0.151 seconds
[2024-05-28T09:51:34.833+0000] {processor.py:161} INFO - Started process (PID=254) to work on /home/airflow/.local/lib/python3.12/site-packages/airflow/example_dags/example_display_name.py
[2024-05-28T09:51:34.837+0000] {processor.py:830} INFO - Processing file /home/airflow/.local/lib/python3.12/site-packages/airflow/example_dags/example_display_name.py for tasks to queue
[2024-05-28T09:51:34.839+0000] {logging_mixin.py:188} INFO - [2024-05-28T09:51:34.839+0000] {dagbag.py:545} INFO - Filling up the DagBag from /home/airflow/.local/lib/python3.12/site-packages/airflow/example_dags/example_display_name.py
[2024-05-28T09:51:34.848+0000] {processor.py:840} INFO - DAG(s) 'example_display_name' retrieved from /home/airflow/.local/lib/python3.12/site-packages/airflow/example_dags/example_display_name.py
[2024-05-28T09:51:34.905+0000] {logging_mixin.py:188} INFO - [2024-05-28T09:51:34.905+0000] {dag.py:3096} INFO - Sync 1 DAGs
[2024-05-28T09:51:34.930+0000] {logging_mixin.py:188} INFO - [2024-05-28T09:51:34.929+0000] {dag.py:3954} INFO - Setting next_dagrun for example_display_name to None, run_after=None
[2024-05-28T09:51:34.966+0000] {processor.py:183} INFO - Processing /home/airflow/.local/lib/python3.12/site-packages/airflow/example_dags/example_display_name.py took 0.143 seconds
[2024-05-28T09:52:05.436+0000] {processor.py:161} INFO - Started process (PID=310) to work on /home/airflow/.local/lib/python3.12/site-packages/airflow/example_dags/example_display_name.py
[2024-05-28T09:52:05.438+0000] {processor.py:830} INFO - Processing file /home/airflow/.local/lib/python3.12/site-packages/airflow/example_dags/example_display_name.py for tasks to queue
[2024-05-28T09:52:05.444+0000] {logging_mixin.py:188} INFO - [2024-05-28T09:52:05.442+0000] {dagbag.py:545} INFO - Filling up the DagBag from /home/airflow/.local/lib/python3.12/site-packages/airflow/example_dags/example_display_name.py
[2024-05-28T09:52:05.460+0000] {processor.py:840} INFO - DAG(s) 'example_display_name' retrieved from /home/airflow/.local/lib/python3.12/site-packages/airflow/example_dags/example_display_name.py
[2024-05-28T09:52:05.510+0000] {logging_mixin.py:188} INFO - [2024-05-28T09:52:05.510+0000] {dag.py:3096} INFO - Sync 1 DAGs
[2024-05-28T09:52:05.559+0000] {logging_mixin.py:188} INFO - [2024-05-28T09:52:05.558+0000] {dag.py:3954} INFO - Setting next_dagrun for example_display_name to None, run_after=None
[2024-05-28T09:52:05.597+0000] {processor.py:183} INFO - Processing /home/airflow/.local/lib/python3.12/site-packages/airflow/example_dags/example_display_name.py took 0.176 seconds
[2024-05-28T09:52:36.462+0000] {processor.py:161} INFO - Started process (PID=369) to work on /home/airflow/.local/lib/python3.12/site-packages/airflow/example_dags/example_display_name.py
[2024-05-28T09:52:36.464+0000] {processor.py:830} INFO - Processing file /home/airflow/.local/lib/python3.12/site-packages/airflow/example_dags/example_display_name.py for tasks to queue
[2024-05-28T09:52:36.466+0000] {logging_mixin.py:188} INFO - [2024-05-28T09:52:36.465+0000] {dagbag.py:545} INFO - Filling up the DagBag from /home/airflow/.local/lib/python3.12/site-packages/airflow/example_dags/example_display_name.py
[2024-05-28T09:52:36.479+0000] {processor.py:840} INFO - DAG(s) 'example_display_name' retrieved from /home/airflow/.local/lib/python3.12/site-packages/airflow/example_dags/example_display_name.py
[2024-05-28T09:52:36.546+0000] {logging_mixin.py:188} INFO - [2024-05-28T09:52:36.544+0000] {dag.py:3096} INFO - Sync 1 DAGs
[2024-05-28T09:52:36.584+0000] {logging_mixin.py:188} INFO - [2024-05-28T09:52:36.582+0000] {dag.py:3954} INFO - Setting next_dagrun for example_display_name to None, run_after=None
[2024-05-28T09:52:36.639+0000] {processor.py:183} INFO - Processing /home/airflow/.local/lib/python3.12/site-packages/airflow/example_dags/example_display_name.py took 0.194 seconds
[2024-05-28T09:53:07.210+0000] {processor.py:161} INFO - Started process (PID=427) to work on /home/airflow/.local/lib/python3.12/site-packages/airflow/example_dags/example_display_name.py
[2024-05-28T09:53:07.211+0000] {processor.py:830} INFO - Processing file /home/airflow/.local/lib/python3.12/site-packages/airflow/example_dags/example_display_name.py for tasks to queue
[2024-05-28T09:53:07.213+0000] {logging_mixin.py:188} INFO - [2024-05-28T09:53:07.213+0000] {dagbag.py:545} INFO - Filling up the DagBag from /home/airflow/.local/lib/python3.12/site-packages/airflow/example_dags/example_display_name.py
[2024-05-28T09:53:07.221+0000] {processor.py:840} INFO - DAG(s) 'example_display_name' retrieved from /home/airflow/.local/lib/python3.12/site-packages/airflow/example_dags/example_display_name.py
[2024-05-28T09:53:07.248+0000] {logging_mixin.py:188} INFO - [2024-05-28T09:53:07.248+0000] {dag.py:3096} INFO - Sync 1 DAGs
[2024-05-28T09:53:07.270+0000] {logging_mixin.py:188} INFO - [2024-05-28T09:53:07.270+0000] {dag.py:3954} INFO - Setting next_dagrun for example_display_name to None, run_after=None
[2024-05-28T09:53:07.305+0000] {processor.py:183} INFO - Processing /home/airflow/.local/lib/python3.12/site-packages/airflow/example_dags/example_display_name.py took 0.106 seconds
[2024-05-28T09:53:37.832+0000] {processor.py:161} INFO - Started process (PID=485) to work on /home/airflow/.local/lib/python3.12/site-packages/airflow/example_dags/example_display_name.py
[2024-05-28T09:53:37.833+0000] {processor.py:830} INFO - Processing file /home/airflow/.local/lib/python3.12/site-packages/airflow/example_dags/example_display_name.py for tasks to queue
[2024-05-28T09:53:37.836+0000] {logging_mixin.py:188} INFO - [2024-05-28T09:53:37.835+0000] {dagbag.py:545} INFO - Filling up the DagBag from /home/airflow/.local/lib/python3.12/site-packages/airflow/example_dags/example_display_name.py
[2024-05-28T09:53:37.843+0000] {processor.py:840} INFO - DAG(s) 'example_display_name' retrieved from /home/airflow/.local/lib/python3.12/site-packages/airflow/example_dags/example_display_name.py
[2024-05-28T09:53:37.878+0000] {logging_mixin.py:188} INFO - [2024-05-28T09:53:37.878+0000] {dag.py:3096} INFO - Sync 1 DAGs
[2024-05-28T09:53:37.909+0000] {logging_mixin.py:188} INFO - [2024-05-28T09:53:37.909+0000] {dag.py:3954} INFO - Setting next_dagrun for example_display_name to None, run_after=None
[2024-05-28T09:53:37.960+0000] {processor.py:183} INFO - Processing /home/airflow/.local/lib/python3.12/site-packages/airflow/example_dags/example_display_name.py took 0.137 seconds
[2024-05-28T09:54:08.662+0000] {processor.py:161} INFO - Started process (PID=544) to work on /home/airflow/.local/lib/python3.12/site-packages/airflow/example_dags/example_display_name.py
[2024-05-28T09:54:08.667+0000] {processor.py:830} INFO - Processing file /home/airflow/.local/lib/python3.12/site-packages/airflow/example_dags/example_display_name.py for tasks to queue
[2024-05-28T09:54:08.673+0000] {logging_mixin.py:188} INFO - [2024-05-28T09:54:08.672+0000] {dagbag.py:545} INFO - Filling up the DagBag from /home/airflow/.local/lib/python3.12/site-packages/airflow/example_dags/example_display_name.py
[2024-05-28T09:54:08.687+0000] {processor.py:840} INFO - DAG(s) 'example_display_name' retrieved from /home/airflow/.local/lib/python3.12/site-packages/airflow/example_dags/example_display_name.py
[2024-05-28T09:54:08.728+0000] {logging_mixin.py:188} INFO - [2024-05-28T09:54:08.728+0000] {dag.py:3096} INFO - Sync 1 DAGs
[2024-05-28T09:54:08.755+0000] {logging_mixin.py:188} INFO - [2024-05-28T09:54:08.754+0000] {dag.py:3954} INFO - Setting next_dagrun for example_display_name to None, run_after=None
[2024-05-28T09:54:08.792+0000] {processor.py:183} INFO - Processing /home/airflow/.local/lib/python3.12/site-packages/airflow/example_dags/example_display_name.py took 0.145 seconds
[2024-05-28T09:54:39.220+0000] {processor.py:161} INFO - Started process (PID=601) to work on /home/airflow/.local/lib/python3.12/site-packages/airflow/example_dags/example_display_name.py
[2024-05-28T09:54:39.222+0000] {processor.py:830} INFO - Processing file /home/airflow/.local/lib/python3.12/site-packages/airflow/example_dags/example_display_name.py for tasks to queue
[2024-05-28T09:54:39.225+0000] {logging_mixin.py:188} INFO - [2024-05-28T09:54:39.224+0000] {dagbag.py:545} INFO - Filling up the DagBag from /home/airflow/.local/lib/python3.12/site-packages/airflow/example_dags/example_display_name.py
[2024-05-28T09:54:39.234+0000] {processor.py:840} INFO - DAG(s) 'example_display_name' retrieved from /home/airflow/.local/lib/python3.12/site-packages/airflow/example_dags/example_display_name.py
[2024-05-28T09:54:39.264+0000] {logging_mixin.py:188} INFO - [2024-05-28T09:54:39.264+0000] {dag.py:3096} INFO - Sync 1 DAGs
[2024-05-28T09:54:39.284+0000] {logging_mixin.py:188} INFO - [2024-05-28T09:54:39.283+0000] {dag.py:3954} INFO - Setting next_dagrun for example_display_name to None, run_after=None
[2024-05-28T09:54:39.320+0000] {processor.py:183} INFO - Processing /home/airflow/.local/lib/python3.12/site-packages/airflow/example_dags/example_display_name.py took 0.108 seconds
[2024-05-28T09:55:09.724+0000] {processor.py:161} INFO - Started process (PID=659) to work on /home/airflow/.local/lib/python3.12/site-packages/airflow/example_dags/example_display_name.py
[2024-05-28T09:55:09.726+0000] {processor.py:830} INFO - Processing file /home/airflow/.local/lib/python3.12/site-packages/airflow/example_dags/example_display_name.py for tasks to queue
[2024-05-28T09:55:09.729+0000] {logging_mixin.py:188} INFO - [2024-05-28T09:55:09.728+0000] {dagbag.py:545} INFO - Filling up the DagBag from /home/airflow/.local/lib/python3.12/site-packages/airflow/example_dags/example_display_name.py
[2024-05-28T09:55:09.737+0000] {processor.py:840} INFO - DAG(s) 'example_display_name' retrieved from /home/airflow/.local/lib/python3.12/site-packages/airflow/example_dags/example_display_name.py
[2024-05-28T09:55:09.766+0000] {logging_mixin.py:188} INFO - [2024-05-28T09:55:09.766+0000] {dag.py:3096} INFO - Sync 1 DAGs
[2024-05-28T09:55:09.785+0000] {logging_mixin.py:188} INFO - [2024-05-28T09:55:09.785+0000] {dag.py:3954} INFO - Setting next_dagrun for example_display_name to None, run_after=None
[2024-05-28T09:55:09.815+0000] {processor.py:183} INFO - Processing /home/airflow/.local/lib/python3.12/site-packages/airflow/example_dags/example_display_name.py took 0.099 seconds
[2024-05-28T09:55:40.269+0000] {processor.py:161} INFO - Started process (PID=717) to work on /home/airflow/.local/lib/python3.12/site-packages/airflow/example_dags/example_display_name.py
[2024-05-28T09:55:40.272+0000] {processor.py:830} INFO - Processing file /home/airflow/.local/lib/python3.12/site-packages/airflow/example_dags/example_display_name.py for tasks to queue
[2024-05-28T09:55:40.284+0000] {logging_mixin.py:188} INFO - [2024-05-28T09:55:40.282+0000] {dagbag.py:545} INFO - Filling up the DagBag from /home/airflow/.local/lib/python3.12/site-packages/airflow/example_dags/example_display_name.py
[2024-05-28T09:55:40.306+0000] {processor.py:840} INFO - DAG(s) 'example_display_name' retrieved from /home/airflow/.local/lib/python3.12/site-packages/airflow/example_dags/example_display_name.py
[2024-05-28T09:55:40.357+0000] {logging_mixin.py:188} INFO - [2024-05-28T09:55:40.356+0000] {dag.py:3096} INFO - Sync 1 DAGs
[2024-05-28T09:55:40.378+0000] {logging_mixin.py:188} INFO - [2024-05-28T09:55:40.377+0000] {dag.py:3954} INFO - Setting next_dagrun for example_display_name to None, run_after=None
[2024-05-28T09:55:40.412+0000] {processor.py:183} INFO - Processing /home/airflow/.local/lib/python3.12/site-packages/airflow/example_dags/example_display_name.py took 0.153 seconds
[2024-05-28T09:56:11.297+0000] {processor.py:161} INFO - Started process (PID=775) to work on /home/airflow/.local/lib/python3.12/site-packages/airflow/example_dags/example_display_name.py
[2024-05-28T09:56:11.300+0000] {processor.py:830} INFO - Processing file /home/airflow/.local/lib/python3.12/site-packages/airflow/example_dags/example_display_name.py for tasks to queue
[2024-05-28T09:56:11.303+0000] {logging_mixin.py:188} INFO - [2024-05-28T09:56:11.302+0000] {dagbag.py:545} INFO - Filling up the DagBag from /home/airflow/.local/lib/python3.12/site-packages/airflow/example_dags/example_display_name.py
[2024-05-28T09:56:11.313+0000] {processor.py:840} INFO - DAG(s) 'example_display_name' retrieved from /home/airflow/.local/lib/python3.12/site-packages/airflow/example_dags/example_display_name.py
[2024-05-28T09:56:11.365+0000] {logging_mixin.py:188} INFO - [2024-05-28T09:56:11.365+0000] {dag.py:3096} INFO - Sync 1 DAGs
[2024-05-28T09:56:11.408+0000] {logging_mixin.py:188} INFO - [2024-05-28T09:56:11.408+0000] {dag.py:3954} INFO - Setting next_dagrun for example_display_name to None, run_after=None
[2024-05-28T09:56:11.445+0000] {processor.py:183} INFO - Processing /home/airflow/.local/lib/python3.12/site-packages/airflow/example_dags/example_display_name.py took 0.156 seconds
[2024-05-28T09:56:41.618+0000] {processor.py:161} INFO - Started process (PID=834) to work on /home/airflow/.local/lib/python3.12/site-packages/airflow/example_dags/example_display_name.py
[2024-05-28T09:56:41.620+0000] {processor.py:830} INFO - Processing file /home/airflow/.local/lib/python3.12/site-packages/airflow/example_dags/example_display_name.py for tasks to queue
[2024-05-28T09:56:41.622+0000] {logging_mixin.py:188} INFO - [2024-05-28T09:56:41.622+0000] {dagbag.py:545} INFO - Filling up the DagBag from /home/airflow/.local/lib/python3.12/site-packages/airflow/example_dags/example_display_name.py
[2024-05-28T09:56:41.631+0000] {processor.py:840} INFO - DAG(s) 'example_display_name' retrieved from /home/airflow/.local/lib/python3.12/site-packages/airflow/example_dags/example_display_name.py
[2024-05-28T09:56:41.672+0000] {logging_mixin.py:188} INFO - [2024-05-28T09:56:41.672+0000] {dag.py:3096} INFO - Sync 1 DAGs
[2024-05-28T09:56:41.692+0000] {logging_mixin.py:188} INFO - [2024-05-28T09:56:41.691+0000] {dag.py:3954} INFO - Setting next_dagrun for example_display_name to None, run_after=None
[2024-05-28T09:56:41.720+0000] {processor.py:183} INFO - Processing /home/airflow/.local/lib/python3.12/site-packages/airflow/example_dags/example_display_name.py took 0.114 seconds
[2024-05-28T09:57:12.436+0000] {processor.py:161} INFO - Started process (PID=889) to work on /home/airflow/.local/lib/python3.12/site-packages/airflow/example_dags/example_display_name.py
[2024-05-28T09:57:12.437+0000] {processor.py:830} INFO - Processing file /home/airflow/.local/lib/python3.12/site-packages/airflow/example_dags/example_display_name.py for tasks to queue
[2024-05-28T09:57:12.439+0000] {logging_mixin.py:188} INFO - [2024-05-28T09:57:12.439+0000] {dagbag.py:545} INFO - Filling up the DagBag from /home/airflow/.local/lib/python3.12/site-packages/airflow/example_dags/example_display_name.py
[2024-05-28T09:57:12.447+0000] {processor.py:840} INFO - DAG(s) 'example_display_name' retrieved from /home/airflow/.local/lib/python3.12/site-packages/airflow/example_dags/example_display_name.py
[2024-05-28T09:57:12.486+0000] {logging_mixin.py:188} INFO - [2024-05-28T09:57:12.486+0000] {dag.py:3096} INFO - Sync 1 DAGs
[2024-05-28T09:57:12.522+0000] {logging_mixin.py:188} INFO - [2024-05-28T09:57:12.520+0000] {dag.py:3954} INFO - Setting next_dagrun for example_display_name to None, run_after=None
[2024-05-28T09:57:12.556+0000] {processor.py:183} INFO - Processing /home/airflow/.local/lib/python3.12/site-packages/airflow/example_dags/example_display_name.py took 0.128 seconds
[2024-05-28T09:57:42.830+0000] {processor.py:161} INFO - Started process (PID=947) to work on /home/airflow/.local/lib/python3.12/site-packages/airflow/example_dags/example_display_name.py
[2024-05-28T09:57:42.832+0000] {processor.py:830} INFO - Processing file /home/airflow/.local/lib/python3.12/site-packages/airflow/example_dags/example_display_name.py for tasks to queue
[2024-05-28T09:57:42.835+0000] {logging_mixin.py:188} INFO - [2024-05-28T09:57:42.835+0000] {dagbag.py:545} INFO - Filling up the DagBag from /home/airflow/.local/lib/python3.12/site-packages/airflow/example_dags/example_display_name.py
[2024-05-28T09:57:42.846+0000] {processor.py:840} INFO - DAG(s) 'example_display_name' retrieved from /home/airflow/.local/lib/python3.12/site-packages/airflow/example_dags/example_display_name.py
[2024-05-28T09:57:42.892+0000] {logging_mixin.py:188} INFO - [2024-05-28T09:57:42.892+0000] {dag.py:3096} INFO - Sync 1 DAGs
[2024-05-28T09:57:42.919+0000] {logging_mixin.py:188} INFO - [2024-05-28T09:57:42.919+0000] {dag.py:3954} INFO - Setting next_dagrun for example_display_name to None, run_after=None
[2024-05-28T09:57:42.963+0000] {processor.py:183} INFO - Processing /home/airflow/.local/lib/python3.12/site-packages/airflow/example_dags/example_display_name.py took 0.147 seconds
[2024-05-28T09:58:13.490+0000] {processor.py:161} INFO - Started process (PID=1005) to work on /home/airflow/.local/lib/python3.12/site-packages/airflow/example_dags/example_display_name.py
[2024-05-28T09:58:13.492+0000] {processor.py:830} INFO - Processing file /home/airflow/.local/lib/python3.12/site-packages/airflow/example_dags/example_display_name.py for tasks to queue
[2024-05-28T09:58:13.494+0000] {logging_mixin.py:188} INFO - [2024-05-28T09:58:13.494+0000] {dagbag.py:545} INFO - Filling up the DagBag from /home/airflow/.local/lib/python3.12/site-packages/airflow/example_dags/example_display_name.py
[2024-05-28T09:58:13.501+0000] {processor.py:840} INFO - DAG(s) 'example_display_name' retrieved from /home/airflow/.local/lib/python3.12/site-packages/airflow/example_dags/example_display_name.py
[2024-05-28T09:58:13.532+0000] {logging_mixin.py:188} INFO - [2024-05-28T09:58:13.532+0000] {dag.py:3096} INFO - Sync 1 DAGs
[2024-05-28T09:58:13.550+0000] {logging_mixin.py:188} INFO - [2024-05-28T09:58:13.550+0000] {dag.py:3954} INFO - Setting next_dagrun for example_display_name to None, run_after=None
[2024-05-28T09:58:13.573+0000] {processor.py:183} INFO - Processing /home/airflow/.local/lib/python3.12/site-packages/airflow/example_dags/example_display_name.py took 0.091 seconds
[2024-05-28T10:00:21.211+0000] {processor.py:161} INFO - Started process (PID=81) to work on /home/airflow/.local/lib/python3.12/site-packages/airflow/example_dags/example_display_name.py
[2024-05-28T10:00:21.216+0000] {processor.py:830} INFO - Processing file /home/airflow/.local/lib/python3.12/site-packages/airflow/example_dags/example_display_name.py for tasks to queue
[2024-05-28T10:00:21.221+0000] {logging_mixin.py:188} INFO - [2024-05-28T10:00:21.221+0000] {dagbag.py:545} INFO - Filling up the DagBag from /home/airflow/.local/lib/python3.12/site-packages/airflow/example_dags/example_display_name.py
[2024-05-28T10:00:21.244+0000] {processor.py:840} INFO - DAG(s) 'example_display_name' retrieved from /home/airflow/.local/lib/python3.12/site-packages/airflow/example_dags/example_display_name.py
[2024-05-28T10:00:21.570+0000] {logging_mixin.py:188} INFO - [2024-05-28T10:00:21.570+0000] {dag.py:3096} INFO - Sync 1 DAGs
[2024-05-28T10:00:21.610+0000] {logging_mixin.py:188} INFO - [2024-05-28T10:00:21.609+0000] {dag.py:3954} INFO - Setting next_dagrun for example_display_name to None, run_after=None
[2024-05-28T10:00:21.677+0000] {processor.py:183} INFO - Processing /home/airflow/.local/lib/python3.12/site-packages/airflow/example_dags/example_display_name.py took 0.485 seconds
[2024-05-28T10:00:51.739+0000] {processor.py:161} INFO - Started process (PID=139) to work on /home/airflow/.local/lib/python3.12/site-packages/airflow/example_dags/example_display_name.py
[2024-05-28T10:00:51.740+0000] {processor.py:830} INFO - Processing file /home/airflow/.local/lib/python3.12/site-packages/airflow/example_dags/example_display_name.py for tasks to queue
[2024-05-28T10:00:51.744+0000] {logging_mixin.py:188} INFO - [2024-05-28T10:00:51.743+0000] {dagbag.py:545} INFO - Filling up the DagBag from /home/airflow/.local/lib/python3.12/site-packages/airflow/example_dags/example_display_name.py
[2024-05-28T10:00:51.756+0000] {processor.py:840} INFO - DAG(s) 'example_display_name' retrieved from /home/airflow/.local/lib/python3.12/site-packages/airflow/example_dags/example_display_name.py
[2024-05-28T10:00:51.804+0000] {logging_mixin.py:188} INFO - [2024-05-28T10:00:51.804+0000] {dag.py:3096} INFO - Sync 1 DAGs
[2024-05-28T10:00:51.828+0000] {logging_mixin.py:188} INFO - [2024-05-28T10:00:51.828+0000] {dag.py:3954} INFO - Setting next_dagrun for example_display_name to None, run_after=None
[2024-05-28T10:00:51.874+0000] {processor.py:183} INFO - Processing /home/airflow/.local/lib/python3.12/site-packages/airflow/example_dags/example_display_name.py took 0.142 seconds
[2024-05-28T10:01:22.720+0000] {processor.py:161} INFO - Started process (PID=197) to work on /home/airflow/.local/lib/python3.12/site-packages/airflow/example_dags/example_display_name.py
[2024-05-28T10:01:22.722+0000] {processor.py:830} INFO - Processing file /home/airflow/.local/lib/python3.12/site-packages/airflow/example_dags/example_display_name.py for tasks to queue
[2024-05-28T10:01:22.725+0000] {logging_mixin.py:188} INFO - [2024-05-28T10:01:22.724+0000] {dagbag.py:545} INFO - Filling up the DagBag from /home/airflow/.local/lib/python3.12/site-packages/airflow/example_dags/example_display_name.py
[2024-05-28T10:01:22.733+0000] {processor.py:840} INFO - DAG(s) 'example_display_name' retrieved from /home/airflow/.local/lib/python3.12/site-packages/airflow/example_dags/example_display_name.py
[2024-05-28T10:01:22.764+0000] {logging_mixin.py:188} INFO - [2024-05-28T10:01:22.764+0000] {dag.py:3096} INFO - Sync 1 DAGs
[2024-05-28T10:01:22.785+0000] {logging_mixin.py:188} INFO - [2024-05-28T10:01:22.784+0000] {dag.py:3954} INFO - Setting next_dagrun for example_display_name to None, run_after=None
[2024-05-28T10:01:22.813+0000] {processor.py:183} INFO - Processing /home/airflow/.local/lib/python3.12/site-packages/airflow/example_dags/example_display_name.py took 0.103 seconds
