[2024-05-28T09:46:29.508+0000] {processor.py:161} INFO - Started process (PID=62) to work on /home/airflow/.local/lib/python3.12/site-packages/airflow/example_dags/example_task_group_decorator.py
[2024-05-28T09:46:29.510+0000] {processor.py:830} INFO - Processing file /home/airflow/.local/lib/python3.12/site-packages/airflow/example_dags/example_task_group_decorator.py for tasks to queue
[2024-05-28T09:46:29.514+0000] {logging_mixin.py:188} INFO - [2024-05-28T09:46:29.513+0000] {dagbag.py:545} INFO - Filling up the DagBag from /home/airflow/.local/lib/python3.12/site-packages/airflow/example_dags/example_task_group_decorator.py
[2024-05-28T09:46:29.553+0000] {processor.py:840} INFO - DAG(s) 'example_task_group_decorator' retrieved from /home/airflow/.local/lib/python3.12/site-packages/airflow/example_dags/example_task_group_decorator.py
[2024-05-28T09:46:29.790+0000] {logging_mixin.py:188} INFO - [2024-05-28T09:46:29.790+0000] {dag.py:3096} INFO - Sync 1 DAGs
[2024-05-28T09:46:29.819+0000] {logging_mixin.py:188} INFO - [2024-05-28T09:46:29.819+0000] {dag.py:3954} INFO - Setting next_dagrun for example_task_group_decorator to 2024-05-27 00:00:00+00:00, run_after=2024-05-28 00:00:00+00:00
[2024-05-28T09:46:29.844+0000] {processor.py:183} INFO - Processing /home/airflow/.local/lib/python3.12/site-packages/airflow/example_dags/example_task_group_decorator.py took 0.347 seconds
[2024-05-28T09:47:00.218+0000] {processor.py:161} INFO - Started process (PID=120) to work on /home/airflow/.local/lib/python3.12/site-packages/airflow/example_dags/example_task_group_decorator.py
[2024-05-28T09:47:00.219+0000] {processor.py:830} INFO - Processing file /home/airflow/.local/lib/python3.12/site-packages/airflow/example_dags/example_task_group_decorator.py for tasks to queue
[2024-05-28T09:47:00.222+0000] {logging_mixin.py:188} INFO - [2024-05-28T09:47:00.221+0000] {dagbag.py:545} INFO - Filling up the DagBag from /home/airflow/.local/lib/python3.12/site-packages/airflow/example_dags/example_task_group_decorator.py
[2024-05-28T09:47:00.244+0000] {processor.py:840} INFO - DAG(s) 'example_task_group_decorator' retrieved from /home/airflow/.local/lib/python3.12/site-packages/airflow/example_dags/example_task_group_decorator.py
[2024-05-28T09:47:00.292+0000] {logging_mixin.py:188} INFO - [2024-05-28T09:47:00.291+0000] {dag.py:3096} INFO - Sync 1 DAGs
[2024-05-28T09:47:00.345+0000] {logging_mixin.py:188} INFO - [2024-05-28T09:47:00.345+0000] {dag.py:3954} INFO - Setting next_dagrun for example_task_group_decorator to 2024-05-27 00:00:00+00:00, run_after=2024-05-28 00:00:00+00:00
[2024-05-28T09:47:00.420+0000] {processor.py:183} INFO - Processing /home/airflow/.local/lib/python3.12/site-packages/airflow/example_dags/example_task_group_decorator.py took 0.216 seconds
[2024-05-28T09:47:30.950+0000] {processor.py:161} INFO - Started process (PID=178) to work on /home/airflow/.local/lib/python3.12/site-packages/airflow/example_dags/example_task_group_decorator.py
[2024-05-28T09:47:30.952+0000] {processor.py:830} INFO - Processing file /home/airflow/.local/lib/python3.12/site-packages/airflow/example_dags/example_task_group_decorator.py for tasks to queue
[2024-05-28T09:47:30.955+0000] {logging_mixin.py:188} INFO - [2024-05-28T09:47:30.955+0000] {dagbag.py:545} INFO - Filling up the DagBag from /home/airflow/.local/lib/python3.12/site-packages/airflow/example_dags/example_task_group_decorator.py
[2024-05-28T09:47:30.974+0000] {processor.py:840} INFO - DAG(s) 'example_task_group_decorator' retrieved from /home/airflow/.local/lib/python3.12/site-packages/airflow/example_dags/example_task_group_decorator.py
[2024-05-28T09:47:31.042+0000] {logging_mixin.py:188} INFO - [2024-05-28T09:47:31.041+0000] {dag.py:3096} INFO - Sync 1 DAGs
[2024-05-28T09:47:31.105+0000] {logging_mixin.py:188} INFO - [2024-05-28T09:47:31.104+0000] {dag.py:3954} INFO - Setting next_dagrun for example_task_group_decorator to 2024-05-27 00:00:00+00:00, run_after=2024-05-28 00:00:00+00:00
[2024-05-28T09:47:31.134+0000] {processor.py:183} INFO - Processing /home/airflow/.local/lib/python3.12/site-packages/airflow/example_dags/example_task_group_decorator.py took 0.193 seconds
[2024-05-28T09:48:01.817+0000] {processor.py:161} INFO - Started process (PID=236) to work on /home/airflow/.local/lib/python3.12/site-packages/airflow/example_dags/example_task_group_decorator.py
[2024-05-28T09:48:01.821+0000] {processor.py:830} INFO - Processing file /home/airflow/.local/lib/python3.12/site-packages/airflow/example_dags/example_task_group_decorator.py for tasks to queue
[2024-05-28T09:48:01.824+0000] {logging_mixin.py:188} INFO - [2024-05-28T09:48:01.823+0000] {dagbag.py:545} INFO - Filling up the DagBag from /home/airflow/.local/lib/python3.12/site-packages/airflow/example_dags/example_task_group_decorator.py
[2024-05-28T09:48:01.848+0000] {processor.py:840} INFO - DAG(s) 'example_task_group_decorator' retrieved from /home/airflow/.local/lib/python3.12/site-packages/airflow/example_dags/example_task_group_decorator.py
[2024-05-28T09:48:01.930+0000] {logging_mixin.py:188} INFO - [2024-05-28T09:48:01.929+0000] {dag.py:3096} INFO - Sync 1 DAGs
[2024-05-28T09:48:01.965+0000] {logging_mixin.py:188} INFO - [2024-05-28T09:48:01.965+0000] {dag.py:3954} INFO - Setting next_dagrun for example_task_group_decorator to 2024-05-27 00:00:00+00:00, run_after=2024-05-28 00:00:00+00:00
[2024-05-28T09:48:01.997+0000] {processor.py:183} INFO - Processing /home/airflow/.local/lib/python3.12/site-packages/airflow/example_dags/example_task_group_decorator.py took 0.189 seconds
[2024-05-28T09:48:32.781+0000] {processor.py:161} INFO - Started process (PID=294) to work on /home/airflow/.local/lib/python3.12/site-packages/airflow/example_dags/example_task_group_decorator.py
[2024-05-28T09:48:32.784+0000] {processor.py:830} INFO - Processing file /home/airflow/.local/lib/python3.12/site-packages/airflow/example_dags/example_task_group_decorator.py for tasks to queue
[2024-05-28T09:48:32.786+0000] {logging_mixin.py:188} INFO - [2024-05-28T09:48:32.786+0000] {dagbag.py:545} INFO - Filling up the DagBag from /home/airflow/.local/lib/python3.12/site-packages/airflow/example_dags/example_task_group_decorator.py
[2024-05-28T09:48:32.803+0000] {processor.py:840} INFO - DAG(s) 'example_task_group_decorator' retrieved from /home/airflow/.local/lib/python3.12/site-packages/airflow/example_dags/example_task_group_decorator.py
[2024-05-28T09:48:32.854+0000] {logging_mixin.py:188} INFO - [2024-05-28T09:48:32.854+0000] {dag.py:3096} INFO - Sync 1 DAGs
[2024-05-28T09:48:32.887+0000] {logging_mixin.py:188} INFO - [2024-05-28T09:48:32.886+0000] {dag.py:3954} INFO - Setting next_dagrun for example_task_group_decorator to 2024-05-27 00:00:00+00:00, run_after=2024-05-28 00:00:00+00:00
[2024-05-28T09:48:32.930+0000] {processor.py:183} INFO - Processing /home/airflow/.local/lib/python3.12/site-packages/airflow/example_dags/example_task_group_decorator.py took 0.156 seconds
[2024-05-28T09:49:58.303+0000] {processor.py:161} INFO - Started process (PID=56) to work on /home/airflow/.local/lib/python3.12/site-packages/airflow/example_dags/example_task_group_decorator.py
[2024-05-28T09:49:58.305+0000] {processor.py:830} INFO - Processing file /home/airflow/.local/lib/python3.12/site-packages/airflow/example_dags/example_task_group_decorator.py for tasks to queue
[2024-05-28T09:49:58.307+0000] {logging_mixin.py:188} INFO - [2024-05-28T09:49:58.307+0000] {dagbag.py:545} INFO - Filling up the DagBag from /home/airflow/.local/lib/python3.12/site-packages/airflow/example_dags/example_task_group_decorator.py
[2024-05-28T09:49:58.332+0000] {processor.py:840} INFO - DAG(s) 'example_task_group_decorator' retrieved from /home/airflow/.local/lib/python3.12/site-packages/airflow/example_dags/example_task_group_decorator.py
[2024-05-28T09:49:58.676+0000] {logging_mixin.py:188} INFO - [2024-05-28T09:49:58.675+0000] {dag.py:3096} INFO - Sync 1 DAGs
[2024-05-28T09:49:58.707+0000] {logging_mixin.py:188} INFO - [2024-05-28T09:49:58.707+0000] {dag.py:3954} INFO - Setting next_dagrun for example_task_group_decorator to 2024-05-27 00:00:00+00:00, run_after=2024-05-28 00:00:00+00:00
[2024-05-28T09:49:58.741+0000] {processor.py:183} INFO - Processing /home/airflow/.local/lib/python3.12/site-packages/airflow/example_dags/example_task_group_decorator.py took 0.445 seconds
[2024-05-28T09:50:28.798+0000] {processor.py:161} INFO - Started process (PID=114) to work on /home/airflow/.local/lib/python3.12/site-packages/airflow/example_dags/example_task_group_decorator.py
[2024-05-28T09:50:28.800+0000] {processor.py:830} INFO - Processing file /home/airflow/.local/lib/python3.12/site-packages/airflow/example_dags/example_task_group_decorator.py for tasks to queue
[2024-05-28T09:50:28.806+0000] {logging_mixin.py:188} INFO - [2024-05-28T09:50:28.804+0000] {dagbag.py:545} INFO - Filling up the DagBag from /home/airflow/.local/lib/python3.12/site-packages/airflow/example_dags/example_task_group_decorator.py
[2024-05-28T09:50:28.836+0000] {processor.py:840} INFO - DAG(s) 'example_task_group_decorator' retrieved from /home/airflow/.local/lib/python3.12/site-packages/airflow/example_dags/example_task_group_decorator.py
[2024-05-28T09:50:28.898+0000] {logging_mixin.py:188} INFO - [2024-05-28T09:50:28.897+0000] {dag.py:3096} INFO - Sync 1 DAGs
[2024-05-28T09:50:28.953+0000] {logging_mixin.py:188} INFO - [2024-05-28T09:50:28.953+0000] {dag.py:3954} INFO - Setting next_dagrun for example_task_group_decorator to 2024-05-27 00:00:00+00:00, run_after=2024-05-28 00:00:00+00:00
[2024-05-28T09:50:29.004+0000] {processor.py:183} INFO - Processing /home/airflow/.local/lib/python3.12/site-packages/airflow/example_dags/example_task_group_decorator.py took 0.218 seconds
[2024-05-28T09:50:59.231+0000] {processor.py:161} INFO - Started process (PID=172) to work on /home/airflow/.local/lib/python3.12/site-packages/airflow/example_dags/example_task_group_decorator.py
[2024-05-28T09:50:59.232+0000] {processor.py:830} INFO - Processing file /home/airflow/.local/lib/python3.12/site-packages/airflow/example_dags/example_task_group_decorator.py for tasks to queue
[2024-05-28T09:50:59.236+0000] {logging_mixin.py:188} INFO - [2024-05-28T09:50:59.235+0000] {dagbag.py:545} INFO - Filling up the DagBag from /home/airflow/.local/lib/python3.12/site-packages/airflow/example_dags/example_task_group_decorator.py
[2024-05-28T09:50:59.257+0000] {processor.py:840} INFO - DAG(s) 'example_task_group_decorator' retrieved from /home/airflow/.local/lib/python3.12/site-packages/airflow/example_dags/example_task_group_decorator.py
[2024-05-28T09:50:59.302+0000] {logging_mixin.py:188} INFO - [2024-05-28T09:50:59.302+0000] {dag.py:3096} INFO - Sync 1 DAGs
[2024-05-28T09:50:59.354+0000] {logging_mixin.py:188} INFO - [2024-05-28T09:50:59.352+0000] {dag.py:3954} INFO - Setting next_dagrun for example_task_group_decorator to 2024-05-27 00:00:00+00:00, run_after=2024-05-28 00:00:00+00:00
[2024-05-28T09:50:59.399+0000] {processor.py:183} INFO - Processing /home/airflow/.local/lib/python3.12/site-packages/airflow/example_dags/example_task_group_decorator.py took 0.175 seconds
[2024-05-28T09:51:30.497+0000] {processor.py:161} INFO - Started process (PID=230) to work on /home/airflow/.local/lib/python3.12/site-packages/airflow/example_dags/example_task_group_decorator.py
[2024-05-28T09:51:30.499+0000] {processor.py:830} INFO - Processing file /home/airflow/.local/lib/python3.12/site-packages/airflow/example_dags/example_task_group_decorator.py for tasks to queue
[2024-05-28T09:51:30.503+0000] {logging_mixin.py:188} INFO - [2024-05-28T09:51:30.502+0000] {dagbag.py:545} INFO - Filling up the DagBag from /home/airflow/.local/lib/python3.12/site-packages/airflow/example_dags/example_task_group_decorator.py
[2024-05-28T09:51:30.535+0000] {processor.py:840} INFO - DAG(s) 'example_task_group_decorator' retrieved from /home/airflow/.local/lib/python3.12/site-packages/airflow/example_dags/example_task_group_decorator.py
[2024-05-28T09:51:30.601+0000] {logging_mixin.py:188} INFO - [2024-05-28T09:51:30.600+0000] {dag.py:3096} INFO - Sync 1 DAGs
[2024-05-28T09:51:30.678+0000] {logging_mixin.py:188} INFO - [2024-05-28T09:51:30.677+0000] {dag.py:3954} INFO - Setting next_dagrun for example_task_group_decorator to 2024-05-27 00:00:00+00:00, run_after=2024-05-28 00:00:00+00:00
[2024-05-28T09:51:30.712+0000] {processor.py:183} INFO - Processing /home/airflow/.local/lib/python3.12/site-packages/airflow/example_dags/example_task_group_decorator.py took 0.241 seconds
[2024-05-28T09:52:00.984+0000] {processor.py:161} INFO - Started process (PID=288) to work on /home/airflow/.local/lib/python3.12/site-packages/airflow/example_dags/example_task_group_decorator.py
[2024-05-28T09:52:00.988+0000] {processor.py:830} INFO - Processing file /home/airflow/.local/lib/python3.12/site-packages/airflow/example_dags/example_task_group_decorator.py for tasks to queue
[2024-05-28T09:52:00.996+0000] {logging_mixin.py:188} INFO - [2024-05-28T09:52:00.993+0000] {dagbag.py:545} INFO - Filling up the DagBag from /home/airflow/.local/lib/python3.12/site-packages/airflow/example_dags/example_task_group_decorator.py
[2024-05-28T09:52:01.054+0000] {processor.py:840} INFO - DAG(s) 'example_task_group_decorator' retrieved from /home/airflow/.local/lib/python3.12/site-packages/airflow/example_dags/example_task_group_decorator.py
[2024-05-28T09:52:01.110+0000] {logging_mixin.py:188} INFO - [2024-05-28T09:52:01.109+0000] {dag.py:3096} INFO - Sync 1 DAGs
[2024-05-28T09:52:01.177+0000] {logging_mixin.py:188} INFO - [2024-05-28T09:52:01.176+0000] {dag.py:3954} INFO - Setting next_dagrun for example_task_group_decorator to 2024-05-27 00:00:00+00:00, run_after=2024-05-28 00:00:00+00:00
[2024-05-28T09:52:01.239+0000] {processor.py:183} INFO - Processing /home/airflow/.local/lib/python3.12/site-packages/airflow/example_dags/example_task_group_decorator.py took 0.278 seconds
[2024-05-28T09:52:31.343+0000] {processor.py:161} INFO - Started process (PID=346) to work on /home/airflow/.local/lib/python3.12/site-packages/airflow/example_dags/example_task_group_decorator.py
[2024-05-28T09:52:31.346+0000] {processor.py:830} INFO - Processing file /home/airflow/.local/lib/python3.12/site-packages/airflow/example_dags/example_task_group_decorator.py for tasks to queue
[2024-05-28T09:52:31.352+0000] {logging_mixin.py:188} INFO - [2024-05-28T09:52:31.351+0000] {dagbag.py:545} INFO - Filling up the DagBag from /home/airflow/.local/lib/python3.12/site-packages/airflow/example_dags/example_task_group_decorator.py
[2024-05-28T09:52:31.394+0000] {processor.py:840} INFO - DAG(s) 'example_task_group_decorator' retrieved from /home/airflow/.local/lib/python3.12/site-packages/airflow/example_dags/example_task_group_decorator.py
[2024-05-28T09:52:31.448+0000] {logging_mixin.py:188} INFO - [2024-05-28T09:52:31.447+0000] {dag.py:3096} INFO - Sync 1 DAGs
[2024-05-28T09:52:31.485+0000] {logging_mixin.py:188} INFO - [2024-05-28T09:52:31.484+0000] {dag.py:3954} INFO - Setting next_dagrun for example_task_group_decorator to 2024-05-27 00:00:00+00:00, run_after=2024-05-28 00:00:00+00:00
[2024-05-28T09:52:31.527+0000] {processor.py:183} INFO - Processing /home/airflow/.local/lib/python3.12/site-packages/airflow/example_dags/example_task_group_decorator.py took 0.199 seconds
[2024-05-28T09:53:02.008+0000] {processor.py:161} INFO - Started process (PID=403) to work on /home/airflow/.local/lib/python3.12/site-packages/airflow/example_dags/example_task_group_decorator.py
[2024-05-28T09:53:02.010+0000] {processor.py:830} INFO - Processing file /home/airflow/.local/lib/python3.12/site-packages/airflow/example_dags/example_task_group_decorator.py for tasks to queue
[2024-05-28T09:53:02.013+0000] {logging_mixin.py:188} INFO - [2024-05-28T09:53:02.012+0000] {dagbag.py:545} INFO - Filling up the DagBag from /home/airflow/.local/lib/python3.12/site-packages/airflow/example_dags/example_task_group_decorator.py
[2024-05-28T09:53:02.040+0000] {processor.py:840} INFO - DAG(s) 'example_task_group_decorator' retrieved from /home/airflow/.local/lib/python3.12/site-packages/airflow/example_dags/example_task_group_decorator.py
[2024-05-28T09:53:02.119+0000] {logging_mixin.py:188} INFO - [2024-05-28T09:53:02.118+0000] {dag.py:3096} INFO - Sync 1 DAGs
[2024-05-28T09:53:02.206+0000] {logging_mixin.py:188} INFO - [2024-05-28T09:53:02.206+0000] {dag.py:3954} INFO - Setting next_dagrun for example_task_group_decorator to 2024-05-27 00:00:00+00:00, run_after=2024-05-28 00:00:00+00:00
[2024-05-28T09:53:02.266+0000] {processor.py:183} INFO - Processing /home/airflow/.local/lib/python3.12/site-packages/airflow/example_dags/example_task_group_decorator.py took 0.269 seconds
[2024-05-28T09:53:32.648+0000] {processor.py:161} INFO - Started process (PID=462) to work on /home/airflow/.local/lib/python3.12/site-packages/airflow/example_dags/example_task_group_decorator.py
[2024-05-28T09:53:32.652+0000] {processor.py:830} INFO - Processing file /home/airflow/.local/lib/python3.12/site-packages/airflow/example_dags/example_task_group_decorator.py for tasks to queue
[2024-05-28T09:53:32.664+0000] {logging_mixin.py:188} INFO - [2024-05-28T09:53:32.662+0000] {dagbag.py:545} INFO - Filling up the DagBag from /home/airflow/.local/lib/python3.12/site-packages/airflow/example_dags/example_task_group_decorator.py
[2024-05-28T09:53:32.710+0000] {processor.py:840} INFO - DAG(s) 'example_task_group_decorator' retrieved from /home/airflow/.local/lib/python3.12/site-packages/airflow/example_dags/example_task_group_decorator.py
[2024-05-28T09:53:32.804+0000] {logging_mixin.py:188} INFO - [2024-05-28T09:53:32.802+0000] {dag.py:3096} INFO - Sync 1 DAGs
[2024-05-28T09:53:32.862+0000] {logging_mixin.py:188} INFO - [2024-05-28T09:53:32.861+0000] {dag.py:3954} INFO - Setting next_dagrun for example_task_group_decorator to 2024-05-27 00:00:00+00:00, run_after=2024-05-28 00:00:00+00:00
[2024-05-28T09:53:32.909+0000] {processor.py:183} INFO - Processing /home/airflow/.local/lib/python3.12/site-packages/airflow/example_dags/example_task_group_decorator.py took 0.273 seconds
[2024-05-28T09:54:03.343+0000] {processor.py:161} INFO - Started process (PID=525) to work on /home/airflow/.local/lib/python3.12/site-packages/airflow/example_dags/example_task_group_decorator.py
[2024-05-28T09:54:03.347+0000] {processor.py:830} INFO - Processing file /home/airflow/.local/lib/python3.12/site-packages/airflow/example_dags/example_task_group_decorator.py for tasks to queue
[2024-05-28T09:54:03.354+0000] {logging_mixin.py:188} INFO - [2024-05-28T09:54:03.354+0000] {dagbag.py:545} INFO - Filling up the DagBag from /home/airflow/.local/lib/python3.12/site-packages/airflow/example_dags/example_task_group_decorator.py
[2024-05-28T09:54:03.382+0000] {processor.py:840} INFO - DAG(s) 'example_task_group_decorator' retrieved from /home/airflow/.local/lib/python3.12/site-packages/airflow/example_dags/example_task_group_decorator.py
[2024-05-28T09:54:03.431+0000] {logging_mixin.py:188} INFO - [2024-05-28T09:54:03.430+0000] {dag.py:3096} INFO - Sync 1 DAGs
[2024-05-28T09:54:03.505+0000] {logging_mixin.py:188} INFO - [2024-05-28T09:54:03.505+0000] {dag.py:3954} INFO - Setting next_dagrun for example_task_group_decorator to 2024-05-27 00:00:00+00:00, run_after=2024-05-28 00:00:00+00:00
[2024-05-28T09:54:03.534+0000] {processor.py:183} INFO - Processing /home/airflow/.local/lib/python3.12/site-packages/airflow/example_dags/example_task_group_decorator.py took 0.208 seconds
[2024-05-28T09:54:34.144+0000] {processor.py:161} INFO - Started process (PID=583) to work on /home/airflow/.local/lib/python3.12/site-packages/airflow/example_dags/example_task_group_decorator.py
[2024-05-28T09:54:34.145+0000] {processor.py:830} INFO - Processing file /home/airflow/.local/lib/python3.12/site-packages/airflow/example_dags/example_task_group_decorator.py for tasks to queue
[2024-05-28T09:54:34.149+0000] {logging_mixin.py:188} INFO - [2024-05-28T09:54:34.148+0000] {dagbag.py:545} INFO - Filling up the DagBag from /home/airflow/.local/lib/python3.12/site-packages/airflow/example_dags/example_task_group_decorator.py
[2024-05-28T09:54:34.184+0000] {processor.py:840} INFO - DAG(s) 'example_task_group_decorator' retrieved from /home/airflow/.local/lib/python3.12/site-packages/airflow/example_dags/example_task_group_decorator.py
[2024-05-28T09:54:34.278+0000] {logging_mixin.py:188} INFO - [2024-05-28T09:54:34.278+0000] {dag.py:3096} INFO - Sync 1 DAGs
[2024-05-28T09:54:34.317+0000] {logging_mixin.py:188} INFO - [2024-05-28T09:54:34.317+0000] {dag.py:3954} INFO - Setting next_dagrun for example_task_group_decorator to 2024-05-27 00:00:00+00:00, run_after=2024-05-28 00:00:00+00:00
[2024-05-28T09:54:34.344+0000] {processor.py:183} INFO - Processing /home/airflow/.local/lib/python3.12/site-packages/airflow/example_dags/example_task_group_decorator.py took 0.210 seconds
[2024-05-28T09:55:05.140+0000] {processor.py:161} INFO - Started process (PID=641) to work on /home/airflow/.local/lib/python3.12/site-packages/airflow/example_dags/example_task_group_decorator.py
[2024-05-28T09:55:05.143+0000] {processor.py:830} INFO - Processing file /home/airflow/.local/lib/python3.12/site-packages/airflow/example_dags/example_task_group_decorator.py for tasks to queue
[2024-05-28T09:55:05.145+0000] {logging_mixin.py:188} INFO - [2024-05-28T09:55:05.145+0000] {dagbag.py:545} INFO - Filling up the DagBag from /home/airflow/.local/lib/python3.12/site-packages/airflow/example_dags/example_task_group_decorator.py
[2024-05-28T09:55:05.175+0000] {processor.py:840} INFO - DAG(s) 'example_task_group_decorator' retrieved from /home/airflow/.local/lib/python3.12/site-packages/airflow/example_dags/example_task_group_decorator.py
[2024-05-28T09:55:05.224+0000] {logging_mixin.py:188} INFO - [2024-05-28T09:55:05.223+0000] {dag.py:3096} INFO - Sync 1 DAGs
[2024-05-28T09:55:05.281+0000] {logging_mixin.py:188} INFO - [2024-05-28T09:55:05.281+0000] {dag.py:3954} INFO - Setting next_dagrun for example_task_group_decorator to 2024-05-27 00:00:00+00:00, run_after=2024-05-28 00:00:00+00:00
[2024-05-28T09:55:05.355+0000] {processor.py:183} INFO - Processing /home/airflow/.local/lib/python3.12/site-packages/airflow/example_dags/example_task_group_decorator.py took 0.231 seconds
[2024-05-28T09:55:35.540+0000] {processor.py:161} INFO - Started process (PID=699) to work on /home/airflow/.local/lib/python3.12/site-packages/airflow/example_dags/example_task_group_decorator.py
[2024-05-28T09:55:35.542+0000] {processor.py:830} INFO - Processing file /home/airflow/.local/lib/python3.12/site-packages/airflow/example_dags/example_task_group_decorator.py for tasks to queue
[2024-05-28T09:55:35.546+0000] {logging_mixin.py:188} INFO - [2024-05-28T09:55:35.545+0000] {dagbag.py:545} INFO - Filling up the DagBag from /home/airflow/.local/lib/python3.12/site-packages/airflow/example_dags/example_task_group_decorator.py
[2024-05-28T09:55:35.567+0000] {processor.py:840} INFO - DAG(s) 'example_task_group_decorator' retrieved from /home/airflow/.local/lib/python3.12/site-packages/airflow/example_dags/example_task_group_decorator.py
[2024-05-28T09:55:35.624+0000] {logging_mixin.py:188} INFO - [2024-05-28T09:55:35.623+0000] {dag.py:3096} INFO - Sync 1 DAGs
[2024-05-28T09:55:35.668+0000] {logging_mixin.py:188} INFO - [2024-05-28T09:55:35.667+0000] {dag.py:3954} INFO - Setting next_dagrun for example_task_group_decorator to 2024-05-27 00:00:00+00:00, run_after=2024-05-28 00:00:00+00:00
[2024-05-28T09:55:35.699+0000] {processor.py:183} INFO - Processing /home/airflow/.local/lib/python3.12/site-packages/airflow/example_dags/example_task_group_decorator.py took 0.173 seconds
[2024-05-28T09:56:06.443+0000] {processor.py:161} INFO - Started process (PID=757) to work on /home/airflow/.local/lib/python3.12/site-packages/airflow/example_dags/example_task_group_decorator.py
[2024-05-28T09:56:06.447+0000] {processor.py:830} INFO - Processing file /home/airflow/.local/lib/python3.12/site-packages/airflow/example_dags/example_task_group_decorator.py for tasks to queue
[2024-05-28T09:56:06.451+0000] {logging_mixin.py:188} INFO - [2024-05-28T09:56:06.450+0000] {dagbag.py:545} INFO - Filling up the DagBag from /home/airflow/.local/lib/python3.12/site-packages/airflow/example_dags/example_task_group_decorator.py
[2024-05-28T09:56:06.477+0000] {processor.py:840} INFO - DAG(s) 'example_task_group_decorator' retrieved from /home/airflow/.local/lib/python3.12/site-packages/airflow/example_dags/example_task_group_decorator.py
[2024-05-28T09:56:06.526+0000] {logging_mixin.py:188} INFO - [2024-05-28T09:56:06.525+0000] {dag.py:3096} INFO - Sync 1 DAGs
[2024-05-28T09:56:06.568+0000] {logging_mixin.py:188} INFO - [2024-05-28T09:56:06.567+0000] {dag.py:3954} INFO - Setting next_dagrun for example_task_group_decorator to 2024-05-27 00:00:00+00:00, run_after=2024-05-28 00:00:00+00:00
[2024-05-28T09:56:06.602+0000] {processor.py:183} INFO - Processing /home/airflow/.local/lib/python3.12/site-packages/airflow/example_dags/example_task_group_decorator.py took 0.171 seconds
[2024-05-28T09:56:36.701+0000] {processor.py:161} INFO - Started process (PID=815) to work on /home/airflow/.local/lib/python3.12/site-packages/airflow/example_dags/example_task_group_decorator.py
[2024-05-28T09:56:36.703+0000] {processor.py:830} INFO - Processing file /home/airflow/.local/lib/python3.12/site-packages/airflow/example_dags/example_task_group_decorator.py for tasks to queue
[2024-05-28T09:56:36.706+0000] {logging_mixin.py:188} INFO - [2024-05-28T09:56:36.705+0000] {dagbag.py:545} INFO - Filling up the DagBag from /home/airflow/.local/lib/python3.12/site-packages/airflow/example_dags/example_task_group_decorator.py
[2024-05-28T09:56:36.734+0000] {processor.py:840} INFO - DAG(s) 'example_task_group_decorator' retrieved from /home/airflow/.local/lib/python3.12/site-packages/airflow/example_dags/example_task_group_decorator.py
[2024-05-28T09:56:36.783+0000] {logging_mixin.py:188} INFO - [2024-05-28T09:56:36.783+0000] {dag.py:3096} INFO - Sync 1 DAGs
[2024-05-28T09:56:36.830+0000] {logging_mixin.py:188} INFO - [2024-05-28T09:56:36.830+0000] {dag.py:3954} INFO - Setting next_dagrun for example_task_group_decorator to 2024-05-27 00:00:00+00:00, run_after=2024-05-28 00:00:00+00:00
[2024-05-28T09:56:36.881+0000] {processor.py:183} INFO - Processing /home/airflow/.local/lib/python3.12/site-packages/airflow/example_dags/example_task_group_decorator.py took 0.189 seconds
[2024-05-28T09:57:07.453+0000] {processor.py:161} INFO - Started process (PID=872) to work on /home/airflow/.local/lib/python3.12/site-packages/airflow/example_dags/example_task_group_decorator.py
[2024-05-28T09:57:07.454+0000] {processor.py:830} INFO - Processing file /home/airflow/.local/lib/python3.12/site-packages/airflow/example_dags/example_task_group_decorator.py for tasks to queue
[2024-05-28T09:57:07.457+0000] {logging_mixin.py:188} INFO - [2024-05-28T09:57:07.456+0000] {dagbag.py:545} INFO - Filling up the DagBag from /home/airflow/.local/lib/python3.12/site-packages/airflow/example_dags/example_task_group_decorator.py
[2024-05-28T09:57:07.474+0000] {processor.py:840} INFO - DAG(s) 'example_task_group_decorator' retrieved from /home/airflow/.local/lib/python3.12/site-packages/airflow/example_dags/example_task_group_decorator.py
[2024-05-28T09:57:07.504+0000] {logging_mixin.py:188} INFO - [2024-05-28T09:57:07.503+0000] {dag.py:3096} INFO - Sync 1 DAGs
[2024-05-28T09:57:07.533+0000] {logging_mixin.py:188} INFO - [2024-05-28T09:57:07.533+0000] {dag.py:3954} INFO - Setting next_dagrun for example_task_group_decorator to 2024-05-27 00:00:00+00:00, run_after=2024-05-28 00:00:00+00:00
[2024-05-28T09:57:07.556+0000] {processor.py:183} INFO - Processing /home/airflow/.local/lib/python3.12/site-packages/airflow/example_dags/example_task_group_decorator.py took 0.118 seconds
[2024-05-28T09:57:37.886+0000] {processor.py:161} INFO - Started process (PID=930) to work on /home/airflow/.local/lib/python3.12/site-packages/airflow/example_dags/example_task_group_decorator.py
[2024-05-28T09:57:37.887+0000] {processor.py:830} INFO - Processing file /home/airflow/.local/lib/python3.12/site-packages/airflow/example_dags/example_task_group_decorator.py for tasks to queue
[2024-05-28T09:57:37.889+0000] {logging_mixin.py:188} INFO - [2024-05-28T09:57:37.889+0000] {dagbag.py:545} INFO - Filling up the DagBag from /home/airflow/.local/lib/python3.12/site-packages/airflow/example_dags/example_task_group_decorator.py
[2024-05-28T09:57:37.918+0000] {processor.py:840} INFO - DAG(s) 'example_task_group_decorator' retrieved from /home/airflow/.local/lib/python3.12/site-packages/airflow/example_dags/example_task_group_decorator.py
[2024-05-28T09:57:38.001+0000] {logging_mixin.py:188} INFO - [2024-05-28T09:57:38.001+0000] {dag.py:3096} INFO - Sync 1 DAGs
[2024-05-28T09:57:38.050+0000] {logging_mixin.py:188} INFO - [2024-05-28T09:57:38.050+0000] {dag.py:3954} INFO - Setting next_dagrun for example_task_group_decorator to 2024-05-27 00:00:00+00:00, run_after=2024-05-28 00:00:00+00:00
[2024-05-28T09:57:38.083+0000] {processor.py:183} INFO - Processing /home/airflow/.local/lib/python3.12/site-packages/airflow/example_dags/example_task_group_decorator.py took 0.207 seconds
[2024-05-28T09:58:08.480+0000] {processor.py:161} INFO - Started process (PID=988) to work on /home/airflow/.local/lib/python3.12/site-packages/airflow/example_dags/example_task_group_decorator.py
[2024-05-28T09:58:08.481+0000] {processor.py:830} INFO - Processing file /home/airflow/.local/lib/python3.12/site-packages/airflow/example_dags/example_task_group_decorator.py for tasks to queue
[2024-05-28T09:58:08.484+0000] {logging_mixin.py:188} INFO - [2024-05-28T09:58:08.484+0000] {dagbag.py:545} INFO - Filling up the DagBag from /home/airflow/.local/lib/python3.12/site-packages/airflow/example_dags/example_task_group_decorator.py
[2024-05-28T09:58:08.507+0000] {processor.py:840} INFO - DAG(s) 'example_task_group_decorator' retrieved from /home/airflow/.local/lib/python3.12/site-packages/airflow/example_dags/example_task_group_decorator.py
[2024-05-28T09:58:08.544+0000] {logging_mixin.py:188} INFO - [2024-05-28T09:58:08.543+0000] {dag.py:3096} INFO - Sync 1 DAGs
[2024-05-28T09:58:08.576+0000] {logging_mixin.py:188} INFO - [2024-05-28T09:58:08.576+0000] {dag.py:3954} INFO - Setting next_dagrun for example_task_group_decorator to 2024-05-27 00:00:00+00:00, run_after=2024-05-28 00:00:00+00:00
[2024-05-28T09:58:08.606+0000] {processor.py:183} INFO - Processing /home/airflow/.local/lib/python3.12/site-packages/airflow/example_dags/example_task_group_decorator.py took 0.137 seconds
[2024-05-28T10:00:15.494+0000] {processor.py:161} INFO - Started process (PID=63) to work on /home/airflow/.local/lib/python3.12/site-packages/airflow/example_dags/example_task_group_decorator.py
[2024-05-28T10:00:15.498+0000] {processor.py:830} INFO - Processing file /home/airflow/.local/lib/python3.12/site-packages/airflow/example_dags/example_task_group_decorator.py for tasks to queue
[2024-05-28T10:00:15.501+0000] {logging_mixin.py:188} INFO - [2024-05-28T10:00:15.501+0000] {dagbag.py:545} INFO - Filling up the DagBag from /home/airflow/.local/lib/python3.12/site-packages/airflow/example_dags/example_task_group_decorator.py
[2024-05-28T10:00:15.534+0000] {processor.py:840} INFO - DAG(s) 'example_task_group_decorator' retrieved from /home/airflow/.local/lib/python3.12/site-packages/airflow/example_dags/example_task_group_decorator.py
[2024-05-28T10:00:15.904+0000] {logging_mixin.py:188} INFO - [2024-05-28T10:00:15.903+0000] {dag.py:3096} INFO - Sync 1 DAGs
[2024-05-28T10:00:15.974+0000] {logging_mixin.py:188} INFO - [2024-05-28T10:00:15.973+0000] {dag.py:3954} INFO - Setting next_dagrun for example_task_group_decorator to 2024-05-27 00:00:00+00:00, run_after=2024-05-28 00:00:00+00:00
[2024-05-28T10:00:16.025+0000] {processor.py:183} INFO - Processing /home/airflow/.local/lib/python3.12/site-packages/airflow/example_dags/example_task_group_decorator.py took 0.544 seconds
[2024-05-28T10:00:46.212+0000] {processor.py:161} INFO - Started process (PID=121) to work on /home/airflow/.local/lib/python3.12/site-packages/airflow/example_dags/example_task_group_decorator.py
[2024-05-28T10:00:46.213+0000] {processor.py:830} INFO - Processing file /home/airflow/.local/lib/python3.12/site-packages/airflow/example_dags/example_task_group_decorator.py for tasks to queue
[2024-05-28T10:00:46.215+0000] {logging_mixin.py:188} INFO - [2024-05-28T10:00:46.215+0000] {dagbag.py:545} INFO - Filling up the DagBag from /home/airflow/.local/lib/python3.12/site-packages/airflow/example_dags/example_task_group_decorator.py
[2024-05-28T10:00:46.239+0000] {processor.py:840} INFO - DAG(s) 'example_task_group_decorator' retrieved from /home/airflow/.local/lib/python3.12/site-packages/airflow/example_dags/example_task_group_decorator.py
[2024-05-28T10:00:46.293+0000] {logging_mixin.py:188} INFO - [2024-05-28T10:00:46.293+0000] {dag.py:3096} INFO - Sync 1 DAGs
[2024-05-28T10:00:46.337+0000] {logging_mixin.py:188} INFO - [2024-05-28T10:00:46.337+0000] {dag.py:3954} INFO - Setting next_dagrun for example_task_group_decorator to 2024-05-27 00:00:00+00:00, run_after=2024-05-28 00:00:00+00:00
[2024-05-28T10:00:46.369+0000] {processor.py:183} INFO - Processing /home/airflow/.local/lib/python3.12/site-packages/airflow/example_dags/example_task_group_decorator.py took 0.169 seconds
[2024-05-28T10:01:16.732+0000] {processor.py:161} INFO - Started process (PID=179) to work on /home/airflow/.local/lib/python3.12/site-packages/airflow/example_dags/example_task_group_decorator.py
[2024-05-28T10:01:16.733+0000] {processor.py:830} INFO - Processing file /home/airflow/.local/lib/python3.12/site-packages/airflow/example_dags/example_task_group_decorator.py for tasks to queue
[2024-05-28T10:01:16.736+0000] {logging_mixin.py:188} INFO - [2024-05-28T10:01:16.735+0000] {dagbag.py:545} INFO - Filling up the DagBag from /home/airflow/.local/lib/python3.12/site-packages/airflow/example_dags/example_task_group_decorator.py
[2024-05-28T10:01:16.758+0000] {processor.py:840} INFO - DAG(s) 'example_task_group_decorator' retrieved from /home/airflow/.local/lib/python3.12/site-packages/airflow/example_dags/example_task_group_decorator.py
[2024-05-28T10:01:16.808+0000] {logging_mixin.py:188} INFO - [2024-05-28T10:01:16.808+0000] {dag.py:3096} INFO - Sync 1 DAGs
[2024-05-28T10:01:16.872+0000] {logging_mixin.py:188} INFO - [2024-05-28T10:01:16.872+0000] {dag.py:3954} INFO - Setting next_dagrun for example_task_group_decorator to 2024-05-27 00:00:00+00:00, run_after=2024-05-28 00:00:00+00:00
[2024-05-28T10:01:16.931+0000] {processor.py:183} INFO - Processing /home/airflow/.local/lib/python3.12/site-packages/airflow/example_dags/example_task_group_decorator.py took 0.208 seconds
