[2024-05-28T09:46:29.766+0000] {processor.py:161} INFO - Started process (PID=63) to work on /home/airflow/.local/lib/python3.12/site-packages/airflow/example_dags/example_external_task_marker_dag.py
[2024-05-28T09:46:29.767+0000] {processor.py:830} INFO - Processing file /home/airflow/.local/lib/python3.12/site-packages/airflow/example_dags/example_external_task_marker_dag.py for tasks to queue
[2024-05-28T09:46:29.771+0000] {logging_mixin.py:188} INFO - [2024-05-28T09:46:29.770+0000] {dagbag.py:545} INFO - Filling up the DagBag from /home/airflow/.local/lib/python3.12/site-packages/airflow/example_dags/example_external_task_marker_dag.py
[2024-05-28T09:46:29.786+0000] {processor.py:840} INFO - DAG(s) 'example_external_task_marker_child', 'example_external_task_marker_parent' retrieved from /home/airflow/.local/lib/python3.12/site-packages/airflow/example_dags/example_external_task_marker_dag.py
[2024-05-28T09:46:30.041+0000] {logging_mixin.py:188} INFO - [2024-05-28T09:46:30.041+0000] {dag.py:3096} INFO - Sync 2 DAGs
[2024-05-28T09:46:30.066+0000] {logging_mixin.py:188} INFO - [2024-05-28T09:46:30.065+0000] {dag.py:3954} INFO - Setting next_dagrun for example_external_task_marker_child to None, run_after=None
[2024-05-28T09:46:30.071+0000] {logging_mixin.py:188} INFO - [2024-05-28T09:46:30.070+0000] {dag.py:3954} INFO - Setting next_dagrun for example_external_task_marker_parent to None, run_after=None
[2024-05-28T09:46:30.115+0000] {processor.py:183} INFO - Processing /home/airflow/.local/lib/python3.12/site-packages/airflow/example_dags/example_external_task_marker_dag.py took 0.354 seconds
[2024-05-28T09:47:00.374+0000] {processor.py:161} INFO - Started process (PID=121) to work on /home/airflow/.local/lib/python3.12/site-packages/airflow/example_dags/example_external_task_marker_dag.py
[2024-05-28T09:47:00.379+0000] {processor.py:830} INFO - Processing file /home/airflow/.local/lib/python3.12/site-packages/airflow/example_dags/example_external_task_marker_dag.py for tasks to queue
[2024-05-28T09:47:00.389+0000] {logging_mixin.py:188} INFO - [2024-05-28T09:47:00.388+0000] {dagbag.py:545} INFO - Filling up the DagBag from /home/airflow/.local/lib/python3.12/site-packages/airflow/example_dags/example_external_task_marker_dag.py
[2024-05-28T09:47:00.398+0000] {processor.py:840} INFO - DAG(s) 'example_external_task_marker_child', 'example_external_task_marker_parent' retrieved from /home/airflow/.local/lib/python3.12/site-packages/airflow/example_dags/example_external_task_marker_dag.py
[2024-05-28T09:47:00.474+0000] {logging_mixin.py:188} INFO - [2024-05-28T09:47:00.473+0000] {dag.py:3096} INFO - Sync 2 DAGs
[2024-05-28T09:47:00.504+0000] {logging_mixin.py:188} INFO - [2024-05-28T09:47:00.504+0000] {dag.py:3954} INFO - Setting next_dagrun for example_external_task_marker_child to None, run_after=None
[2024-05-28T09:47:00.517+0000] {logging_mixin.py:188} INFO - [2024-05-28T09:47:00.514+0000] {dag.py:3954} INFO - Setting next_dagrun for example_external_task_marker_parent to None, run_after=None
[2024-05-28T09:47:00.574+0000] {processor.py:183} INFO - Processing /home/airflow/.local/lib/python3.12/site-packages/airflow/example_dags/example_external_task_marker_dag.py took 0.227 seconds
[2024-05-28T09:47:31.110+0000] {processor.py:161} INFO - Started process (PID=179) to work on /home/airflow/.local/lib/python3.12/site-packages/airflow/example_dags/example_external_task_marker_dag.py
[2024-05-28T09:47:31.113+0000] {processor.py:830} INFO - Processing file /home/airflow/.local/lib/python3.12/site-packages/airflow/example_dags/example_external_task_marker_dag.py for tasks to queue
[2024-05-28T09:47:31.117+0000] {logging_mixin.py:188} INFO - [2024-05-28T09:47:31.117+0000] {dagbag.py:545} INFO - Filling up the DagBag from /home/airflow/.local/lib/python3.12/site-packages/airflow/example_dags/example_external_task_marker_dag.py
[2024-05-28T09:47:31.128+0000] {processor.py:840} INFO - DAG(s) 'example_external_task_marker_parent', 'example_external_task_marker_child' retrieved from /home/airflow/.local/lib/python3.12/site-packages/airflow/example_dags/example_external_task_marker_dag.py
[2024-05-28T09:47:31.176+0000] {logging_mixin.py:188} INFO - [2024-05-28T09:47:31.175+0000] {dag.py:3096} INFO - Sync 2 DAGs
[2024-05-28T09:47:31.203+0000] {logging_mixin.py:188} INFO - [2024-05-28T09:47:31.202+0000] {dag.py:3954} INFO - Setting next_dagrun for example_external_task_marker_child to None, run_after=None
[2024-05-28T09:47:31.210+0000] {logging_mixin.py:188} INFO - [2024-05-28T09:47:31.210+0000] {dag.py:3954} INFO - Setting next_dagrun for example_external_task_marker_parent to None, run_after=None
[2024-05-28T09:47:31.246+0000] {processor.py:183} INFO - Processing /home/airflow/.local/lib/python3.12/site-packages/airflow/example_dags/example_external_task_marker_dag.py took 0.147 seconds
[2024-05-28T09:48:02.059+0000] {processor.py:161} INFO - Started process (PID=237) to work on /home/airflow/.local/lib/python3.12/site-packages/airflow/example_dags/example_external_task_marker_dag.py
[2024-05-28T09:48:02.062+0000] {processor.py:830} INFO - Processing file /home/airflow/.local/lib/python3.12/site-packages/airflow/example_dags/example_external_task_marker_dag.py for tasks to queue
[2024-05-28T09:48:02.066+0000] {logging_mixin.py:188} INFO - [2024-05-28T09:48:02.065+0000] {dagbag.py:545} INFO - Filling up the DagBag from /home/airflow/.local/lib/python3.12/site-packages/airflow/example_dags/example_external_task_marker_dag.py
[2024-05-28T09:48:02.086+0000] {processor.py:840} INFO - DAG(s) 'example_external_task_marker_child', 'example_external_task_marker_parent' retrieved from /home/airflow/.local/lib/python3.12/site-packages/airflow/example_dags/example_external_task_marker_dag.py
[2024-05-28T09:48:02.131+0000] {logging_mixin.py:188} INFO - [2024-05-28T09:48:02.130+0000] {dag.py:3096} INFO - Sync 2 DAGs
[2024-05-28T09:48:02.151+0000] {logging_mixin.py:188} INFO - [2024-05-28T09:48:02.151+0000] {dag.py:3954} INFO - Setting next_dagrun for example_external_task_marker_child to None, run_after=None
[2024-05-28T09:48:02.157+0000] {logging_mixin.py:188} INFO - [2024-05-28T09:48:02.156+0000] {dag.py:3954} INFO - Setting next_dagrun for example_external_task_marker_parent to None, run_after=None
[2024-05-28T09:48:02.185+0000] {processor.py:183} INFO - Processing /home/airflow/.local/lib/python3.12/site-packages/airflow/example_dags/example_external_task_marker_dag.py took 0.136 seconds
[2024-05-28T09:48:32.958+0000] {processor.py:161} INFO - Started process (PID=295) to work on /home/airflow/.local/lib/python3.12/site-packages/airflow/example_dags/example_external_task_marker_dag.py
[2024-05-28T09:48:32.960+0000] {processor.py:830} INFO - Processing file /home/airflow/.local/lib/python3.12/site-packages/airflow/example_dags/example_external_task_marker_dag.py for tasks to queue
[2024-05-28T09:48:32.962+0000] {logging_mixin.py:188} INFO - [2024-05-28T09:48:32.961+0000] {dagbag.py:545} INFO - Filling up the DagBag from /home/airflow/.local/lib/python3.12/site-packages/airflow/example_dags/example_external_task_marker_dag.py
[2024-05-28T09:48:32.969+0000] {processor.py:840} INFO - DAG(s) 'example_external_task_marker_child', 'example_external_task_marker_parent' retrieved from /home/airflow/.local/lib/python3.12/site-packages/airflow/example_dags/example_external_task_marker_dag.py
[2024-05-28T09:48:33.001+0000] {logging_mixin.py:188} INFO - [2024-05-28T09:48:33.001+0000] {dag.py:3096} INFO - Sync 2 DAGs
[2024-05-28T09:48:33.035+0000] {logging_mixin.py:188} INFO - [2024-05-28T09:48:33.035+0000] {dag.py:3954} INFO - Setting next_dagrun for example_external_task_marker_child to None, run_after=None
[2024-05-28T09:48:33.040+0000] {logging_mixin.py:188} INFO - [2024-05-28T09:48:33.040+0000] {dag.py:3954} INFO - Setting next_dagrun for example_external_task_marker_parent to None, run_after=None
[2024-05-28T09:48:33.060+0000] {processor.py:183} INFO - Processing /home/airflow/.local/lib/python3.12/site-packages/airflow/example_dags/example_external_task_marker_dag.py took 0.110 seconds
[2024-05-28T09:49:58.666+0000] {processor.py:161} INFO - Started process (PID=57) to work on /home/airflow/.local/lib/python3.12/site-packages/airflow/example_dags/example_external_task_marker_dag.py
[2024-05-28T09:49:58.671+0000] {processor.py:830} INFO - Processing file /home/airflow/.local/lib/python3.12/site-packages/airflow/example_dags/example_external_task_marker_dag.py for tasks to queue
[2024-05-28T09:49:58.677+0000] {logging_mixin.py:188} INFO - [2024-05-28T09:49:58.676+0000] {dagbag.py:545} INFO - Filling up the DagBag from /home/airflow/.local/lib/python3.12/site-packages/airflow/example_dags/example_external_task_marker_dag.py
[2024-05-28T09:49:58.702+0000] {processor.py:840} INFO - DAG(s) 'example_external_task_marker_child', 'example_external_task_marker_parent' retrieved from /home/airflow/.local/lib/python3.12/site-packages/airflow/example_dags/example_external_task_marker_dag.py
[2024-05-28T09:49:58.961+0000] {logging_mixin.py:188} INFO - [2024-05-28T09:49:58.960+0000] {dag.py:3096} INFO - Sync 2 DAGs
[2024-05-28T09:49:58.988+0000] {logging_mixin.py:188} INFO - [2024-05-28T09:49:58.986+0000] {dag.py:3954} INFO - Setting next_dagrun for example_external_task_marker_child to None, run_after=None
[2024-05-28T09:49:58.993+0000] {logging_mixin.py:188} INFO - [2024-05-28T09:49:58.992+0000] {dag.py:3954} INFO - Setting next_dagrun for example_external_task_marker_parent to None, run_after=None
[2024-05-28T09:49:59.033+0000] {processor.py:183} INFO - Processing /home/airflow/.local/lib/python3.12/site-packages/airflow/example_dags/example_external_task_marker_dag.py took 0.387 seconds
[2024-05-28T09:50:29.955+0000] {processor.py:161} INFO - Started process (PID=115) to work on /home/airflow/.local/lib/python3.12/site-packages/airflow/example_dags/example_external_task_marker_dag.py
[2024-05-28T09:50:29.958+0000] {processor.py:830} INFO - Processing file /home/airflow/.local/lib/python3.12/site-packages/airflow/example_dags/example_external_task_marker_dag.py for tasks to queue
[2024-05-28T09:50:29.962+0000] {logging_mixin.py:188} INFO - [2024-05-28T09:50:29.961+0000] {dagbag.py:545} INFO - Filling up the DagBag from /home/airflow/.local/lib/python3.12/site-packages/airflow/example_dags/example_external_task_marker_dag.py
[2024-05-28T09:50:29.976+0000] {processor.py:840} INFO - DAG(s) 'example_external_task_marker_child', 'example_external_task_marker_parent' retrieved from /home/airflow/.local/lib/python3.12/site-packages/airflow/example_dags/example_external_task_marker_dag.py
[2024-05-28T09:50:30.084+0000] {logging_mixin.py:188} INFO - [2024-05-28T09:50:30.083+0000] {dag.py:3096} INFO - Sync 2 DAGs
[2024-05-28T09:50:30.119+0000] {logging_mixin.py:188} INFO - [2024-05-28T09:50:30.118+0000] {dag.py:3954} INFO - Setting next_dagrun for example_external_task_marker_child to None, run_after=None
[2024-05-28T09:50:30.126+0000] {logging_mixin.py:188} INFO - [2024-05-28T09:50:30.126+0000] {dag.py:3954} INFO - Setting next_dagrun for example_external_task_marker_parent to None, run_after=None
[2024-05-28T09:50:30.190+0000] {processor.py:183} INFO - Processing /home/airflow/.local/lib/python3.12/site-packages/airflow/example_dags/example_external_task_marker_dag.py took 0.246 seconds
[2024-05-28T09:51:00.263+0000] {processor.py:161} INFO - Started process (PID=173) to work on /home/airflow/.local/lib/python3.12/site-packages/airflow/example_dags/example_external_task_marker_dag.py
[2024-05-28T09:51:00.266+0000] {processor.py:830} INFO - Processing file /home/airflow/.local/lib/python3.12/site-packages/airflow/example_dags/example_external_task_marker_dag.py for tasks to queue
[2024-05-28T09:51:00.269+0000] {logging_mixin.py:188} INFO - [2024-05-28T09:51:00.268+0000] {dagbag.py:545} INFO - Filling up the DagBag from /home/airflow/.local/lib/python3.12/site-packages/airflow/example_dags/example_external_task_marker_dag.py
[2024-05-28T09:51:00.280+0000] {processor.py:840} INFO - DAG(s) 'example_external_task_marker_parent', 'example_external_task_marker_child' retrieved from /home/airflow/.local/lib/python3.12/site-packages/airflow/example_dags/example_external_task_marker_dag.py
[2024-05-28T09:51:00.335+0000] {logging_mixin.py:188} INFO - [2024-05-28T09:51:00.333+0000] {dag.py:3096} INFO - Sync 2 DAGs
[2024-05-28T09:51:00.368+0000] {logging_mixin.py:188} INFO - [2024-05-28T09:51:00.368+0000] {dag.py:3954} INFO - Setting next_dagrun for example_external_task_marker_child to None, run_after=None
[2024-05-28T09:51:00.397+0000] {logging_mixin.py:188} INFO - [2024-05-28T09:51:00.388+0000] {dag.py:3954} INFO - Setting next_dagrun for example_external_task_marker_parent to None, run_after=None
[2024-05-28T09:51:00.419+0000] {processor.py:183} INFO - Processing /home/airflow/.local/lib/python3.12/site-packages/airflow/example_dags/example_external_task_marker_dag.py took 0.174 seconds
[2024-05-28T09:51:30.524+0000] {processor.py:161} INFO - Started process (PID=231) to work on /home/airflow/.local/lib/python3.12/site-packages/airflow/example_dags/example_external_task_marker_dag.py
[2024-05-28T09:51:30.525+0000] {processor.py:830} INFO - Processing file /home/airflow/.local/lib/python3.12/site-packages/airflow/example_dags/example_external_task_marker_dag.py for tasks to queue
[2024-05-28T09:51:30.528+0000] {logging_mixin.py:188} INFO - [2024-05-28T09:51:30.528+0000] {dagbag.py:545} INFO - Filling up the DagBag from /home/airflow/.local/lib/python3.12/site-packages/airflow/example_dags/example_external_task_marker_dag.py
[2024-05-28T09:51:30.538+0000] {processor.py:840} INFO - DAG(s) 'example_external_task_marker_child', 'example_external_task_marker_parent' retrieved from /home/airflow/.local/lib/python3.12/site-packages/airflow/example_dags/example_external_task_marker_dag.py
[2024-05-28T09:51:30.575+0000] {logging_mixin.py:188} INFO - [2024-05-28T09:51:30.575+0000] {dag.py:3096} INFO - Sync 2 DAGs
[2024-05-28T09:51:30.605+0000] {logging_mixin.py:188} INFO - [2024-05-28T09:51:30.605+0000] {dag.py:3954} INFO - Setting next_dagrun for example_external_task_marker_child to None, run_after=None
[2024-05-28T09:51:30.611+0000] {logging_mixin.py:188} INFO - [2024-05-28T09:51:30.611+0000] {dag.py:3954} INFO - Setting next_dagrun for example_external_task_marker_parent to None, run_after=None
[2024-05-28T09:51:30.650+0000] {processor.py:183} INFO - Processing /home/airflow/.local/lib/python3.12/site-packages/airflow/example_dags/example_external_task_marker_dag.py took 0.136 seconds
[2024-05-28T09:52:00.986+0000] {processor.py:161} INFO - Started process (PID=289) to work on /home/airflow/.local/lib/python3.12/site-packages/airflow/example_dags/example_external_task_marker_dag.py
[2024-05-28T09:52:00.987+0000] {processor.py:830} INFO - Processing file /home/airflow/.local/lib/python3.12/site-packages/airflow/example_dags/example_external_task_marker_dag.py for tasks to queue
[2024-05-28T09:52:00.990+0000] {logging_mixin.py:188} INFO - [2024-05-28T09:52:00.989+0000] {dagbag.py:545} INFO - Filling up the DagBag from /home/airflow/.local/lib/python3.12/site-packages/airflow/example_dags/example_external_task_marker_dag.py
[2024-05-28T09:52:00.999+0000] {processor.py:840} INFO - DAG(s) 'example_external_task_marker_child', 'example_external_task_marker_parent' retrieved from /home/airflow/.local/lib/python3.12/site-packages/airflow/example_dags/example_external_task_marker_dag.py
[2024-05-28T09:52:01.065+0000] {logging_mixin.py:188} INFO - [2024-05-28T09:52:01.065+0000] {dag.py:3096} INFO - Sync 2 DAGs
[2024-05-28T09:52:01.088+0000] {logging_mixin.py:188} INFO - [2024-05-28T09:52:01.088+0000] {dag.py:3954} INFO - Setting next_dagrun for example_external_task_marker_child to None, run_after=None
[2024-05-28T09:52:01.094+0000] {logging_mixin.py:188} INFO - [2024-05-28T09:52:01.094+0000] {dag.py:3954} INFO - Setting next_dagrun for example_external_task_marker_parent to None, run_after=None
[2024-05-28T09:52:01.126+0000] {processor.py:183} INFO - Processing /home/airflow/.local/lib/python3.12/site-packages/airflow/example_dags/example_external_task_marker_dag.py took 0.149 seconds
[2024-05-28T09:52:31.210+0000] {processor.py:161} INFO - Started process (PID=345) to work on /home/airflow/.local/lib/python3.12/site-packages/airflow/example_dags/example_external_task_marker_dag.py
[2024-05-28T09:52:31.211+0000] {processor.py:830} INFO - Processing file /home/airflow/.local/lib/python3.12/site-packages/airflow/example_dags/example_external_task_marker_dag.py for tasks to queue
[2024-05-28T09:52:31.214+0000] {logging_mixin.py:188} INFO - [2024-05-28T09:52:31.213+0000] {dagbag.py:545} INFO - Filling up the DagBag from /home/airflow/.local/lib/python3.12/site-packages/airflow/example_dags/example_external_task_marker_dag.py
[2024-05-28T09:52:31.222+0000] {processor.py:840} INFO - DAG(s) 'example_external_task_marker_child', 'example_external_task_marker_parent' retrieved from /home/airflow/.local/lib/python3.12/site-packages/airflow/example_dags/example_external_task_marker_dag.py
[2024-05-28T09:52:31.286+0000] {logging_mixin.py:188} INFO - [2024-05-28T09:52:31.286+0000] {dag.py:3096} INFO - Sync 2 DAGs
[2024-05-28T09:52:31.328+0000] {logging_mixin.py:188} INFO - [2024-05-28T09:52:31.327+0000] {dag.py:3954} INFO - Setting next_dagrun for example_external_task_marker_child to None, run_after=None
[2024-05-28T09:52:31.332+0000] {logging_mixin.py:188} INFO - [2024-05-28T09:52:31.332+0000] {dag.py:3954} INFO - Setting next_dagrun for example_external_task_marker_parent to None, run_after=None
[2024-05-28T09:52:31.355+0000] {processor.py:183} INFO - Processing /home/airflow/.local/lib/python3.12/site-packages/airflow/example_dags/example_external_task_marker_dag.py took 0.152 seconds
[2024-05-28T09:53:02.070+0000] {processor.py:161} INFO - Started process (PID=404) to work on /home/airflow/.local/lib/python3.12/site-packages/airflow/example_dags/example_external_task_marker_dag.py
[2024-05-28T09:53:02.076+0000] {processor.py:830} INFO - Processing file /home/airflow/.local/lib/python3.12/site-packages/airflow/example_dags/example_external_task_marker_dag.py for tasks to queue
[2024-05-28T09:53:02.096+0000] {logging_mixin.py:188} INFO - [2024-05-28T09:53:02.093+0000] {dagbag.py:545} INFO - Filling up the DagBag from /home/airflow/.local/lib/python3.12/site-packages/airflow/example_dags/example_external_task_marker_dag.py
[2024-05-28T09:53:02.111+0000] {processor.py:840} INFO - DAG(s) 'example_external_task_marker_parent', 'example_external_task_marker_child' retrieved from /home/airflow/.local/lib/python3.12/site-packages/airflow/example_dags/example_external_task_marker_dag.py
[2024-05-28T09:53:02.174+0000] {logging_mixin.py:188} INFO - [2024-05-28T09:53:02.173+0000] {dag.py:3096} INFO - Sync 2 DAGs
[2024-05-28T09:53:02.204+0000] {logging_mixin.py:188} INFO - [2024-05-28T09:53:02.204+0000] {dag.py:3954} INFO - Setting next_dagrun for example_external_task_marker_child to None, run_after=None
[2024-05-28T09:53:02.212+0000] {logging_mixin.py:188} INFO - [2024-05-28T09:53:02.211+0000] {dag.py:3954} INFO - Setting next_dagrun for example_external_task_marker_parent to None, run_after=None
[2024-05-28T09:53:02.241+0000] {processor.py:183} INFO - Processing /home/airflow/.local/lib/python3.12/site-packages/airflow/example_dags/example_external_task_marker_dag.py took 0.200 seconds
[2024-05-28T09:53:32.488+0000] {processor.py:161} INFO - Started process (PID=461) to work on /home/airflow/.local/lib/python3.12/site-packages/airflow/example_dags/example_external_task_marker_dag.py
[2024-05-28T09:53:32.494+0000] {processor.py:830} INFO - Processing file /home/airflow/.local/lib/python3.12/site-packages/airflow/example_dags/example_external_task_marker_dag.py for tasks to queue
[2024-05-28T09:53:32.501+0000] {logging_mixin.py:188} INFO - [2024-05-28T09:53:32.499+0000] {dagbag.py:545} INFO - Filling up the DagBag from /home/airflow/.local/lib/python3.12/site-packages/airflow/example_dags/example_external_task_marker_dag.py
[2024-05-28T09:53:32.518+0000] {processor.py:840} INFO - DAG(s) 'example_external_task_marker_parent', 'example_external_task_marker_child' retrieved from /home/airflow/.local/lib/python3.12/site-packages/airflow/example_dags/example_external_task_marker_dag.py
[2024-05-28T09:53:32.566+0000] {logging_mixin.py:188} INFO - [2024-05-28T09:53:32.566+0000] {dag.py:3096} INFO - Sync 2 DAGs
[2024-05-28T09:53:32.587+0000] {logging_mixin.py:188} INFO - [2024-05-28T09:53:32.586+0000] {dag.py:3954} INFO - Setting next_dagrun for example_external_task_marker_child to None, run_after=None
[2024-05-28T09:53:32.594+0000] {logging_mixin.py:188} INFO - [2024-05-28T09:53:32.594+0000] {dag.py:3954} INFO - Setting next_dagrun for example_external_task_marker_parent to None, run_after=None
[2024-05-28T09:53:32.622+0000] {processor.py:183} INFO - Processing /home/airflow/.local/lib/python3.12/site-packages/airflow/example_dags/example_external_task_marker_dag.py took 0.145 seconds
[2024-05-28T09:54:03.399+0000] {processor.py:161} INFO - Started process (PID=526) to work on /home/airflow/.local/lib/python3.12/site-packages/airflow/example_dags/example_external_task_marker_dag.py
[2024-05-28T09:54:03.401+0000] {processor.py:830} INFO - Processing file /home/airflow/.local/lib/python3.12/site-packages/airflow/example_dags/example_external_task_marker_dag.py for tasks to queue
[2024-05-28T09:54:03.404+0000] {logging_mixin.py:188} INFO - [2024-05-28T09:54:03.404+0000] {dagbag.py:545} INFO - Filling up the DagBag from /home/airflow/.local/lib/python3.12/site-packages/airflow/example_dags/example_external_task_marker_dag.py
[2024-05-28T09:54:03.414+0000] {processor.py:840} INFO - DAG(s) 'example_external_task_marker_parent', 'example_external_task_marker_child' retrieved from /home/airflow/.local/lib/python3.12/site-packages/airflow/example_dags/example_external_task_marker_dag.py
[2024-05-28T09:54:03.477+0000] {logging_mixin.py:188} INFO - [2024-05-28T09:54:03.477+0000] {dag.py:3096} INFO - Sync 2 DAGs
[2024-05-28T09:54:03.506+0000] {logging_mixin.py:188} INFO - [2024-05-28T09:54:03.504+0000] {dag.py:3954} INFO - Setting next_dagrun for example_external_task_marker_child to None, run_after=None
[2024-05-28T09:54:03.512+0000] {logging_mixin.py:188} INFO - [2024-05-28T09:54:03.511+0000] {dag.py:3954} INFO - Setting next_dagrun for example_external_task_marker_parent to None, run_after=None
[2024-05-28T09:54:03.546+0000] {processor.py:183} INFO - Processing /home/airflow/.local/lib/python3.12/site-packages/airflow/example_dags/example_external_task_marker_dag.py took 0.156 seconds
[2024-05-28T09:54:34.161+0000] {processor.py:161} INFO - Started process (PID=584) to work on /home/airflow/.local/lib/python3.12/site-packages/airflow/example_dags/example_external_task_marker_dag.py
[2024-05-28T09:54:34.163+0000] {processor.py:830} INFO - Processing file /home/airflow/.local/lib/python3.12/site-packages/airflow/example_dags/example_external_task_marker_dag.py for tasks to queue
[2024-05-28T09:54:34.167+0000] {logging_mixin.py:188} INFO - [2024-05-28T09:54:34.166+0000] {dagbag.py:545} INFO - Filling up the DagBag from /home/airflow/.local/lib/python3.12/site-packages/airflow/example_dags/example_external_task_marker_dag.py
[2024-05-28T09:54:34.178+0000] {processor.py:840} INFO - DAG(s) 'example_external_task_marker_child', 'example_external_task_marker_parent' retrieved from /home/airflow/.local/lib/python3.12/site-packages/airflow/example_dags/example_external_task_marker_dag.py
[2024-05-28T09:54:34.233+0000] {logging_mixin.py:188} INFO - [2024-05-28T09:54:34.232+0000] {dag.py:3096} INFO - Sync 2 DAGs
[2024-05-28T09:54:34.267+0000] {logging_mixin.py:188} INFO - [2024-05-28T09:54:34.266+0000] {dag.py:3954} INFO - Setting next_dagrun for example_external_task_marker_child to None, run_after=None
[2024-05-28T09:54:34.275+0000] {logging_mixin.py:188} INFO - [2024-05-28T09:54:34.274+0000] {dag.py:3954} INFO - Setting next_dagrun for example_external_task_marker_parent to None, run_after=None
[2024-05-28T09:54:34.332+0000] {processor.py:183} INFO - Processing /home/airflow/.local/lib/python3.12/site-packages/airflow/example_dags/example_external_task_marker_dag.py took 0.186 seconds
[2024-05-28T09:55:05.306+0000] {processor.py:161} INFO - Started process (PID=642) to work on /home/airflow/.local/lib/python3.12/site-packages/airflow/example_dags/example_external_task_marker_dag.py
[2024-05-28T09:55:05.308+0000] {processor.py:830} INFO - Processing file /home/airflow/.local/lib/python3.12/site-packages/airflow/example_dags/example_external_task_marker_dag.py for tasks to queue
[2024-05-28T09:55:05.310+0000] {logging_mixin.py:188} INFO - [2024-05-28T09:55:05.310+0000] {dagbag.py:545} INFO - Filling up the DagBag from /home/airflow/.local/lib/python3.12/site-packages/airflow/example_dags/example_external_task_marker_dag.py
[2024-05-28T09:55:05.318+0000] {processor.py:840} INFO - DAG(s) 'example_external_task_marker_child', 'example_external_task_marker_parent' retrieved from /home/airflow/.local/lib/python3.12/site-packages/airflow/example_dags/example_external_task_marker_dag.py
[2024-05-28T09:55:05.347+0000] {logging_mixin.py:188} INFO - [2024-05-28T09:55:05.346+0000] {dag.py:3096} INFO - Sync 2 DAGs
[2024-05-28T09:55:05.365+0000] {logging_mixin.py:188} INFO - [2024-05-28T09:55:05.365+0000] {dag.py:3954} INFO - Setting next_dagrun for example_external_task_marker_child to None, run_after=None
[2024-05-28T09:55:05.370+0000] {logging_mixin.py:188} INFO - [2024-05-28T09:55:05.370+0000] {dag.py:3954} INFO - Setting next_dagrun for example_external_task_marker_parent to None, run_after=None
[2024-05-28T09:55:05.394+0000] {processor.py:183} INFO - Processing /home/airflow/.local/lib/python3.12/site-packages/airflow/example_dags/example_external_task_marker_dag.py took 0.096 seconds
[2024-05-28T09:55:35.738+0000] {processor.py:161} INFO - Started process (PID=700) to work on /home/airflow/.local/lib/python3.12/site-packages/airflow/example_dags/example_external_task_marker_dag.py
[2024-05-28T09:55:35.739+0000] {processor.py:830} INFO - Processing file /home/airflow/.local/lib/python3.12/site-packages/airflow/example_dags/example_external_task_marker_dag.py for tasks to queue
[2024-05-28T09:55:35.743+0000] {logging_mixin.py:188} INFO - [2024-05-28T09:55:35.742+0000] {dagbag.py:545} INFO - Filling up the DagBag from /home/airflow/.local/lib/python3.12/site-packages/airflow/example_dags/example_external_task_marker_dag.py
[2024-05-28T09:55:35.754+0000] {processor.py:840} INFO - DAG(s) 'example_external_task_marker_child', 'example_external_task_marker_parent' retrieved from /home/airflow/.local/lib/python3.12/site-packages/airflow/example_dags/example_external_task_marker_dag.py
[2024-05-28T09:55:35.802+0000] {logging_mixin.py:188} INFO - [2024-05-28T09:55:35.802+0000] {dag.py:3096} INFO - Sync 2 DAGs
[2024-05-28T09:55:35.838+0000] {logging_mixin.py:188} INFO - [2024-05-28T09:55:35.838+0000] {dag.py:3954} INFO - Setting next_dagrun for example_external_task_marker_child to None, run_after=None
[2024-05-28T09:55:35.846+0000] {logging_mixin.py:188} INFO - [2024-05-28T09:55:35.845+0000] {dag.py:3954} INFO - Setting next_dagrun for example_external_task_marker_parent to None, run_after=None
[2024-05-28T09:55:35.885+0000] {processor.py:183} INFO - Processing /home/airflow/.local/lib/python3.12/site-packages/airflow/example_dags/example_external_task_marker_dag.py took 0.157 seconds
[2024-05-28T09:56:06.484+0000] {processor.py:161} INFO - Started process (PID=758) to work on /home/airflow/.local/lib/python3.12/site-packages/airflow/example_dags/example_external_task_marker_dag.py
[2024-05-28T09:56:06.486+0000] {processor.py:830} INFO - Processing file /home/airflow/.local/lib/python3.12/site-packages/airflow/example_dags/example_external_task_marker_dag.py for tasks to queue
[2024-05-28T09:56:06.488+0000] {logging_mixin.py:188} INFO - [2024-05-28T09:56:06.488+0000] {dagbag.py:545} INFO - Filling up the DagBag from /home/airflow/.local/lib/python3.12/site-packages/airflow/example_dags/example_external_task_marker_dag.py
[2024-05-28T09:56:06.496+0000] {processor.py:840} INFO - DAG(s) 'example_external_task_marker_child', 'example_external_task_marker_parent' retrieved from /home/airflow/.local/lib/python3.12/site-packages/airflow/example_dags/example_external_task_marker_dag.py
[2024-05-28T09:56:06.534+0000] {logging_mixin.py:188} INFO - [2024-05-28T09:56:06.533+0000] {dag.py:3096} INFO - Sync 2 DAGs
[2024-05-28T09:56:06.551+0000] {logging_mixin.py:188} INFO - [2024-05-28T09:56:06.551+0000] {dag.py:3954} INFO - Setting next_dagrun for example_external_task_marker_child to None, run_after=None
[2024-05-28T09:56:06.556+0000] {logging_mixin.py:188} INFO - [2024-05-28T09:56:06.556+0000] {dag.py:3954} INFO - Setting next_dagrun for example_external_task_marker_parent to None, run_after=None
[2024-05-28T09:56:06.581+0000] {processor.py:183} INFO - Processing /home/airflow/.local/lib/python3.12/site-packages/airflow/example_dags/example_external_task_marker_dag.py took 0.106 seconds
[2024-05-28T09:56:36.821+0000] {processor.py:161} INFO - Started process (PID=816) to work on /home/airflow/.local/lib/python3.12/site-packages/airflow/example_dags/example_external_task_marker_dag.py
[2024-05-28T09:56:36.824+0000] {processor.py:830} INFO - Processing file /home/airflow/.local/lib/python3.12/site-packages/airflow/example_dags/example_external_task_marker_dag.py for tasks to queue
[2024-05-28T09:56:36.833+0000] {logging_mixin.py:188} INFO - [2024-05-28T09:56:36.831+0000] {dagbag.py:545} INFO - Filling up the DagBag from /home/airflow/.local/lib/python3.12/site-packages/airflow/example_dags/example_external_task_marker_dag.py
[2024-05-28T09:56:36.848+0000] {processor.py:840} INFO - DAG(s) 'example_external_task_marker_child', 'example_external_task_marker_parent' retrieved from /home/airflow/.local/lib/python3.12/site-packages/airflow/example_dags/example_external_task_marker_dag.py
[2024-05-28T09:56:36.935+0000] {logging_mixin.py:188} INFO - [2024-05-28T09:56:36.935+0000] {dag.py:3096} INFO - Sync 2 DAGs
[2024-05-28T09:56:36.971+0000] {logging_mixin.py:188} INFO - [2024-05-28T09:56:36.970+0000] {dag.py:3954} INFO - Setting next_dagrun for example_external_task_marker_child to None, run_after=None
[2024-05-28T09:56:36.977+0000] {logging_mixin.py:188} INFO - [2024-05-28T09:56:36.976+0000] {dag.py:3954} INFO - Setting next_dagrun for example_external_task_marker_parent to None, run_after=None
[2024-05-28T09:56:36.999+0000] {processor.py:183} INFO - Processing /home/airflow/.local/lib/python3.12/site-packages/airflow/example_dags/example_external_task_marker_dag.py took 0.196 seconds
[2024-05-28T09:57:07.534+0000] {processor.py:161} INFO - Started process (PID=873) to work on /home/airflow/.local/lib/python3.12/site-packages/airflow/example_dags/example_external_task_marker_dag.py
[2024-05-28T09:57:07.536+0000] {processor.py:830} INFO - Processing file /home/airflow/.local/lib/python3.12/site-packages/airflow/example_dags/example_external_task_marker_dag.py for tasks to queue
[2024-05-28T09:57:07.538+0000] {logging_mixin.py:188} INFO - [2024-05-28T09:57:07.538+0000] {dagbag.py:545} INFO - Filling up the DagBag from /home/airflow/.local/lib/python3.12/site-packages/airflow/example_dags/example_external_task_marker_dag.py
[2024-05-28T09:57:07.548+0000] {processor.py:840} INFO - DAG(s) 'example_external_task_marker_child', 'example_external_task_marker_parent' retrieved from /home/airflow/.local/lib/python3.12/site-packages/airflow/example_dags/example_external_task_marker_dag.py
[2024-05-28T09:57:07.585+0000] {logging_mixin.py:188} INFO - [2024-05-28T09:57:07.585+0000] {dag.py:3096} INFO - Sync 2 DAGs
[2024-05-28T09:57:07.604+0000] {logging_mixin.py:188} INFO - [2024-05-28T09:57:07.604+0000] {dag.py:3954} INFO - Setting next_dagrun for example_external_task_marker_child to None, run_after=None
[2024-05-28T09:57:07.609+0000] {logging_mixin.py:188} INFO - [2024-05-28T09:57:07.609+0000] {dag.py:3954} INFO - Setting next_dagrun for example_external_task_marker_parent to None, run_after=None
[2024-05-28T09:57:07.635+0000] {processor.py:183} INFO - Processing /home/airflow/.local/lib/python3.12/site-packages/airflow/example_dags/example_external_task_marker_dag.py took 0.112 seconds
[2024-05-28T09:57:37.964+0000] {processor.py:161} INFO - Started process (PID=931) to work on /home/airflow/.local/lib/python3.12/site-packages/airflow/example_dags/example_external_task_marker_dag.py
[2024-05-28T09:57:37.966+0000] {processor.py:830} INFO - Processing file /home/airflow/.local/lib/python3.12/site-packages/airflow/example_dags/example_external_task_marker_dag.py for tasks to queue
[2024-05-28T09:57:37.971+0000] {logging_mixin.py:188} INFO - [2024-05-28T09:57:37.969+0000] {dagbag.py:545} INFO - Filling up the DagBag from /home/airflow/.local/lib/python3.12/site-packages/airflow/example_dags/example_external_task_marker_dag.py
[2024-05-28T09:57:37.979+0000] {processor.py:840} INFO - DAG(s) 'example_external_task_marker_parent', 'example_external_task_marker_child' retrieved from /home/airflow/.local/lib/python3.12/site-packages/airflow/example_dags/example_external_task_marker_dag.py
[2024-05-28T09:57:38.011+0000] {logging_mixin.py:188} INFO - [2024-05-28T09:57:38.011+0000] {dag.py:3096} INFO - Sync 2 DAGs
[2024-05-28T09:57:38.028+0000] {logging_mixin.py:188} INFO - [2024-05-28T09:57:38.027+0000] {dag.py:3954} INFO - Setting next_dagrun for example_external_task_marker_child to None, run_after=None
[2024-05-28T09:57:38.033+0000] {logging_mixin.py:188} INFO - [2024-05-28T09:57:38.033+0000] {dag.py:3954} INFO - Setting next_dagrun for example_external_task_marker_parent to None, run_after=None
[2024-05-28T09:57:38.053+0000] {processor.py:183} INFO - Processing /home/airflow/.local/lib/python3.12/site-packages/airflow/example_dags/example_external_task_marker_dag.py took 0.101 seconds
[2024-05-28T09:58:08.488+0000] {processor.py:161} INFO - Started process (PID=989) to work on /home/airflow/.local/lib/python3.12/site-packages/airflow/example_dags/example_external_task_marker_dag.py
[2024-05-28T09:58:08.490+0000] {processor.py:830} INFO - Processing file /home/airflow/.local/lib/python3.12/site-packages/airflow/example_dags/example_external_task_marker_dag.py for tasks to queue
[2024-05-28T09:58:08.492+0000] {logging_mixin.py:188} INFO - [2024-05-28T09:58:08.492+0000] {dagbag.py:545} INFO - Filling up the DagBag from /home/airflow/.local/lib/python3.12/site-packages/airflow/example_dags/example_external_task_marker_dag.py
[2024-05-28T09:58:08.500+0000] {processor.py:840} INFO - DAG(s) 'example_external_task_marker_child', 'example_external_task_marker_parent' retrieved from /home/airflow/.local/lib/python3.12/site-packages/airflow/example_dags/example_external_task_marker_dag.py
[2024-05-28T09:58:08.584+0000] {logging_mixin.py:188} INFO - [2024-05-28T09:58:08.583+0000] {dag.py:3096} INFO - Sync 2 DAGs
[2024-05-28T09:58:08.646+0000] {logging_mixin.py:188} INFO - [2024-05-28T09:58:08.645+0000] {dag.py:3954} INFO - Setting next_dagrun for example_external_task_marker_child to None, run_after=None
[2024-05-28T09:58:08.654+0000] {logging_mixin.py:188} INFO - [2024-05-28T09:58:08.654+0000] {dag.py:3954} INFO - Setting next_dagrun for example_external_task_marker_parent to None, run_after=None
[2024-05-28T09:58:08.738+0000] {processor.py:183} INFO - Processing /home/airflow/.local/lib/python3.12/site-packages/airflow/example_dags/example_external_task_marker_dag.py took 0.258 seconds
[2024-05-28T10:00:16.078+0000] {processor.py:161} INFO - Started process (PID=64) to work on /home/airflow/.local/lib/python3.12/site-packages/airflow/example_dags/example_external_task_marker_dag.py
[2024-05-28T10:00:16.082+0000] {processor.py:830} INFO - Processing file /home/airflow/.local/lib/python3.12/site-packages/airflow/example_dags/example_external_task_marker_dag.py for tasks to queue
[2024-05-28T10:00:16.084+0000] {logging_mixin.py:188} INFO - [2024-05-28T10:00:16.084+0000] {dagbag.py:545} INFO - Filling up the DagBag from /home/airflow/.local/lib/python3.12/site-packages/airflow/example_dags/example_external_task_marker_dag.py
[2024-05-28T10:00:16.104+0000] {processor.py:840} INFO - DAG(s) 'example_external_task_marker_child', 'example_external_task_marker_parent' retrieved from /home/airflow/.local/lib/python3.12/site-packages/airflow/example_dags/example_external_task_marker_dag.py
[2024-05-28T10:00:16.367+0000] {logging_mixin.py:188} INFO - [2024-05-28T10:00:16.365+0000] {dag.py:3096} INFO - Sync 2 DAGs
[2024-05-28T10:00:16.428+0000] {logging_mixin.py:188} INFO - [2024-05-28T10:00:16.425+0000] {dag.py:3954} INFO - Setting next_dagrun for example_external_task_marker_child to None, run_after=None
[2024-05-28T10:00:16.450+0000] {logging_mixin.py:188} INFO - [2024-05-28T10:00:16.449+0000] {dag.py:3954} INFO - Setting next_dagrun for example_external_task_marker_parent to None, run_after=None
[2024-05-28T10:00:16.597+0000] {processor.py:183} INFO - Processing /home/airflow/.local/lib/python3.12/site-packages/airflow/example_dags/example_external_task_marker_dag.py took 0.530 seconds
[2024-05-28T10:00:47.346+0000] {processor.py:161} INFO - Started process (PID=122) to work on /home/airflow/.local/lib/python3.12/site-packages/airflow/example_dags/example_external_task_marker_dag.py
[2024-05-28T10:00:47.348+0000] {processor.py:830} INFO - Processing file /home/airflow/.local/lib/python3.12/site-packages/airflow/example_dags/example_external_task_marker_dag.py for tasks to queue
[2024-05-28T10:00:47.350+0000] {logging_mixin.py:188} INFO - [2024-05-28T10:00:47.349+0000] {dagbag.py:545} INFO - Filling up the DagBag from /home/airflow/.local/lib/python3.12/site-packages/airflow/example_dags/example_external_task_marker_dag.py
[2024-05-28T10:00:47.357+0000] {processor.py:840} INFO - DAG(s) 'example_external_task_marker_child', 'example_external_task_marker_parent' retrieved from /home/airflow/.local/lib/python3.12/site-packages/airflow/example_dags/example_external_task_marker_dag.py
[2024-05-28T10:00:47.409+0000] {logging_mixin.py:188} INFO - [2024-05-28T10:00:47.408+0000] {dag.py:3096} INFO - Sync 2 DAGs
[2024-05-28T10:00:47.434+0000] {logging_mixin.py:188} INFO - [2024-05-28T10:00:47.433+0000] {dag.py:3954} INFO - Setting next_dagrun for example_external_task_marker_child to None, run_after=None
[2024-05-28T10:00:47.442+0000] {logging_mixin.py:188} INFO - [2024-05-28T10:00:47.441+0000] {dag.py:3954} INFO - Setting next_dagrun for example_external_task_marker_parent to None, run_after=None
[2024-05-28T10:00:47.464+0000] {processor.py:183} INFO - Processing /home/airflow/.local/lib/python3.12/site-packages/airflow/example_dags/example_external_task_marker_dag.py took 0.130 seconds
[2024-05-28T10:01:17.767+0000] {processor.py:161} INFO - Started process (PID=180) to work on /home/airflow/.local/lib/python3.12/site-packages/airflow/example_dags/example_external_task_marker_dag.py
[2024-05-28T10:01:17.771+0000] {processor.py:830} INFO - Processing file /home/airflow/.local/lib/python3.12/site-packages/airflow/example_dags/example_external_task_marker_dag.py for tasks to queue
[2024-05-28T10:01:17.774+0000] {logging_mixin.py:188} INFO - [2024-05-28T10:01:17.773+0000] {dagbag.py:545} INFO - Filling up the DagBag from /home/airflow/.local/lib/python3.12/site-packages/airflow/example_dags/example_external_task_marker_dag.py
[2024-05-28T10:01:17.782+0000] {processor.py:840} INFO - DAG(s) 'example_external_task_marker_child', 'example_external_task_marker_parent' retrieved from /home/airflow/.local/lib/python3.12/site-packages/airflow/example_dags/example_external_task_marker_dag.py
[2024-05-28T10:01:17.845+0000] {logging_mixin.py:188} INFO - [2024-05-28T10:01:17.844+0000] {dag.py:3096} INFO - Sync 2 DAGs
[2024-05-28T10:01:17.881+0000] {logging_mixin.py:188} INFO - [2024-05-28T10:01:17.881+0000] {dag.py:3954} INFO - Setting next_dagrun for example_external_task_marker_child to None, run_after=None
[2024-05-28T10:01:17.888+0000] {logging_mixin.py:188} INFO - [2024-05-28T10:01:17.888+0000] {dag.py:3954} INFO - Setting next_dagrun for example_external_task_marker_parent to None, run_after=None
[2024-05-28T10:01:17.919+0000] {processor.py:183} INFO - Processing /home/airflow/.local/lib/python3.12/site-packages/airflow/example_dags/example_external_task_marker_dag.py took 0.173 seconds
