[2024-05-28T09:46:28.983+0000] {processor.py:161} INFO - Started process (PID=60) to work on /home/airflow/.local/lib/python3.12/site-packages/airflow/example_dags/example_python_operator.py
[2024-05-28T09:46:28.984+0000] {processor.py:830} INFO - Processing file /home/airflow/.local/lib/python3.12/site-packages/airflow/example_dags/example_python_operator.py for tasks to queue
[2024-05-28T09:46:28.988+0000] {logging_mixin.py:188} INFO - [2024-05-28T09:46:28.987+0000] {dagbag.py:545} INFO - Filling up the DagBag from /home/airflow/.local/lib/python3.12/site-packages/airflow/example_dags/example_python_operator.py
[2024-05-28T09:46:29.042+0000] {processor.py:840} INFO - DAG(s) 'example_python_operator' retrieved from /home/airflow/.local/lib/python3.12/site-packages/airflow/example_dags/example_python_operator.py
[2024-05-28T09:46:29.367+0000] {logging_mixin.py:188} INFO - [2024-05-28T09:46:29.360+0000] {dag.py:3096} INFO - Sync 1 DAGs
[2024-05-28T09:46:29.400+0000] {logging_mixin.py:188} INFO - [2024-05-28T09:46:29.399+0000] {dag.py:3954} INFO - Setting next_dagrun for example_python_operator to None, run_after=None
[2024-05-28T09:46:29.454+0000] {processor.py:183} INFO - Processing /home/airflow/.local/lib/python3.12/site-packages/airflow/example_dags/example_python_operator.py took 0.481 seconds
[2024-05-28T09:46:59.898+0000] {processor.py:161} INFO - Started process (PID=118) to work on /home/airflow/.local/lib/python3.12/site-packages/airflow/example_dags/example_python_operator.py
[2024-05-28T09:46:59.899+0000] {processor.py:830} INFO - Processing file /home/airflow/.local/lib/python3.12/site-packages/airflow/example_dags/example_python_operator.py for tasks to queue
[2024-05-28T09:46:59.901+0000] {logging_mixin.py:188} INFO - [2024-05-28T09:46:59.901+0000] {dagbag.py:545} INFO - Filling up the DagBag from /home/airflow/.local/lib/python3.12/site-packages/airflow/example_dags/example_python_operator.py
[2024-05-28T09:46:59.916+0000] {processor.py:840} INFO - DAG(s) 'example_python_operator' retrieved from /home/airflow/.local/lib/python3.12/site-packages/airflow/example_dags/example_python_operator.py
[2024-05-28T09:46:59.950+0000] {logging_mixin.py:188} INFO - [2024-05-28T09:46:59.949+0000] {dag.py:3096} INFO - Sync 1 DAGs
[2024-05-28T09:46:59.973+0000] {logging_mixin.py:188} INFO - [2024-05-28T09:46:59.973+0000] {dag.py:3954} INFO - Setting next_dagrun for example_python_operator to None, run_after=None
[2024-05-28T09:47:00.010+0000] {processor.py:183} INFO - Processing /home/airflow/.local/lib/python3.12/site-packages/airflow/example_dags/example_python_operator.py took 0.121 seconds
[2024-05-28T09:47:30.721+0000] {processor.py:161} INFO - Started process (PID=176) to work on /home/airflow/.local/lib/python3.12/site-packages/airflow/example_dags/example_python_operator.py
[2024-05-28T09:47:30.722+0000] {processor.py:830} INFO - Processing file /home/airflow/.local/lib/python3.12/site-packages/airflow/example_dags/example_python_operator.py for tasks to queue
[2024-05-28T09:47:30.725+0000] {logging_mixin.py:188} INFO - [2024-05-28T09:47:30.724+0000] {dagbag.py:545} INFO - Filling up the DagBag from /home/airflow/.local/lib/python3.12/site-packages/airflow/example_dags/example_python_operator.py
[2024-05-28T09:47:30.738+0000] {processor.py:840} INFO - DAG(s) 'example_python_operator' retrieved from /home/airflow/.local/lib/python3.12/site-packages/airflow/example_dags/example_python_operator.py
[2024-05-28T09:47:30.788+0000] {logging_mixin.py:188} INFO - [2024-05-28T09:47:30.787+0000] {dag.py:3096} INFO - Sync 1 DAGs
[2024-05-28T09:47:30.819+0000] {logging_mixin.py:188} INFO - [2024-05-28T09:47:30.818+0000] {dag.py:3954} INFO - Setting next_dagrun for example_python_operator to None, run_after=None
[2024-05-28T09:47:30.895+0000] {processor.py:183} INFO - Processing /home/airflow/.local/lib/python3.12/site-packages/airflow/example_dags/example_python_operator.py took 0.182 seconds
[2024-05-28T09:48:01.634+0000] {processor.py:161} INFO - Started process (PID=234) to work on /home/airflow/.local/lib/python3.12/site-packages/airflow/example_dags/example_python_operator.py
[2024-05-28T09:48:01.636+0000] {processor.py:830} INFO - Processing file /home/airflow/.local/lib/python3.12/site-packages/airflow/example_dags/example_python_operator.py for tasks to queue
[2024-05-28T09:48:01.640+0000] {logging_mixin.py:188} INFO - [2024-05-28T09:48:01.639+0000] {dagbag.py:545} INFO - Filling up the DagBag from /home/airflow/.local/lib/python3.12/site-packages/airflow/example_dags/example_python_operator.py
[2024-05-28T09:48:01.676+0000] {processor.py:840} INFO - DAG(s) 'example_python_operator' retrieved from /home/airflow/.local/lib/python3.12/site-packages/airflow/example_dags/example_python_operator.py
[2024-05-28T09:48:01.715+0000] {logging_mixin.py:188} INFO - [2024-05-28T09:48:01.715+0000] {dag.py:3096} INFO - Sync 1 DAGs
[2024-05-28T09:48:01.739+0000] {logging_mixin.py:188} INFO - [2024-05-28T09:48:01.738+0000] {dag.py:3954} INFO - Setting next_dagrun for example_python_operator to None, run_after=None
[2024-05-28T09:48:01.773+0000] {processor.py:183} INFO - Processing /home/airflow/.local/lib/python3.12/site-packages/airflow/example_dags/example_python_operator.py took 0.152 seconds
[2024-05-28T09:48:32.653+0000] {processor.py:161} INFO - Started process (PID=292) to work on /home/airflow/.local/lib/python3.12/site-packages/airflow/example_dags/example_python_operator.py
[2024-05-28T09:48:32.655+0000] {processor.py:830} INFO - Processing file /home/airflow/.local/lib/python3.12/site-packages/airflow/example_dags/example_python_operator.py for tasks to queue
[2024-05-28T09:48:32.658+0000] {logging_mixin.py:188} INFO - [2024-05-28T09:48:32.657+0000] {dagbag.py:545} INFO - Filling up the DagBag from /home/airflow/.local/lib/python3.12/site-packages/airflow/example_dags/example_python_operator.py
[2024-05-28T09:48:32.671+0000] {processor.py:840} INFO - DAG(s) 'example_python_operator' retrieved from /home/airflow/.local/lib/python3.12/site-packages/airflow/example_dags/example_python_operator.py
[2024-05-28T09:48:32.698+0000] {logging_mixin.py:188} INFO - [2024-05-28T09:48:32.698+0000] {dag.py:3096} INFO - Sync 1 DAGs
[2024-05-28T09:48:32.715+0000] {logging_mixin.py:188} INFO - [2024-05-28T09:48:32.715+0000] {dag.py:3954} INFO - Setting next_dagrun for example_python_operator to None, run_after=None
[2024-05-28T09:48:32.746+0000] {processor.py:183} INFO - Processing /home/airflow/.local/lib/python3.12/site-packages/airflow/example_dags/example_python_operator.py took 0.102 seconds
[2024-05-28T09:49:57.962+0000] {processor.py:161} INFO - Started process (PID=54) to work on /home/airflow/.local/lib/python3.12/site-packages/airflow/example_dags/example_python_operator.py
[2024-05-28T09:49:57.964+0000] {processor.py:830} INFO - Processing file /home/airflow/.local/lib/python3.12/site-packages/airflow/example_dags/example_python_operator.py for tasks to queue
[2024-05-28T09:49:57.966+0000] {logging_mixin.py:188} INFO - [2024-05-28T09:49:57.966+0000] {dagbag.py:545} INFO - Filling up the DagBag from /home/airflow/.local/lib/python3.12/site-packages/airflow/example_dags/example_python_operator.py
[2024-05-28T09:49:57.981+0000] {processor.py:840} INFO - DAG(s) 'example_python_operator' retrieved from /home/airflow/.local/lib/python3.12/site-packages/airflow/example_dags/example_python_operator.py
[2024-05-28T09:49:58.199+0000] {logging_mixin.py:188} INFO - [2024-05-28T09:49:58.199+0000] {dag.py:3096} INFO - Sync 1 DAGs
[2024-05-28T09:49:58.216+0000] {logging_mixin.py:188} INFO - [2024-05-28T09:49:58.215+0000] {dag.py:3954} INFO - Setting next_dagrun for example_python_operator to None, run_after=None
[2024-05-28T09:49:58.260+0000] {processor.py:183} INFO - Processing /home/airflow/.local/lib/python3.12/site-packages/airflow/example_dags/example_python_operator.py took 0.304 seconds
[2024-05-28T09:50:28.545+0000] {processor.py:161} INFO - Started process (PID=112) to work on /home/airflow/.local/lib/python3.12/site-packages/airflow/example_dags/example_python_operator.py
[2024-05-28T09:50:28.547+0000] {processor.py:830} INFO - Processing file /home/airflow/.local/lib/python3.12/site-packages/airflow/example_dags/example_python_operator.py for tasks to queue
[2024-05-28T09:50:28.551+0000] {logging_mixin.py:188} INFO - [2024-05-28T09:50:28.550+0000] {dagbag.py:545} INFO - Filling up the DagBag from /home/airflow/.local/lib/python3.12/site-packages/airflow/example_dags/example_python_operator.py
[2024-05-28T09:50:28.587+0000] {processor.py:840} INFO - DAG(s) 'example_python_operator' retrieved from /home/airflow/.local/lib/python3.12/site-packages/airflow/example_dags/example_python_operator.py
[2024-05-28T09:50:28.646+0000] {logging_mixin.py:188} INFO - [2024-05-28T09:50:28.645+0000] {dag.py:3096} INFO - Sync 1 DAGs
[2024-05-28T09:50:28.678+0000] {logging_mixin.py:188} INFO - [2024-05-28T09:50:28.678+0000] {dag.py:3954} INFO - Setting next_dagrun for example_python_operator to None, run_after=None
[2024-05-28T09:50:28.728+0000] {processor.py:183} INFO - Processing /home/airflow/.local/lib/python3.12/site-packages/airflow/example_dags/example_python_operator.py took 0.193 seconds
[2024-05-28T09:50:59.008+0000] {processor.py:161} INFO - Started process (PID=170) to work on /home/airflow/.local/lib/python3.12/site-packages/airflow/example_dags/example_python_operator.py
[2024-05-28T09:50:59.010+0000] {processor.py:830} INFO - Processing file /home/airflow/.local/lib/python3.12/site-packages/airflow/example_dags/example_python_operator.py for tasks to queue
[2024-05-28T09:50:59.013+0000] {logging_mixin.py:188} INFO - [2024-05-28T09:50:59.012+0000] {dagbag.py:545} INFO - Filling up the DagBag from /home/airflow/.local/lib/python3.12/site-packages/airflow/example_dags/example_python_operator.py
[2024-05-28T09:50:59.030+0000] {processor.py:840} INFO - DAG(s) 'example_python_operator' retrieved from /home/airflow/.local/lib/python3.12/site-packages/airflow/example_dags/example_python_operator.py
[2024-05-28T09:50:59.072+0000] {logging_mixin.py:188} INFO - [2024-05-28T09:50:59.072+0000] {dag.py:3096} INFO - Sync 1 DAGs
[2024-05-28T09:50:59.096+0000] {logging_mixin.py:188} INFO - [2024-05-28T09:50:59.096+0000] {dag.py:3954} INFO - Setting next_dagrun for example_python_operator to None, run_after=None
[2024-05-28T09:50:59.129+0000] {processor.py:183} INFO - Processing /home/airflow/.local/lib/python3.12/site-packages/airflow/example_dags/example_python_operator.py took 0.129 seconds
[2024-05-28T09:51:30.295+0000] {processor.py:161} INFO - Started process (PID=228) to work on /home/airflow/.local/lib/python3.12/site-packages/airflow/example_dags/example_python_operator.py
[2024-05-28T09:51:30.296+0000] {processor.py:830} INFO - Processing file /home/airflow/.local/lib/python3.12/site-packages/airflow/example_dags/example_python_operator.py for tasks to queue
[2024-05-28T09:51:30.299+0000] {logging_mixin.py:188} INFO - [2024-05-28T09:51:30.299+0000] {dagbag.py:545} INFO - Filling up the DagBag from /home/airflow/.local/lib/python3.12/site-packages/airflow/example_dags/example_python_operator.py
[2024-05-28T09:51:30.314+0000] {processor.py:840} INFO - DAG(s) 'example_python_operator' retrieved from /home/airflow/.local/lib/python3.12/site-packages/airflow/example_dags/example_python_operator.py
[2024-05-28T09:51:30.365+0000] {logging_mixin.py:188} INFO - [2024-05-28T09:51:30.364+0000] {dag.py:3096} INFO - Sync 1 DAGs
[2024-05-28T09:51:30.392+0000] {logging_mixin.py:188} INFO - [2024-05-28T09:51:30.392+0000] {dag.py:3954} INFO - Setting next_dagrun for example_python_operator to None, run_after=None
[2024-05-28T09:51:30.437+0000] {processor.py:183} INFO - Processing /home/airflow/.local/lib/python3.12/site-packages/airflow/example_dags/example_python_operator.py took 0.151 seconds
[2024-05-28T09:52:00.522+0000] {processor.py:161} INFO - Started process (PID=286) to work on /home/airflow/.local/lib/python3.12/site-packages/airflow/example_dags/example_python_operator.py
[2024-05-28T09:52:00.523+0000] {processor.py:830} INFO - Processing file /home/airflow/.local/lib/python3.12/site-packages/airflow/example_dags/example_python_operator.py for tasks to queue
[2024-05-28T09:52:00.526+0000] {logging_mixin.py:188} INFO - [2024-05-28T09:52:00.525+0000] {dagbag.py:545} INFO - Filling up the DagBag from /home/airflow/.local/lib/python3.12/site-packages/airflow/example_dags/example_python_operator.py
[2024-05-28T09:52:00.544+0000] {processor.py:840} INFO - DAG(s) 'example_python_operator' retrieved from /home/airflow/.local/lib/python3.12/site-packages/airflow/example_dags/example_python_operator.py
[2024-05-28T09:52:00.597+0000] {logging_mixin.py:188} INFO - [2024-05-28T09:52:00.596+0000] {dag.py:3096} INFO - Sync 1 DAGs
[2024-05-28T09:52:00.635+0000] {logging_mixin.py:188} INFO - [2024-05-28T09:52:00.632+0000] {dag.py:3954} INFO - Setting next_dagrun for example_python_operator to None, run_after=None
[2024-05-28T09:52:00.695+0000] {processor.py:183} INFO - Processing /home/airflow/.local/lib/python3.12/site-packages/airflow/example_dags/example_python_operator.py took 0.184 seconds
[2024-05-28T09:52:30.956+0000] {processor.py:161} INFO - Started process (PID=343) to work on /home/airflow/.local/lib/python3.12/site-packages/airflow/example_dags/example_python_operator.py
[2024-05-28T09:52:30.960+0000] {processor.py:830} INFO - Processing file /home/airflow/.local/lib/python3.12/site-packages/airflow/example_dags/example_python_operator.py for tasks to queue
[2024-05-28T09:52:30.965+0000] {logging_mixin.py:188} INFO - [2024-05-28T09:52:30.963+0000] {dagbag.py:545} INFO - Filling up the DagBag from /home/airflow/.local/lib/python3.12/site-packages/airflow/example_dags/example_python_operator.py
[2024-05-28T09:52:30.986+0000] {processor.py:840} INFO - DAG(s) 'example_python_operator' retrieved from /home/airflow/.local/lib/python3.12/site-packages/airflow/example_dags/example_python_operator.py
[2024-05-28T09:52:31.073+0000] {logging_mixin.py:188} INFO - [2024-05-28T09:52:31.073+0000] {dag.py:3096} INFO - Sync 1 DAGs
[2024-05-28T09:52:31.116+0000] {logging_mixin.py:188} INFO - [2024-05-28T09:52:31.115+0000] {dag.py:3954} INFO - Setting next_dagrun for example_python_operator to None, run_after=None
[2024-05-28T09:52:31.167+0000] {processor.py:183} INFO - Processing /home/airflow/.local/lib/python3.12/site-packages/airflow/example_dags/example_python_operator.py took 0.229 seconds
[2024-05-28T09:53:01.626+0000] {processor.py:161} INFO - Started process (PID=401) to work on /home/airflow/.local/lib/python3.12/site-packages/airflow/example_dags/example_python_operator.py
[2024-05-28T09:53:01.629+0000] {processor.py:830} INFO - Processing file /home/airflow/.local/lib/python3.12/site-packages/airflow/example_dags/example_python_operator.py for tasks to queue
[2024-05-28T09:53:01.632+0000] {logging_mixin.py:188} INFO - [2024-05-28T09:53:01.631+0000] {dagbag.py:545} INFO - Filling up the DagBag from /home/airflow/.local/lib/python3.12/site-packages/airflow/example_dags/example_python_operator.py
[2024-05-28T09:53:01.654+0000] {processor.py:840} INFO - DAG(s) 'example_python_operator' retrieved from /home/airflow/.local/lib/python3.12/site-packages/airflow/example_dags/example_python_operator.py
[2024-05-28T09:53:01.696+0000] {logging_mixin.py:188} INFO - [2024-05-28T09:53:01.695+0000] {dag.py:3096} INFO - Sync 1 DAGs
[2024-05-28T09:53:01.714+0000] {logging_mixin.py:188} INFO - [2024-05-28T09:53:01.714+0000] {dag.py:3954} INFO - Setting next_dagrun for example_python_operator to None, run_after=None
[2024-05-28T09:53:01.750+0000] {processor.py:183} INFO - Processing /home/airflow/.local/lib/python3.12/site-packages/airflow/example_dags/example_python_operator.py took 0.142 seconds
[2024-05-28T09:53:32.293+0000] {processor.py:161} INFO - Started process (PID=459) to work on /home/airflow/.local/lib/python3.12/site-packages/airflow/example_dags/example_python_operator.py
[2024-05-28T09:53:32.296+0000] {processor.py:830} INFO - Processing file /home/airflow/.local/lib/python3.12/site-packages/airflow/example_dags/example_python_operator.py for tasks to queue
[2024-05-28T09:53:32.299+0000] {logging_mixin.py:188} INFO - [2024-05-28T09:53:32.298+0000] {dagbag.py:545} INFO - Filling up the DagBag from /home/airflow/.local/lib/python3.12/site-packages/airflow/example_dags/example_python_operator.py
[2024-05-28T09:53:32.321+0000] {processor.py:840} INFO - DAG(s) 'example_python_operator' retrieved from /home/airflow/.local/lib/python3.12/site-packages/airflow/example_dags/example_python_operator.py
[2024-05-28T09:53:32.368+0000] {logging_mixin.py:188} INFO - [2024-05-28T09:53:32.367+0000] {dag.py:3096} INFO - Sync 1 DAGs
[2024-05-28T09:53:32.399+0000] {logging_mixin.py:188} INFO - [2024-05-28T09:53:32.399+0000] {dag.py:3954} INFO - Setting next_dagrun for example_python_operator to None, run_after=None
[2024-05-28T09:53:32.440+0000] {processor.py:183} INFO - Processing /home/airflow/.local/lib/python3.12/site-packages/airflow/example_dags/example_python_operator.py took 0.157 seconds
[2024-05-28T09:54:03.084+0000] {processor.py:161} INFO - Started process (PID=523) to work on /home/airflow/.local/lib/python3.12/site-packages/airflow/example_dags/example_python_operator.py
[2024-05-28T09:54:03.091+0000] {processor.py:830} INFO - Processing file /home/airflow/.local/lib/python3.12/site-packages/airflow/example_dags/example_python_operator.py for tasks to queue
[2024-05-28T09:54:03.096+0000] {logging_mixin.py:188} INFO - [2024-05-28T09:54:03.096+0000] {dagbag.py:545} INFO - Filling up the DagBag from /home/airflow/.local/lib/python3.12/site-packages/airflow/example_dags/example_python_operator.py
[2024-05-28T09:54:03.144+0000] {processor.py:840} INFO - DAG(s) 'example_python_operator' retrieved from /home/airflow/.local/lib/python3.12/site-packages/airflow/example_dags/example_python_operator.py
[2024-05-28T09:54:03.197+0000] {logging_mixin.py:188} INFO - [2024-05-28T09:54:03.197+0000] {dag.py:3096} INFO - Sync 1 DAGs
[2024-05-28T09:54:03.224+0000] {logging_mixin.py:188} INFO - [2024-05-28T09:54:03.224+0000] {dag.py:3954} INFO - Setting next_dagrun for example_python_operator to None, run_after=None
[2024-05-28T09:54:03.273+0000] {processor.py:183} INFO - Processing /home/airflow/.local/lib/python3.12/site-packages/airflow/example_dags/example_python_operator.py took 0.208 seconds
[2024-05-28T09:54:33.763+0000] {processor.py:161} INFO - Started process (PID=581) to work on /home/airflow/.local/lib/python3.12/site-packages/airflow/example_dags/example_python_operator.py
[2024-05-28T09:54:33.767+0000] {processor.py:830} INFO - Processing file /home/airflow/.local/lib/python3.12/site-packages/airflow/example_dags/example_python_operator.py for tasks to queue
[2024-05-28T09:54:33.774+0000] {logging_mixin.py:188} INFO - [2024-05-28T09:54:33.774+0000] {dagbag.py:545} INFO - Filling up the DagBag from /home/airflow/.local/lib/python3.12/site-packages/airflow/example_dags/example_python_operator.py
[2024-05-28T09:54:33.791+0000] {processor.py:840} INFO - DAG(s) 'example_python_operator' retrieved from /home/airflow/.local/lib/python3.12/site-packages/airflow/example_dags/example_python_operator.py
[2024-05-28T09:54:33.842+0000] {logging_mixin.py:188} INFO - [2024-05-28T09:54:33.842+0000] {dag.py:3096} INFO - Sync 1 DAGs
[2024-05-28T09:54:33.869+0000] {logging_mixin.py:188} INFO - [2024-05-28T09:54:33.869+0000] {dag.py:3954} INFO - Setting next_dagrun for example_python_operator to None, run_after=None
[2024-05-28T09:54:33.913+0000] {processor.py:183} INFO - Processing /home/airflow/.local/lib/python3.12/site-packages/airflow/example_dags/example_python_operator.py took 0.168 seconds
[2024-05-28T09:55:04.940+0000] {processor.py:161} INFO - Started process (PID=639) to work on /home/airflow/.local/lib/python3.12/site-packages/airflow/example_dags/example_python_operator.py
[2024-05-28T09:55:04.942+0000] {processor.py:830} INFO - Processing file /home/airflow/.local/lib/python3.12/site-packages/airflow/example_dags/example_python_operator.py for tasks to queue
[2024-05-28T09:55:04.945+0000] {logging_mixin.py:188} INFO - [2024-05-28T09:55:04.944+0000] {dagbag.py:545} INFO - Filling up the DagBag from /home/airflow/.local/lib/python3.12/site-packages/airflow/example_dags/example_python_operator.py
[2024-05-28T09:55:04.962+0000] {processor.py:840} INFO - DAG(s) 'example_python_operator' retrieved from /home/airflow/.local/lib/python3.12/site-packages/airflow/example_dags/example_python_operator.py
[2024-05-28T09:55:04.997+0000] {logging_mixin.py:188} INFO - [2024-05-28T09:55:04.997+0000] {dag.py:3096} INFO - Sync 1 DAGs
[2024-05-28T09:55:05.028+0000] {logging_mixin.py:188} INFO - [2024-05-28T09:55:05.028+0000] {dag.py:3954} INFO - Setting next_dagrun for example_python_operator to None, run_after=None
[2024-05-28T09:55:05.059+0000] {processor.py:183} INFO - Processing /home/airflow/.local/lib/python3.12/site-packages/airflow/example_dags/example_python_operator.py took 0.128 seconds
[2024-05-28T09:55:35.283+0000] {processor.py:161} INFO - Started process (PID=697) to work on /home/airflow/.local/lib/python3.12/site-packages/airflow/example_dags/example_python_operator.py
[2024-05-28T09:55:35.285+0000] {processor.py:830} INFO - Processing file /home/airflow/.local/lib/python3.12/site-packages/airflow/example_dags/example_python_operator.py for tasks to queue
[2024-05-28T09:55:35.290+0000] {logging_mixin.py:188} INFO - [2024-05-28T09:55:35.289+0000] {dagbag.py:545} INFO - Filling up the DagBag from /home/airflow/.local/lib/python3.12/site-packages/airflow/example_dags/example_python_operator.py
[2024-05-28T09:55:35.312+0000] {processor.py:840} INFO - DAG(s) 'example_python_operator' retrieved from /home/airflow/.local/lib/python3.12/site-packages/airflow/example_dags/example_python_operator.py
[2024-05-28T09:55:35.356+0000] {logging_mixin.py:188} INFO - [2024-05-28T09:55:35.356+0000] {dag.py:3096} INFO - Sync 1 DAGs
[2024-05-28T09:55:35.412+0000] {logging_mixin.py:188} INFO - [2024-05-28T09:55:35.411+0000] {dag.py:3954} INFO - Setting next_dagrun for example_python_operator to None, run_after=None
[2024-05-28T09:55:35.501+0000] {processor.py:183} INFO - Processing /home/airflow/.local/lib/python3.12/site-packages/airflow/example_dags/example_python_operator.py took 0.233 seconds
[2024-05-28T09:56:06.297+0000] {processor.py:161} INFO - Started process (PID=755) to work on /home/airflow/.local/lib/python3.12/site-packages/airflow/example_dags/example_python_operator.py
[2024-05-28T09:56:06.299+0000] {processor.py:830} INFO - Processing file /home/airflow/.local/lib/python3.12/site-packages/airflow/example_dags/example_python_operator.py for tasks to queue
[2024-05-28T09:56:06.301+0000] {logging_mixin.py:188} INFO - [2024-05-28T09:56:06.301+0000] {dagbag.py:545} INFO - Filling up the DagBag from /home/airflow/.local/lib/python3.12/site-packages/airflow/example_dags/example_python_operator.py
[2024-05-28T09:56:06.317+0000] {processor.py:840} INFO - DAG(s) 'example_python_operator' retrieved from /home/airflow/.local/lib/python3.12/site-packages/airflow/example_dags/example_python_operator.py
[2024-05-28T09:56:06.362+0000] {logging_mixin.py:188} INFO - [2024-05-28T09:56:06.361+0000] {dag.py:3096} INFO - Sync 1 DAGs
[2024-05-28T09:56:06.381+0000] {logging_mixin.py:188} INFO - [2024-05-28T09:56:06.380+0000] {dag.py:3954} INFO - Setting next_dagrun for example_python_operator to None, run_after=None
[2024-05-28T09:56:06.407+0000] {processor.py:183} INFO - Processing /home/airflow/.local/lib/python3.12/site-packages/airflow/example_dags/example_python_operator.py took 0.122 seconds
[2024-05-28T09:56:36.517+0000] {processor.py:161} INFO - Started process (PID=813) to work on /home/airflow/.local/lib/python3.12/site-packages/airflow/example_dags/example_python_operator.py
[2024-05-28T09:56:36.518+0000] {processor.py:830} INFO - Processing file /home/airflow/.local/lib/python3.12/site-packages/airflow/example_dags/example_python_operator.py for tasks to queue
[2024-05-28T09:56:36.523+0000] {logging_mixin.py:188} INFO - [2024-05-28T09:56:36.522+0000] {dagbag.py:545} INFO - Filling up the DagBag from /home/airflow/.local/lib/python3.12/site-packages/airflow/example_dags/example_python_operator.py
[2024-05-28T09:56:36.544+0000] {processor.py:840} INFO - DAG(s) 'example_python_operator' retrieved from /home/airflow/.local/lib/python3.12/site-packages/airflow/example_dags/example_python_operator.py
[2024-05-28T09:56:36.583+0000] {logging_mixin.py:188} INFO - [2024-05-28T09:56:36.583+0000] {dag.py:3096} INFO - Sync 1 DAGs
[2024-05-28T09:56:36.601+0000] {logging_mixin.py:188} INFO - [2024-05-28T09:56:36.600+0000] {dag.py:3954} INFO - Setting next_dagrun for example_python_operator to None, run_after=None
[2024-05-28T09:56:36.652+0000] {processor.py:183} INFO - Processing /home/airflow/.local/lib/python3.12/site-packages/airflow/example_dags/example_python_operator.py took 0.147 seconds
[2024-05-28T09:57:07.334+0000] {processor.py:161} INFO - Started process (PID=870) to work on /home/airflow/.local/lib/python3.12/site-packages/airflow/example_dags/example_python_operator.py
[2024-05-28T09:57:07.339+0000] {processor.py:830} INFO - Processing file /home/airflow/.local/lib/python3.12/site-packages/airflow/example_dags/example_python_operator.py for tasks to queue
[2024-05-28T09:57:07.346+0000] {logging_mixin.py:188} INFO - [2024-05-28T09:57:07.345+0000] {dagbag.py:545} INFO - Filling up the DagBag from /home/airflow/.local/lib/python3.12/site-packages/airflow/example_dags/example_python_operator.py
[2024-05-28T09:57:07.378+0000] {processor.py:840} INFO - DAG(s) 'example_python_operator' retrieved from /home/airflow/.local/lib/python3.12/site-packages/airflow/example_dags/example_python_operator.py
[2024-05-28T09:57:07.443+0000] {logging_mixin.py:188} INFO - [2024-05-28T09:57:07.441+0000] {dag.py:3096} INFO - Sync 1 DAGs
[2024-05-28T09:57:07.473+0000] {logging_mixin.py:188} INFO - [2024-05-28T09:57:07.472+0000] {dag.py:3954} INFO - Setting next_dagrun for example_python_operator to None, run_after=None
[2024-05-28T09:57:07.498+0000] {processor.py:183} INFO - Processing /home/airflow/.local/lib/python3.12/site-packages/airflow/example_dags/example_python_operator.py took 0.191 seconds
[2024-05-28T09:57:37.699+0000] {processor.py:161} INFO - Started process (PID=928) to work on /home/airflow/.local/lib/python3.12/site-packages/airflow/example_dags/example_python_operator.py
[2024-05-28T09:57:37.701+0000] {processor.py:830} INFO - Processing file /home/airflow/.local/lib/python3.12/site-packages/airflow/example_dags/example_python_operator.py for tasks to queue
[2024-05-28T09:57:37.704+0000] {logging_mixin.py:188} INFO - [2024-05-28T09:57:37.703+0000] {dagbag.py:545} INFO - Filling up the DagBag from /home/airflow/.local/lib/python3.12/site-packages/airflow/example_dags/example_python_operator.py
[2024-05-28T09:57:37.723+0000] {processor.py:840} INFO - DAG(s) 'example_python_operator' retrieved from /home/airflow/.local/lib/python3.12/site-packages/airflow/example_dags/example_python_operator.py
[2024-05-28T09:57:37.769+0000] {logging_mixin.py:188} INFO - [2024-05-28T09:57:37.768+0000] {dag.py:3096} INFO - Sync 1 DAGs
[2024-05-28T09:57:37.790+0000] {logging_mixin.py:188} INFO - [2024-05-28T09:57:37.789+0000] {dag.py:3954} INFO - Setting next_dagrun for example_python_operator to None, run_after=None
[2024-05-28T09:57:37.827+0000] {processor.py:183} INFO - Processing /home/airflow/.local/lib/python3.12/site-packages/airflow/example_dags/example_python_operator.py took 0.137 seconds
[2024-05-28T09:58:08.099+0000] {processor.py:161} INFO - Started process (PID=986) to work on /home/airflow/.local/lib/python3.12/site-packages/airflow/example_dags/example_python_operator.py
[2024-05-28T09:58:08.101+0000] {processor.py:830} INFO - Processing file /home/airflow/.local/lib/python3.12/site-packages/airflow/example_dags/example_python_operator.py for tasks to queue
[2024-05-28T09:58:08.104+0000] {logging_mixin.py:188} INFO - [2024-05-28T09:58:08.103+0000] {dagbag.py:545} INFO - Filling up the DagBag from /home/airflow/.local/lib/python3.12/site-packages/airflow/example_dags/example_python_operator.py
[2024-05-28T09:58:08.121+0000] {processor.py:840} INFO - DAG(s) 'example_python_operator' retrieved from /home/airflow/.local/lib/python3.12/site-packages/airflow/example_dags/example_python_operator.py
[2024-05-28T09:58:08.170+0000] {logging_mixin.py:188} INFO - [2024-05-28T09:58:08.170+0000] {dag.py:3096} INFO - Sync 1 DAGs
[2024-05-28T09:58:08.190+0000] {logging_mixin.py:188} INFO - [2024-05-28T09:58:08.189+0000] {dag.py:3954} INFO - Setting next_dagrun for example_python_operator to None, run_after=None
[2024-05-28T09:58:08.221+0000] {processor.py:183} INFO - Processing /home/airflow/.local/lib/python3.12/site-packages/airflow/example_dags/example_python_operator.py took 0.133 seconds
[2024-05-28T10:00:14.805+0000] {processor.py:161} INFO - Started process (PID=61) to work on /home/airflow/.local/lib/python3.12/site-packages/airflow/example_dags/example_python_operator.py
[2024-05-28T10:00:14.808+0000] {processor.py:830} INFO - Processing file /home/airflow/.local/lib/python3.12/site-packages/airflow/example_dags/example_python_operator.py for tasks to queue
[2024-05-28T10:00:14.810+0000] {logging_mixin.py:188} INFO - [2024-05-28T10:00:14.810+0000] {dagbag.py:545} INFO - Filling up the DagBag from /home/airflow/.local/lib/python3.12/site-packages/airflow/example_dags/example_python_operator.py
[2024-05-28T10:00:14.863+0000] {processor.py:840} INFO - DAG(s) 'example_python_operator' retrieved from /home/airflow/.local/lib/python3.12/site-packages/airflow/example_dags/example_python_operator.py
[2024-05-28T10:00:15.316+0000] {logging_mixin.py:188} INFO - [2024-05-28T10:00:15.316+0000] {dag.py:3096} INFO - Sync 1 DAGs
[2024-05-28T10:00:15.373+0000] {logging_mixin.py:188} INFO - [2024-05-28T10:00:15.373+0000] {dag.py:3954} INFO - Setting next_dagrun for example_python_operator to None, run_after=None
[2024-05-28T10:00:15.459+0000] {processor.py:183} INFO - Processing /home/airflow/.local/lib/python3.12/site-packages/airflow/example_dags/example_python_operator.py took 0.680 seconds
[2024-05-28T10:00:45.998+0000] {processor.py:161} INFO - Started process (PID=119) to work on /home/airflow/.local/lib/python3.12/site-packages/airflow/example_dags/example_python_operator.py
[2024-05-28T10:00:46.003+0000] {processor.py:830} INFO - Processing file /home/airflow/.local/lib/python3.12/site-packages/airflow/example_dags/example_python_operator.py for tasks to queue
[2024-05-28T10:00:46.008+0000] {logging_mixin.py:188} INFO - [2024-05-28T10:00:46.008+0000] {dagbag.py:545} INFO - Filling up the DagBag from /home/airflow/.local/lib/python3.12/site-packages/airflow/example_dags/example_python_operator.py
[2024-05-28T10:00:46.031+0000] {processor.py:840} INFO - DAG(s) 'example_python_operator' retrieved from /home/airflow/.local/lib/python3.12/site-packages/airflow/example_dags/example_python_operator.py
[2024-05-28T10:00:46.086+0000] {logging_mixin.py:188} INFO - [2024-05-28T10:00:46.086+0000] {dag.py:3096} INFO - Sync 1 DAGs
[2024-05-28T10:00:46.108+0000] {logging_mixin.py:188} INFO - [2024-05-28T10:00:46.108+0000] {dag.py:3954} INFO - Setting next_dagrun for example_python_operator to None, run_after=None
[2024-05-28T10:00:46.163+0000] {processor.py:183} INFO - Processing /home/airflow/.local/lib/python3.12/site-packages/airflow/example_dags/example_python_operator.py took 0.177 seconds
[2024-05-28T10:01:16.299+0000] {processor.py:161} INFO - Started process (PID=177) to work on /home/airflow/.local/lib/python3.12/site-packages/airflow/example_dags/example_python_operator.py
[2024-05-28T10:01:16.302+0000] {processor.py:830} INFO - Processing file /home/airflow/.local/lib/python3.12/site-packages/airflow/example_dags/example_python_operator.py for tasks to queue
[2024-05-28T10:01:16.313+0000] {logging_mixin.py:188} INFO - [2024-05-28T10:01:16.312+0000] {dagbag.py:545} INFO - Filling up the DagBag from /home/airflow/.local/lib/python3.12/site-packages/airflow/example_dags/example_python_operator.py
[2024-05-28T10:01:16.353+0000] {processor.py:840} INFO - DAG(s) 'example_python_operator' retrieved from /home/airflow/.local/lib/python3.12/site-packages/airflow/example_dags/example_python_operator.py
[2024-05-28T10:01:16.407+0000] {logging_mixin.py:188} INFO - [2024-05-28T10:01:16.407+0000] {dag.py:3096} INFO - Sync 1 DAGs
[2024-05-28T10:01:16.434+0000] {logging_mixin.py:188} INFO - [2024-05-28T10:01:16.434+0000] {dag.py:3954} INFO - Setting next_dagrun for example_python_operator to None, run_after=None
[2024-05-28T10:01:16.485+0000] {processor.py:183} INFO - Processing /home/airflow/.local/lib/python3.12/site-packages/airflow/example_dags/example_python_operator.py took 0.206 seconds
