[2024-05-28T09:46:30.489+0000] {processor.py:161} INFO - Started process (PID=66) to work on /home/airflow/.local/lib/python3.12/site-packages/airflow/example_dags/example_skip_dag.py
[2024-05-28T09:46:30.491+0000] {processor.py:830} INFO - Processing file /home/airflow/.local/lib/python3.12/site-packages/airflow/example_dags/example_skip_dag.py for tasks to queue
[2024-05-28T09:46:30.496+0000] {logging_mixin.py:188} INFO - [2024-05-28T09:46:30.495+0000] {dagbag.py:545} INFO - Filling up the DagBag from /home/airflow/.local/lib/python3.12/site-packages/airflow/example_dags/example_skip_dag.py
[2024-05-28T09:46:30.517+0000] {processor.py:840} INFO - DAG(s) 'example_skip_dag' retrieved from /home/airflow/.local/lib/python3.12/site-packages/airflow/example_dags/example_skip_dag.py
[2024-05-28T09:46:30.820+0000] {logging_mixin.py:188} INFO - [2024-05-28T09:46:30.819+0000] {dag.py:3096} INFO - Sync 1 DAGs
[2024-05-28T09:46:30.862+0000] {logging_mixin.py:188} INFO - [2024-05-28T09:46:30.861+0000] {dag.py:3954} INFO - Setting next_dagrun for example_skip_dag to 2024-05-27 00:00:00+00:00, run_after=2024-05-28 00:00:00+00:00
[2024-05-28T09:46:30.914+0000] {processor.py:183} INFO - Processing /home/airflow/.local/lib/python3.12/site-packages/airflow/example_dags/example_skip_dag.py took 0.438 seconds
[2024-05-28T09:47:01.218+0000] {processor.py:161} INFO - Started process (PID=124) to work on /home/airflow/.local/lib/python3.12/site-packages/airflow/example_dags/example_skip_dag.py
[2024-05-28T09:47:01.220+0000] {processor.py:830} INFO - Processing file /home/airflow/.local/lib/python3.12/site-packages/airflow/example_dags/example_skip_dag.py for tasks to queue
[2024-05-28T09:47:01.222+0000] {logging_mixin.py:188} INFO - [2024-05-28T09:47:01.222+0000] {dagbag.py:545} INFO - Filling up the DagBag from /home/airflow/.local/lib/python3.12/site-packages/airflow/example_dags/example_skip_dag.py
[2024-05-28T09:47:01.235+0000] {processor.py:840} INFO - DAG(s) 'example_skip_dag' retrieved from /home/airflow/.local/lib/python3.12/site-packages/airflow/example_dags/example_skip_dag.py
[2024-05-28T09:47:01.280+0000] {logging_mixin.py:188} INFO - [2024-05-28T09:47:01.280+0000] {dag.py:3096} INFO - Sync 1 DAGs
[2024-05-28T09:47:01.373+0000] {logging_mixin.py:188} INFO - [2024-05-28T09:47:01.372+0000] {dag.py:3954} INFO - Setting next_dagrun for example_skip_dag to 2024-05-27 00:00:00+00:00, run_after=2024-05-28 00:00:00+00:00
[2024-05-28T09:47:01.423+0000] {processor.py:183} INFO - Processing /home/airflow/.local/lib/python3.12/site-packages/airflow/example_dags/example_skip_dag.py took 0.214 seconds
[2024-05-28T09:47:31.634+0000] {processor.py:161} INFO - Started process (PID=182) to work on /home/airflow/.local/lib/python3.12/site-packages/airflow/example_dags/example_skip_dag.py
[2024-05-28T09:47:31.636+0000] {processor.py:830} INFO - Processing file /home/airflow/.local/lib/python3.12/site-packages/airflow/example_dags/example_skip_dag.py for tasks to queue
[2024-05-28T09:47:31.641+0000] {logging_mixin.py:188} INFO - [2024-05-28T09:47:31.640+0000] {dagbag.py:545} INFO - Filling up the DagBag from /home/airflow/.local/lib/python3.12/site-packages/airflow/example_dags/example_skip_dag.py
[2024-05-28T09:47:31.656+0000] {processor.py:840} INFO - DAG(s) 'example_skip_dag' retrieved from /home/airflow/.local/lib/python3.12/site-packages/airflow/example_dags/example_skip_dag.py
[2024-05-28T09:47:31.702+0000] {logging_mixin.py:188} INFO - [2024-05-28T09:47:31.702+0000] {dag.py:3096} INFO - Sync 1 DAGs
[2024-05-28T09:47:31.759+0000] {logging_mixin.py:188} INFO - [2024-05-28T09:47:31.758+0000] {dag.py:3954} INFO - Setting next_dagrun for example_skip_dag to 2024-05-27 00:00:00+00:00, run_after=2024-05-28 00:00:00+00:00
[2024-05-28T09:47:31.790+0000] {processor.py:183} INFO - Processing /home/airflow/.local/lib/python3.12/site-packages/airflow/example_dags/example_skip_dag.py took 0.168 seconds
[2024-05-28T09:48:02.489+0000] {processor.py:161} INFO - Started process (PID=240) to work on /home/airflow/.local/lib/python3.12/site-packages/airflow/example_dags/example_skip_dag.py
[2024-05-28T09:48:02.492+0000] {processor.py:830} INFO - Processing file /home/airflow/.local/lib/python3.12/site-packages/airflow/example_dags/example_skip_dag.py for tasks to queue
[2024-05-28T09:48:02.496+0000] {logging_mixin.py:188} INFO - [2024-05-28T09:48:02.495+0000] {dagbag.py:545} INFO - Filling up the DagBag from /home/airflow/.local/lib/python3.12/site-packages/airflow/example_dags/example_skip_dag.py
[2024-05-28T09:48:02.511+0000] {processor.py:840} INFO - DAG(s) 'example_skip_dag' retrieved from /home/airflow/.local/lib/python3.12/site-packages/airflow/example_dags/example_skip_dag.py
[2024-05-28T09:48:02.553+0000] {logging_mixin.py:188} INFO - [2024-05-28T09:48:02.552+0000] {dag.py:3096} INFO - Sync 1 DAGs
[2024-05-28T09:48:02.596+0000] {logging_mixin.py:188} INFO - [2024-05-28T09:48:02.596+0000] {dag.py:3954} INFO - Setting next_dagrun for example_skip_dag to 2024-05-27 00:00:00+00:00, run_after=2024-05-28 00:00:00+00:00
[2024-05-28T09:48:02.630+0000] {processor.py:183} INFO - Processing /home/airflow/.local/lib/python3.12/site-packages/airflow/example_dags/example_skip_dag.py took 0.168 seconds
[2024-05-28T09:48:33.327+0000] {processor.py:161} INFO - Started process (PID=298) to work on /home/airflow/.local/lib/python3.12/site-packages/airflow/example_dags/example_skip_dag.py
[2024-05-28T09:48:33.330+0000] {processor.py:830} INFO - Processing file /home/airflow/.local/lib/python3.12/site-packages/airflow/example_dags/example_skip_dag.py for tasks to queue
[2024-05-28T09:48:33.332+0000] {logging_mixin.py:188} INFO - [2024-05-28T09:48:33.332+0000] {dagbag.py:545} INFO - Filling up the DagBag from /home/airflow/.local/lib/python3.12/site-packages/airflow/example_dags/example_skip_dag.py
[2024-05-28T09:48:33.355+0000] {processor.py:840} INFO - DAG(s) 'example_skip_dag' retrieved from /home/airflow/.local/lib/python3.12/site-packages/airflow/example_dags/example_skip_dag.py
[2024-05-28T09:48:33.425+0000] {logging_mixin.py:188} INFO - [2024-05-28T09:48:33.425+0000] {dag.py:3096} INFO - Sync 1 DAGs
[2024-05-28T09:48:33.452+0000] {logging_mixin.py:188} INFO - [2024-05-28T09:48:33.452+0000] {dag.py:3954} INFO - Setting next_dagrun for example_skip_dag to 2024-05-27 00:00:00+00:00, run_after=2024-05-28 00:00:00+00:00
[2024-05-28T09:48:33.513+0000] {processor.py:183} INFO - Processing /home/airflow/.local/lib/python3.12/site-packages/airflow/example_dags/example_skip_dag.py took 0.198 seconds
[2024-05-28T09:49:59.390+0000] {processor.py:161} INFO - Started process (PID=60) to work on /home/airflow/.local/lib/python3.12/site-packages/airflow/example_dags/example_skip_dag.py
[2024-05-28T09:49:59.394+0000] {processor.py:830} INFO - Processing file /home/airflow/.local/lib/python3.12/site-packages/airflow/example_dags/example_skip_dag.py for tasks to queue
[2024-05-28T09:49:59.404+0000] {logging_mixin.py:188} INFO - [2024-05-28T09:49:59.404+0000] {dagbag.py:545} INFO - Filling up the DagBag from /home/airflow/.local/lib/python3.12/site-packages/airflow/example_dags/example_skip_dag.py
[2024-05-28T09:49:59.418+0000] {processor.py:840} INFO - DAG(s) 'example_skip_dag' retrieved from /home/airflow/.local/lib/python3.12/site-packages/airflow/example_dags/example_skip_dag.py
[2024-05-28T09:49:59.604+0000] {logging_mixin.py:188} INFO - [2024-05-28T09:49:59.604+0000] {dag.py:3096} INFO - Sync 1 DAGs
[2024-05-28T09:49:59.635+0000] {logging_mixin.py:188} INFO - [2024-05-28T09:49:59.635+0000] {dag.py:3954} INFO - Setting next_dagrun for example_skip_dag to 2024-05-27 00:00:00+00:00, run_after=2024-05-28 00:00:00+00:00
[2024-05-28T09:49:59.672+0000] {processor.py:183} INFO - Processing /home/airflow/.local/lib/python3.12/site-packages/airflow/example_dags/example_skip_dag.py took 0.291 seconds
[2024-05-28T09:50:30.443+0000] {processor.py:161} INFO - Started process (PID=118) to work on /home/airflow/.local/lib/python3.12/site-packages/airflow/example_dags/example_skip_dag.py
[2024-05-28T09:50:30.445+0000] {processor.py:830} INFO - Processing file /home/airflow/.local/lib/python3.12/site-packages/airflow/example_dags/example_skip_dag.py for tasks to queue
[2024-05-28T09:50:30.451+0000] {logging_mixin.py:188} INFO - [2024-05-28T09:50:30.451+0000] {dagbag.py:545} INFO - Filling up the DagBag from /home/airflow/.local/lib/python3.12/site-packages/airflow/example_dags/example_skip_dag.py
[2024-05-28T09:50:30.466+0000] {processor.py:840} INFO - DAG(s) 'example_skip_dag' retrieved from /home/airflow/.local/lib/python3.12/site-packages/airflow/example_dags/example_skip_dag.py
[2024-05-28T09:50:30.530+0000] {logging_mixin.py:188} INFO - [2024-05-28T09:50:30.530+0000] {dag.py:3096} INFO - Sync 1 DAGs
[2024-05-28T09:50:30.633+0000] {logging_mixin.py:188} INFO - [2024-05-28T09:50:30.631+0000] {dag.py:3954} INFO - Setting next_dagrun for example_skip_dag to 2024-05-27 00:00:00+00:00, run_after=2024-05-28 00:00:00+00:00
[2024-05-28T09:50:30.704+0000] {processor.py:183} INFO - Processing /home/airflow/.local/lib/python3.12/site-packages/airflow/example_dags/example_skip_dag.py took 0.276 seconds
[2024-05-28T09:51:01.063+0000] {processor.py:161} INFO - Started process (PID=176) to work on /home/airflow/.local/lib/python3.12/site-packages/airflow/example_dags/example_skip_dag.py
[2024-05-28T09:51:01.065+0000] {processor.py:830} INFO - Processing file /home/airflow/.local/lib/python3.12/site-packages/airflow/example_dags/example_skip_dag.py for tasks to queue
[2024-05-28T09:51:01.068+0000] {logging_mixin.py:188} INFO - [2024-05-28T09:51:01.068+0000] {dagbag.py:545} INFO - Filling up the DagBag from /home/airflow/.local/lib/python3.12/site-packages/airflow/example_dags/example_skip_dag.py
[2024-05-28T09:51:01.082+0000] {processor.py:840} INFO - DAG(s) 'example_skip_dag' retrieved from /home/airflow/.local/lib/python3.12/site-packages/airflow/example_dags/example_skip_dag.py
[2024-05-28T09:51:01.164+0000] {logging_mixin.py:188} INFO - [2024-05-28T09:51:01.162+0000] {dag.py:3096} INFO - Sync 1 DAGs
[2024-05-28T09:51:01.227+0000] {logging_mixin.py:188} INFO - [2024-05-28T09:51:01.226+0000] {dag.py:3954} INFO - Setting next_dagrun for example_skip_dag to 2024-05-27 00:00:00+00:00, run_after=2024-05-28 00:00:00+00:00
[2024-05-28T09:51:01.287+0000] {processor.py:183} INFO - Processing /home/airflow/.local/lib/python3.12/site-packages/airflow/example_dags/example_skip_dag.py took 0.237 seconds
[2024-05-28T09:51:31.772+0000] {processor.py:161} INFO - Started process (PID=234) to work on /home/airflow/.local/lib/python3.12/site-packages/airflow/example_dags/example_skip_dag.py
[2024-05-28T09:51:31.776+0000] {processor.py:830} INFO - Processing file /home/airflow/.local/lib/python3.12/site-packages/airflow/example_dags/example_skip_dag.py for tasks to queue
[2024-05-28T09:51:31.778+0000] {logging_mixin.py:188} INFO - [2024-05-28T09:51:31.778+0000] {dagbag.py:545} INFO - Filling up the DagBag from /home/airflow/.local/lib/python3.12/site-packages/airflow/example_dags/example_skip_dag.py
[2024-05-28T09:51:31.786+0000] {processor.py:840} INFO - DAG(s) 'example_skip_dag' retrieved from /home/airflow/.local/lib/python3.12/site-packages/airflow/example_dags/example_skip_dag.py
[2024-05-28T09:51:31.830+0000] {logging_mixin.py:188} INFO - [2024-05-28T09:51:31.830+0000] {dag.py:3096} INFO - Sync 1 DAGs
[2024-05-28T09:51:31.863+0000] {logging_mixin.py:188} INFO - [2024-05-28T09:51:31.863+0000] {dag.py:3954} INFO - Setting next_dagrun for example_skip_dag to 2024-05-27 00:00:00+00:00, run_after=2024-05-28 00:00:00+00:00
[2024-05-28T09:51:31.916+0000] {processor.py:183} INFO - Processing /home/airflow/.local/lib/python3.12/site-packages/airflow/example_dags/example_skip_dag.py took 0.151 seconds
[2024-05-28T09:52:02.324+0000] {processor.py:161} INFO - Started process (PID=292) to work on /home/airflow/.local/lib/python3.12/site-packages/airflow/example_dags/example_skip_dag.py
[2024-05-28T09:52:02.325+0000] {processor.py:830} INFO - Processing file /home/airflow/.local/lib/python3.12/site-packages/airflow/example_dags/example_skip_dag.py for tasks to queue
[2024-05-28T09:52:02.328+0000] {logging_mixin.py:188} INFO - [2024-05-28T09:52:02.328+0000] {dagbag.py:545} INFO - Filling up the DagBag from /home/airflow/.local/lib/python3.12/site-packages/airflow/example_dags/example_skip_dag.py
[2024-05-28T09:52:02.339+0000] {processor.py:840} INFO - DAG(s) 'example_skip_dag' retrieved from /home/airflow/.local/lib/python3.12/site-packages/airflow/example_dags/example_skip_dag.py
[2024-05-28T09:52:02.429+0000] {logging_mixin.py:188} INFO - [2024-05-28T09:52:02.428+0000] {dag.py:3096} INFO - Sync 1 DAGs
[2024-05-28T09:52:02.508+0000] {logging_mixin.py:188} INFO - [2024-05-28T09:52:02.508+0000] {dag.py:3954} INFO - Setting next_dagrun for example_skip_dag to 2024-05-27 00:00:00+00:00, run_after=2024-05-28 00:00:00+00:00
[2024-05-28T09:52:02.546+0000] {processor.py:183} INFO - Processing /home/airflow/.local/lib/python3.12/site-packages/airflow/example_dags/example_skip_dag.py took 0.232 seconds
[2024-05-28T09:52:32.597+0000] {processor.py:161} INFO - Started process (PID=354) to work on /home/airflow/.local/lib/python3.12/site-packages/airflow/example_dags/example_skip_dag.py
[2024-05-28T09:52:32.599+0000] {processor.py:830} INFO - Processing file /home/airflow/.local/lib/python3.12/site-packages/airflow/example_dags/example_skip_dag.py for tasks to queue
[2024-05-28T09:52:32.603+0000] {logging_mixin.py:188} INFO - [2024-05-28T09:52:32.602+0000] {dagbag.py:545} INFO - Filling up the DagBag from /home/airflow/.local/lib/python3.12/site-packages/airflow/example_dags/example_skip_dag.py
[2024-05-28T09:52:32.621+0000] {processor.py:840} INFO - DAG(s) 'example_skip_dag' retrieved from /home/airflow/.local/lib/python3.12/site-packages/airflow/example_dags/example_skip_dag.py
[2024-05-28T09:52:32.680+0000] {logging_mixin.py:188} INFO - [2024-05-28T09:52:32.679+0000] {dag.py:3096} INFO - Sync 1 DAGs
[2024-05-28T09:52:32.720+0000] {logging_mixin.py:188} INFO - [2024-05-28T09:52:32.720+0000] {dag.py:3954} INFO - Setting next_dagrun for example_skip_dag to 2024-05-27 00:00:00+00:00, run_after=2024-05-28 00:00:00+00:00
[2024-05-28T09:52:32.757+0000] {processor.py:183} INFO - Processing /home/airflow/.local/lib/python3.12/site-packages/airflow/example_dags/example_skip_dag.py took 0.178 seconds
[2024-05-28T09:53:03.338+0000] {processor.py:161} INFO - Started process (PID=413) to work on /home/airflow/.local/lib/python3.12/site-packages/airflow/example_dags/example_skip_dag.py
[2024-05-28T09:53:03.340+0000] {processor.py:830} INFO - Processing file /home/airflow/.local/lib/python3.12/site-packages/airflow/example_dags/example_skip_dag.py for tasks to queue
[2024-05-28T09:53:03.342+0000] {logging_mixin.py:188} INFO - [2024-05-28T09:53:03.342+0000] {dagbag.py:545} INFO - Filling up the DagBag from /home/airflow/.local/lib/python3.12/site-packages/airflow/example_dags/example_skip_dag.py
[2024-05-28T09:53:03.353+0000] {processor.py:840} INFO - DAG(s) 'example_skip_dag' retrieved from /home/airflow/.local/lib/python3.12/site-packages/airflow/example_dags/example_skip_dag.py
[2024-05-28T09:53:03.388+0000] {logging_mixin.py:188} INFO - [2024-05-28T09:53:03.387+0000] {dag.py:3096} INFO - Sync 1 DAGs
[2024-05-28T09:53:03.491+0000] {logging_mixin.py:188} INFO - [2024-05-28T09:53:03.487+0000] {dag.py:3954} INFO - Setting next_dagrun for example_skip_dag to 2024-05-27 00:00:00+00:00, run_after=2024-05-28 00:00:00+00:00
[2024-05-28T09:53:03.601+0000] {processor.py:183} INFO - Processing /home/airflow/.local/lib/python3.12/site-packages/airflow/example_dags/example_skip_dag.py took 0.274 seconds
[2024-05-28T09:53:33.867+0000] {processor.py:161} INFO - Started process (PID=471) to work on /home/airflow/.local/lib/python3.12/site-packages/airflow/example_dags/example_skip_dag.py
[2024-05-28T09:53:33.869+0000] {processor.py:830} INFO - Processing file /home/airflow/.local/lib/python3.12/site-packages/airflow/example_dags/example_skip_dag.py for tasks to queue
[2024-05-28T09:53:33.872+0000] {logging_mixin.py:188} INFO - [2024-05-28T09:53:33.872+0000] {dagbag.py:545} INFO - Filling up the DagBag from /home/airflow/.local/lib/python3.12/site-packages/airflow/example_dags/example_skip_dag.py
[2024-05-28T09:53:33.888+0000] {processor.py:840} INFO - DAG(s) 'example_skip_dag' retrieved from /home/airflow/.local/lib/python3.12/site-packages/airflow/example_dags/example_skip_dag.py
[2024-05-28T09:53:33.946+0000] {logging_mixin.py:188} INFO - [2024-05-28T09:53:33.945+0000] {dag.py:3096} INFO - Sync 1 DAGs
[2024-05-28T09:53:34.013+0000] {logging_mixin.py:188} INFO - [2024-05-28T09:53:34.013+0000] {dag.py:3954} INFO - Setting next_dagrun for example_skip_dag to 2024-05-27 00:00:00+00:00, run_after=2024-05-28 00:00:00+00:00
[2024-05-28T09:53:34.075+0000] {processor.py:183} INFO - Processing /home/airflow/.local/lib/python3.12/site-packages/airflow/example_dags/example_skip_dag.py took 0.217 seconds
[2024-05-28T09:54:04.625+0000] {processor.py:161} INFO - Started process (PID=529) to work on /home/airflow/.local/lib/python3.12/site-packages/airflow/example_dags/example_skip_dag.py
[2024-05-28T09:54:04.627+0000] {processor.py:830} INFO - Processing file /home/airflow/.local/lib/python3.12/site-packages/airflow/example_dags/example_skip_dag.py for tasks to queue
[2024-05-28T09:54:04.630+0000] {logging_mixin.py:188} INFO - [2024-05-28T09:54:04.630+0000] {dagbag.py:545} INFO - Filling up the DagBag from /home/airflow/.local/lib/python3.12/site-packages/airflow/example_dags/example_skip_dag.py
[2024-05-28T09:54:04.641+0000] {processor.py:840} INFO - DAG(s) 'example_skip_dag' retrieved from /home/airflow/.local/lib/python3.12/site-packages/airflow/example_dags/example_skip_dag.py
[2024-05-28T09:54:04.695+0000] {logging_mixin.py:188} INFO - [2024-05-28T09:54:04.695+0000] {dag.py:3096} INFO - Sync 1 DAGs
[2024-05-28T09:54:04.748+0000] {logging_mixin.py:188} INFO - [2024-05-28T09:54:04.748+0000] {dag.py:3954} INFO - Setting next_dagrun for example_skip_dag to 2024-05-27 00:00:00+00:00, run_after=2024-05-28 00:00:00+00:00
[2024-05-28T09:54:04.778+0000] {processor.py:183} INFO - Processing /home/airflow/.local/lib/python3.12/site-packages/airflow/example_dags/example_skip_dag.py took 0.164 seconds
[2024-05-28T09:54:35.390+0000] {processor.py:161} INFO - Started process (PID=587) to work on /home/airflow/.local/lib/python3.12/site-packages/airflow/example_dags/example_skip_dag.py
[2024-05-28T09:54:35.392+0000] {processor.py:830} INFO - Processing file /home/airflow/.local/lib/python3.12/site-packages/airflow/example_dags/example_skip_dag.py for tasks to queue
[2024-05-28T09:54:35.395+0000] {logging_mixin.py:188} INFO - [2024-05-28T09:54:35.394+0000] {dagbag.py:545} INFO - Filling up the DagBag from /home/airflow/.local/lib/python3.12/site-packages/airflow/example_dags/example_skip_dag.py
[2024-05-28T09:54:35.408+0000] {processor.py:840} INFO - DAG(s) 'example_skip_dag' retrieved from /home/airflow/.local/lib/python3.12/site-packages/airflow/example_dags/example_skip_dag.py
[2024-05-28T09:54:35.452+0000] {logging_mixin.py:188} INFO - [2024-05-28T09:54:35.451+0000] {dag.py:3096} INFO - Sync 1 DAGs
[2024-05-28T09:54:35.499+0000] {logging_mixin.py:188} INFO - [2024-05-28T09:54:35.498+0000] {dag.py:3954} INFO - Setting next_dagrun for example_skip_dag to 2024-05-27 00:00:00+00:00, run_after=2024-05-28 00:00:00+00:00
[2024-05-28T09:54:35.563+0000] {processor.py:183} INFO - Processing /home/airflow/.local/lib/python3.12/site-packages/airflow/example_dags/example_skip_dag.py took 0.182 seconds
[2024-05-28T09:55:06.466+0000] {processor.py:161} INFO - Started process (PID=645) to work on /home/airflow/.local/lib/python3.12/site-packages/airflow/example_dags/example_skip_dag.py
[2024-05-28T09:55:06.469+0000] {processor.py:830} INFO - Processing file /home/airflow/.local/lib/python3.12/site-packages/airflow/example_dags/example_skip_dag.py for tasks to queue
[2024-05-28T09:55:06.472+0000] {logging_mixin.py:188} INFO - [2024-05-28T09:55:06.471+0000] {dagbag.py:545} INFO - Filling up the DagBag from /home/airflow/.local/lib/python3.12/site-packages/airflow/example_dags/example_skip_dag.py
[2024-05-28T09:55:06.485+0000] {processor.py:840} INFO - DAG(s) 'example_skip_dag' retrieved from /home/airflow/.local/lib/python3.12/site-packages/airflow/example_dags/example_skip_dag.py
[2024-05-28T09:55:06.552+0000] {logging_mixin.py:188} INFO - [2024-05-28T09:55:06.552+0000] {dag.py:3096} INFO - Sync 1 DAGs
[2024-05-28T09:55:06.596+0000] {logging_mixin.py:188} INFO - [2024-05-28T09:55:06.595+0000] {dag.py:3954} INFO - Setting next_dagrun for example_skip_dag to 2024-05-27 00:00:00+00:00, run_after=2024-05-28 00:00:00+00:00
[2024-05-28T09:55:06.639+0000] {processor.py:183} INFO - Processing /home/airflow/.local/lib/python3.12/site-packages/airflow/example_dags/example_skip_dag.py took 0.183 seconds
[2024-05-28T09:55:37.032+0000] {processor.py:161} INFO - Started process (PID=703) to work on /home/airflow/.local/lib/python3.12/site-packages/airflow/example_dags/example_skip_dag.py
[2024-05-28T09:55:37.038+0000] {processor.py:830} INFO - Processing file /home/airflow/.local/lib/python3.12/site-packages/airflow/example_dags/example_skip_dag.py for tasks to queue
[2024-05-28T09:55:37.046+0000] {logging_mixin.py:188} INFO - [2024-05-28T09:55:37.043+0000] {dagbag.py:545} INFO - Filling up the DagBag from /home/airflow/.local/lib/python3.12/site-packages/airflow/example_dags/example_skip_dag.py
[2024-05-28T09:55:37.072+0000] {processor.py:840} INFO - DAG(s) 'example_skip_dag' retrieved from /home/airflow/.local/lib/python3.12/site-packages/airflow/example_dags/example_skip_dag.py
[2024-05-28T09:55:37.172+0000] {logging_mixin.py:188} INFO - [2024-05-28T09:55:37.171+0000] {dag.py:3096} INFO - Sync 1 DAGs
[2024-05-28T09:55:37.245+0000] {logging_mixin.py:188} INFO - [2024-05-28T09:55:37.245+0000] {dag.py:3954} INFO - Setting next_dagrun for example_skip_dag to 2024-05-27 00:00:00+00:00, run_after=2024-05-28 00:00:00+00:00
[2024-05-28T09:55:37.326+0000] {processor.py:183} INFO - Processing /home/airflow/.local/lib/python3.12/site-packages/airflow/example_dags/example_skip_dag.py took 0.321 seconds
[2024-05-28T09:56:07.677+0000] {processor.py:161} INFO - Started process (PID=761) to work on /home/airflow/.local/lib/python3.12/site-packages/airflow/example_dags/example_skip_dag.py
[2024-05-28T09:56:07.679+0000] {processor.py:830} INFO - Processing file /home/airflow/.local/lib/python3.12/site-packages/airflow/example_dags/example_skip_dag.py for tasks to queue
[2024-05-28T09:56:07.682+0000] {logging_mixin.py:188} INFO - [2024-05-28T09:56:07.682+0000] {dagbag.py:545} INFO - Filling up the DagBag from /home/airflow/.local/lib/python3.12/site-packages/airflow/example_dags/example_skip_dag.py
[2024-05-28T09:56:07.693+0000] {processor.py:840} INFO - DAG(s) 'example_skip_dag' retrieved from /home/airflow/.local/lib/python3.12/site-packages/airflow/example_dags/example_skip_dag.py
[2024-05-28T09:56:07.735+0000] {logging_mixin.py:188} INFO - [2024-05-28T09:56:07.734+0000] {dag.py:3096} INFO - Sync 1 DAGs
[2024-05-28T09:56:07.789+0000] {logging_mixin.py:188} INFO - [2024-05-28T09:56:07.788+0000] {dag.py:3954} INFO - Setting next_dagrun for example_skip_dag to 2024-05-27 00:00:00+00:00, run_after=2024-05-28 00:00:00+00:00
[2024-05-28T09:56:07.859+0000] {processor.py:183} INFO - Processing /home/airflow/.local/lib/python3.12/site-packages/airflow/example_dags/example_skip_dag.py took 0.192 seconds
[2024-05-28T09:56:38.071+0000] {processor.py:161} INFO - Started process (PID=819) to work on /home/airflow/.local/lib/python3.12/site-packages/airflow/example_dags/example_skip_dag.py
[2024-05-28T09:56:38.073+0000] {processor.py:830} INFO - Processing file /home/airflow/.local/lib/python3.12/site-packages/airflow/example_dags/example_skip_dag.py for tasks to queue
[2024-05-28T09:56:38.076+0000] {logging_mixin.py:188} INFO - [2024-05-28T09:56:38.075+0000] {dagbag.py:545} INFO - Filling up the DagBag from /home/airflow/.local/lib/python3.12/site-packages/airflow/example_dags/example_skip_dag.py
[2024-05-28T09:56:38.089+0000] {processor.py:840} INFO - DAG(s) 'example_skip_dag' retrieved from /home/airflow/.local/lib/python3.12/site-packages/airflow/example_dags/example_skip_dag.py
[2024-05-28T09:56:38.128+0000] {logging_mixin.py:188} INFO - [2024-05-28T09:56:38.126+0000] {dag.py:3096} INFO - Sync 1 DAGs
[2024-05-28T09:56:38.188+0000] {logging_mixin.py:188} INFO - [2024-05-28T09:56:38.187+0000] {dag.py:3954} INFO - Setting next_dagrun for example_skip_dag to 2024-05-27 00:00:00+00:00, run_after=2024-05-28 00:00:00+00:00
[2024-05-28T09:56:38.236+0000] {processor.py:183} INFO - Processing /home/airflow/.local/lib/python3.12/site-packages/airflow/example_dags/example_skip_dag.py took 0.189 seconds
[2024-05-28T09:57:08.731+0000] {processor.py:161} INFO - Started process (PID=876) to work on /home/airflow/.local/lib/python3.12/site-packages/airflow/example_dags/example_skip_dag.py
[2024-05-28T09:57:08.735+0000] {processor.py:830} INFO - Processing file /home/airflow/.local/lib/python3.12/site-packages/airflow/example_dags/example_skip_dag.py for tasks to queue
[2024-05-28T09:57:08.740+0000] {logging_mixin.py:188} INFO - [2024-05-28T09:57:08.739+0000] {dagbag.py:545} INFO - Filling up the DagBag from /home/airflow/.local/lib/python3.12/site-packages/airflow/example_dags/example_skip_dag.py
[2024-05-28T09:57:08.761+0000] {processor.py:840} INFO - DAG(s) 'example_skip_dag' retrieved from /home/airflow/.local/lib/python3.12/site-packages/airflow/example_dags/example_skip_dag.py
[2024-05-28T09:57:08.843+0000] {logging_mixin.py:188} INFO - [2024-05-28T09:57:08.842+0000] {dag.py:3096} INFO - Sync 1 DAGs
[2024-05-28T09:57:08.909+0000] {logging_mixin.py:188} INFO - [2024-05-28T09:57:08.908+0000] {dag.py:3954} INFO - Setting next_dagrun for example_skip_dag to 2024-05-27 00:00:00+00:00, run_after=2024-05-28 00:00:00+00:00
[2024-05-28T09:57:08.947+0000] {processor.py:183} INFO - Processing /home/airflow/.local/lib/python3.12/site-packages/airflow/example_dags/example_skip_dag.py took 0.249 seconds
[2024-05-28T09:57:39.137+0000] {processor.py:161} INFO - Started process (PID=933) to work on /home/airflow/.local/lib/python3.12/site-packages/airflow/example_dags/example_skip_dag.py
[2024-05-28T09:57:39.139+0000] {processor.py:830} INFO - Processing file /home/airflow/.local/lib/python3.12/site-packages/airflow/example_dags/example_skip_dag.py for tasks to queue
[2024-05-28T09:57:39.141+0000] {logging_mixin.py:188} INFO - [2024-05-28T09:57:39.141+0000] {dagbag.py:545} INFO - Filling up the DagBag from /home/airflow/.local/lib/python3.12/site-packages/airflow/example_dags/example_skip_dag.py
[2024-05-28T09:57:39.155+0000] {processor.py:840} INFO - DAG(s) 'example_skip_dag' retrieved from /home/airflow/.local/lib/python3.12/site-packages/airflow/example_dags/example_skip_dag.py
[2024-05-28T09:57:39.222+0000] {logging_mixin.py:188} INFO - [2024-05-28T09:57:39.221+0000] {dag.py:3096} INFO - Sync 1 DAGs
[2024-05-28T09:57:39.294+0000] {logging_mixin.py:188} INFO - [2024-05-28T09:57:39.293+0000] {dag.py:3954} INFO - Setting next_dagrun for example_skip_dag to 2024-05-27 00:00:00+00:00, run_after=2024-05-28 00:00:00+00:00
[2024-05-28T09:57:39.373+0000] {processor.py:183} INFO - Processing /home/airflow/.local/lib/python3.12/site-packages/airflow/example_dags/example_skip_dag.py took 0.247 seconds
[2024-05-28T09:58:09.802+0000] {processor.py:161} INFO - Started process (PID=992) to work on /home/airflow/.local/lib/python3.12/site-packages/airflow/example_dags/example_skip_dag.py
[2024-05-28T09:58:09.803+0000] {processor.py:830} INFO - Processing file /home/airflow/.local/lib/python3.12/site-packages/airflow/example_dags/example_skip_dag.py for tasks to queue
[2024-05-28T09:58:09.807+0000] {logging_mixin.py:188} INFO - [2024-05-28T09:58:09.807+0000] {dagbag.py:545} INFO - Filling up the DagBag from /home/airflow/.local/lib/python3.12/site-packages/airflow/example_dags/example_skip_dag.py
[2024-05-28T09:58:09.823+0000] {processor.py:840} INFO - DAG(s) 'example_skip_dag' retrieved from /home/airflow/.local/lib/python3.12/site-packages/airflow/example_dags/example_skip_dag.py
[2024-05-28T09:58:09.885+0000] {logging_mixin.py:188} INFO - [2024-05-28T09:58:09.884+0000] {dag.py:3096} INFO - Sync 1 DAGs
[2024-05-28T09:58:09.938+0000] {logging_mixin.py:188} INFO - [2024-05-28T09:58:09.938+0000] {dag.py:3954} INFO - Setting next_dagrun for example_skip_dag to 2024-05-27 00:00:00+00:00, run_after=2024-05-28 00:00:00+00:00
[2024-05-28T09:58:09.973+0000] {processor.py:183} INFO - Processing /home/airflow/.local/lib/python3.12/site-packages/airflow/example_dags/example_skip_dag.py took 0.181 seconds
[2024-05-28T10:00:17.187+0000] {processor.py:161} INFO - Started process (PID=67) to work on /home/airflow/.local/lib/python3.12/site-packages/airflow/example_dags/example_skip_dag.py
[2024-05-28T10:00:17.191+0000] {processor.py:830} INFO - Processing file /home/airflow/.local/lib/python3.12/site-packages/airflow/example_dags/example_skip_dag.py for tasks to queue
[2024-05-28T10:00:17.195+0000] {logging_mixin.py:188} INFO - [2024-05-28T10:00:17.194+0000] {dagbag.py:545} INFO - Filling up the DagBag from /home/airflow/.local/lib/python3.12/site-packages/airflow/example_dags/example_skip_dag.py
[2024-05-28T10:00:17.213+0000] {processor.py:840} INFO - DAG(s) 'example_skip_dag' retrieved from /home/airflow/.local/lib/python3.12/site-packages/airflow/example_dags/example_skip_dag.py
[2024-05-28T10:00:17.530+0000] {logging_mixin.py:188} INFO - [2024-05-28T10:00:17.529+0000] {dag.py:3096} INFO - Sync 1 DAGs
[2024-05-28T10:00:17.600+0000] {logging_mixin.py:188} INFO - [2024-05-28T10:00:17.599+0000] {dag.py:3954} INFO - Setting next_dagrun for example_skip_dag to 2024-05-27 00:00:00+00:00, run_after=2024-05-28 00:00:00+00:00
[2024-05-28T10:00:17.649+0000] {processor.py:183} INFO - Processing /home/airflow/.local/lib/python3.12/site-packages/airflow/example_dags/example_skip_dag.py took 0.488 seconds
[2024-05-28T10:00:47.722+0000] {processor.py:161} INFO - Started process (PID=125) to work on /home/airflow/.local/lib/python3.12/site-packages/airflow/example_dags/example_skip_dag.py
[2024-05-28T10:00:47.723+0000] {processor.py:830} INFO - Processing file /home/airflow/.local/lib/python3.12/site-packages/airflow/example_dags/example_skip_dag.py for tasks to queue
[2024-05-28T10:00:47.726+0000] {logging_mixin.py:188} INFO - [2024-05-28T10:00:47.726+0000] {dagbag.py:545} INFO - Filling up the DagBag from /home/airflow/.local/lib/python3.12/site-packages/airflow/example_dags/example_skip_dag.py
[2024-05-28T10:00:47.734+0000] {processor.py:840} INFO - DAG(s) 'example_skip_dag' retrieved from /home/airflow/.local/lib/python3.12/site-packages/airflow/example_dags/example_skip_dag.py
[2024-05-28T10:00:47.768+0000] {logging_mixin.py:188} INFO - [2024-05-28T10:00:47.768+0000] {dag.py:3096} INFO - Sync 1 DAGs
[2024-05-28T10:00:47.804+0000] {logging_mixin.py:188} INFO - [2024-05-28T10:00:47.804+0000] {dag.py:3954} INFO - Setting next_dagrun for example_skip_dag to 2024-05-27 00:00:00+00:00, run_after=2024-05-28 00:00:00+00:00
[2024-05-28T10:00:47.847+0000] {processor.py:183} INFO - Processing /home/airflow/.local/lib/python3.12/site-packages/airflow/example_dags/example_skip_dag.py took 0.133 seconds
[2024-05-28T10:01:18.063+0000] {processor.py:161} INFO - Started process (PID=183) to work on /home/airflow/.local/lib/python3.12/site-packages/airflow/example_dags/example_skip_dag.py
[2024-05-28T10:01:18.064+0000] {processor.py:830} INFO - Processing file /home/airflow/.local/lib/python3.12/site-packages/airflow/example_dags/example_skip_dag.py for tasks to queue
[2024-05-28T10:01:18.066+0000] {logging_mixin.py:188} INFO - [2024-05-28T10:01:18.066+0000] {dagbag.py:545} INFO - Filling up the DagBag from /home/airflow/.local/lib/python3.12/site-packages/airflow/example_dags/example_skip_dag.py
[2024-05-28T10:01:18.074+0000] {processor.py:840} INFO - DAG(s) 'example_skip_dag' retrieved from /home/airflow/.local/lib/python3.12/site-packages/airflow/example_dags/example_skip_dag.py
[2024-05-28T10:01:18.125+0000] {logging_mixin.py:188} INFO - [2024-05-28T10:01:18.125+0000] {dag.py:3096} INFO - Sync 1 DAGs
[2024-05-28T10:01:18.175+0000] {logging_mixin.py:188} INFO - [2024-05-28T10:01:18.175+0000] {dag.py:3954} INFO - Setting next_dagrun for example_skip_dag to 2024-05-27 00:00:00+00:00, run_after=2024-05-28 00:00:00+00:00
[2024-05-28T10:01:18.201+0000] {processor.py:183} INFO - Processing /home/airflow/.local/lib/python3.12/site-packages/airflow/example_dags/example_skip_dag.py took 0.145 seconds
