[2024-05-28T09:46:26.869+0000] {processor.py:161} INFO - Started process (PID=50) to work on /home/airflow/.local/lib/python3.12/site-packages/airflow/example_dags/example_branch_labels.py
[2024-05-28T09:46:26.870+0000] {processor.py:830} INFO - Processing file /home/airflow/.local/lib/python3.12/site-packages/airflow/example_dags/example_branch_labels.py for tasks to queue
[2024-05-28T09:46:26.873+0000] {logging_mixin.py:188} INFO - [2024-05-28T09:46:26.872+0000] {dagbag.py:545} INFO - Filling up the DagBag from /home/airflow/.local/lib/python3.12/site-packages/airflow/example_dags/example_branch_labels.py
[2024-05-28T09:46:26.889+0000] {processor.py:840} INFO - DAG(s) 'example_branch_labels' retrieved from /home/airflow/.local/lib/python3.12/site-packages/airflow/example_dags/example_branch_labels.py
[2024-05-28T09:46:27.051+0000] {logging_mixin.py:188} INFO - [2024-05-28T09:46:27.050+0000] {dag.py:3096} INFO - Sync 1 DAGs
[2024-05-28T09:46:27.084+0000] {logging_mixin.py:188} INFO - [2024-05-28T09:46:27.083+0000] {dag.py:3954} INFO - Setting next_dagrun for example_branch_labels to 2024-05-27 00:00:00+00:00, run_after=2024-05-28 00:00:00+00:00
[2024-05-28T09:46:27.115+0000] {processor.py:183} INFO - Processing /home/airflow/.local/lib/python3.12/site-packages/airflow/example_dags/example_branch_labels.py took 0.255 seconds
[2024-05-28T09:46:57.922+0000] {processor.py:161} INFO - Started process (PID=108) to work on /home/airflow/.local/lib/python3.12/site-packages/airflow/example_dags/example_branch_labels.py
[2024-05-28T09:46:57.924+0000] {processor.py:830} INFO - Processing file /home/airflow/.local/lib/python3.12/site-packages/airflow/example_dags/example_branch_labels.py for tasks to queue
[2024-05-28T09:46:57.932+0000] {logging_mixin.py:188} INFO - [2024-05-28T09:46:57.929+0000] {dagbag.py:545} INFO - Filling up the DagBag from /home/airflow/.local/lib/python3.12/site-packages/airflow/example_dags/example_branch_labels.py
[2024-05-28T09:46:57.952+0000] {processor.py:840} INFO - DAG(s) 'example_branch_labels' retrieved from /home/airflow/.local/lib/python3.12/site-packages/airflow/example_dags/example_branch_labels.py
[2024-05-28T09:46:58.006+0000] {logging_mixin.py:188} INFO - [2024-05-28T09:46:58.006+0000] {dag.py:3096} INFO - Sync 1 DAGs
[2024-05-28T09:46:58.065+0000] {logging_mixin.py:188} INFO - [2024-05-28T09:46:58.064+0000] {dag.py:3954} INFO - Setting next_dagrun for example_branch_labels to 2024-05-27 00:00:00+00:00, run_after=2024-05-28 00:00:00+00:00
[2024-05-28T09:46:58.104+0000] {processor.py:183} INFO - Processing /home/airflow/.local/lib/python3.12/site-packages/airflow/example_dags/example_branch_labels.py took 0.196 seconds
[2024-05-28T09:47:28.892+0000] {processor.py:161} INFO - Started process (PID=166) to work on /home/airflow/.local/lib/python3.12/site-packages/airflow/example_dags/example_branch_labels.py
[2024-05-28T09:47:28.894+0000] {processor.py:830} INFO - Processing file /home/airflow/.local/lib/python3.12/site-packages/airflow/example_dags/example_branch_labels.py for tasks to queue
[2024-05-28T09:47:28.897+0000] {logging_mixin.py:188} INFO - [2024-05-28T09:47:28.896+0000] {dagbag.py:545} INFO - Filling up the DagBag from /home/airflow/.local/lib/python3.12/site-packages/airflow/example_dags/example_branch_labels.py
[2024-05-28T09:47:28.909+0000] {processor.py:840} INFO - DAG(s) 'example_branch_labels' retrieved from /home/airflow/.local/lib/python3.12/site-packages/airflow/example_dags/example_branch_labels.py
[2024-05-28T09:47:28.952+0000] {logging_mixin.py:188} INFO - [2024-05-28T09:47:28.952+0000] {dag.py:3096} INFO - Sync 1 DAGs
[2024-05-28T09:47:28.991+0000] {logging_mixin.py:188} INFO - [2024-05-28T09:47:28.990+0000] {dag.py:3954} INFO - Setting next_dagrun for example_branch_labels to 2024-05-27 00:00:00+00:00, run_after=2024-05-28 00:00:00+00:00
[2024-05-28T09:47:29.022+0000] {processor.py:183} INFO - Processing /home/airflow/.local/lib/python3.12/site-packages/airflow/example_dags/example_branch_labels.py took 0.139 seconds
[2024-05-28T09:47:59.140+0000] {processor.py:161} INFO - Started process (PID=224) to work on /home/airflow/.local/lib/python3.12/site-packages/airflow/example_dags/example_branch_labels.py
[2024-05-28T09:47:59.141+0000] {processor.py:830} INFO - Processing file /home/airflow/.local/lib/python3.12/site-packages/airflow/example_dags/example_branch_labels.py for tasks to queue
[2024-05-28T09:47:59.144+0000] {logging_mixin.py:188} INFO - [2024-05-28T09:47:59.143+0000] {dagbag.py:545} INFO - Filling up the DagBag from /home/airflow/.local/lib/python3.12/site-packages/airflow/example_dags/example_branch_labels.py
[2024-05-28T09:47:59.154+0000] {processor.py:840} INFO - DAG(s) 'example_branch_labels' retrieved from /home/airflow/.local/lib/python3.12/site-packages/airflow/example_dags/example_branch_labels.py
[2024-05-28T09:47:59.188+0000] {logging_mixin.py:188} INFO - [2024-05-28T09:47:59.188+0000] {dag.py:3096} INFO - Sync 1 DAGs
[2024-05-28T09:47:59.238+0000] {logging_mixin.py:188} INFO - [2024-05-28T09:47:59.237+0000] {dag.py:3954} INFO - Setting next_dagrun for example_branch_labels to 2024-05-27 00:00:00+00:00, run_after=2024-05-28 00:00:00+00:00
[2024-05-28T09:47:59.261+0000] {processor.py:183} INFO - Processing /home/airflow/.local/lib/python3.12/site-packages/airflow/example_dags/example_branch_labels.py took 0.129 seconds
[2024-05-28T09:48:30.196+0000] {processor.py:161} INFO - Started process (PID=282) to work on /home/airflow/.local/lib/python3.12/site-packages/airflow/example_dags/example_branch_labels.py
[2024-05-28T09:48:30.204+0000] {processor.py:830} INFO - Processing file /home/airflow/.local/lib/python3.12/site-packages/airflow/example_dags/example_branch_labels.py for tasks to queue
[2024-05-28T09:48:30.207+0000] {logging_mixin.py:188} INFO - [2024-05-28T09:48:30.207+0000] {dagbag.py:545} INFO - Filling up the DagBag from /home/airflow/.local/lib/python3.12/site-packages/airflow/example_dags/example_branch_labels.py
[2024-05-28T09:48:30.241+0000] {processor.py:840} INFO - DAG(s) 'example_branch_labels' retrieved from /home/airflow/.local/lib/python3.12/site-packages/airflow/example_dags/example_branch_labels.py
[2024-05-28T09:48:30.289+0000] {logging_mixin.py:188} INFO - [2024-05-28T09:48:30.288+0000] {dag.py:3096} INFO - Sync 1 DAGs
[2024-05-28T09:48:30.332+0000] {logging_mixin.py:188} INFO - [2024-05-28T09:48:30.332+0000] {dag.py:3954} INFO - Setting next_dagrun for example_branch_labels to 2024-05-27 00:00:00+00:00, run_after=2024-05-28 00:00:00+00:00
[2024-05-28T09:48:30.366+0000] {processor.py:183} INFO - Processing /home/airflow/.local/lib/python3.12/site-packages/airflow/example_dags/example_branch_labels.py took 0.199 seconds
[2024-05-28T09:49:56.046+0000] {processor.py:161} INFO - Started process (PID=44) to work on /home/airflow/.local/lib/python3.12/site-packages/airflow/example_dags/example_branch_labels.py
[2024-05-28T09:49:56.048+0000] {processor.py:830} INFO - Processing file /home/airflow/.local/lib/python3.12/site-packages/airflow/example_dags/example_branch_labels.py for tasks to queue
[2024-05-28T09:49:56.050+0000] {logging_mixin.py:188} INFO - [2024-05-28T09:49:56.050+0000] {dagbag.py:545} INFO - Filling up the DagBag from /home/airflow/.local/lib/python3.12/site-packages/airflow/example_dags/example_branch_labels.py
[2024-05-28T09:49:56.067+0000] {processor.py:840} INFO - DAG(s) 'example_branch_labels' retrieved from /home/airflow/.local/lib/python3.12/site-packages/airflow/example_dags/example_branch_labels.py
[2024-05-28T09:49:56.250+0000] {logging_mixin.py:188} INFO - [2024-05-28T09:49:56.249+0000] {dag.py:3096} INFO - Sync 1 DAGs
[2024-05-28T09:49:56.292+0000] {logging_mixin.py:188} INFO - [2024-05-28T09:49:56.292+0000] {dag.py:3954} INFO - Setting next_dagrun for example_branch_labels to 2024-05-27 00:00:00+00:00, run_after=2024-05-28 00:00:00+00:00
[2024-05-28T09:49:56.321+0000] {processor.py:183} INFO - Processing /home/airflow/.local/lib/python3.12/site-packages/airflow/example_dags/example_branch_labels.py took 0.283 seconds
[2024-05-28T09:50:26.586+0000] {processor.py:161} INFO - Started process (PID=102) to work on /home/airflow/.local/lib/python3.12/site-packages/airflow/example_dags/example_branch_labels.py
[2024-05-28T09:50:26.589+0000] {processor.py:830} INFO - Processing file /home/airflow/.local/lib/python3.12/site-packages/airflow/example_dags/example_branch_labels.py for tasks to queue
[2024-05-28T09:50:26.592+0000] {logging_mixin.py:188} INFO - [2024-05-28T09:50:26.591+0000] {dagbag.py:545} INFO - Filling up the DagBag from /home/airflow/.local/lib/python3.12/site-packages/airflow/example_dags/example_branch_labels.py
[2024-05-28T09:50:26.609+0000] {processor.py:840} INFO - DAG(s) 'example_branch_labels' retrieved from /home/airflow/.local/lib/python3.12/site-packages/airflow/example_dags/example_branch_labels.py
[2024-05-28T09:50:26.646+0000] {logging_mixin.py:188} INFO - [2024-05-28T09:50:26.646+0000] {dag.py:3096} INFO - Sync 1 DAGs
[2024-05-28T09:50:26.694+0000] {logging_mixin.py:188} INFO - [2024-05-28T09:50:26.694+0000] {dag.py:3954} INFO - Setting next_dagrun for example_branch_labels to 2024-05-27 00:00:00+00:00, run_after=2024-05-28 00:00:00+00:00
[2024-05-28T09:50:26.742+0000] {processor.py:183} INFO - Processing /home/airflow/.local/lib/python3.12/site-packages/airflow/example_dags/example_branch_labels.py took 0.173 seconds
[2024-05-28T09:50:57.537+0000] {processor.py:161} INFO - Started process (PID=160) to work on /home/airflow/.local/lib/python3.12/site-packages/airflow/example_dags/example_branch_labels.py
[2024-05-28T09:50:57.539+0000] {processor.py:830} INFO - Processing file /home/airflow/.local/lib/python3.12/site-packages/airflow/example_dags/example_branch_labels.py for tasks to queue
[2024-05-28T09:50:57.542+0000] {logging_mixin.py:188} INFO - [2024-05-28T09:50:57.542+0000] {dagbag.py:545} INFO - Filling up the DagBag from /home/airflow/.local/lib/python3.12/site-packages/airflow/example_dags/example_branch_labels.py
[2024-05-28T09:50:57.557+0000] {processor.py:840} INFO - DAG(s) 'example_branch_labels' retrieved from /home/airflow/.local/lib/python3.12/site-packages/airflow/example_dags/example_branch_labels.py
[2024-05-28T09:50:57.597+0000] {logging_mixin.py:188} INFO - [2024-05-28T09:50:57.597+0000] {dag.py:3096} INFO - Sync 1 DAGs
[2024-05-28T09:50:57.672+0000] {logging_mixin.py:188} INFO - [2024-05-28T09:50:57.672+0000] {dag.py:3954} INFO - Setting next_dagrun for example_branch_labels to 2024-05-27 00:00:00+00:00, run_after=2024-05-28 00:00:00+00:00
[2024-05-28T09:50:57.723+0000] {processor.py:183} INFO - Processing /home/airflow/.local/lib/python3.12/site-packages/airflow/example_dags/example_branch_labels.py took 0.197 seconds
[2024-05-28T09:51:28.001+0000] {processor.py:161} INFO - Started process (PID=218) to work on /home/airflow/.local/lib/python3.12/site-packages/airflow/example_dags/example_branch_labels.py
[2024-05-28T09:51:28.003+0000] {processor.py:830} INFO - Processing file /home/airflow/.local/lib/python3.12/site-packages/airflow/example_dags/example_branch_labels.py for tasks to queue
[2024-05-28T09:51:28.005+0000] {logging_mixin.py:188} INFO - [2024-05-28T09:51:28.005+0000] {dagbag.py:545} INFO - Filling up the DagBag from /home/airflow/.local/lib/python3.12/site-packages/airflow/example_dags/example_branch_labels.py
[2024-05-28T09:51:28.019+0000] {processor.py:840} INFO - DAG(s) 'example_branch_labels' retrieved from /home/airflow/.local/lib/python3.12/site-packages/airflow/example_dags/example_branch_labels.py
[2024-05-28T09:51:28.070+0000] {logging_mixin.py:188} INFO - [2024-05-28T09:51:28.069+0000] {dag.py:3096} INFO - Sync 1 DAGs
[2024-05-28T09:51:28.108+0000] {logging_mixin.py:188} INFO - [2024-05-28T09:51:28.108+0000] {dag.py:3954} INFO - Setting next_dagrun for example_branch_labels to 2024-05-27 00:00:00+00:00, run_after=2024-05-28 00:00:00+00:00
[2024-05-28T09:51:28.129+0000] {processor.py:183} INFO - Processing /home/airflow/.local/lib/python3.12/site-packages/airflow/example_dags/example_branch_labels.py took 0.145 seconds
[2024-05-28T09:51:59.258+0000] {processor.py:161} INFO - Started process (PID=276) to work on /home/airflow/.local/lib/python3.12/site-packages/airflow/example_dags/example_branch_labels.py
[2024-05-28T09:51:59.260+0000] {processor.py:830} INFO - Processing file /home/airflow/.local/lib/python3.12/site-packages/airflow/example_dags/example_branch_labels.py for tasks to queue
[2024-05-28T09:51:59.264+0000] {logging_mixin.py:188} INFO - [2024-05-28T09:51:59.263+0000] {dagbag.py:545} INFO - Filling up the DagBag from /home/airflow/.local/lib/python3.12/site-packages/airflow/example_dags/example_branch_labels.py
[2024-05-28T09:51:59.292+0000] {processor.py:840} INFO - DAG(s) 'example_branch_labels' retrieved from /home/airflow/.local/lib/python3.12/site-packages/airflow/example_dags/example_branch_labels.py
[2024-05-28T09:51:59.338+0000] {logging_mixin.py:188} INFO - [2024-05-28T09:51:59.337+0000] {dag.py:3096} INFO - Sync 1 DAGs
[2024-05-28T09:51:59.403+0000] {logging_mixin.py:188} INFO - [2024-05-28T09:51:59.402+0000] {dag.py:3954} INFO - Setting next_dagrun for example_branch_labels to 2024-05-27 00:00:00+00:00, run_after=2024-05-28 00:00:00+00:00
[2024-05-28T09:51:59.459+0000] {processor.py:183} INFO - Processing /home/airflow/.local/lib/python3.12/site-packages/airflow/example_dags/example_branch_labels.py took 0.213 seconds
[2024-05-28T09:52:29.642+0000] {processor.py:161} INFO - Started process (PID=333) to work on /home/airflow/.local/lib/python3.12/site-packages/airflow/example_dags/example_branch_labels.py
[2024-05-28T09:52:29.647+0000] {processor.py:830} INFO - Processing file /home/airflow/.local/lib/python3.12/site-packages/airflow/example_dags/example_branch_labels.py for tasks to queue
[2024-05-28T09:52:29.650+0000] {logging_mixin.py:188} INFO - [2024-05-28T09:52:29.650+0000] {dagbag.py:545} INFO - Filling up the DagBag from /home/airflow/.local/lib/python3.12/site-packages/airflow/example_dags/example_branch_labels.py
[2024-05-28T09:52:29.671+0000] {processor.py:840} INFO - DAG(s) 'example_branch_labels' retrieved from /home/airflow/.local/lib/python3.12/site-packages/airflow/example_dags/example_branch_labels.py
[2024-05-28T09:52:29.733+0000] {logging_mixin.py:188} INFO - [2024-05-28T09:52:29.733+0000] {dag.py:3096} INFO - Sync 1 DAGs
[2024-05-28T09:52:29.795+0000] {logging_mixin.py:188} INFO - [2024-05-28T09:52:29.795+0000] {dag.py:3954} INFO - Setting next_dagrun for example_branch_labels to 2024-05-27 00:00:00+00:00, run_after=2024-05-28 00:00:00+00:00
[2024-05-28T09:52:29.856+0000] {processor.py:183} INFO - Processing /home/airflow/.local/lib/python3.12/site-packages/airflow/example_dags/example_branch_labels.py took 0.232 seconds
[2024-05-28T09:53:00.066+0000] {processor.py:161} INFO - Started process (PID=391) to work on /home/airflow/.local/lib/python3.12/site-packages/airflow/example_dags/example_branch_labels.py
[2024-05-28T09:53:00.074+0000] {processor.py:830} INFO - Processing file /home/airflow/.local/lib/python3.12/site-packages/airflow/example_dags/example_branch_labels.py for tasks to queue
[2024-05-28T09:53:00.086+0000] {logging_mixin.py:188} INFO - [2024-05-28T09:53:00.084+0000] {dagbag.py:545} INFO - Filling up the DagBag from /home/airflow/.local/lib/python3.12/site-packages/airflow/example_dags/example_branch_labels.py
[2024-05-28T09:53:00.117+0000] {processor.py:840} INFO - DAG(s) 'example_branch_labels' retrieved from /home/airflow/.local/lib/python3.12/site-packages/airflow/example_dags/example_branch_labels.py
[2024-05-28T09:53:00.192+0000] {logging_mixin.py:188} INFO - [2024-05-28T09:53:00.191+0000] {dag.py:3096} INFO - Sync 1 DAGs
[2024-05-28T09:53:00.278+0000] {logging_mixin.py:188} INFO - [2024-05-28T09:53:00.278+0000] {dag.py:3954} INFO - Setting next_dagrun for example_branch_labels to 2024-05-27 00:00:00+00:00, run_after=2024-05-28 00:00:00+00:00
[2024-05-28T09:53:00.364+0000] {processor.py:183} INFO - Processing /home/airflow/.local/lib/python3.12/site-packages/airflow/example_dags/example_branch_labels.py took 0.307 seconds
[2024-05-28T09:53:31.216+0000] {processor.py:161} INFO - Started process (PID=449) to work on /home/airflow/.local/lib/python3.12/site-packages/airflow/example_dags/example_branch_labels.py
[2024-05-28T09:53:31.222+0000] {processor.py:830} INFO - Processing file /home/airflow/.local/lib/python3.12/site-packages/airflow/example_dags/example_branch_labels.py for tasks to queue
[2024-05-28T09:53:31.227+0000] {logging_mixin.py:188} INFO - [2024-05-28T09:53:31.226+0000] {dagbag.py:545} INFO - Filling up the DagBag from /home/airflow/.local/lib/python3.12/site-packages/airflow/example_dags/example_branch_labels.py
[2024-05-28T09:53:31.260+0000] {processor.py:840} INFO - DAG(s) 'example_branch_labels' retrieved from /home/airflow/.local/lib/python3.12/site-packages/airflow/example_dags/example_branch_labels.py
[2024-05-28T09:53:31.322+0000] {logging_mixin.py:188} INFO - [2024-05-28T09:53:31.322+0000] {dag.py:3096} INFO - Sync 1 DAGs
[2024-05-28T09:53:31.360+0000] {logging_mixin.py:188} INFO - [2024-05-28T09:53:31.359+0000] {dag.py:3954} INFO - Setting next_dagrun for example_branch_labels to 2024-05-27 00:00:00+00:00, run_after=2024-05-28 00:00:00+00:00
[2024-05-28T09:53:31.401+0000] {processor.py:183} INFO - Processing /home/airflow/.local/lib/python3.12/site-packages/airflow/example_dags/example_branch_labels.py took 0.211 seconds
[2024-05-28T09:54:01.808+0000] {processor.py:161} INFO - Started process (PID=507) to work on /home/airflow/.local/lib/python3.12/site-packages/airflow/example_dags/example_branch_labels.py
[2024-05-28T09:54:01.817+0000] {processor.py:830} INFO - Processing file /home/airflow/.local/lib/python3.12/site-packages/airflow/example_dags/example_branch_labels.py for tasks to queue
[2024-05-28T09:54:01.840+0000] {logging_mixin.py:188} INFO - [2024-05-28T09:54:01.829+0000] {dagbag.py:545} INFO - Filling up the DagBag from /home/airflow/.local/lib/python3.12/site-packages/airflow/example_dags/example_branch_labels.py
[2024-05-28T09:54:01.864+0000] {processor.py:840} INFO - DAG(s) 'example_branch_labels' retrieved from /home/airflow/.local/lib/python3.12/site-packages/airflow/example_dags/example_branch_labels.py
[2024-05-28T09:54:01.914+0000] {logging_mixin.py:188} INFO - [2024-05-28T09:54:01.913+0000] {dag.py:3096} INFO - Sync 1 DAGs
[2024-05-28T09:54:01.950+0000] {logging_mixin.py:188} INFO - [2024-05-28T09:54:01.950+0000] {dag.py:3954} INFO - Setting next_dagrun for example_branch_labels to 2024-05-27 00:00:00+00:00, run_after=2024-05-28 00:00:00+00:00
[2024-05-28T09:54:01.980+0000] {processor.py:183} INFO - Processing /home/airflow/.local/lib/python3.12/site-packages/airflow/example_dags/example_branch_labels.py took 0.221 seconds
[2024-05-28T09:54:32.529+0000] {processor.py:161} INFO - Started process (PID=565) to work on /home/airflow/.local/lib/python3.12/site-packages/airflow/example_dags/example_branch_labels.py
[2024-05-28T09:54:32.532+0000] {processor.py:830} INFO - Processing file /home/airflow/.local/lib/python3.12/site-packages/airflow/example_dags/example_branch_labels.py for tasks to queue
[2024-05-28T09:54:32.534+0000] {logging_mixin.py:188} INFO - [2024-05-28T09:54:32.534+0000] {dagbag.py:545} INFO - Filling up the DagBag from /home/airflow/.local/lib/python3.12/site-packages/airflow/example_dags/example_branch_labels.py
[2024-05-28T09:54:32.548+0000] {processor.py:840} INFO - DAG(s) 'example_branch_labels' retrieved from /home/airflow/.local/lib/python3.12/site-packages/airflow/example_dags/example_branch_labels.py
[2024-05-28T09:54:32.600+0000] {logging_mixin.py:188} INFO - [2024-05-28T09:54:32.600+0000] {dag.py:3096} INFO - Sync 1 DAGs
[2024-05-28T09:54:32.679+0000] {logging_mixin.py:188} INFO - [2024-05-28T09:54:32.679+0000] {dag.py:3954} INFO - Setting next_dagrun for example_branch_labels to 2024-05-27 00:00:00+00:00, run_after=2024-05-28 00:00:00+00:00
[2024-05-28T09:54:32.719+0000] {processor.py:183} INFO - Processing /home/airflow/.local/lib/python3.12/site-packages/airflow/example_dags/example_branch_labels.py took 0.199 seconds
[2024-05-28T09:55:03.605+0000] {processor.py:161} INFO - Started process (PID=629) to work on /home/airflow/.local/lib/python3.12/site-packages/airflow/example_dags/example_branch_labels.py
[2024-05-28T09:55:03.607+0000] {processor.py:830} INFO - Processing file /home/airflow/.local/lib/python3.12/site-packages/airflow/example_dags/example_branch_labels.py for tasks to queue
[2024-05-28T09:55:03.609+0000] {logging_mixin.py:188} INFO - [2024-05-28T09:55:03.609+0000] {dagbag.py:545} INFO - Filling up the DagBag from /home/airflow/.local/lib/python3.12/site-packages/airflow/example_dags/example_branch_labels.py
[2024-05-28T09:55:03.622+0000] {processor.py:840} INFO - DAG(s) 'example_branch_labels' retrieved from /home/airflow/.local/lib/python3.12/site-packages/airflow/example_dags/example_branch_labels.py
[2024-05-28T09:55:03.662+0000] {logging_mixin.py:188} INFO - [2024-05-28T09:55:03.661+0000] {dag.py:3096} INFO - Sync 1 DAGs
[2024-05-28T09:55:03.709+0000] {logging_mixin.py:188} INFO - [2024-05-28T09:55:03.709+0000] {dag.py:3954} INFO - Setting next_dagrun for example_branch_labels to 2024-05-27 00:00:00+00:00, run_after=2024-05-28 00:00:00+00:00
[2024-05-28T09:55:03.742+0000] {processor.py:183} INFO - Processing /home/airflow/.local/lib/python3.12/site-packages/airflow/example_dags/example_branch_labels.py took 0.148 seconds
[2024-05-28T09:55:34.162+0000] {processor.py:161} INFO - Started process (PID=687) to work on /home/airflow/.local/lib/python3.12/site-packages/airflow/example_dags/example_branch_labels.py
[2024-05-28T09:55:34.163+0000] {processor.py:830} INFO - Processing file /home/airflow/.local/lib/python3.12/site-packages/airflow/example_dags/example_branch_labels.py for tasks to queue
[2024-05-28T09:55:34.165+0000] {logging_mixin.py:188} INFO - [2024-05-28T09:55:34.165+0000] {dagbag.py:545} INFO - Filling up the DagBag from /home/airflow/.local/lib/python3.12/site-packages/airflow/example_dags/example_branch_labels.py
[2024-05-28T09:55:34.175+0000] {processor.py:840} INFO - DAG(s) 'example_branch_labels' retrieved from /home/airflow/.local/lib/python3.12/site-packages/airflow/example_dags/example_branch_labels.py
[2024-05-28T09:55:34.207+0000] {logging_mixin.py:188} INFO - [2024-05-28T09:55:34.207+0000] {dag.py:3096} INFO - Sync 1 DAGs
[2024-05-28T09:55:34.242+0000] {logging_mixin.py:188} INFO - [2024-05-28T09:55:34.241+0000] {dag.py:3954} INFO - Setting next_dagrun for example_branch_labels to 2024-05-27 00:00:00+00:00, run_after=2024-05-28 00:00:00+00:00
[2024-05-28T09:55:34.263+0000] {processor.py:183} INFO - Processing /home/airflow/.local/lib/python3.12/site-packages/airflow/example_dags/example_branch_labels.py took 0.108 seconds
[2024-05-28T09:56:04.845+0000] {processor.py:161} INFO - Started process (PID=745) to work on /home/airflow/.local/lib/python3.12/site-packages/airflow/example_dags/example_branch_labels.py
[2024-05-28T09:56:04.847+0000] {processor.py:830} INFO - Processing file /home/airflow/.local/lib/python3.12/site-packages/airflow/example_dags/example_branch_labels.py for tasks to queue
[2024-05-28T09:56:04.849+0000] {logging_mixin.py:188} INFO - [2024-05-28T09:56:04.849+0000] {dagbag.py:545} INFO - Filling up the DagBag from /home/airflow/.local/lib/python3.12/site-packages/airflow/example_dags/example_branch_labels.py
[2024-05-28T09:56:04.863+0000] {processor.py:840} INFO - DAG(s) 'example_branch_labels' retrieved from /home/airflow/.local/lib/python3.12/site-packages/airflow/example_dags/example_branch_labels.py
[2024-05-28T09:56:04.917+0000] {logging_mixin.py:188} INFO - [2024-05-28T09:56:04.917+0000] {dag.py:3096} INFO - Sync 1 DAGs
[2024-05-28T09:56:04.959+0000] {logging_mixin.py:188} INFO - [2024-05-28T09:56:04.959+0000] {dag.py:3954} INFO - Setting next_dagrun for example_branch_labels to 2024-05-27 00:00:00+00:00, run_after=2024-05-28 00:00:00+00:00
[2024-05-28T09:56:04.996+0000] {processor.py:183} INFO - Processing /home/airflow/.local/lib/python3.12/site-packages/airflow/example_dags/example_branch_labels.py took 0.163 seconds
[2024-05-28T09:56:35.075+0000] {processor.py:161} INFO - Started process (PID=803) to work on /home/airflow/.local/lib/python3.12/site-packages/airflow/example_dags/example_branch_labels.py
[2024-05-28T09:56:35.077+0000] {processor.py:830} INFO - Processing file /home/airflow/.local/lib/python3.12/site-packages/airflow/example_dags/example_branch_labels.py for tasks to queue
[2024-05-28T09:56:35.083+0000] {logging_mixin.py:188} INFO - [2024-05-28T09:56:35.082+0000] {dagbag.py:545} INFO - Filling up the DagBag from /home/airflow/.local/lib/python3.12/site-packages/airflow/example_dags/example_branch_labels.py
[2024-05-28T09:56:35.100+0000] {processor.py:840} INFO - DAG(s) 'example_branch_labels' retrieved from /home/airflow/.local/lib/python3.12/site-packages/airflow/example_dags/example_branch_labels.py
[2024-05-28T09:56:35.155+0000] {logging_mixin.py:188} INFO - [2024-05-28T09:56:35.154+0000] {dag.py:3096} INFO - Sync 1 DAGs
[2024-05-28T09:56:35.221+0000] {logging_mixin.py:188} INFO - [2024-05-28T09:56:35.221+0000] {dag.py:3954} INFO - Setting next_dagrun for example_branch_labels to 2024-05-27 00:00:00+00:00, run_after=2024-05-28 00:00:00+00:00
[2024-05-28T09:56:35.274+0000] {processor.py:183} INFO - Processing /home/airflow/.local/lib/python3.12/site-packages/airflow/example_dags/example_branch_labels.py took 0.208 seconds
[2024-05-28T09:57:05.865+0000] {processor.py:161} INFO - Started process (PID=860) to work on /home/airflow/.local/lib/python3.12/site-packages/airflow/example_dags/example_branch_labels.py
[2024-05-28T09:57:05.867+0000] {processor.py:830} INFO - Processing file /home/airflow/.local/lib/python3.12/site-packages/airflow/example_dags/example_branch_labels.py for tasks to queue
[2024-05-28T09:57:05.870+0000] {logging_mixin.py:188} INFO - [2024-05-28T09:57:05.869+0000] {dagbag.py:545} INFO - Filling up the DagBag from /home/airflow/.local/lib/python3.12/site-packages/airflow/example_dags/example_branch_labels.py
[2024-05-28T09:57:05.880+0000] {processor.py:840} INFO - DAG(s) 'example_branch_labels' retrieved from /home/airflow/.local/lib/python3.12/site-packages/airflow/example_dags/example_branch_labels.py
[2024-05-28T09:57:05.930+0000] {logging_mixin.py:188} INFO - [2024-05-28T09:57:05.930+0000] {dag.py:3096} INFO - Sync 1 DAGs
[2024-05-28T09:57:05.976+0000] {logging_mixin.py:188} INFO - [2024-05-28T09:57:05.976+0000] {dag.py:3954} INFO - Setting next_dagrun for example_branch_labels to 2024-05-27 00:00:00+00:00, run_after=2024-05-28 00:00:00+00:00
[2024-05-28T09:57:06.023+0000] {processor.py:183} INFO - Processing /home/airflow/.local/lib/python3.12/site-packages/airflow/example_dags/example_branch_labels.py took 0.167 seconds
[2024-05-28T09:57:36.260+0000] {processor.py:161} INFO - Started process (PID=918) to work on /home/airflow/.local/lib/python3.12/site-packages/airflow/example_dags/example_branch_labels.py
[2024-05-28T09:57:36.262+0000] {processor.py:830} INFO - Processing file /home/airflow/.local/lib/python3.12/site-packages/airflow/example_dags/example_branch_labels.py for tasks to queue
[2024-05-28T09:57:36.267+0000] {logging_mixin.py:188} INFO - [2024-05-28T09:57:36.266+0000] {dagbag.py:545} INFO - Filling up the DagBag from /home/airflow/.local/lib/python3.12/site-packages/airflow/example_dags/example_branch_labels.py
[2024-05-28T09:57:36.284+0000] {processor.py:840} INFO - DAG(s) 'example_branch_labels' retrieved from /home/airflow/.local/lib/python3.12/site-packages/airflow/example_dags/example_branch_labels.py
[2024-05-28T09:57:36.330+0000] {logging_mixin.py:188} INFO - [2024-05-28T09:57:36.330+0000] {dag.py:3096} INFO - Sync 1 DAGs
[2024-05-28T09:57:36.379+0000] {logging_mixin.py:188} INFO - [2024-05-28T09:57:36.378+0000] {dag.py:3954} INFO - Setting next_dagrun for example_branch_labels to 2024-05-27 00:00:00+00:00, run_after=2024-05-28 00:00:00+00:00
[2024-05-28T09:57:36.413+0000] {processor.py:183} INFO - Processing /home/airflow/.local/lib/python3.12/site-packages/airflow/example_dags/example_branch_labels.py took 0.171 seconds
[2024-05-28T09:58:07.084+0000] {processor.py:161} INFO - Started process (PID=976) to work on /home/airflow/.local/lib/python3.12/site-packages/airflow/example_dags/example_branch_labels.py
[2024-05-28T09:58:07.085+0000] {processor.py:830} INFO - Processing file /home/airflow/.local/lib/python3.12/site-packages/airflow/example_dags/example_branch_labels.py for tasks to queue
[2024-05-28T09:58:07.088+0000] {logging_mixin.py:188} INFO - [2024-05-28T09:58:07.088+0000] {dagbag.py:545} INFO - Filling up the DagBag from /home/airflow/.local/lib/python3.12/site-packages/airflow/example_dags/example_branch_labels.py
[2024-05-28T09:58:07.108+0000] {processor.py:840} INFO - DAG(s) 'example_branch_labels' retrieved from /home/airflow/.local/lib/python3.12/site-packages/airflow/example_dags/example_branch_labels.py
[2024-05-28T09:58:07.163+0000] {logging_mixin.py:188} INFO - [2024-05-28T09:58:07.162+0000] {dag.py:3096} INFO - Sync 1 DAGs
[2024-05-28T09:58:07.194+0000] {logging_mixin.py:188} INFO - [2024-05-28T09:58:07.194+0000] {dag.py:3954} INFO - Setting next_dagrun for example_branch_labels to 2024-05-27 00:00:00+00:00, run_after=2024-05-28 00:00:00+00:00
[2024-05-28T09:58:07.216+0000] {processor.py:183} INFO - Processing /home/airflow/.local/lib/python3.12/site-packages/airflow/example_dags/example_branch_labels.py took 0.167 seconds
[2024-05-28T10:00:12.040+0000] {processor.py:161} INFO - Started process (PID=51) to work on /home/airflow/.local/lib/python3.12/site-packages/airflow/example_dags/example_branch_labels.py
[2024-05-28T10:00:12.042+0000] {processor.py:830} INFO - Processing file /home/airflow/.local/lib/python3.12/site-packages/airflow/example_dags/example_branch_labels.py for tasks to queue
[2024-05-28T10:00:12.045+0000] {logging_mixin.py:188} INFO - [2024-05-28T10:00:12.044+0000] {dagbag.py:545} INFO - Filling up the DagBag from /home/airflow/.local/lib/python3.12/site-packages/airflow/example_dags/example_branch_labels.py
[2024-05-28T10:00:12.063+0000] {processor.py:840} INFO - DAG(s) 'example_branch_labels' retrieved from /home/airflow/.local/lib/python3.12/site-packages/airflow/example_dags/example_branch_labels.py
[2024-05-28T10:00:12.497+0000] {logging_mixin.py:188} INFO - [2024-05-28T10:00:12.496+0000] {dag.py:3096} INFO - Sync 1 DAGs
[2024-05-28T10:00:12.551+0000] {logging_mixin.py:188} INFO - [2024-05-28T10:00:12.551+0000] {dag.py:3954} INFO - Setting next_dagrun for example_branch_labels to 2024-05-27 00:00:00+00:00, run_after=2024-05-28 00:00:00+00:00
[2024-05-28T10:00:12.600+0000] {processor.py:183} INFO - Processing /home/airflow/.local/lib/python3.12/site-packages/airflow/example_dags/example_branch_labels.py took 0.572 seconds
[2024-05-28T10:00:42.876+0000] {processor.py:161} INFO - Started process (PID=109) to work on /home/airflow/.local/lib/python3.12/site-packages/airflow/example_dags/example_branch_labels.py
[2024-05-28T10:00:42.877+0000] {processor.py:830} INFO - Processing file /home/airflow/.local/lib/python3.12/site-packages/airflow/example_dags/example_branch_labels.py for tasks to queue
[2024-05-28T10:00:42.880+0000] {logging_mixin.py:188} INFO - [2024-05-28T10:00:42.880+0000] {dagbag.py:545} INFO - Filling up the DagBag from /home/airflow/.local/lib/python3.12/site-packages/airflow/example_dags/example_branch_labels.py
[2024-05-28T10:00:42.897+0000] {processor.py:840} INFO - DAG(s) 'example_branch_labels' retrieved from /home/airflow/.local/lib/python3.12/site-packages/airflow/example_dags/example_branch_labels.py
[2024-05-28T10:00:42.948+0000] {logging_mixin.py:188} INFO - [2024-05-28T10:00:42.947+0000] {dag.py:3096} INFO - Sync 1 DAGs
[2024-05-28T10:00:43.004+0000] {logging_mixin.py:188} INFO - [2024-05-28T10:00:43.004+0000] {dag.py:3954} INFO - Setting next_dagrun for example_branch_labels to 2024-05-27 00:00:00+00:00, run_after=2024-05-28 00:00:00+00:00
[2024-05-28T10:00:43.047+0000] {processor.py:183} INFO - Processing /home/airflow/.local/lib/python3.12/site-packages/airflow/example_dags/example_branch_labels.py took 0.188 seconds
[2024-05-28T10:01:13.144+0000] {processor.py:161} INFO - Started process (PID=167) to work on /home/airflow/.local/lib/python3.12/site-packages/airflow/example_dags/example_branch_labels.py
[2024-05-28T10:01:13.148+0000] {processor.py:830} INFO - Processing file /home/airflow/.local/lib/python3.12/site-packages/airflow/example_dags/example_branch_labels.py for tasks to queue
[2024-05-28T10:01:13.153+0000] {logging_mixin.py:188} INFO - [2024-05-28T10:01:13.152+0000] {dagbag.py:545} INFO - Filling up the DagBag from /home/airflow/.local/lib/python3.12/site-packages/airflow/example_dags/example_branch_labels.py
[2024-05-28T10:01:13.183+0000] {processor.py:840} INFO - DAG(s) 'example_branch_labels' retrieved from /home/airflow/.local/lib/python3.12/site-packages/airflow/example_dags/example_branch_labels.py
[2024-05-28T10:01:13.219+0000] {logging_mixin.py:188} INFO - [2024-05-28T10:01:13.219+0000] {dag.py:3096} INFO - Sync 1 DAGs
[2024-05-28T10:01:13.259+0000] {logging_mixin.py:188} INFO - [2024-05-28T10:01:13.259+0000] {dag.py:3954} INFO - Setting next_dagrun for example_branch_labels to 2024-05-27 00:00:00+00:00, run_after=2024-05-28 00:00:00+00:00
[2024-05-28T10:01:13.311+0000] {processor.py:183} INFO - Processing /home/airflow/.local/lib/python3.12/site-packages/airflow/example_dags/example_branch_labels.py took 0.188 seconds
