[2024-05-28T09:46:33.245+0000] {processor.py:161} INFO - Started process (PID=76) to work on /home/airflow/.local/lib/python3.12/site-packages/airflow/example_dags/example_subdag_operator.py
[2024-05-28T09:46:33.246+0000] {processor.py:830} INFO - Processing file /home/airflow/.local/lib/python3.12/site-packages/airflow/example_dags/example_subdag_operator.py for tasks to queue
[2024-05-28T09:46:33.248+0000] {logging_mixin.py:188} INFO - [2024-05-28T09:46:33.247+0000] {dagbag.py:545} INFO - Filling up the DagBag from /home/airflow/.local/lib/python3.12/site-packages/airflow/example_dags/example_subdag_operator.py
[2024-05-28T09:46:33.286+0000] {processor.py:840} INFO - DAG(s) 'example_subdag_operator.section-1', 'example_subdag_operator.section-2', 'example_subdag_operator' retrieved from /home/airflow/.local/lib/python3.12/site-packages/airflow/example_dags/example_subdag_operator.py
[2024-05-28T09:46:33.438+0000] {logging_mixin.py:188} INFO - [2024-05-28T09:46:33.438+0000] {dag.py:3096} INFO - Sync 3 DAGs
[2024-05-28T09:46:33.477+0000] {logging_mixin.py:188} INFO - [2024-05-28T09:46:33.477+0000] {dag.py:3954} INFO - Setting next_dagrun for example_subdag_operator to 2022-01-01 00:00:00+00:00, run_after=2022-01-01 00:00:00+00:00
[2024-05-28T09:46:33.485+0000] {logging_mixin.py:188} INFO - [2024-05-28T09:46:33.485+0000] {dag.py:3954} INFO - Setting next_dagrun for example_subdag_operator.section-1 to None, run_after=None
[2024-05-28T09:46:33.487+0000] {logging_mixin.py:188} INFO - [2024-05-28T09:46:33.487+0000] {dag.py:3954} INFO - Setting next_dagrun for example_subdag_operator.section-2 to None, run_after=None
[2024-05-28T09:46:33.503+0000] {logging_mixin.py:188} INFO - [2024-05-28T09:46:33.502+0000] {dag.py:3096} INFO - Sync 2 DAGs
[2024-05-28T09:46:33.510+0000] {logging_mixin.py:188} INFO - [2024-05-28T09:46:33.510+0000] {dag.py:3954} INFO - Setting next_dagrun for example_subdag_operator.section-1 to None, run_after=None
[2024-05-28T09:46:33.511+0000] {logging_mixin.py:188} INFO - [2024-05-28T09:46:33.510+0000] {dag.py:3954} INFO - Setting next_dagrun for example_subdag_operator.section-2 to None, run_after=None
[2024-05-28T09:46:33.525+0000] {processor.py:183} INFO - Processing /home/airflow/.local/lib/python3.12/site-packages/airflow/example_dags/example_subdag_operator.py took 0.287 seconds
[2024-05-28T09:47:04.024+0000] {processor.py:161} INFO - Started process (PID=134) to work on /home/airflow/.local/lib/python3.12/site-packages/airflow/example_dags/example_subdag_operator.py
[2024-05-28T09:47:04.025+0000] {processor.py:830} INFO - Processing file /home/airflow/.local/lib/python3.12/site-packages/airflow/example_dags/example_subdag_operator.py for tasks to queue
[2024-05-28T09:47:04.028+0000] {logging_mixin.py:188} INFO - [2024-05-28T09:47:04.027+0000] {dagbag.py:545} INFO - Filling up the DagBag from /home/airflow/.local/lib/python3.12/site-packages/airflow/example_dags/example_subdag_operator.py
[2024-05-28T09:47:04.071+0000] {processor.py:840} INFO - DAG(s) 'example_subdag_operator.section-1', 'example_subdag_operator.section-2', 'example_subdag_operator' retrieved from /home/airflow/.local/lib/python3.12/site-packages/airflow/example_dags/example_subdag_operator.py
[2024-05-28T09:47:04.120+0000] {logging_mixin.py:188} INFO - [2024-05-28T09:47:04.119+0000] {dag.py:3096} INFO - Sync 3 DAGs
[2024-05-28T09:47:04.165+0000] {logging_mixin.py:188} INFO - [2024-05-28T09:47:04.164+0000] {dag.py:3954} INFO - Setting next_dagrun for example_subdag_operator to 2022-01-01 00:00:00+00:00, run_after=2022-01-01 00:00:00+00:00
[2024-05-28T09:47:04.173+0000] {logging_mixin.py:188} INFO - [2024-05-28T09:47:04.173+0000] {dag.py:3954} INFO - Setting next_dagrun for example_subdag_operator.section-1 to None, run_after=None
[2024-05-28T09:47:04.176+0000] {logging_mixin.py:188} INFO - [2024-05-28T09:47:04.175+0000] {dag.py:3954} INFO - Setting next_dagrun for example_subdag_operator.section-2 to None, run_after=None
[2024-05-28T09:47:04.189+0000] {logging_mixin.py:188} INFO - [2024-05-28T09:47:04.189+0000] {dag.py:3096} INFO - Sync 2 DAGs
[2024-05-28T09:47:04.220+0000] {logging_mixin.py:188} INFO - [2024-05-28T09:47:04.220+0000] {dag.py:3954} INFO - Setting next_dagrun for example_subdag_operator.section-1 to None, run_after=None
[2024-05-28T09:47:04.221+0000] {logging_mixin.py:188} INFO - [2024-05-28T09:47:04.220+0000] {dag.py:3954} INFO - Setting next_dagrun for example_subdag_operator.section-2 to None, run_after=None
[2024-05-28T09:47:04.245+0000] {processor.py:183} INFO - Processing /home/airflow/.local/lib/python3.12/site-packages/airflow/example_dags/example_subdag_operator.py took 0.230 seconds
[2024-05-28T09:47:34.732+0000] {processor.py:161} INFO - Started process (PID=192) to work on /home/airflow/.local/lib/python3.12/site-packages/airflow/example_dags/example_subdag_operator.py
[2024-05-28T09:47:34.733+0000] {processor.py:830} INFO - Processing file /home/airflow/.local/lib/python3.12/site-packages/airflow/example_dags/example_subdag_operator.py for tasks to queue
[2024-05-28T09:47:34.736+0000] {logging_mixin.py:188} INFO - [2024-05-28T09:47:34.736+0000] {dagbag.py:545} INFO - Filling up the DagBag from /home/airflow/.local/lib/python3.12/site-packages/airflow/example_dags/example_subdag_operator.py
[2024-05-28T09:47:34.768+0000] {processor.py:840} INFO - DAG(s) 'example_subdag_operator.section-1', 'example_subdag_operator.section-2', 'example_subdag_operator' retrieved from /home/airflow/.local/lib/python3.12/site-packages/airflow/example_dags/example_subdag_operator.py
[2024-05-28T09:47:34.805+0000] {logging_mixin.py:188} INFO - [2024-05-28T09:47:34.804+0000] {dag.py:3096} INFO - Sync 3 DAGs
[2024-05-28T09:47:34.842+0000] {logging_mixin.py:188} INFO - [2024-05-28T09:47:34.841+0000] {dag.py:3954} INFO - Setting next_dagrun for example_subdag_operator to 2022-01-01 00:00:00+00:00, run_after=2022-01-01 00:00:00+00:00
[2024-05-28T09:47:34.848+0000] {logging_mixin.py:188} INFO - [2024-05-28T09:47:34.847+0000] {dag.py:3954} INFO - Setting next_dagrun for example_subdag_operator.section-1 to None, run_after=None
[2024-05-28T09:47:34.850+0000] {logging_mixin.py:188} INFO - [2024-05-28T09:47:34.849+0000] {dag.py:3954} INFO - Setting next_dagrun for example_subdag_operator.section-2 to None, run_after=None
[2024-05-28T09:47:34.858+0000] {logging_mixin.py:188} INFO - [2024-05-28T09:47:34.858+0000] {dag.py:3096} INFO - Sync 2 DAGs
[2024-05-28T09:47:34.865+0000] {logging_mixin.py:188} INFO - [2024-05-28T09:47:34.865+0000] {dag.py:3954} INFO - Setting next_dagrun for example_subdag_operator.section-1 to None, run_after=None
[2024-05-28T09:47:34.866+0000] {logging_mixin.py:188} INFO - [2024-05-28T09:47:34.865+0000] {dag.py:3954} INFO - Setting next_dagrun for example_subdag_operator.section-2 to None, run_after=None
[2024-05-28T09:47:34.881+0000] {processor.py:183} INFO - Processing /home/airflow/.local/lib/python3.12/site-packages/airflow/example_dags/example_subdag_operator.py took 0.159 seconds
[2024-05-28T09:48:05.454+0000] {processor.py:161} INFO - Started process (PID=250) to work on /home/airflow/.local/lib/python3.12/site-packages/airflow/example_dags/example_subdag_operator.py
[2024-05-28T09:48:05.457+0000] {processor.py:830} INFO - Processing file /home/airflow/.local/lib/python3.12/site-packages/airflow/example_dags/example_subdag_operator.py for tasks to queue
[2024-05-28T09:48:05.463+0000] {logging_mixin.py:188} INFO - [2024-05-28T09:48:05.462+0000] {dagbag.py:545} INFO - Filling up the DagBag from /home/airflow/.local/lib/python3.12/site-packages/airflow/example_dags/example_subdag_operator.py
[2024-05-28T09:48:05.533+0000] {processor.py:840} INFO - DAG(s) 'example_subdag_operator.section-1', 'example_subdag_operator.section-2', 'example_subdag_operator' retrieved from /home/airflow/.local/lib/python3.12/site-packages/airflow/example_dags/example_subdag_operator.py
[2024-05-28T09:48:05.581+0000] {logging_mixin.py:188} INFO - [2024-05-28T09:48:05.580+0000] {dag.py:3096} INFO - Sync 3 DAGs
[2024-05-28T09:48:05.657+0000] {logging_mixin.py:188} INFO - [2024-05-28T09:48:05.657+0000] {dag.py:3954} INFO - Setting next_dagrun for example_subdag_operator to 2022-01-01 00:00:00+00:00, run_after=2022-01-01 00:00:00+00:00
[2024-05-28T09:48:05.667+0000] {logging_mixin.py:188} INFO - [2024-05-28T09:48:05.666+0000] {dag.py:3954} INFO - Setting next_dagrun for example_subdag_operator.section-1 to None, run_after=None
[2024-05-28T09:48:05.671+0000] {logging_mixin.py:188} INFO - [2024-05-28T09:48:05.671+0000] {dag.py:3954} INFO - Setting next_dagrun for example_subdag_operator.section-2 to None, run_after=None
[2024-05-28T09:48:05.696+0000] {logging_mixin.py:188} INFO - [2024-05-28T09:48:05.694+0000] {dag.py:3096} INFO - Sync 2 DAGs
[2024-05-28T09:48:05.710+0000] {logging_mixin.py:188} INFO - [2024-05-28T09:48:05.709+0000] {dag.py:3954} INFO - Setting next_dagrun for example_subdag_operator.section-1 to None, run_after=None
[2024-05-28T09:48:05.712+0000] {logging_mixin.py:188} INFO - [2024-05-28T09:48:05.711+0000] {dag.py:3954} INFO - Setting next_dagrun for example_subdag_operator.section-2 to None, run_after=None
[2024-05-28T09:48:05.744+0000] {processor.py:183} INFO - Processing /home/airflow/.local/lib/python3.12/site-packages/airflow/example_dags/example_subdag_operator.py took 0.304 seconds
[2024-05-28T09:48:36.434+0000] {processor.py:161} INFO - Started process (PID=308) to work on /home/airflow/.local/lib/python3.12/site-packages/airflow/example_dags/example_subdag_operator.py
[2024-05-28T09:48:36.443+0000] {processor.py:830} INFO - Processing file /home/airflow/.local/lib/python3.12/site-packages/airflow/example_dags/example_subdag_operator.py for tasks to queue
[2024-05-28T09:48:36.452+0000] {logging_mixin.py:188} INFO - [2024-05-28T09:48:36.449+0000] {dagbag.py:545} INFO - Filling up the DagBag from /home/airflow/.local/lib/python3.12/site-packages/airflow/example_dags/example_subdag_operator.py
[2024-05-28T09:48:36.505+0000] {processor.py:840} INFO - DAG(s) 'example_subdag_operator.section-1', 'example_subdag_operator.section-2', 'example_subdag_operator' retrieved from /home/airflow/.local/lib/python3.12/site-packages/airflow/example_dags/example_subdag_operator.py
[2024-05-28T09:48:36.553+0000] {logging_mixin.py:188} INFO - [2024-05-28T09:48:36.552+0000] {dag.py:3096} INFO - Sync 3 DAGs
[2024-05-28T09:48:36.590+0000] {logging_mixin.py:188} INFO - [2024-05-28T09:48:36.590+0000] {dag.py:3954} INFO - Setting next_dagrun for example_subdag_operator to 2022-01-01 00:00:00+00:00, run_after=2022-01-01 00:00:00+00:00
[2024-05-28T09:48:36.598+0000] {logging_mixin.py:188} INFO - [2024-05-28T09:48:36.597+0000] {dag.py:3954} INFO - Setting next_dagrun for example_subdag_operator.section-1 to None, run_after=None
[2024-05-28T09:48:36.599+0000] {logging_mixin.py:188} INFO - [2024-05-28T09:48:36.599+0000] {dag.py:3954} INFO - Setting next_dagrun for example_subdag_operator.section-2 to None, run_after=None
[2024-05-28T09:48:36.611+0000] {logging_mixin.py:188} INFO - [2024-05-28T09:48:36.611+0000] {dag.py:3096} INFO - Sync 2 DAGs
[2024-05-28T09:48:36.620+0000] {logging_mixin.py:188} INFO - [2024-05-28T09:48:36.620+0000] {dag.py:3954} INFO - Setting next_dagrun for example_subdag_operator.section-1 to None, run_after=None
[2024-05-28T09:48:36.621+0000] {logging_mixin.py:188} INFO - [2024-05-28T09:48:36.620+0000] {dag.py:3954} INFO - Setting next_dagrun for example_subdag_operator.section-2 to None, run_after=None
[2024-05-28T09:48:36.638+0000] {processor.py:183} INFO - Processing /home/airflow/.local/lib/python3.12/site-packages/airflow/example_dags/example_subdag_operator.py took 0.216 seconds
[2024-05-28T09:50:01.908+0000] {processor.py:161} INFO - Started process (PID=76) to work on /home/airflow/.local/lib/python3.12/site-packages/airflow/example_dags/example_subdag_operator.py
[2024-05-28T09:50:01.910+0000] {processor.py:830} INFO - Processing file /home/airflow/.local/lib/python3.12/site-packages/airflow/example_dags/example_subdag_operator.py for tasks to queue
[2024-05-28T09:50:01.914+0000] {logging_mixin.py:188} INFO - [2024-05-28T09:50:01.913+0000] {dagbag.py:545} INFO - Filling up the DagBag from /home/airflow/.local/lib/python3.12/site-packages/airflow/example_dags/example_subdag_operator.py
[2024-05-28T09:50:02.028+0000] {processor.py:840} INFO - DAG(s) 'example_subdag_operator.section-1', 'example_subdag_operator.section-2', 'example_subdag_operator' retrieved from /home/airflow/.local/lib/python3.12/site-packages/airflow/example_dags/example_subdag_operator.py
[2024-05-28T09:50:02.446+0000] {logging_mixin.py:188} INFO - [2024-05-28T09:50:02.445+0000] {dag.py:3096} INFO - Sync 3 DAGs
[2024-05-28T09:50:02.509+0000] {logging_mixin.py:188} INFO - [2024-05-28T09:50:02.509+0000] {dag.py:3954} INFO - Setting next_dagrun for example_subdag_operator to 2022-01-01 00:00:00+00:00, run_after=2022-01-01 00:00:00+00:00
[2024-05-28T09:50:02.527+0000] {logging_mixin.py:188} INFO - [2024-05-28T09:50:02.525+0000] {dag.py:3954} INFO - Setting next_dagrun for example_subdag_operator.section-1 to None, run_after=None
[2024-05-28T09:50:02.536+0000] {logging_mixin.py:188} INFO - [2024-05-28T09:50:02.534+0000] {dag.py:3954} INFO - Setting next_dagrun for example_subdag_operator.section-2 to None, run_after=None
[2024-05-28T09:50:02.591+0000] {logging_mixin.py:188} INFO - [2024-05-28T09:50:02.591+0000] {dag.py:3096} INFO - Sync 2 DAGs
[2024-05-28T09:50:02.614+0000] {logging_mixin.py:188} INFO - [2024-05-28T09:50:02.614+0000] {dag.py:3954} INFO - Setting next_dagrun for example_subdag_operator.section-1 to None, run_after=None
[2024-05-28T09:50:02.616+0000] {logging_mixin.py:188} INFO - [2024-05-28T09:50:02.616+0000] {dag.py:3954} INFO - Setting next_dagrun for example_subdag_operator.section-2 to None, run_after=None
[2024-05-28T09:50:02.667+0000] {processor.py:183} INFO - Processing /home/airflow/.local/lib/python3.12/site-packages/airflow/example_dags/example_subdag_operator.py took 0.769 seconds
[2024-05-28T09:50:32.900+0000] {processor.py:161} INFO - Started process (PID=134) to work on /home/airflow/.local/lib/python3.12/site-packages/airflow/example_dags/example_subdag_operator.py
[2024-05-28T09:50:32.905+0000] {processor.py:830} INFO - Processing file /home/airflow/.local/lib/python3.12/site-packages/airflow/example_dags/example_subdag_operator.py for tasks to queue
[2024-05-28T09:50:32.908+0000] {logging_mixin.py:188} INFO - [2024-05-28T09:50:32.907+0000] {dagbag.py:545} INFO - Filling up the DagBag from /home/airflow/.local/lib/python3.12/site-packages/airflow/example_dags/example_subdag_operator.py
[2024-05-28T09:50:32.959+0000] {processor.py:840} INFO - DAG(s) 'example_subdag_operator.section-1', 'example_subdag_operator.section-2', 'example_subdag_operator' retrieved from /home/airflow/.local/lib/python3.12/site-packages/airflow/example_dags/example_subdag_operator.py
[2024-05-28T09:50:32.981+0000] {logging_mixin.py:188} INFO - [2024-05-28T09:50:32.981+0000] {dag.py:3096} INFO - Sync 3 DAGs
[2024-05-28T09:50:33.025+0000] {logging_mixin.py:188} INFO - [2024-05-28T09:50:33.025+0000] {dag.py:3954} INFO - Setting next_dagrun for example_subdag_operator to 2022-01-01 00:00:00+00:00, run_after=2022-01-01 00:00:00+00:00
[2024-05-28T09:50:33.032+0000] {logging_mixin.py:188} INFO - [2024-05-28T09:50:33.032+0000] {dag.py:3954} INFO - Setting next_dagrun for example_subdag_operator.section-1 to None, run_after=None
[2024-05-28T09:50:33.035+0000] {logging_mixin.py:188} INFO - [2024-05-28T09:50:33.035+0000] {dag.py:3954} INFO - Setting next_dagrun for example_subdag_operator.section-2 to None, run_after=None
[2024-05-28T09:50:33.045+0000] {logging_mixin.py:188} INFO - [2024-05-28T09:50:33.045+0000] {dag.py:3096} INFO - Sync 2 DAGs
[2024-05-28T09:50:33.055+0000] {logging_mixin.py:188} INFO - [2024-05-28T09:50:33.055+0000] {dag.py:3954} INFO - Setting next_dagrun for example_subdag_operator.section-1 to None, run_after=None
[2024-05-28T09:50:33.056+0000] {logging_mixin.py:188} INFO - [2024-05-28T09:50:33.056+0000] {dag.py:3954} INFO - Setting next_dagrun for example_subdag_operator.section-2 to None, run_after=None
[2024-05-28T09:50:33.071+0000] {processor.py:183} INFO - Processing /home/airflow/.local/lib/python3.12/site-packages/airflow/example_dags/example_subdag_operator.py took 0.179 seconds
[2024-05-28T09:51:03.816+0000] {processor.py:161} INFO - Started process (PID=192) to work on /home/airflow/.local/lib/python3.12/site-packages/airflow/example_dags/example_subdag_operator.py
[2024-05-28T09:51:03.817+0000] {processor.py:830} INFO - Processing file /home/airflow/.local/lib/python3.12/site-packages/airflow/example_dags/example_subdag_operator.py for tasks to queue
[2024-05-28T09:51:03.820+0000] {logging_mixin.py:188} INFO - [2024-05-28T09:51:03.820+0000] {dagbag.py:545} INFO - Filling up the DagBag from /home/airflow/.local/lib/python3.12/site-packages/airflow/example_dags/example_subdag_operator.py
[2024-05-28T09:51:03.904+0000] {processor.py:840} INFO - DAG(s) 'example_subdag_operator.section-1', 'example_subdag_operator.section-2', 'example_subdag_operator' retrieved from /home/airflow/.local/lib/python3.12/site-packages/airflow/example_dags/example_subdag_operator.py
[2024-05-28T09:51:03.937+0000] {logging_mixin.py:188} INFO - [2024-05-28T09:51:03.937+0000] {dag.py:3096} INFO - Sync 3 DAGs
[2024-05-28T09:51:03.970+0000] {logging_mixin.py:188} INFO - [2024-05-28T09:51:03.969+0000] {dag.py:3954} INFO - Setting next_dagrun for example_subdag_operator to 2022-01-01 00:00:00+00:00, run_after=2022-01-01 00:00:00+00:00
[2024-05-28T09:51:03.976+0000] {logging_mixin.py:188} INFO - [2024-05-28T09:51:03.976+0000] {dag.py:3954} INFO - Setting next_dagrun for example_subdag_operator.section-1 to None, run_after=None
[2024-05-28T09:51:03.978+0000] {logging_mixin.py:188} INFO - [2024-05-28T09:51:03.978+0000] {dag.py:3954} INFO - Setting next_dagrun for example_subdag_operator.section-2 to None, run_after=None
[2024-05-28T09:51:03.986+0000] {logging_mixin.py:188} INFO - [2024-05-28T09:51:03.986+0000] {dag.py:3096} INFO - Sync 2 DAGs
[2024-05-28T09:51:04.011+0000] {logging_mixin.py:188} INFO - [2024-05-28T09:51:04.011+0000] {dag.py:3954} INFO - Setting next_dagrun for example_subdag_operator.section-1 to None, run_after=None
[2024-05-28T09:51:04.017+0000] {logging_mixin.py:188} INFO - [2024-05-28T09:51:04.016+0000] {dag.py:3954} INFO - Setting next_dagrun for example_subdag_operator.section-2 to None, run_after=None
[2024-05-28T09:51:04.037+0000] {processor.py:183} INFO - Processing /home/airflow/.local/lib/python3.12/site-packages/airflow/example_dags/example_subdag_operator.py took 0.233 seconds
[2024-05-28T09:51:34.393+0000] {processor.py:161} INFO - Started process (PID=250) to work on /home/airflow/.local/lib/python3.12/site-packages/airflow/example_dags/example_subdag_operator.py
[2024-05-28T09:51:34.399+0000] {processor.py:830} INFO - Processing file /home/airflow/.local/lib/python3.12/site-packages/airflow/example_dags/example_subdag_operator.py for tasks to queue
[2024-05-28T09:51:34.407+0000] {logging_mixin.py:188} INFO - [2024-05-28T09:51:34.407+0000] {dagbag.py:545} INFO - Filling up the DagBag from /home/airflow/.local/lib/python3.12/site-packages/airflow/example_dags/example_subdag_operator.py
[2024-05-28T09:51:34.457+0000] {processor.py:840} INFO - DAG(s) 'example_subdag_operator.section-1', 'example_subdag_operator.section-2', 'example_subdag_operator' retrieved from /home/airflow/.local/lib/python3.12/site-packages/airflow/example_dags/example_subdag_operator.py
[2024-05-28T09:51:34.481+0000] {logging_mixin.py:188} INFO - [2024-05-28T09:51:34.481+0000] {dag.py:3096} INFO - Sync 3 DAGs
[2024-05-28T09:51:34.514+0000] {logging_mixin.py:188} INFO - [2024-05-28T09:51:34.513+0000] {dag.py:3954} INFO - Setting next_dagrun for example_subdag_operator to 2022-01-01 00:00:00+00:00, run_after=2022-01-01 00:00:00+00:00
[2024-05-28T09:51:34.519+0000] {logging_mixin.py:188} INFO - [2024-05-28T09:51:34.519+0000] {dag.py:3954} INFO - Setting next_dagrun for example_subdag_operator.section-1 to None, run_after=None
[2024-05-28T09:51:34.521+0000] {logging_mixin.py:188} INFO - [2024-05-28T09:51:34.521+0000] {dag.py:3954} INFO - Setting next_dagrun for example_subdag_operator.section-2 to None, run_after=None
[2024-05-28T09:51:34.536+0000] {logging_mixin.py:188} INFO - [2024-05-28T09:51:34.535+0000] {dag.py:3096} INFO - Sync 2 DAGs
[2024-05-28T09:51:34.544+0000] {logging_mixin.py:188} INFO - [2024-05-28T09:51:34.543+0000] {dag.py:3954} INFO - Setting next_dagrun for example_subdag_operator.section-1 to None, run_after=None
[2024-05-28T09:51:34.544+0000] {logging_mixin.py:188} INFO - [2024-05-28T09:51:34.544+0000] {dag.py:3954} INFO - Setting next_dagrun for example_subdag_operator.section-2 to None, run_after=None
[2024-05-28T09:51:34.559+0000] {processor.py:183} INFO - Processing /home/airflow/.local/lib/python3.12/site-packages/airflow/example_dags/example_subdag_operator.py took 0.174 seconds
[2024-05-28T09:52:05.065+0000] {processor.py:161} INFO - Started process (PID=307) to work on /home/airflow/.local/lib/python3.12/site-packages/airflow/example_dags/example_subdag_operator.py
[2024-05-28T09:52:05.067+0000] {processor.py:830} INFO - Processing file /home/airflow/.local/lib/python3.12/site-packages/airflow/example_dags/example_subdag_operator.py for tasks to queue
[2024-05-28T09:52:05.069+0000] {logging_mixin.py:188} INFO - [2024-05-28T09:52:05.069+0000] {dagbag.py:545} INFO - Filling up the DagBag from /home/airflow/.local/lib/python3.12/site-packages/airflow/example_dags/example_subdag_operator.py
[2024-05-28T09:52:05.113+0000] {processor.py:840} INFO - DAG(s) 'example_subdag_operator.section-1', 'example_subdag_operator.section-2', 'example_subdag_operator' retrieved from /home/airflow/.local/lib/python3.12/site-packages/airflow/example_dags/example_subdag_operator.py
[2024-05-28T09:52:05.149+0000] {logging_mixin.py:188} INFO - [2024-05-28T09:52:05.149+0000] {dag.py:3096} INFO - Sync 3 DAGs
[2024-05-28T09:52:05.244+0000] {logging_mixin.py:188} INFO - [2024-05-28T09:52:05.243+0000] {dag.py:3954} INFO - Setting next_dagrun for example_subdag_operator to 2022-01-01 00:00:00+00:00, run_after=2022-01-01 00:00:00+00:00
[2024-05-28T09:52:05.252+0000] {logging_mixin.py:188} INFO - [2024-05-28T09:52:05.251+0000] {dag.py:3954} INFO - Setting next_dagrun for example_subdag_operator.section-1 to None, run_after=None
[2024-05-28T09:52:05.255+0000] {logging_mixin.py:188} INFO - [2024-05-28T09:52:05.254+0000] {dag.py:3954} INFO - Setting next_dagrun for example_subdag_operator.section-2 to None, run_after=None
[2024-05-28T09:52:05.270+0000] {logging_mixin.py:188} INFO - [2024-05-28T09:52:05.269+0000] {dag.py:3096} INFO - Sync 2 DAGs
[2024-05-28T09:52:05.280+0000] {logging_mixin.py:188} INFO - [2024-05-28T09:52:05.279+0000] {dag.py:3954} INFO - Setting next_dagrun for example_subdag_operator.section-1 to None, run_after=None
[2024-05-28T09:52:05.281+0000] {logging_mixin.py:188} INFO - [2024-05-28T09:52:05.281+0000] {dag.py:3954} INFO - Setting next_dagrun for example_subdag_operator.section-2 to None, run_after=None
[2024-05-28T09:52:05.299+0000] {processor.py:183} INFO - Processing /home/airflow/.local/lib/python3.12/site-packages/airflow/example_dags/example_subdag_operator.py took 0.251 seconds
[2024-05-28T09:52:35.980+0000] {processor.py:161} INFO - Started process (PID=365) to work on /home/airflow/.local/lib/python3.12/site-packages/airflow/example_dags/example_subdag_operator.py
[2024-05-28T09:52:35.983+0000] {processor.py:830} INFO - Processing file /home/airflow/.local/lib/python3.12/site-packages/airflow/example_dags/example_subdag_operator.py for tasks to queue
[2024-05-28T09:52:35.993+0000] {logging_mixin.py:188} INFO - [2024-05-28T09:52:35.991+0000] {dagbag.py:545} INFO - Filling up the DagBag from /home/airflow/.local/lib/python3.12/site-packages/airflow/example_dags/example_subdag_operator.py
[2024-05-28T09:52:36.095+0000] {processor.py:840} INFO - DAG(s) 'example_subdag_operator.section-1', 'example_subdag_operator.section-2', 'example_subdag_operator' retrieved from /home/airflow/.local/lib/python3.12/site-packages/airflow/example_dags/example_subdag_operator.py
[2024-05-28T09:52:36.164+0000] {logging_mixin.py:188} INFO - [2024-05-28T09:52:36.162+0000] {dag.py:3096} INFO - Sync 3 DAGs
[2024-05-28T09:52:36.210+0000] {logging_mixin.py:188} INFO - [2024-05-28T09:52:36.208+0000] {dag.py:3954} INFO - Setting next_dagrun for example_subdag_operator to 2022-01-01 00:00:00+00:00, run_after=2022-01-01 00:00:00+00:00
[2024-05-28T09:52:36.220+0000] {logging_mixin.py:188} INFO - [2024-05-28T09:52:36.219+0000] {dag.py:3954} INFO - Setting next_dagrun for example_subdag_operator.section-1 to None, run_after=None
[2024-05-28T09:52:36.223+0000] {logging_mixin.py:188} INFO - [2024-05-28T09:52:36.223+0000] {dag.py:3954} INFO - Setting next_dagrun for example_subdag_operator.section-2 to None, run_after=None
[2024-05-28T09:52:36.237+0000] {logging_mixin.py:188} INFO - [2024-05-28T09:52:36.237+0000] {dag.py:3096} INFO - Sync 2 DAGs
[2024-05-28T09:52:36.246+0000] {logging_mixin.py:188} INFO - [2024-05-28T09:52:36.246+0000] {dag.py:3954} INFO - Setting next_dagrun for example_subdag_operator.section-1 to None, run_after=None
[2024-05-28T09:52:36.246+0000] {logging_mixin.py:188} INFO - [2024-05-28T09:52:36.246+0000] {dag.py:3954} INFO - Setting next_dagrun for example_subdag_operator.section-2 to None, run_after=None
[2024-05-28T09:52:36.261+0000] {processor.py:183} INFO - Processing /home/airflow/.local/lib/python3.12/site-packages/airflow/example_dags/example_subdag_operator.py took 0.300 seconds
[2024-05-28T09:53:06.631+0000] {processor.py:161} INFO - Started process (PID=423) to work on /home/airflow/.local/lib/python3.12/site-packages/airflow/example_dags/example_subdag_operator.py
[2024-05-28T09:53:06.632+0000] {processor.py:830} INFO - Processing file /home/airflow/.local/lib/python3.12/site-packages/airflow/example_dags/example_subdag_operator.py for tasks to queue
[2024-05-28T09:53:06.634+0000] {logging_mixin.py:188} INFO - [2024-05-28T09:53:06.634+0000] {dagbag.py:545} INFO - Filling up the DagBag from /home/airflow/.local/lib/python3.12/site-packages/airflow/example_dags/example_subdag_operator.py
[2024-05-28T09:53:06.672+0000] {processor.py:840} INFO - DAG(s) 'example_subdag_operator.section-1', 'example_subdag_operator.section-2', 'example_subdag_operator' retrieved from /home/airflow/.local/lib/python3.12/site-packages/airflow/example_dags/example_subdag_operator.py
[2024-05-28T09:53:06.696+0000] {logging_mixin.py:188} INFO - [2024-05-28T09:53:06.695+0000] {dag.py:3096} INFO - Sync 3 DAGs
[2024-05-28T09:53:06.731+0000] {logging_mixin.py:188} INFO - [2024-05-28T09:53:06.729+0000] {dag.py:3954} INFO - Setting next_dagrun for example_subdag_operator to 2022-01-01 00:00:00+00:00, run_after=2022-01-01 00:00:00+00:00
[2024-05-28T09:53:06.752+0000] {logging_mixin.py:188} INFO - [2024-05-28T09:53:06.751+0000] {dag.py:3954} INFO - Setting next_dagrun for example_subdag_operator.section-1 to None, run_after=None
[2024-05-28T09:53:06.756+0000] {logging_mixin.py:188} INFO - [2024-05-28T09:53:06.756+0000] {dag.py:3954} INFO - Setting next_dagrun for example_subdag_operator.section-2 to None, run_after=None
[2024-05-28T09:53:06.778+0000] {logging_mixin.py:188} INFO - [2024-05-28T09:53:06.778+0000] {dag.py:3096} INFO - Sync 2 DAGs
[2024-05-28T09:53:06.788+0000] {logging_mixin.py:188} INFO - [2024-05-28T09:53:06.787+0000] {dag.py:3954} INFO - Setting next_dagrun for example_subdag_operator.section-1 to None, run_after=None
[2024-05-28T09:53:06.788+0000] {logging_mixin.py:188} INFO - [2024-05-28T09:53:06.788+0000] {dag.py:3954} INFO - Setting next_dagrun for example_subdag_operator.section-2 to None, run_after=None
[2024-05-28T09:53:06.802+0000] {processor.py:183} INFO - Processing /home/airflow/.local/lib/python3.12/site-packages/airflow/example_dags/example_subdag_operator.py took 0.179 seconds
[2024-05-28T09:53:37.270+0000] {processor.py:161} INFO - Started process (PID=481) to work on /home/airflow/.local/lib/python3.12/site-packages/airflow/example_dags/example_subdag_operator.py
[2024-05-28T09:53:37.272+0000] {processor.py:830} INFO - Processing file /home/airflow/.local/lib/python3.12/site-packages/airflow/example_dags/example_subdag_operator.py for tasks to queue
[2024-05-28T09:53:37.276+0000] {logging_mixin.py:188} INFO - [2024-05-28T09:53:37.275+0000] {dagbag.py:545} INFO - Filling up the DagBag from /home/airflow/.local/lib/python3.12/site-packages/airflow/example_dags/example_subdag_operator.py
[2024-05-28T09:53:37.316+0000] {processor.py:840} INFO - DAG(s) 'example_subdag_operator.section-1', 'example_subdag_operator.section-2', 'example_subdag_operator' retrieved from /home/airflow/.local/lib/python3.12/site-packages/airflow/example_dags/example_subdag_operator.py
[2024-05-28T09:53:37.344+0000] {logging_mixin.py:188} INFO - [2024-05-28T09:53:37.343+0000] {dag.py:3096} INFO - Sync 3 DAGs
[2024-05-28T09:53:37.393+0000] {logging_mixin.py:188} INFO - [2024-05-28T09:53:37.392+0000] {dag.py:3954} INFO - Setting next_dagrun for example_subdag_operator to 2022-01-01 00:00:00+00:00, run_after=2022-01-01 00:00:00+00:00
[2024-05-28T09:53:37.400+0000] {logging_mixin.py:188} INFO - [2024-05-28T09:53:37.400+0000] {dag.py:3954} INFO - Setting next_dagrun for example_subdag_operator.section-1 to None, run_after=None
[2024-05-28T09:53:37.403+0000] {logging_mixin.py:188} INFO - [2024-05-28T09:53:37.403+0000] {dag.py:3954} INFO - Setting next_dagrun for example_subdag_operator.section-2 to None, run_after=None
[2024-05-28T09:53:37.455+0000] {logging_mixin.py:188} INFO - [2024-05-28T09:53:37.454+0000] {dag.py:3096} INFO - Sync 2 DAGs
[2024-05-28T09:53:37.485+0000] {logging_mixin.py:188} INFO - [2024-05-28T09:53:37.485+0000] {dag.py:3954} INFO - Setting next_dagrun for example_subdag_operator.section-1 to None, run_after=None
[2024-05-28T09:53:37.492+0000] {logging_mixin.py:188} INFO - [2024-05-28T09:53:37.491+0000] {dag.py:3954} INFO - Setting next_dagrun for example_subdag_operator.section-2 to None, run_after=None
[2024-05-28T09:53:37.534+0000] {processor.py:183} INFO - Processing /home/airflow/.local/lib/python3.12/site-packages/airflow/example_dags/example_subdag_operator.py took 0.276 seconds
[2024-05-28T09:54:07.983+0000] {processor.py:161} INFO - Started process (PID=539) to work on /home/airflow/.local/lib/python3.12/site-packages/airflow/example_dags/example_subdag_operator.py
[2024-05-28T09:54:07.985+0000] {processor.py:830} INFO - Processing file /home/airflow/.local/lib/python3.12/site-packages/airflow/example_dags/example_subdag_operator.py for tasks to queue
[2024-05-28T09:54:07.987+0000] {logging_mixin.py:188} INFO - [2024-05-28T09:54:07.987+0000] {dagbag.py:545} INFO - Filling up the DagBag from /home/airflow/.local/lib/python3.12/site-packages/airflow/example_dags/example_subdag_operator.py
[2024-05-28T09:54:08.046+0000] {processor.py:840} INFO - DAG(s) 'example_subdag_operator.section-1', 'example_subdag_operator.section-2', 'example_subdag_operator' retrieved from /home/airflow/.local/lib/python3.12/site-packages/airflow/example_dags/example_subdag_operator.py
[2024-05-28T09:54:08.092+0000] {logging_mixin.py:188} INFO - [2024-05-28T09:54:08.092+0000] {dag.py:3096} INFO - Sync 3 DAGs
[2024-05-28T09:54:08.171+0000] {logging_mixin.py:188} INFO - [2024-05-28T09:54:08.171+0000] {dag.py:3954} INFO - Setting next_dagrun for example_subdag_operator to 2022-01-01 00:00:00+00:00, run_after=2022-01-01 00:00:00+00:00
[2024-05-28T09:54:08.183+0000] {logging_mixin.py:188} INFO - [2024-05-28T09:54:08.182+0000] {dag.py:3954} INFO - Setting next_dagrun for example_subdag_operator.section-1 to None, run_after=None
[2024-05-28T09:54:08.186+0000] {logging_mixin.py:188} INFO - [2024-05-28T09:54:08.186+0000] {dag.py:3954} INFO - Setting next_dagrun for example_subdag_operator.section-2 to None, run_after=None
[2024-05-28T09:54:08.220+0000] {logging_mixin.py:188} INFO - [2024-05-28T09:54:08.220+0000] {dag.py:3096} INFO - Sync 2 DAGs
[2024-05-28T09:54:08.232+0000] {logging_mixin.py:188} INFO - [2024-05-28T09:54:08.232+0000] {dag.py:3954} INFO - Setting next_dagrun for example_subdag_operator.section-1 to None, run_after=None
[2024-05-28T09:54:08.233+0000] {logging_mixin.py:188} INFO - [2024-05-28T09:54:08.232+0000] {dag.py:3954} INFO - Setting next_dagrun for example_subdag_operator.section-2 to None, run_after=None
[2024-05-28T09:54:08.260+0000] {processor.py:183} INFO - Processing /home/airflow/.local/lib/python3.12/site-packages/airflow/example_dags/example_subdag_operator.py took 0.286 seconds
[2024-05-28T09:54:38.633+0000] {processor.py:161} INFO - Started process (PID=597) to work on /home/airflow/.local/lib/python3.12/site-packages/airflow/example_dags/example_subdag_operator.py
[2024-05-28T09:54:38.636+0000] {processor.py:830} INFO - Processing file /home/airflow/.local/lib/python3.12/site-packages/airflow/example_dags/example_subdag_operator.py for tasks to queue
[2024-05-28T09:54:38.641+0000] {logging_mixin.py:188} INFO - [2024-05-28T09:54:38.640+0000] {dagbag.py:545} INFO - Filling up the DagBag from /home/airflow/.local/lib/python3.12/site-packages/airflow/example_dags/example_subdag_operator.py
[2024-05-28T09:54:38.684+0000] {processor.py:840} INFO - DAG(s) 'example_subdag_operator.section-1', 'example_subdag_operator.section-2', 'example_subdag_operator' retrieved from /home/airflow/.local/lib/python3.12/site-packages/airflow/example_dags/example_subdag_operator.py
[2024-05-28T09:54:38.706+0000] {logging_mixin.py:188} INFO - [2024-05-28T09:54:38.706+0000] {dag.py:3096} INFO - Sync 3 DAGs
[2024-05-28T09:54:38.740+0000] {logging_mixin.py:188} INFO - [2024-05-28T09:54:38.739+0000] {dag.py:3954} INFO - Setting next_dagrun for example_subdag_operator to 2022-01-01 00:00:00+00:00, run_after=2022-01-01 00:00:00+00:00
[2024-05-28T09:54:38.745+0000] {logging_mixin.py:188} INFO - [2024-05-28T09:54:38.745+0000] {dag.py:3954} INFO - Setting next_dagrun for example_subdag_operator.section-1 to None, run_after=None
[2024-05-28T09:54:38.747+0000] {logging_mixin.py:188} INFO - [2024-05-28T09:54:38.747+0000] {dag.py:3954} INFO - Setting next_dagrun for example_subdag_operator.section-2 to None, run_after=None
[2024-05-28T09:54:38.758+0000] {logging_mixin.py:188} INFO - [2024-05-28T09:54:38.757+0000] {dag.py:3096} INFO - Sync 2 DAGs
[2024-05-28T09:54:38.765+0000] {logging_mixin.py:188} INFO - [2024-05-28T09:54:38.765+0000] {dag.py:3954} INFO - Setting next_dagrun for example_subdag_operator.section-1 to None, run_after=None
[2024-05-28T09:54:38.765+0000] {logging_mixin.py:188} INFO - [2024-05-28T09:54:38.765+0000] {dag.py:3954} INFO - Setting next_dagrun for example_subdag_operator.section-2 to None, run_after=None
[2024-05-28T09:54:38.782+0000] {processor.py:183} INFO - Processing /home/airflow/.local/lib/python3.12/site-packages/airflow/example_dags/example_subdag_operator.py took 0.156 seconds
[2024-05-28T09:55:08.937+0000] {processor.py:161} INFO - Started process (PID=654) to work on /home/airflow/.local/lib/python3.12/site-packages/airflow/example_dags/example_subdag_operator.py
[2024-05-28T09:55:08.938+0000] {processor.py:830} INFO - Processing file /home/airflow/.local/lib/python3.12/site-packages/airflow/example_dags/example_subdag_operator.py for tasks to queue
[2024-05-28T09:55:08.942+0000] {logging_mixin.py:188} INFO - [2024-05-28T09:55:08.941+0000] {dagbag.py:545} INFO - Filling up the DagBag from /home/airflow/.local/lib/python3.12/site-packages/airflow/example_dags/example_subdag_operator.py
[2024-05-28T09:55:09.021+0000] {processor.py:840} INFO - DAG(s) 'example_subdag_operator.section-1', 'example_subdag_operator.section-2', 'example_subdag_operator' retrieved from /home/airflow/.local/lib/python3.12/site-packages/airflow/example_dags/example_subdag_operator.py
[2024-05-28T09:55:09.046+0000] {logging_mixin.py:188} INFO - [2024-05-28T09:55:09.046+0000] {dag.py:3096} INFO - Sync 3 DAGs
[2024-05-28T09:55:09.080+0000] {logging_mixin.py:188} INFO - [2024-05-28T09:55:09.080+0000] {dag.py:3954} INFO - Setting next_dagrun for example_subdag_operator to 2022-01-01 00:00:00+00:00, run_after=2022-01-01 00:00:00+00:00
[2024-05-28T09:55:09.085+0000] {logging_mixin.py:188} INFO - [2024-05-28T09:55:09.085+0000] {dag.py:3954} INFO - Setting next_dagrun for example_subdag_operator.section-1 to None, run_after=None
[2024-05-28T09:55:09.086+0000] {logging_mixin.py:188} INFO - [2024-05-28T09:55:09.086+0000] {dag.py:3954} INFO - Setting next_dagrun for example_subdag_operator.section-2 to None, run_after=None
[2024-05-28T09:55:09.096+0000] {logging_mixin.py:188} INFO - [2024-05-28T09:55:09.096+0000] {dag.py:3096} INFO - Sync 2 DAGs
[2024-05-28T09:55:09.113+0000] {logging_mixin.py:188} INFO - [2024-05-28T09:55:09.109+0000] {dag.py:3954} INFO - Setting next_dagrun for example_subdag_operator.section-1 to None, run_after=None
[2024-05-28T09:55:09.135+0000] {logging_mixin.py:188} INFO - [2024-05-28T09:55:09.122+0000] {dag.py:3954} INFO - Setting next_dagrun for example_subdag_operator.section-2 to None, run_after=None
[2024-05-28T09:55:09.154+0000] {processor.py:183} INFO - Processing /home/airflow/.local/lib/python3.12/site-packages/airflow/example_dags/example_subdag_operator.py took 0.230 seconds
[2024-05-28T09:55:39.211+0000] {processor.py:161} INFO - Started process (PID=712) to work on /home/airflow/.local/lib/python3.12/site-packages/airflow/example_dags/example_subdag_operator.py
[2024-05-28T09:55:39.212+0000] {processor.py:830} INFO - Processing file /home/airflow/.local/lib/python3.12/site-packages/airflow/example_dags/example_subdag_operator.py for tasks to queue
[2024-05-28T09:55:39.215+0000] {logging_mixin.py:188} INFO - [2024-05-28T09:55:39.214+0000] {dagbag.py:545} INFO - Filling up the DagBag from /home/airflow/.local/lib/python3.12/site-packages/airflow/example_dags/example_subdag_operator.py
[2024-05-28T09:55:39.250+0000] {processor.py:840} INFO - DAG(s) 'example_subdag_operator.section-1', 'example_subdag_operator.section-2', 'example_subdag_operator' retrieved from /home/airflow/.local/lib/python3.12/site-packages/airflow/example_dags/example_subdag_operator.py
[2024-05-28T09:55:39.286+0000] {logging_mixin.py:188} INFO - [2024-05-28T09:55:39.285+0000] {dag.py:3096} INFO - Sync 3 DAGs
[2024-05-28T09:55:39.361+0000] {logging_mixin.py:188} INFO - [2024-05-28T09:55:39.361+0000] {dag.py:3954} INFO - Setting next_dagrun for example_subdag_operator to 2022-01-01 00:00:00+00:00, run_after=2022-01-01 00:00:00+00:00
[2024-05-28T09:55:39.369+0000] {logging_mixin.py:188} INFO - [2024-05-28T09:55:39.369+0000] {dag.py:3954} INFO - Setting next_dagrun for example_subdag_operator.section-1 to None, run_after=None
[2024-05-28T09:55:39.371+0000] {logging_mixin.py:188} INFO - [2024-05-28T09:55:39.371+0000] {dag.py:3954} INFO - Setting next_dagrun for example_subdag_operator.section-2 to None, run_after=None
[2024-05-28T09:55:39.389+0000] {logging_mixin.py:188} INFO - [2024-05-28T09:55:39.389+0000] {dag.py:3096} INFO - Sync 2 DAGs
[2024-05-28T09:55:39.403+0000] {logging_mixin.py:188} INFO - [2024-05-28T09:55:39.403+0000] {dag.py:3954} INFO - Setting next_dagrun for example_subdag_operator.section-1 to None, run_after=None
[2024-05-28T09:55:39.405+0000] {logging_mixin.py:188} INFO - [2024-05-28T09:55:39.404+0000] {dag.py:3954} INFO - Setting next_dagrun for example_subdag_operator.section-2 to None, run_after=None
[2024-05-28T09:55:39.426+0000] {processor.py:183} INFO - Processing /home/airflow/.local/lib/python3.12/site-packages/airflow/example_dags/example_subdag_operator.py took 0.227 seconds
[2024-05-28T09:56:10.015+0000] {processor.py:161} INFO - Started process (PID=770) to work on /home/airflow/.local/lib/python3.12/site-packages/airflow/example_dags/example_subdag_operator.py
[2024-05-28T09:56:10.018+0000] {processor.py:830} INFO - Processing file /home/airflow/.local/lib/python3.12/site-packages/airflow/example_dags/example_subdag_operator.py for tasks to queue
[2024-05-28T09:56:10.021+0000] {logging_mixin.py:188} INFO - [2024-05-28T09:56:10.020+0000] {dagbag.py:545} INFO - Filling up the DagBag from /home/airflow/.local/lib/python3.12/site-packages/airflow/example_dags/example_subdag_operator.py
[2024-05-28T09:56:10.076+0000] {processor.py:840} INFO - DAG(s) 'example_subdag_operator.section-1', 'example_subdag_operator.section-2', 'example_subdag_operator' retrieved from /home/airflow/.local/lib/python3.12/site-packages/airflow/example_dags/example_subdag_operator.py
[2024-05-28T09:56:10.105+0000] {logging_mixin.py:188} INFO - [2024-05-28T09:56:10.105+0000] {dag.py:3096} INFO - Sync 3 DAGs
[2024-05-28T09:56:10.150+0000] {logging_mixin.py:188} INFO - [2024-05-28T09:56:10.150+0000] {dag.py:3954} INFO - Setting next_dagrun for example_subdag_operator to 2022-01-01 00:00:00+00:00, run_after=2022-01-01 00:00:00+00:00
[2024-05-28T09:56:10.159+0000] {logging_mixin.py:188} INFO - [2024-05-28T09:56:10.159+0000] {dag.py:3954} INFO - Setting next_dagrun for example_subdag_operator.section-1 to None, run_after=None
[2024-05-28T09:56:10.162+0000] {logging_mixin.py:188} INFO - [2024-05-28T09:56:10.161+0000] {dag.py:3954} INFO - Setting next_dagrun for example_subdag_operator.section-2 to None, run_after=None
[2024-05-28T09:56:10.184+0000] {logging_mixin.py:188} INFO - [2024-05-28T09:56:10.182+0000] {dag.py:3096} INFO - Sync 2 DAGs
[2024-05-28T09:56:10.206+0000] {logging_mixin.py:188} INFO - [2024-05-28T09:56:10.205+0000] {dag.py:3954} INFO - Setting next_dagrun for example_subdag_operator.section-1 to None, run_after=None
[2024-05-28T09:56:10.207+0000] {logging_mixin.py:188} INFO - [2024-05-28T09:56:10.206+0000] {dag.py:3954} INFO - Setting next_dagrun for example_subdag_operator.section-2 to None, run_after=None
[2024-05-28T09:56:10.250+0000] {processor.py:183} INFO - Processing /home/airflow/.local/lib/python3.12/site-packages/airflow/example_dags/example_subdag_operator.py took 0.256 seconds
[2024-05-28T09:56:41.066+0000] {processor.py:161} INFO - Started process (PID=828) to work on /home/airflow/.local/lib/python3.12/site-packages/airflow/example_dags/example_subdag_operator.py
[2024-05-28T09:56:41.068+0000] {processor.py:830} INFO - Processing file /home/airflow/.local/lib/python3.12/site-packages/airflow/example_dags/example_subdag_operator.py for tasks to queue
[2024-05-28T09:56:41.071+0000] {logging_mixin.py:188} INFO - [2024-05-28T09:56:41.071+0000] {dagbag.py:545} INFO - Filling up the DagBag from /home/airflow/.local/lib/python3.12/site-packages/airflow/example_dags/example_subdag_operator.py
[2024-05-28T09:56:41.135+0000] {processor.py:840} INFO - DAG(s) 'example_subdag_operator.section-1', 'example_subdag_operator.section-2', 'example_subdag_operator' retrieved from /home/airflow/.local/lib/python3.12/site-packages/airflow/example_dags/example_subdag_operator.py
[2024-05-28T09:56:41.159+0000] {logging_mixin.py:188} INFO - [2024-05-28T09:56:41.159+0000] {dag.py:3096} INFO - Sync 3 DAGs
[2024-05-28T09:56:41.206+0000] {logging_mixin.py:188} INFO - [2024-05-28T09:56:41.205+0000] {dag.py:3954} INFO - Setting next_dagrun for example_subdag_operator to 2022-01-01 00:00:00+00:00, run_after=2022-01-01 00:00:00+00:00
[2024-05-28T09:56:41.215+0000] {logging_mixin.py:188} INFO - [2024-05-28T09:56:41.215+0000] {dag.py:3954} INFO - Setting next_dagrun for example_subdag_operator.section-1 to None, run_after=None
[2024-05-28T09:56:41.221+0000] {logging_mixin.py:188} INFO - [2024-05-28T09:56:41.221+0000] {dag.py:3954} INFO - Setting next_dagrun for example_subdag_operator.section-2 to None, run_after=None
[2024-05-28T09:56:41.251+0000] {logging_mixin.py:188} INFO - [2024-05-28T09:56:41.250+0000] {dag.py:3096} INFO - Sync 2 DAGs
[2024-05-28T09:56:41.283+0000] {logging_mixin.py:188} INFO - [2024-05-28T09:56:41.282+0000] {dag.py:3954} INFO - Setting next_dagrun for example_subdag_operator.section-1 to None, run_after=None
[2024-05-28T09:56:41.284+0000] {logging_mixin.py:188} INFO - [2024-05-28T09:56:41.283+0000] {dag.py:3954} INFO - Setting next_dagrun for example_subdag_operator.section-2 to None, run_after=None
[2024-05-28T09:56:41.306+0000] {processor.py:183} INFO - Processing /home/airflow/.local/lib/python3.12/site-packages/airflow/example_dags/example_subdag_operator.py took 0.251 seconds
[2024-05-28T09:57:11.960+0000] {processor.py:161} INFO - Started process (PID=885) to work on /home/airflow/.local/lib/python3.12/site-packages/airflow/example_dags/example_subdag_operator.py
[2024-05-28T09:57:11.962+0000] {processor.py:830} INFO - Processing file /home/airflow/.local/lib/python3.12/site-packages/airflow/example_dags/example_subdag_operator.py for tasks to queue
[2024-05-28T09:57:11.965+0000] {logging_mixin.py:188} INFO - [2024-05-28T09:57:11.964+0000] {dagbag.py:545} INFO - Filling up the DagBag from /home/airflow/.local/lib/python3.12/site-packages/airflow/example_dags/example_subdag_operator.py
[2024-05-28T09:57:12.003+0000] {processor.py:840} INFO - DAG(s) 'example_subdag_operator.section-1', 'example_subdag_operator.section-2', 'example_subdag_operator' retrieved from /home/airflow/.local/lib/python3.12/site-packages/airflow/example_dags/example_subdag_operator.py
[2024-05-28T09:57:12.040+0000] {logging_mixin.py:188} INFO - [2024-05-28T09:57:12.040+0000] {dag.py:3096} INFO - Sync 3 DAGs
[2024-05-28T09:57:12.116+0000] {logging_mixin.py:188} INFO - [2024-05-28T09:57:12.116+0000] {dag.py:3954} INFO - Setting next_dagrun for example_subdag_operator to 2022-01-01 00:00:00+00:00, run_after=2022-01-01 00:00:00+00:00
[2024-05-28T09:57:12.129+0000] {logging_mixin.py:188} INFO - [2024-05-28T09:57:12.129+0000] {dag.py:3954} INFO - Setting next_dagrun for example_subdag_operator.section-1 to None, run_after=None
[2024-05-28T09:57:12.134+0000] {logging_mixin.py:188} INFO - [2024-05-28T09:57:12.134+0000] {dag.py:3954} INFO - Setting next_dagrun for example_subdag_operator.section-2 to None, run_after=None
[2024-05-28T09:57:12.156+0000] {logging_mixin.py:188} INFO - [2024-05-28T09:57:12.156+0000] {dag.py:3096} INFO - Sync 2 DAGs
[2024-05-28T09:57:12.168+0000] {logging_mixin.py:188} INFO - [2024-05-28T09:57:12.167+0000] {dag.py:3954} INFO - Setting next_dagrun for example_subdag_operator.section-1 to None, run_after=None
[2024-05-28T09:57:12.170+0000] {logging_mixin.py:188} INFO - [2024-05-28T09:57:12.169+0000] {dag.py:3954} INFO - Setting next_dagrun for example_subdag_operator.section-2 to None, run_after=None
[2024-05-28T09:57:12.197+0000] {processor.py:183} INFO - Processing /home/airflow/.local/lib/python3.12/site-packages/airflow/example_dags/example_subdag_operator.py took 0.245 seconds
[2024-05-28T09:57:42.347+0000] {processor.py:161} INFO - Started process (PID=943) to work on /home/airflow/.local/lib/python3.12/site-packages/airflow/example_dags/example_subdag_operator.py
[2024-05-28T09:57:42.349+0000] {processor.py:830} INFO - Processing file /home/airflow/.local/lib/python3.12/site-packages/airflow/example_dags/example_subdag_operator.py for tasks to queue
[2024-05-28T09:57:42.352+0000] {logging_mixin.py:188} INFO - [2024-05-28T09:57:42.351+0000] {dagbag.py:545} INFO - Filling up the DagBag from /home/airflow/.local/lib/python3.12/site-packages/airflow/example_dags/example_subdag_operator.py
[2024-05-28T09:57:42.433+0000] {processor.py:840} INFO - DAG(s) 'example_subdag_operator.section-1', 'example_subdag_operator.section-2', 'example_subdag_operator' retrieved from /home/airflow/.local/lib/python3.12/site-packages/airflow/example_dags/example_subdag_operator.py
[2024-05-28T09:57:42.471+0000] {logging_mixin.py:188} INFO - [2024-05-28T09:57:42.470+0000] {dag.py:3096} INFO - Sync 3 DAGs
[2024-05-28T09:57:42.519+0000] {logging_mixin.py:188} INFO - [2024-05-28T09:57:42.519+0000] {dag.py:3954} INFO - Setting next_dagrun for example_subdag_operator to 2022-01-01 00:00:00+00:00, run_after=2022-01-01 00:00:00+00:00
[2024-05-28T09:57:42.536+0000] {logging_mixin.py:188} INFO - [2024-05-28T09:57:42.536+0000] {dag.py:3954} INFO - Setting next_dagrun for example_subdag_operator.section-1 to None, run_after=None
[2024-05-28T09:57:42.539+0000] {logging_mixin.py:188} INFO - [2024-05-28T09:57:42.539+0000] {dag.py:3954} INFO - Setting next_dagrun for example_subdag_operator.section-2 to None, run_after=None
[2024-05-28T09:57:42.560+0000] {logging_mixin.py:188} INFO - [2024-05-28T09:57:42.560+0000] {dag.py:3096} INFO - Sync 2 DAGs
[2024-05-28T09:57:42.571+0000] {logging_mixin.py:188} INFO - [2024-05-28T09:57:42.571+0000] {dag.py:3954} INFO - Setting next_dagrun for example_subdag_operator.section-1 to None, run_after=None
[2024-05-28T09:57:42.572+0000] {logging_mixin.py:188} INFO - [2024-05-28T09:57:42.572+0000] {dag.py:3954} INFO - Setting next_dagrun for example_subdag_operator.section-2 to None, run_after=None
[2024-05-28T09:57:42.589+0000] {processor.py:183} INFO - Processing /home/airflow/.local/lib/python3.12/site-packages/airflow/example_dags/example_subdag_operator.py took 0.256 seconds
[2024-05-28T09:58:13.025+0000] {processor.py:161} INFO - Started process (PID=1001) to work on /home/airflow/.local/lib/python3.12/site-packages/airflow/example_dags/example_subdag_operator.py
[2024-05-28T09:58:13.028+0000] {processor.py:830} INFO - Processing file /home/airflow/.local/lib/python3.12/site-packages/airflow/example_dags/example_subdag_operator.py for tasks to queue
[2024-05-28T09:58:13.030+0000] {logging_mixin.py:188} INFO - [2024-05-28T09:58:13.030+0000] {dagbag.py:545} INFO - Filling up the DagBag from /home/airflow/.local/lib/python3.12/site-packages/airflow/example_dags/example_subdag_operator.py
[2024-05-28T09:58:13.101+0000] {processor.py:840} INFO - DAG(s) 'example_subdag_operator.section-1', 'example_subdag_operator.section-2', 'example_subdag_operator' retrieved from /home/airflow/.local/lib/python3.12/site-packages/airflow/example_dags/example_subdag_operator.py
[2024-05-28T09:58:13.162+0000] {logging_mixin.py:188} INFO - [2024-05-28T09:58:13.162+0000] {dag.py:3096} INFO - Sync 3 DAGs
[2024-05-28T09:58:13.211+0000] {logging_mixin.py:188} INFO - [2024-05-28T09:58:13.211+0000] {dag.py:3954} INFO - Setting next_dagrun for example_subdag_operator to 2022-01-01 00:00:00+00:00, run_after=2022-01-01 00:00:00+00:00
[2024-05-28T09:58:13.216+0000] {logging_mixin.py:188} INFO - [2024-05-28T09:58:13.216+0000] {dag.py:3954} INFO - Setting next_dagrun for example_subdag_operator.section-1 to None, run_after=None
[2024-05-28T09:58:13.219+0000] {logging_mixin.py:188} INFO - [2024-05-28T09:58:13.218+0000] {dag.py:3954} INFO - Setting next_dagrun for example_subdag_operator.section-2 to None, run_after=None
[2024-05-28T09:58:13.229+0000] {logging_mixin.py:188} INFO - [2024-05-28T09:58:13.229+0000] {dag.py:3096} INFO - Sync 2 DAGs
[2024-05-28T09:58:13.253+0000] {logging_mixin.py:188} INFO - [2024-05-28T09:58:13.252+0000] {dag.py:3954} INFO - Setting next_dagrun for example_subdag_operator.section-1 to None, run_after=None
[2024-05-28T09:58:13.254+0000] {logging_mixin.py:188} INFO - [2024-05-28T09:58:13.254+0000] {dag.py:3954} INFO - Setting next_dagrun for example_subdag_operator.section-2 to None, run_after=None
[2024-05-28T09:58:13.316+0000] {processor.py:183} INFO - Processing /home/airflow/.local/lib/python3.12/site-packages/airflow/example_dags/example_subdag_operator.py took 0.312 seconds
[2024-05-28T10:00:20.192+0000] {processor.py:161} INFO - Started process (PID=77) to work on /home/airflow/.local/lib/python3.12/site-packages/airflow/example_dags/example_subdag_operator.py
[2024-05-28T10:00:20.199+0000] {processor.py:830} INFO - Processing file /home/airflow/.local/lib/python3.12/site-packages/airflow/example_dags/example_subdag_operator.py for tasks to queue
[2024-05-28T10:00:20.207+0000] {logging_mixin.py:188} INFO - [2024-05-28T10:00:20.206+0000] {dagbag.py:545} INFO - Filling up the DagBag from /home/airflow/.local/lib/python3.12/site-packages/airflow/example_dags/example_subdag_operator.py
[2024-05-28T10:00:20.271+0000] {processor.py:840} INFO - DAG(s) 'example_subdag_operator.section-1', 'example_subdag_operator.section-2', 'example_subdag_operator' retrieved from /home/airflow/.local/lib/python3.12/site-packages/airflow/example_dags/example_subdag_operator.py
[2024-05-28T10:00:20.591+0000] {logging_mixin.py:188} INFO - [2024-05-28T10:00:20.588+0000] {dag.py:3096} INFO - Sync 3 DAGs
[2024-05-28T10:00:20.684+0000] {logging_mixin.py:188} INFO - [2024-05-28T10:00:20.683+0000] {dag.py:3954} INFO - Setting next_dagrun for example_subdag_operator to 2022-01-01 00:00:00+00:00, run_after=2022-01-01 00:00:00+00:00
[2024-05-28T10:00:20.690+0000] {logging_mixin.py:188} INFO - [2024-05-28T10:00:20.690+0000] {dag.py:3954} INFO - Setting next_dagrun for example_subdag_operator.section-1 to None, run_after=None
[2024-05-28T10:00:20.697+0000] {logging_mixin.py:188} INFO - [2024-05-28T10:00:20.697+0000] {dag.py:3954} INFO - Setting next_dagrun for example_subdag_operator.section-2 to None, run_after=None
[2024-05-28T10:00:20.732+0000] {logging_mixin.py:188} INFO - [2024-05-28T10:00:20.732+0000] {dag.py:3096} INFO - Sync 2 DAGs
[2024-05-28T10:00:20.750+0000] {logging_mixin.py:188} INFO - [2024-05-28T10:00:20.749+0000] {dag.py:3954} INFO - Setting next_dagrun for example_subdag_operator.section-1 to None, run_after=None
[2024-05-28T10:00:20.751+0000] {logging_mixin.py:188} INFO - [2024-05-28T10:00:20.750+0000] {dag.py:3954} INFO - Setting next_dagrun for example_subdag_operator.section-2 to None, run_after=None
[2024-05-28T10:00:20.774+0000] {processor.py:183} INFO - Processing /home/airflow/.local/lib/python3.12/site-packages/airflow/example_dags/example_subdag_operator.py took 0.604 seconds
[2024-05-28T10:00:51.296+0000] {processor.py:161} INFO - Started process (PID=135) to work on /home/airflow/.local/lib/python3.12/site-packages/airflow/example_dags/example_subdag_operator.py
[2024-05-28T10:00:51.299+0000] {processor.py:830} INFO - Processing file /home/airflow/.local/lib/python3.12/site-packages/airflow/example_dags/example_subdag_operator.py for tasks to queue
[2024-05-28T10:00:51.303+0000] {logging_mixin.py:188} INFO - [2024-05-28T10:00:51.302+0000] {dagbag.py:545} INFO - Filling up the DagBag from /home/airflow/.local/lib/python3.12/site-packages/airflow/example_dags/example_subdag_operator.py
[2024-05-28T10:00:51.355+0000] {processor.py:840} INFO - DAG(s) 'example_subdag_operator.section-1', 'example_subdag_operator.section-2', 'example_subdag_operator' retrieved from /home/airflow/.local/lib/python3.12/site-packages/airflow/example_dags/example_subdag_operator.py
[2024-05-28T10:00:51.397+0000] {logging_mixin.py:188} INFO - [2024-05-28T10:00:51.397+0000] {dag.py:3096} INFO - Sync 3 DAGs
[2024-05-28T10:00:51.456+0000] {logging_mixin.py:188} INFO - [2024-05-28T10:00:51.456+0000] {dag.py:3954} INFO - Setting next_dagrun for example_subdag_operator to 2022-01-01 00:00:00+00:00, run_after=2022-01-01 00:00:00+00:00
[2024-05-28T10:00:51.465+0000] {logging_mixin.py:188} INFO - [2024-05-28T10:00:51.464+0000] {dag.py:3954} INFO - Setting next_dagrun for example_subdag_operator.section-1 to None, run_after=None
[2024-05-28T10:00:51.467+0000] {logging_mixin.py:188} INFO - [2024-05-28T10:00:51.467+0000] {dag.py:3954} INFO - Setting next_dagrun for example_subdag_operator.section-2 to None, run_after=None
[2024-05-28T10:00:51.480+0000] {logging_mixin.py:188} INFO - [2024-05-28T10:00:51.479+0000] {dag.py:3096} INFO - Sync 2 DAGs
[2024-05-28T10:00:51.491+0000] {logging_mixin.py:188} INFO - [2024-05-28T10:00:51.491+0000] {dag.py:3954} INFO - Setting next_dagrun for example_subdag_operator.section-1 to None, run_after=None
[2024-05-28T10:00:51.492+0000] {logging_mixin.py:188} INFO - [2024-05-28T10:00:51.492+0000] {dag.py:3954} INFO - Setting next_dagrun for example_subdag_operator.section-2 to None, run_after=None
[2024-05-28T10:00:51.509+0000] {processor.py:183} INFO - Processing /home/airflow/.local/lib/python3.12/site-packages/airflow/example_dags/example_subdag_operator.py took 0.235 seconds
[2024-05-28T10:01:22.323+0000] {processor.py:161} INFO - Started process (PID=193) to work on /home/airflow/.local/lib/python3.12/site-packages/airflow/example_dags/example_subdag_operator.py
[2024-05-28T10:01:22.328+0000] {processor.py:830} INFO - Processing file /home/airflow/.local/lib/python3.12/site-packages/airflow/example_dags/example_subdag_operator.py for tasks to queue
[2024-05-28T10:01:22.332+0000] {logging_mixin.py:188} INFO - [2024-05-28T10:01:22.331+0000] {dagbag.py:545} INFO - Filling up the DagBag from /home/airflow/.local/lib/python3.12/site-packages/airflow/example_dags/example_subdag_operator.py
[2024-05-28T10:01:22.389+0000] {processor.py:840} INFO - DAG(s) 'example_subdag_operator.section-1', 'example_subdag_operator.section-2', 'example_subdag_operator' retrieved from /home/airflow/.local/lib/python3.12/site-packages/airflow/example_dags/example_subdag_operator.py
[2024-05-28T10:01:22.427+0000] {logging_mixin.py:188} INFO - [2024-05-28T10:01:22.426+0000] {dag.py:3096} INFO - Sync 3 DAGs
[2024-05-28T10:01:22.483+0000] {logging_mixin.py:188} INFO - [2024-05-28T10:01:22.482+0000] {dag.py:3954} INFO - Setting next_dagrun for example_subdag_operator to 2022-01-01 00:00:00+00:00, run_after=2022-01-01 00:00:00+00:00
[2024-05-28T10:01:22.492+0000] {logging_mixin.py:188} INFO - [2024-05-28T10:01:22.492+0000] {dag.py:3954} INFO - Setting next_dagrun for example_subdag_operator.section-1 to None, run_after=None
[2024-05-28T10:01:22.495+0000] {logging_mixin.py:188} INFO - [2024-05-28T10:01:22.495+0000] {dag.py:3954} INFO - Setting next_dagrun for example_subdag_operator.section-2 to None, run_after=None
[2024-05-28T10:01:22.516+0000] {logging_mixin.py:188} INFO - [2024-05-28T10:01:22.515+0000] {dag.py:3096} INFO - Sync 2 DAGs
[2024-05-28T10:01:22.534+0000] {logging_mixin.py:188} INFO - [2024-05-28T10:01:22.533+0000] {dag.py:3954} INFO - Setting next_dagrun for example_subdag_operator.section-1 to None, run_after=None
[2024-05-28T10:01:22.535+0000] {logging_mixin.py:188} INFO - [2024-05-28T10:01:22.535+0000] {dag.py:3954} INFO - Setting next_dagrun for example_subdag_operator.section-2 to None, run_after=None
[2024-05-28T10:01:22.563+0000] {processor.py:183} INFO - Processing /home/airflow/.local/lib/python3.12/site-packages/airflow/example_dags/example_subdag_operator.py took 0.250 seconds
