[2024-05-28T09:46:32.509+0000] {processor.py:161} INFO - Started process (PID=74) to work on /home/airflow/.local/lib/python3.12/site-packages/airflow/example_dags/example_latest_only.py
[2024-05-28T09:46:32.513+0000] {processor.py:830} INFO - Processing file /home/airflow/.local/lib/python3.12/site-packages/airflow/example_dags/example_latest_only.py for tasks to queue
[2024-05-28T09:46:32.516+0000] {logging_mixin.py:188} INFO - [2024-05-28T09:46:32.515+0000] {dagbag.py:545} INFO - Filling up the DagBag from /home/airflow/.local/lib/python3.12/site-packages/airflow/example_dags/example_latest_only.py
[2024-05-28T09:46:32.530+0000] {processor.py:840} INFO - DAG(s) 'latest_only' retrieved from /home/airflow/.local/lib/python3.12/site-packages/airflow/example_dags/example_latest_only.py
[2024-05-28T09:46:32.761+0000] {logging_mixin.py:188} INFO - [2024-05-28T09:46:32.761+0000] {dag.py:3096} INFO - Sync 1 DAGs
[2024-05-28T09:46:32.800+0000] {logging_mixin.py:188} INFO - [2024-05-28T09:46:32.799+0000] {dag.py:3954} INFO - Setting next_dagrun for latest_only to 2024-05-28 04:00:00+00:00, run_after=2024-05-28 08:00:00+00:00
[2024-05-28T09:46:32.842+0000] {processor.py:183} INFO - Processing /home/airflow/.local/lib/python3.12/site-packages/airflow/example_dags/example_latest_only.py took 0.348 seconds
[2024-05-28T09:47:03.647+0000] {processor.py:161} INFO - Started process (PID=132) to work on /home/airflow/.local/lib/python3.12/site-packages/airflow/example_dags/example_latest_only.py
[2024-05-28T09:47:03.652+0000] {processor.py:830} INFO - Processing file /home/airflow/.local/lib/python3.12/site-packages/airflow/example_dags/example_latest_only.py for tasks to queue
[2024-05-28T09:47:03.656+0000] {logging_mixin.py:188} INFO - [2024-05-28T09:47:03.655+0000] {dagbag.py:545} INFO - Filling up the DagBag from /home/airflow/.local/lib/python3.12/site-packages/airflow/example_dags/example_latest_only.py
[2024-05-28T09:47:03.671+0000] {processor.py:840} INFO - DAG(s) 'latest_only' retrieved from /home/airflow/.local/lib/python3.12/site-packages/airflow/example_dags/example_latest_only.py
[2024-05-28T09:47:03.721+0000] {logging_mixin.py:188} INFO - [2024-05-28T09:47:03.721+0000] {dag.py:3096} INFO - Sync 1 DAGs
[2024-05-28T09:47:03.773+0000] {logging_mixin.py:188} INFO - [2024-05-28T09:47:03.773+0000] {dag.py:3954} INFO - Setting next_dagrun for latest_only to 2024-05-28 04:00:00+00:00, run_after=2024-05-28 08:00:00+00:00
[2024-05-28T09:47:03.819+0000] {processor.py:183} INFO - Processing /home/airflow/.local/lib/python3.12/site-packages/airflow/example_dags/example_latest_only.py took 0.186 seconds
[2024-05-28T09:47:34.287+0000] {processor.py:161} INFO - Started process (PID=190) to work on /home/airflow/.local/lib/python3.12/site-packages/airflow/example_dags/example_latest_only.py
[2024-05-28T09:47:34.289+0000] {processor.py:830} INFO - Processing file /home/airflow/.local/lib/python3.12/site-packages/airflow/example_dags/example_latest_only.py for tasks to queue
[2024-05-28T09:47:34.292+0000] {logging_mixin.py:188} INFO - [2024-05-28T09:47:34.292+0000] {dagbag.py:545} INFO - Filling up the DagBag from /home/airflow/.local/lib/python3.12/site-packages/airflow/example_dags/example_latest_only.py
[2024-05-28T09:47:34.301+0000] {processor.py:840} INFO - DAG(s) 'latest_only' retrieved from /home/airflow/.local/lib/python3.12/site-packages/airflow/example_dags/example_latest_only.py
[2024-05-28T09:47:34.353+0000] {logging_mixin.py:188} INFO - [2024-05-28T09:47:34.350+0000] {dag.py:3096} INFO - Sync 1 DAGs
[2024-05-28T09:47:34.408+0000] {logging_mixin.py:188} INFO - [2024-05-28T09:47:34.408+0000] {dag.py:3954} INFO - Setting next_dagrun for latest_only to 2024-05-28 04:00:00+00:00, run_after=2024-05-28 08:00:00+00:00
[2024-05-28T09:47:34.452+0000] {processor.py:183} INFO - Processing /home/airflow/.local/lib/python3.12/site-packages/airflow/example_dags/example_latest_only.py took 0.175 seconds
[2024-05-28T09:48:05.147+0000] {processor.py:161} INFO - Started process (PID=248) to work on /home/airflow/.local/lib/python3.12/site-packages/airflow/example_dags/example_latest_only.py
[2024-05-28T09:48:05.149+0000] {processor.py:830} INFO - Processing file /home/airflow/.local/lib/python3.12/site-packages/airflow/example_dags/example_latest_only.py for tasks to queue
[2024-05-28T09:48:05.155+0000] {logging_mixin.py:188} INFO - [2024-05-28T09:48:05.154+0000] {dagbag.py:545} INFO - Filling up the DagBag from /home/airflow/.local/lib/python3.12/site-packages/airflow/example_dags/example_latest_only.py
[2024-05-28T09:48:05.172+0000] {processor.py:840} INFO - DAG(s) 'latest_only' retrieved from /home/airflow/.local/lib/python3.12/site-packages/airflow/example_dags/example_latest_only.py
[2024-05-28T09:48:05.233+0000] {logging_mixin.py:188} INFO - [2024-05-28T09:48:05.232+0000] {dag.py:3096} INFO - Sync 1 DAGs
[2024-05-28T09:48:05.288+0000] {logging_mixin.py:188} INFO - [2024-05-28T09:48:05.288+0000] {dag.py:3954} INFO - Setting next_dagrun for latest_only to 2024-05-28 04:00:00+00:00, run_after=2024-05-28 08:00:00+00:00
[2024-05-28T09:48:05.338+0000] {processor.py:183} INFO - Processing /home/airflow/.local/lib/python3.12/site-packages/airflow/example_dags/example_latest_only.py took 0.207 seconds
[2024-05-28T09:48:35.960+0000] {processor.py:161} INFO - Started process (PID=306) to work on /home/airflow/.local/lib/python3.12/site-packages/airflow/example_dags/example_latest_only.py
[2024-05-28T09:48:35.962+0000] {processor.py:830} INFO - Processing file /home/airflow/.local/lib/python3.12/site-packages/airflow/example_dags/example_latest_only.py for tasks to queue
[2024-05-28T09:48:35.970+0000] {logging_mixin.py:188} INFO - [2024-05-28T09:48:35.970+0000] {dagbag.py:545} INFO - Filling up the DagBag from /home/airflow/.local/lib/python3.12/site-packages/airflow/example_dags/example_latest_only.py
[2024-05-28T09:48:35.977+0000] {processor.py:840} INFO - DAG(s) 'latest_only' retrieved from /home/airflow/.local/lib/python3.12/site-packages/airflow/example_dags/example_latest_only.py
[2024-05-28T09:48:36.014+0000] {logging_mixin.py:188} INFO - [2024-05-28T09:48:36.014+0000] {dag.py:3096} INFO - Sync 1 DAGs
[2024-05-28T09:48:36.048+0000] {logging_mixin.py:188} INFO - [2024-05-28T09:48:36.047+0000] {dag.py:3954} INFO - Setting next_dagrun for latest_only to 2024-05-28 04:00:00+00:00, run_after=2024-05-28 08:00:00+00:00
[2024-05-28T09:48:36.097+0000] {processor.py:183} INFO - Processing /home/airflow/.local/lib/python3.12/site-packages/airflow/example_dags/example_latest_only.py took 0.169 seconds
[2024-05-28T09:50:01.033+0000] {processor.py:161} INFO - Started process (PID=68) to work on /home/airflow/.local/lib/python3.12/site-packages/airflow/example_dags/example_latest_only.py
[2024-05-28T09:50:01.037+0000] {processor.py:830} INFO - Processing file /home/airflow/.local/lib/python3.12/site-packages/airflow/example_dags/example_latest_only.py for tasks to queue
[2024-05-28T09:50:01.041+0000] {logging_mixin.py:188} INFO - [2024-05-28T09:50:01.041+0000] {dagbag.py:545} INFO - Filling up the DagBag from /home/airflow/.local/lib/python3.12/site-packages/airflow/example_dags/example_latest_only.py
[2024-05-28T09:50:01.062+0000] {processor.py:840} INFO - DAG(s) 'latest_only' retrieved from /home/airflow/.local/lib/python3.12/site-packages/airflow/example_dags/example_latest_only.py
[2024-05-28T09:50:01.434+0000] {logging_mixin.py:188} INFO - [2024-05-28T09:50:01.433+0000] {dag.py:3096} INFO - Sync 1 DAGs
[2024-05-28T09:50:01.509+0000] {logging_mixin.py:188} INFO - [2024-05-28T09:50:01.508+0000] {dag.py:3954} INFO - Setting next_dagrun for latest_only to 2024-05-28 04:00:00+00:00, run_after=2024-05-28 08:00:00+00:00
[2024-05-28T09:50:01.579+0000] {processor.py:183} INFO - Processing /home/airflow/.local/lib/python3.12/site-packages/airflow/example_dags/example_latest_only.py took 0.566 seconds
[2024-05-28T09:50:32.501+0000] {processor.py:161} INFO - Started process (PID=132) to work on /home/airflow/.local/lib/python3.12/site-packages/airflow/example_dags/example_latest_only.py
[2024-05-28T09:50:32.504+0000] {processor.py:830} INFO - Processing file /home/airflow/.local/lib/python3.12/site-packages/airflow/example_dags/example_latest_only.py for tasks to queue
[2024-05-28T09:50:32.512+0000] {logging_mixin.py:188} INFO - [2024-05-28T09:50:32.509+0000] {dagbag.py:545} INFO - Filling up the DagBag from /home/airflow/.local/lib/python3.12/site-packages/airflow/example_dags/example_latest_only.py
[2024-05-28T09:50:32.522+0000] {processor.py:840} INFO - DAG(s) 'latest_only' retrieved from /home/airflow/.local/lib/python3.12/site-packages/airflow/example_dags/example_latest_only.py
[2024-05-28T09:50:32.581+0000] {logging_mixin.py:188} INFO - [2024-05-28T09:50:32.579+0000] {dag.py:3096} INFO - Sync 1 DAGs
[2024-05-28T09:50:32.622+0000] {logging_mixin.py:188} INFO - [2024-05-28T09:50:32.622+0000] {dag.py:3954} INFO - Setting next_dagrun for latest_only to 2024-05-28 04:00:00+00:00, run_after=2024-05-28 08:00:00+00:00
[2024-05-28T09:50:32.659+0000] {processor.py:183} INFO - Processing /home/airflow/.local/lib/python3.12/site-packages/airflow/example_dags/example_latest_only.py took 0.184 seconds
[2024-05-28T09:51:03.254+0000] {processor.py:161} INFO - Started process (PID=190) to work on /home/airflow/.local/lib/python3.12/site-packages/airflow/example_dags/example_latest_only.py
[2024-05-28T09:51:03.256+0000] {processor.py:830} INFO - Processing file /home/airflow/.local/lib/python3.12/site-packages/airflow/example_dags/example_latest_only.py for tasks to queue
[2024-05-28T09:51:03.258+0000] {logging_mixin.py:188} INFO - [2024-05-28T09:51:03.258+0000] {dagbag.py:545} INFO - Filling up the DagBag from /home/airflow/.local/lib/python3.12/site-packages/airflow/example_dags/example_latest_only.py
[2024-05-28T09:51:03.277+0000] {processor.py:840} INFO - DAG(s) 'latest_only' retrieved from /home/airflow/.local/lib/python3.12/site-packages/airflow/example_dags/example_latest_only.py
[2024-05-28T09:51:03.341+0000] {logging_mixin.py:188} INFO - [2024-05-28T09:51:03.340+0000] {dag.py:3096} INFO - Sync 1 DAGs
[2024-05-28T09:51:03.432+0000] {logging_mixin.py:188} INFO - [2024-05-28T09:51:03.432+0000] {dag.py:3954} INFO - Setting next_dagrun for latest_only to 2024-05-28 04:00:00+00:00, run_after=2024-05-28 08:00:00+00:00
[2024-05-28T09:51:03.461+0000] {processor.py:183} INFO - Processing /home/airflow/.local/lib/python3.12/site-packages/airflow/example_dags/example_latest_only.py took 0.227 seconds
[2024-05-28T09:51:33.959+0000] {processor.py:161} INFO - Started process (PID=248) to work on /home/airflow/.local/lib/python3.12/site-packages/airflow/example_dags/example_latest_only.py
[2024-05-28T09:51:33.961+0000] {processor.py:830} INFO - Processing file /home/airflow/.local/lib/python3.12/site-packages/airflow/example_dags/example_latest_only.py for tasks to queue
[2024-05-28T09:51:33.964+0000] {logging_mixin.py:188} INFO - [2024-05-28T09:51:33.963+0000] {dagbag.py:545} INFO - Filling up the DagBag from /home/airflow/.local/lib/python3.12/site-packages/airflow/example_dags/example_latest_only.py
[2024-05-28T09:51:33.972+0000] {processor.py:840} INFO - DAG(s) 'latest_only' retrieved from /home/airflow/.local/lib/python3.12/site-packages/airflow/example_dags/example_latest_only.py
[2024-05-28T09:51:34.016+0000] {logging_mixin.py:188} INFO - [2024-05-28T09:51:34.016+0000] {dag.py:3096} INFO - Sync 1 DAGs
[2024-05-28T09:51:34.089+0000] {logging_mixin.py:188} INFO - [2024-05-28T09:51:34.088+0000] {dag.py:3954} INFO - Setting next_dagrun for latest_only to 2024-05-28 04:00:00+00:00, run_after=2024-05-28 08:00:00+00:00
[2024-05-28T09:51:34.134+0000] {processor.py:183} INFO - Processing /home/airflow/.local/lib/python3.12/site-packages/airflow/example_dags/example_latest_only.py took 0.185 seconds
[2024-05-28T09:52:04.545+0000] {processor.py:161} INFO - Started process (PID=305) to work on /home/airflow/.local/lib/python3.12/site-packages/airflow/example_dags/example_latest_only.py
[2024-05-28T09:52:04.549+0000] {processor.py:830} INFO - Processing file /home/airflow/.local/lib/python3.12/site-packages/airflow/example_dags/example_latest_only.py for tasks to queue
[2024-05-28T09:52:04.552+0000] {logging_mixin.py:188} INFO - [2024-05-28T09:52:04.552+0000] {dagbag.py:545} INFO - Filling up the DagBag from /home/airflow/.local/lib/python3.12/site-packages/airflow/example_dags/example_latest_only.py
[2024-05-28T09:52:04.566+0000] {processor.py:840} INFO - DAG(s) 'latest_only' retrieved from /home/airflow/.local/lib/python3.12/site-packages/airflow/example_dags/example_latest_only.py
[2024-05-28T09:52:04.627+0000] {logging_mixin.py:188} INFO - [2024-05-28T09:52:04.626+0000] {dag.py:3096} INFO - Sync 1 DAGs
[2024-05-28T09:52:04.687+0000] {logging_mixin.py:188} INFO - [2024-05-28T09:52:04.687+0000] {dag.py:3954} INFO - Setting next_dagrun for latest_only to 2024-05-28 04:00:00+00:00, run_after=2024-05-28 08:00:00+00:00
[2024-05-28T09:52:04.735+0000] {processor.py:183} INFO - Processing /home/airflow/.local/lib/python3.12/site-packages/airflow/example_dags/example_latest_only.py took 0.203 seconds
[2024-05-28T09:52:35.613+0000] {processor.py:161} INFO - Started process (PID=363) to work on /home/airflow/.local/lib/python3.12/site-packages/airflow/example_dags/example_latest_only.py
[2024-05-28T09:52:35.614+0000] {processor.py:830} INFO - Processing file /home/airflow/.local/lib/python3.12/site-packages/airflow/example_dags/example_latest_only.py for tasks to queue
[2024-05-28T09:52:35.617+0000] {logging_mixin.py:188} INFO - [2024-05-28T09:52:35.617+0000] {dagbag.py:545} INFO - Filling up the DagBag from /home/airflow/.local/lib/python3.12/site-packages/airflow/example_dags/example_latest_only.py
[2024-05-28T09:52:35.628+0000] {processor.py:840} INFO - DAG(s) 'latest_only' retrieved from /home/airflow/.local/lib/python3.12/site-packages/airflow/example_dags/example_latest_only.py
[2024-05-28T09:52:35.668+0000] {logging_mixin.py:188} INFO - [2024-05-28T09:52:35.668+0000] {dag.py:3096} INFO - Sync 1 DAGs
[2024-05-28T09:52:35.706+0000] {logging_mixin.py:188} INFO - [2024-05-28T09:52:35.706+0000] {dag.py:3954} INFO - Setting next_dagrun for latest_only to 2024-05-28 04:00:00+00:00, run_after=2024-05-28 08:00:00+00:00
[2024-05-28T09:52:35.747+0000] {processor.py:183} INFO - Processing /home/airflow/.local/lib/python3.12/site-packages/airflow/example_dags/example_latest_only.py took 0.145 seconds
[2024-05-28T09:53:06.214+0000] {processor.py:161} INFO - Started process (PID=421) to work on /home/airflow/.local/lib/python3.12/site-packages/airflow/example_dags/example_latest_only.py
[2024-05-28T09:53:06.216+0000] {processor.py:830} INFO - Processing file /home/airflow/.local/lib/python3.12/site-packages/airflow/example_dags/example_latest_only.py for tasks to queue
[2024-05-28T09:53:06.218+0000] {logging_mixin.py:188} INFO - [2024-05-28T09:53:06.218+0000] {dagbag.py:545} INFO - Filling up the DagBag from /home/airflow/.local/lib/python3.12/site-packages/airflow/example_dags/example_latest_only.py
[2024-05-28T09:53:06.224+0000] {processor.py:840} INFO - DAG(s) 'latest_only' retrieved from /home/airflow/.local/lib/python3.12/site-packages/airflow/example_dags/example_latest_only.py
[2024-05-28T09:53:06.257+0000] {logging_mixin.py:188} INFO - [2024-05-28T09:53:06.256+0000] {dag.py:3096} INFO - Sync 1 DAGs
[2024-05-28T09:53:06.284+0000] {logging_mixin.py:188} INFO - [2024-05-28T09:53:06.283+0000] {dag.py:3954} INFO - Setting next_dagrun for latest_only to 2024-05-28 04:00:00+00:00, run_after=2024-05-28 08:00:00+00:00
[2024-05-28T09:53:06.351+0000] {processor.py:183} INFO - Processing /home/airflow/.local/lib/python3.12/site-packages/airflow/example_dags/example_latest_only.py took 0.144 seconds
[2024-05-28T09:53:36.851+0000] {processor.py:161} INFO - Started process (PID=479) to work on /home/airflow/.local/lib/python3.12/site-packages/airflow/example_dags/example_latest_only.py
[2024-05-28T09:53:36.852+0000] {processor.py:830} INFO - Processing file /home/airflow/.local/lib/python3.12/site-packages/airflow/example_dags/example_latest_only.py for tasks to queue
[2024-05-28T09:53:36.857+0000] {logging_mixin.py:188} INFO - [2024-05-28T09:53:36.856+0000] {dagbag.py:545} INFO - Filling up the DagBag from /home/airflow/.local/lib/python3.12/site-packages/airflow/example_dags/example_latest_only.py
[2024-05-28T09:53:36.870+0000] {processor.py:840} INFO - DAG(s) 'latest_only' retrieved from /home/airflow/.local/lib/python3.12/site-packages/airflow/example_dags/example_latest_only.py
[2024-05-28T09:53:36.932+0000] {logging_mixin.py:188} INFO - [2024-05-28T09:53:36.932+0000] {dag.py:3096} INFO - Sync 1 DAGs
[2024-05-28T09:53:36.993+0000] {logging_mixin.py:188} INFO - [2024-05-28T09:53:36.993+0000] {dag.py:3954} INFO - Setting next_dagrun for latest_only to 2024-05-28 04:00:00+00:00, run_after=2024-05-28 08:00:00+00:00
[2024-05-28T09:53:37.061+0000] {processor.py:183} INFO - Processing /home/airflow/.local/lib/python3.12/site-packages/airflow/example_dags/example_latest_only.py took 0.225 seconds
[2024-05-28T09:54:07.543+0000] {processor.py:161} INFO - Started process (PID=537) to work on /home/airflow/.local/lib/python3.12/site-packages/airflow/example_dags/example_latest_only.py
[2024-05-28T09:54:07.544+0000] {processor.py:830} INFO - Processing file /home/airflow/.local/lib/python3.12/site-packages/airflow/example_dags/example_latest_only.py for tasks to queue
[2024-05-28T09:54:07.547+0000] {logging_mixin.py:188} INFO - [2024-05-28T09:54:07.546+0000] {dagbag.py:545} INFO - Filling up the DagBag from /home/airflow/.local/lib/python3.12/site-packages/airflow/example_dags/example_latest_only.py
[2024-05-28T09:54:07.554+0000] {processor.py:840} INFO - DAG(s) 'latest_only' retrieved from /home/airflow/.local/lib/python3.12/site-packages/airflow/example_dags/example_latest_only.py
[2024-05-28T09:54:07.616+0000] {logging_mixin.py:188} INFO - [2024-05-28T09:54:07.616+0000] {dag.py:3096} INFO - Sync 1 DAGs
[2024-05-28T09:54:07.664+0000] {logging_mixin.py:188} INFO - [2024-05-28T09:54:07.663+0000] {dag.py:3954} INFO - Setting next_dagrun for latest_only to 2024-05-28 04:00:00+00:00, run_after=2024-05-28 08:00:00+00:00
[2024-05-28T09:54:07.721+0000] {processor.py:183} INFO - Processing /home/airflow/.local/lib/python3.12/site-packages/airflow/example_dags/example_latest_only.py took 0.187 seconds
[2024-05-28T09:54:38.305+0000] {processor.py:161} INFO - Started process (PID=595) to work on /home/airflow/.local/lib/python3.12/site-packages/airflow/example_dags/example_latest_only.py
[2024-05-28T09:54:38.307+0000] {processor.py:830} INFO - Processing file /home/airflow/.local/lib/python3.12/site-packages/airflow/example_dags/example_latest_only.py for tasks to queue
[2024-05-28T09:54:38.309+0000] {logging_mixin.py:188} INFO - [2024-05-28T09:54:38.309+0000] {dagbag.py:545} INFO - Filling up the DagBag from /home/airflow/.local/lib/python3.12/site-packages/airflow/example_dags/example_latest_only.py
[2024-05-28T09:54:38.323+0000] {processor.py:840} INFO - DAG(s) 'latest_only' retrieved from /home/airflow/.local/lib/python3.12/site-packages/airflow/example_dags/example_latest_only.py
[2024-05-28T09:54:38.372+0000] {logging_mixin.py:188} INFO - [2024-05-28T09:54:38.372+0000] {dag.py:3096} INFO - Sync 1 DAGs
[2024-05-28T09:54:38.427+0000] {logging_mixin.py:188} INFO - [2024-05-28T09:54:38.427+0000] {dag.py:3954} INFO - Setting next_dagrun for latest_only to 2024-05-28 04:00:00+00:00, run_after=2024-05-28 08:00:00+00:00
[2024-05-28T09:54:38.463+0000] {processor.py:183} INFO - Processing /home/airflow/.local/lib/python3.12/site-packages/airflow/example_dags/example_latest_only.py took 0.174 seconds
[2024-05-28T09:55:08.591+0000] {processor.py:161} INFO - Started process (PID=652) to work on /home/airflow/.local/lib/python3.12/site-packages/airflow/example_dags/example_latest_only.py
[2024-05-28T09:55:08.592+0000] {processor.py:830} INFO - Processing file /home/airflow/.local/lib/python3.12/site-packages/airflow/example_dags/example_latest_only.py for tasks to queue
[2024-05-28T09:55:08.594+0000] {logging_mixin.py:188} INFO - [2024-05-28T09:55:08.594+0000] {dagbag.py:545} INFO - Filling up the DagBag from /home/airflow/.local/lib/python3.12/site-packages/airflow/example_dags/example_latest_only.py
[2024-05-28T09:55:08.602+0000] {processor.py:840} INFO - DAG(s) 'latest_only' retrieved from /home/airflow/.local/lib/python3.12/site-packages/airflow/example_dags/example_latest_only.py
[2024-05-28T09:55:08.644+0000] {logging_mixin.py:188} INFO - [2024-05-28T09:55:08.644+0000] {dag.py:3096} INFO - Sync 1 DAGs
[2024-05-28T09:55:08.685+0000] {logging_mixin.py:188} INFO - [2024-05-28T09:55:08.684+0000] {dag.py:3954} INFO - Setting next_dagrun for latest_only to 2024-05-28 04:00:00+00:00, run_after=2024-05-28 08:00:00+00:00
[2024-05-28T09:55:08.716+0000] {processor.py:183} INFO - Processing /home/airflow/.local/lib/python3.12/site-packages/airflow/example_dags/example_latest_only.py took 0.134 seconds
[2024-05-28T09:55:39.061+0000] {processor.py:161} INFO - Started process (PID=710) to work on /home/airflow/.local/lib/python3.12/site-packages/airflow/example_dags/example_latest_only.py
[2024-05-28T09:55:39.063+0000] {processor.py:830} INFO - Processing file /home/airflow/.local/lib/python3.12/site-packages/airflow/example_dags/example_latest_only.py for tasks to queue
[2024-05-28T09:55:39.065+0000] {logging_mixin.py:188} INFO - [2024-05-28T09:55:39.065+0000] {dagbag.py:545} INFO - Filling up the DagBag from /home/airflow/.local/lib/python3.12/site-packages/airflow/example_dags/example_latest_only.py
[2024-05-28T09:55:39.072+0000] {processor.py:840} INFO - DAG(s) 'latest_only' retrieved from /home/airflow/.local/lib/python3.12/site-packages/airflow/example_dags/example_latest_only.py
[2024-05-28T09:55:39.105+0000] {logging_mixin.py:188} INFO - [2024-05-28T09:55:39.105+0000] {dag.py:3096} INFO - Sync 1 DAGs
[2024-05-28T09:55:39.138+0000] {logging_mixin.py:188} INFO - [2024-05-28T09:55:39.137+0000] {dag.py:3954} INFO - Setting next_dagrun for latest_only to 2024-05-28 04:00:00+00:00, run_after=2024-05-28 08:00:00+00:00
[2024-05-28T09:55:39.165+0000] {processor.py:183} INFO - Processing /home/airflow/.local/lib/python3.12/site-packages/airflow/example_dags/example_latest_only.py took 0.113 seconds
[2024-05-28T09:56:09.756+0000] {processor.py:161} INFO - Started process (PID=768) to work on /home/airflow/.local/lib/python3.12/site-packages/airflow/example_dags/example_latest_only.py
[2024-05-28T09:56:09.759+0000] {processor.py:830} INFO - Processing file /home/airflow/.local/lib/python3.12/site-packages/airflow/example_dags/example_latest_only.py for tasks to queue
[2024-05-28T09:56:09.761+0000] {logging_mixin.py:188} INFO - [2024-05-28T09:56:09.761+0000] {dagbag.py:545} INFO - Filling up the DagBag from /home/airflow/.local/lib/python3.12/site-packages/airflow/example_dags/example_latest_only.py
[2024-05-28T09:56:09.769+0000] {processor.py:840} INFO - DAG(s) 'latest_only' retrieved from /home/airflow/.local/lib/python3.12/site-packages/airflow/example_dags/example_latest_only.py
[2024-05-28T09:56:09.821+0000] {logging_mixin.py:188} INFO - [2024-05-28T09:56:09.821+0000] {dag.py:3096} INFO - Sync 1 DAGs
[2024-05-28T09:56:09.923+0000] {logging_mixin.py:188} INFO - [2024-05-28T09:56:09.922+0000] {dag.py:3954} INFO - Setting next_dagrun for latest_only to 2024-05-28 04:00:00+00:00, run_after=2024-05-28 08:00:00+00:00
[2024-05-28T09:56:09.958+0000] {processor.py:183} INFO - Processing /home/airflow/.local/lib/python3.12/site-packages/airflow/example_dags/example_latest_only.py took 0.212 seconds
[2024-05-28T09:56:40.901+0000] {processor.py:161} INFO - Started process (PID=826) to work on /home/airflow/.local/lib/python3.12/site-packages/airflow/example_dags/example_latest_only.py
[2024-05-28T09:56:40.902+0000] {processor.py:830} INFO - Processing file /home/airflow/.local/lib/python3.12/site-packages/airflow/example_dags/example_latest_only.py for tasks to queue
[2024-05-28T09:56:40.905+0000] {logging_mixin.py:188} INFO - [2024-05-28T09:56:40.904+0000] {dagbag.py:545} INFO - Filling up the DagBag from /home/airflow/.local/lib/python3.12/site-packages/airflow/example_dags/example_latest_only.py
[2024-05-28T09:56:40.910+0000] {processor.py:840} INFO - DAG(s) 'latest_only' retrieved from /home/airflow/.local/lib/python3.12/site-packages/airflow/example_dags/example_latest_only.py
[2024-05-28T09:56:40.976+0000] {logging_mixin.py:188} INFO - [2024-05-28T09:56:40.976+0000] {dag.py:3096} INFO - Sync 1 DAGs
[2024-05-28T09:56:41.027+0000] {logging_mixin.py:188} INFO - [2024-05-28T09:56:41.027+0000] {dag.py:3954} INFO - Setting next_dagrun for latest_only to 2024-05-28 04:00:00+00:00, run_after=2024-05-28 08:00:00+00:00
[2024-05-28T09:56:41.058+0000] {processor.py:183} INFO - Processing /home/airflow/.local/lib/python3.12/site-packages/airflow/example_dags/example_latest_only.py took 0.164 seconds
[2024-05-28T09:57:11.770+0000] {processor.py:161} INFO - Started process (PID=883) to work on /home/airflow/.local/lib/python3.12/site-packages/airflow/example_dags/example_latest_only.py
[2024-05-28T09:57:11.775+0000] {processor.py:830} INFO - Processing file /home/airflow/.local/lib/python3.12/site-packages/airflow/example_dags/example_latest_only.py for tasks to queue
[2024-05-28T09:57:11.777+0000] {logging_mixin.py:188} INFO - [2024-05-28T09:57:11.776+0000] {dagbag.py:545} INFO - Filling up the DagBag from /home/airflow/.local/lib/python3.12/site-packages/airflow/example_dags/example_latest_only.py
[2024-05-28T09:57:11.808+0000] {processor.py:840} INFO - DAG(s) 'latest_only' retrieved from /home/airflow/.local/lib/python3.12/site-packages/airflow/example_dags/example_latest_only.py
[2024-05-28T09:57:11.862+0000] {logging_mixin.py:188} INFO - [2024-05-28T09:57:11.862+0000] {dag.py:3096} INFO - Sync 1 DAGs
[2024-05-28T09:57:11.904+0000] {logging_mixin.py:188} INFO - [2024-05-28T09:57:11.904+0000] {dag.py:3954} INFO - Setting next_dagrun for latest_only to 2024-05-28 04:00:00+00:00, run_after=2024-05-28 08:00:00+00:00
[2024-05-28T09:57:11.939+0000] {processor.py:183} INFO - Processing /home/airflow/.local/lib/python3.12/site-packages/airflow/example_dags/example_latest_only.py took 0.181 seconds
[2024-05-28T09:57:42.144+0000] {processor.py:161} INFO - Started process (PID=941) to work on /home/airflow/.local/lib/python3.12/site-packages/airflow/example_dags/example_latest_only.py
[2024-05-28T09:57:42.154+0000] {processor.py:830} INFO - Processing file /home/airflow/.local/lib/python3.12/site-packages/airflow/example_dags/example_latest_only.py for tasks to queue
[2024-05-28T09:57:42.160+0000] {logging_mixin.py:188} INFO - [2024-05-28T09:57:42.159+0000] {dagbag.py:545} INFO - Filling up the DagBag from /home/airflow/.local/lib/python3.12/site-packages/airflow/example_dags/example_latest_only.py
[2024-05-28T09:57:42.168+0000] {processor.py:840} INFO - DAG(s) 'latest_only' retrieved from /home/airflow/.local/lib/python3.12/site-packages/airflow/example_dags/example_latest_only.py
[2024-05-28T09:57:42.236+0000] {logging_mixin.py:188} INFO - [2024-05-28T09:57:42.235+0000] {dag.py:3096} INFO - Sync 1 DAGs
[2024-05-28T09:57:42.272+0000] {logging_mixin.py:188} INFO - [2024-05-28T09:57:42.271+0000] {dag.py:3954} INFO - Setting next_dagrun for latest_only to 2024-05-28 04:00:00+00:00, run_after=2024-05-28 08:00:00+00:00
[2024-05-28T09:57:42.301+0000] {processor.py:183} INFO - Processing /home/airflow/.local/lib/python3.12/site-packages/airflow/example_dags/example_latest_only.py took 0.171 seconds
[2024-05-28T09:58:12.785+0000] {processor.py:161} INFO - Started process (PID=999) to work on /home/airflow/.local/lib/python3.12/site-packages/airflow/example_dags/example_latest_only.py
[2024-05-28T09:58:12.789+0000] {processor.py:830} INFO - Processing file /home/airflow/.local/lib/python3.12/site-packages/airflow/example_dags/example_latest_only.py for tasks to queue
[2024-05-28T09:58:12.794+0000] {logging_mixin.py:188} INFO - [2024-05-28T09:58:12.793+0000] {dagbag.py:545} INFO - Filling up the DagBag from /home/airflow/.local/lib/python3.12/site-packages/airflow/example_dags/example_latest_only.py
[2024-05-28T09:58:12.802+0000] {processor.py:840} INFO - DAG(s) 'latest_only' retrieved from /home/airflow/.local/lib/python3.12/site-packages/airflow/example_dags/example_latest_only.py
[2024-05-28T09:58:12.869+0000] {logging_mixin.py:188} INFO - [2024-05-28T09:58:12.868+0000] {dag.py:3096} INFO - Sync 1 DAGs
[2024-05-28T09:58:12.945+0000] {logging_mixin.py:188} INFO - [2024-05-28T09:58:12.945+0000] {dag.py:3954} INFO - Setting next_dagrun for latest_only to 2024-05-28 04:00:00+00:00, run_after=2024-05-28 08:00:00+00:00
[2024-05-28T09:58:13.031+0000] {processor.py:183} INFO - Processing /home/airflow/.local/lib/python3.12/site-packages/airflow/example_dags/example_latest_only.py took 0.262 seconds
[2024-05-28T10:00:19.266+0000] {processor.py:161} INFO - Started process (PID=75) to work on /home/airflow/.local/lib/python3.12/site-packages/airflow/example_dags/example_latest_only.py
[2024-05-28T10:00:19.268+0000] {processor.py:830} INFO - Processing file /home/airflow/.local/lib/python3.12/site-packages/airflow/example_dags/example_latest_only.py for tasks to queue
[2024-05-28T10:00:19.270+0000] {logging_mixin.py:188} INFO - [2024-05-28T10:00:19.270+0000] {dagbag.py:545} INFO - Filling up the DagBag from /home/airflow/.local/lib/python3.12/site-packages/airflow/example_dags/example_latest_only.py
[2024-05-28T10:00:19.280+0000] {processor.py:840} INFO - DAG(s) 'latest_only' retrieved from /home/airflow/.local/lib/python3.12/site-packages/airflow/example_dags/example_latest_only.py
[2024-05-28T10:00:19.575+0000] {logging_mixin.py:188} INFO - [2024-05-28T10:00:19.573+0000] {dag.py:3096} INFO - Sync 1 DAGs
[2024-05-28T10:00:19.646+0000] {logging_mixin.py:188} INFO - [2024-05-28T10:00:19.646+0000] {dag.py:3954} INFO - Setting next_dagrun for latest_only to 2024-05-28 04:00:00+00:00, run_after=2024-05-28 08:00:00+00:00
[2024-05-28T10:00:19.700+0000] {processor.py:183} INFO - Processing /home/airflow/.local/lib/python3.12/site-packages/airflow/example_dags/example_latest_only.py took 0.444 seconds
[2024-05-28T10:00:50.728+0000] {processor.py:161} INFO - Started process (PID=133) to work on /home/airflow/.local/lib/python3.12/site-packages/airflow/example_dags/example_latest_only.py
[2024-05-28T10:00:50.730+0000] {processor.py:830} INFO - Processing file /home/airflow/.local/lib/python3.12/site-packages/airflow/example_dags/example_latest_only.py for tasks to queue
[2024-05-28T10:00:50.739+0000] {logging_mixin.py:188} INFO - [2024-05-28T10:00:50.735+0000] {dagbag.py:545} INFO - Filling up the DagBag from /home/airflow/.local/lib/python3.12/site-packages/airflow/example_dags/example_latest_only.py
[2024-05-28T10:00:50.753+0000] {processor.py:840} INFO - DAG(s) 'latest_only' retrieved from /home/airflow/.local/lib/python3.12/site-packages/airflow/example_dags/example_latest_only.py
[2024-05-28T10:00:50.819+0000] {logging_mixin.py:188} INFO - [2024-05-28T10:00:50.819+0000] {dag.py:3096} INFO - Sync 1 DAGs
[2024-05-28T10:00:50.889+0000] {logging_mixin.py:188} INFO - [2024-05-28T10:00:50.888+0000] {dag.py:3954} INFO - Setting next_dagrun for latest_only to 2024-05-28 04:00:00+00:00, run_after=2024-05-28 08:00:00+00:00
[2024-05-28T10:00:50.976+0000] {processor.py:183} INFO - Processing /home/airflow/.local/lib/python3.12/site-packages/airflow/example_dags/example_latest_only.py took 0.265 seconds
[2024-05-28T10:01:21.970+0000] {processor.py:161} INFO - Started process (PID=191) to work on /home/airflow/.local/lib/python3.12/site-packages/airflow/example_dags/example_latest_only.py
[2024-05-28T10:01:21.972+0000] {processor.py:830} INFO - Processing file /home/airflow/.local/lib/python3.12/site-packages/airflow/example_dags/example_latest_only.py for tasks to queue
[2024-05-28T10:01:21.975+0000] {logging_mixin.py:188} INFO - [2024-05-28T10:01:21.974+0000] {dagbag.py:545} INFO - Filling up the DagBag from /home/airflow/.local/lib/python3.12/site-packages/airflow/example_dags/example_latest_only.py
[2024-05-28T10:01:21.981+0000] {processor.py:840} INFO - DAG(s) 'latest_only' retrieved from /home/airflow/.local/lib/python3.12/site-packages/airflow/example_dags/example_latest_only.py
[2024-05-28T10:01:22.037+0000] {logging_mixin.py:188} INFO - [2024-05-28T10:01:22.036+0000] {dag.py:3096} INFO - Sync 1 DAGs
[2024-05-28T10:01:22.083+0000] {logging_mixin.py:188} INFO - [2024-05-28T10:01:22.083+0000] {dag.py:3954} INFO - Setting next_dagrun for latest_only to 2024-05-28 04:00:00+00:00, run_after=2024-05-28 08:00:00+00:00
[2024-05-28T10:01:22.120+0000] {processor.py:183} INFO - Processing /home/airflow/.local/lib/python3.12/site-packages/airflow/example_dags/example_latest_only.py took 0.158 seconds
