[2024-05-28T09:46:30.977+0000] {processor.py:161} INFO - Started process (PID=68) to work on /home/airflow/.local/lib/python3.12/site-packages/airflow/example_dags/example_setup_teardown.py
[2024-05-28T09:46:30.978+0000] {processor.py:830} INFO - Processing file /home/airflow/.local/lib/python3.12/site-packages/airflow/example_dags/example_setup_teardown.py for tasks to queue
[2024-05-28T09:46:30.981+0000] {logging_mixin.py:188} INFO - [2024-05-28T09:46:30.981+0000] {dagbag.py:545} INFO - Filling up the DagBag from /home/airflow/.local/lib/python3.12/site-packages/airflow/example_dags/example_setup_teardown.py
[2024-05-28T09:46:31.002+0000] {processor.py:840} INFO - DAG(s) 'example_setup_teardown' retrieved from /home/airflow/.local/lib/python3.12/site-packages/airflow/example_dags/example_setup_teardown.py
[2024-05-28T09:46:31.269+0000] {logging_mixin.py:188} INFO - [2024-05-28T09:46:31.268+0000] {dag.py:3096} INFO - Sync 1 DAGs
[2024-05-28T09:46:31.315+0000] {logging_mixin.py:188} INFO - [2024-05-28T09:46:31.315+0000] {dag.py:3954} INFO - Setting next_dagrun for example_setup_teardown to 2024-05-27 00:00:00+00:00, run_after=2024-05-28 00:00:00+00:00
[2024-05-28T09:46:31.374+0000] {processor.py:183} INFO - Processing /home/airflow/.local/lib/python3.12/site-packages/airflow/example_dags/example_setup_teardown.py took 0.410 seconds
[2024-05-28T09:47:01.460+0000] {processor.py:161} INFO - Started process (PID=126) to work on /home/airflow/.local/lib/python3.12/site-packages/airflow/example_dags/example_setup_teardown.py
[2024-05-28T09:47:01.462+0000] {processor.py:830} INFO - Processing file /home/airflow/.local/lib/python3.12/site-packages/airflow/example_dags/example_setup_teardown.py for tasks to queue
[2024-05-28T09:47:01.465+0000] {logging_mixin.py:188} INFO - [2024-05-28T09:47:01.464+0000] {dagbag.py:545} INFO - Filling up the DagBag from /home/airflow/.local/lib/python3.12/site-packages/airflow/example_dags/example_setup_teardown.py
[2024-05-28T09:47:01.477+0000] {processor.py:840} INFO - DAG(s) 'example_setup_teardown' retrieved from /home/airflow/.local/lib/python3.12/site-packages/airflow/example_dags/example_setup_teardown.py
[2024-05-28T09:47:01.556+0000] {logging_mixin.py:188} INFO - [2024-05-28T09:47:01.556+0000] {dag.py:3096} INFO - Sync 1 DAGs
[2024-05-28T09:47:01.632+0000] {logging_mixin.py:188} INFO - [2024-05-28T09:47:01.632+0000] {dag.py:3954} INFO - Setting next_dagrun for example_setup_teardown to 2024-05-27 00:00:00+00:00, run_after=2024-05-28 00:00:00+00:00
[2024-05-28T09:47:01.732+0000] {processor.py:183} INFO - Processing /home/airflow/.local/lib/python3.12/site-packages/airflow/example_dags/example_setup_teardown.py took 0.285 seconds
[2024-05-28T09:47:31.827+0000] {processor.py:161} INFO - Started process (PID=184) to work on /home/airflow/.local/lib/python3.12/site-packages/airflow/example_dags/example_setup_teardown.py
[2024-05-28T09:47:31.828+0000] {processor.py:830} INFO - Processing file /home/airflow/.local/lib/python3.12/site-packages/airflow/example_dags/example_setup_teardown.py for tasks to queue
[2024-05-28T09:47:31.831+0000] {logging_mixin.py:188} INFO - [2024-05-28T09:47:31.831+0000] {dagbag.py:545} INFO - Filling up the DagBag from /home/airflow/.local/lib/python3.12/site-packages/airflow/example_dags/example_setup_teardown.py
[2024-05-28T09:47:31.843+0000] {processor.py:840} INFO - DAG(s) 'example_setup_teardown' retrieved from /home/airflow/.local/lib/python3.12/site-packages/airflow/example_dags/example_setup_teardown.py
[2024-05-28T09:47:31.888+0000] {logging_mixin.py:188} INFO - [2024-05-28T09:47:31.887+0000] {dag.py:3096} INFO - Sync 1 DAGs
[2024-05-28T09:47:31.927+0000] {logging_mixin.py:188} INFO - [2024-05-28T09:47:31.927+0000] {dag.py:3954} INFO - Setting next_dagrun for example_setup_teardown to 2024-05-27 00:00:00+00:00, run_after=2024-05-28 00:00:00+00:00
[2024-05-28T09:47:31.964+0000] {processor.py:183} INFO - Processing /home/airflow/.local/lib/python3.12/site-packages/airflow/example_dags/example_setup_teardown.py took 0.149 seconds
[2024-05-28T09:48:02.674+0000] {processor.py:161} INFO - Started process (PID=242) to work on /home/airflow/.local/lib/python3.12/site-packages/airflow/example_dags/example_setup_teardown.py
[2024-05-28T09:48:02.675+0000] {processor.py:830} INFO - Processing file /home/airflow/.local/lib/python3.12/site-packages/airflow/example_dags/example_setup_teardown.py for tasks to queue
[2024-05-28T09:48:02.678+0000] {logging_mixin.py:188} INFO - [2024-05-28T09:48:02.677+0000] {dagbag.py:545} INFO - Filling up the DagBag from /home/airflow/.local/lib/python3.12/site-packages/airflow/example_dags/example_setup_teardown.py
[2024-05-28T09:48:02.691+0000] {processor.py:840} INFO - DAG(s) 'example_setup_teardown' retrieved from /home/airflow/.local/lib/python3.12/site-packages/airflow/example_dags/example_setup_teardown.py
[2024-05-28T09:48:02.725+0000] {logging_mixin.py:188} INFO - [2024-05-28T09:48:02.725+0000] {dag.py:3096} INFO - Sync 1 DAGs
[2024-05-28T09:48:02.758+0000] {logging_mixin.py:188} INFO - [2024-05-28T09:48:02.758+0000] {dag.py:3954} INFO - Setting next_dagrun for example_setup_teardown to 2024-05-27 00:00:00+00:00, run_after=2024-05-28 00:00:00+00:00
[2024-05-28T09:48:02.790+0000] {processor.py:183} INFO - Processing /home/airflow/.local/lib/python3.12/site-packages/airflow/example_dags/example_setup_teardown.py took 0.126 seconds
[2024-05-28T09:48:33.504+0000] {processor.py:161} INFO - Started process (PID=300) to work on /home/airflow/.local/lib/python3.12/site-packages/airflow/example_dags/example_setup_teardown.py
[2024-05-28T09:48:33.506+0000] {processor.py:830} INFO - Processing file /home/airflow/.local/lib/python3.12/site-packages/airflow/example_dags/example_setup_teardown.py for tasks to queue
[2024-05-28T09:48:33.515+0000] {logging_mixin.py:188} INFO - [2024-05-28T09:48:33.514+0000] {dagbag.py:545} INFO - Filling up the DagBag from /home/airflow/.local/lib/python3.12/site-packages/airflow/example_dags/example_setup_teardown.py
[2024-05-28T09:48:33.530+0000] {processor.py:840} INFO - DAG(s) 'example_setup_teardown' retrieved from /home/airflow/.local/lib/python3.12/site-packages/airflow/example_dags/example_setup_teardown.py
[2024-05-28T09:48:33.585+0000] {logging_mixin.py:188} INFO - [2024-05-28T09:48:33.584+0000] {dag.py:3096} INFO - Sync 1 DAGs
[2024-05-28T09:48:33.638+0000] {logging_mixin.py:188} INFO - [2024-05-28T09:48:33.637+0000] {dag.py:3954} INFO - Setting next_dagrun for example_setup_teardown to 2024-05-27 00:00:00+00:00, run_after=2024-05-28 00:00:00+00:00
[2024-05-28T09:48:33.673+0000] {processor.py:183} INFO - Processing /home/airflow/.local/lib/python3.12/site-packages/airflow/example_dags/example_setup_teardown.py took 0.181 seconds
[2024-05-28T09:49:59.706+0000] {processor.py:161} INFO - Started process (PID=62) to work on /home/airflow/.local/lib/python3.12/site-packages/airflow/example_dags/example_setup_teardown.py
[2024-05-28T09:49:59.708+0000] {processor.py:830} INFO - Processing file /home/airflow/.local/lib/python3.12/site-packages/airflow/example_dags/example_setup_teardown.py for tasks to queue
[2024-05-28T09:49:59.712+0000] {logging_mixin.py:188} INFO - [2024-05-28T09:49:59.711+0000] {dagbag.py:545} INFO - Filling up the DagBag from /home/airflow/.local/lib/python3.12/site-packages/airflow/example_dags/example_setup_teardown.py
[2024-05-28T09:49:59.727+0000] {processor.py:840} INFO - DAG(s) 'example_setup_teardown' retrieved from /home/airflow/.local/lib/python3.12/site-packages/airflow/example_dags/example_setup_teardown.py
[2024-05-28T09:50:00.004+0000] {logging_mixin.py:188} INFO - [2024-05-28T09:50:00.003+0000] {dag.py:3096} INFO - Sync 1 DAGs
[2024-05-28T09:50:00.070+0000] {logging_mixin.py:188} INFO - [2024-05-28T09:50:00.070+0000] {dag.py:3954} INFO - Setting next_dagrun for example_setup_teardown to 2024-05-27 00:00:00+00:00, run_after=2024-05-28 00:00:00+00:00
[2024-05-28T09:50:00.121+0000] {processor.py:183} INFO - Processing /home/airflow/.local/lib/python3.12/site-packages/airflow/example_dags/example_setup_teardown.py took 0.423 seconds
[2024-05-28T09:50:30.791+0000] {processor.py:161} INFO - Started process (PID=120) to work on /home/airflow/.local/lib/python3.12/site-packages/airflow/example_dags/example_setup_teardown.py
[2024-05-28T09:50:30.794+0000] {processor.py:830} INFO - Processing file /home/airflow/.local/lib/python3.12/site-packages/airflow/example_dags/example_setup_teardown.py for tasks to queue
[2024-05-28T09:50:30.797+0000] {logging_mixin.py:188} INFO - [2024-05-28T09:50:30.796+0000] {dagbag.py:545} INFO - Filling up the DagBag from /home/airflow/.local/lib/python3.12/site-packages/airflow/example_dags/example_setup_teardown.py
[2024-05-28T09:50:30.813+0000] {processor.py:840} INFO - DAG(s) 'example_setup_teardown' retrieved from /home/airflow/.local/lib/python3.12/site-packages/airflow/example_dags/example_setup_teardown.py
[2024-05-28T09:50:30.863+0000] {logging_mixin.py:188} INFO - [2024-05-28T09:50:30.862+0000] {dag.py:3096} INFO - Sync 1 DAGs
[2024-05-28T09:50:30.933+0000] {logging_mixin.py:188} INFO - [2024-05-28T09:50:30.933+0000] {dag.py:3954} INFO - Setting next_dagrun for example_setup_teardown to 2024-05-27 00:00:00+00:00, run_after=2024-05-28 00:00:00+00:00
[2024-05-28T09:50:30.978+0000] {processor.py:183} INFO - Processing /home/airflow/.local/lib/python3.12/site-packages/airflow/example_dags/example_setup_teardown.py took 0.206 seconds
[2024-05-28T09:51:01.328+0000] {processor.py:161} INFO - Started process (PID=178) to work on /home/airflow/.local/lib/python3.12/site-packages/airflow/example_dags/example_setup_teardown.py
[2024-05-28T09:51:01.329+0000] {processor.py:830} INFO - Processing file /home/airflow/.local/lib/python3.12/site-packages/airflow/example_dags/example_setup_teardown.py for tasks to queue
[2024-05-28T09:51:01.332+0000] {logging_mixin.py:188} INFO - [2024-05-28T09:51:01.332+0000] {dagbag.py:545} INFO - Filling up the DagBag from /home/airflow/.local/lib/python3.12/site-packages/airflow/example_dags/example_setup_teardown.py
[2024-05-28T09:51:01.346+0000] {processor.py:840} INFO - DAG(s) 'example_setup_teardown' retrieved from /home/airflow/.local/lib/python3.12/site-packages/airflow/example_dags/example_setup_teardown.py
[2024-05-28T09:51:01.380+0000] {logging_mixin.py:188} INFO - [2024-05-28T09:51:01.380+0000] {dag.py:3096} INFO - Sync 1 DAGs
[2024-05-28T09:51:01.452+0000] {logging_mixin.py:188} INFO - [2024-05-28T09:51:01.452+0000] {dag.py:3954} INFO - Setting next_dagrun for example_setup_teardown to 2024-05-27 00:00:00+00:00, run_after=2024-05-28 00:00:00+00:00
[2024-05-28T09:51:01.514+0000] {processor.py:183} INFO - Processing /home/airflow/.local/lib/python3.12/site-packages/airflow/example_dags/example_setup_teardown.py took 0.195 seconds
[2024-05-28T09:51:32.137+0000] {processor.py:161} INFO - Started process (PID=236) to work on /home/airflow/.local/lib/python3.12/site-packages/airflow/example_dags/example_setup_teardown.py
[2024-05-28T09:51:32.140+0000] {processor.py:830} INFO - Processing file /home/airflow/.local/lib/python3.12/site-packages/airflow/example_dags/example_setup_teardown.py for tasks to queue
[2024-05-28T09:51:32.143+0000] {logging_mixin.py:188} INFO - [2024-05-28T09:51:32.142+0000] {dagbag.py:545} INFO - Filling up the DagBag from /home/airflow/.local/lib/python3.12/site-packages/airflow/example_dags/example_setup_teardown.py
[2024-05-28T09:51:32.154+0000] {processor.py:840} INFO - DAG(s) 'example_setup_teardown' retrieved from /home/airflow/.local/lib/python3.12/site-packages/airflow/example_dags/example_setup_teardown.py
[2024-05-28T09:51:32.200+0000] {logging_mixin.py:188} INFO - [2024-05-28T09:51:32.200+0000] {dag.py:3096} INFO - Sync 1 DAGs
[2024-05-28T09:51:32.254+0000] {logging_mixin.py:188} INFO - [2024-05-28T09:51:32.254+0000] {dag.py:3954} INFO - Setting next_dagrun for example_setup_teardown to 2024-05-27 00:00:00+00:00, run_after=2024-05-28 00:00:00+00:00
[2024-05-28T09:51:32.296+0000] {processor.py:183} INFO - Processing /home/airflow/.local/lib/python3.12/site-packages/airflow/example_dags/example_setup_teardown.py took 0.169 seconds
[2024-05-28T09:52:02.773+0000] {processor.py:161} INFO - Started process (PID=299) to work on /home/airflow/.local/lib/python3.12/site-packages/airflow/example_dags/example_setup_teardown.py
[2024-05-28T09:52:02.776+0000] {processor.py:830} INFO - Processing file /home/airflow/.local/lib/python3.12/site-packages/airflow/example_dags/example_setup_teardown.py for tasks to queue
[2024-05-28T09:52:02.778+0000] {logging_mixin.py:188} INFO - [2024-05-28T09:52:02.778+0000] {dagbag.py:545} INFO - Filling up the DagBag from /home/airflow/.local/lib/python3.12/site-packages/airflow/example_dags/example_setup_teardown.py
[2024-05-28T09:52:02.788+0000] {processor.py:840} INFO - DAG(s) 'example_setup_teardown' retrieved from /home/airflow/.local/lib/python3.12/site-packages/airflow/example_dags/example_setup_teardown.py
[2024-05-28T09:52:02.849+0000] {logging_mixin.py:188} INFO - [2024-05-28T09:52:02.849+0000] {dag.py:3096} INFO - Sync 1 DAGs
[2024-05-28T09:52:02.954+0000] {logging_mixin.py:188} INFO - [2024-05-28T09:52:02.954+0000] {dag.py:3954} INFO - Setting next_dagrun for example_setup_teardown to 2024-05-27 00:00:00+00:00, run_after=2024-05-28 00:00:00+00:00
[2024-05-28T09:52:02.990+0000] {processor.py:183} INFO - Processing /home/airflow/.local/lib/python3.12/site-packages/airflow/example_dags/example_setup_teardown.py took 0.227 seconds
[2024-05-28T09:52:33.035+0000] {processor.py:161} INFO - Started process (PID=357) to work on /home/airflow/.local/lib/python3.12/site-packages/airflow/example_dags/example_setup_teardown.py
[2024-05-28T09:52:33.037+0000] {processor.py:830} INFO - Processing file /home/airflow/.local/lib/python3.12/site-packages/airflow/example_dags/example_setup_teardown.py for tasks to queue
[2024-05-28T09:52:33.042+0000] {logging_mixin.py:188} INFO - [2024-05-28T09:52:33.042+0000] {dagbag.py:545} INFO - Filling up the DagBag from /home/airflow/.local/lib/python3.12/site-packages/airflow/example_dags/example_setup_teardown.py
[2024-05-28T09:52:33.065+0000] {processor.py:840} INFO - DAG(s) 'example_setup_teardown' retrieved from /home/airflow/.local/lib/python3.12/site-packages/airflow/example_dags/example_setup_teardown.py
[2024-05-28T09:52:33.149+0000] {logging_mixin.py:188} INFO - [2024-05-28T09:52:33.147+0000] {dag.py:3096} INFO - Sync 1 DAGs
[2024-05-28T09:52:33.234+0000] {logging_mixin.py:188} INFO - [2024-05-28T09:52:33.233+0000] {dag.py:3954} INFO - Setting next_dagrun for example_setup_teardown to 2024-05-27 00:00:00+00:00, run_after=2024-05-28 00:00:00+00:00
[2024-05-28T09:52:33.268+0000] {processor.py:183} INFO - Processing /home/airflow/.local/lib/python3.12/site-packages/airflow/example_dags/example_setup_teardown.py took 0.247 seconds
[2024-05-28T09:53:03.726+0000] {processor.py:161} INFO - Started process (PID=415) to work on /home/airflow/.local/lib/python3.12/site-packages/airflow/example_dags/example_setup_teardown.py
[2024-05-28T09:53:03.728+0000] {processor.py:830} INFO - Processing file /home/airflow/.local/lib/python3.12/site-packages/airflow/example_dags/example_setup_teardown.py for tasks to queue
[2024-05-28T09:53:03.731+0000] {logging_mixin.py:188} INFO - [2024-05-28T09:53:03.730+0000] {dagbag.py:545} INFO - Filling up the DagBag from /home/airflow/.local/lib/python3.12/site-packages/airflow/example_dags/example_setup_teardown.py
[2024-05-28T09:53:03.742+0000] {processor.py:840} INFO - DAG(s) 'example_setup_teardown' retrieved from /home/airflow/.local/lib/python3.12/site-packages/airflow/example_dags/example_setup_teardown.py
[2024-05-28T09:53:03.773+0000] {logging_mixin.py:188} INFO - [2024-05-28T09:53:03.773+0000] {dag.py:3096} INFO - Sync 1 DAGs
[2024-05-28T09:53:03.803+0000] {logging_mixin.py:188} INFO - [2024-05-28T09:53:03.803+0000] {dag.py:3954} INFO - Setting next_dagrun for example_setup_teardown to 2024-05-27 00:00:00+00:00, run_after=2024-05-28 00:00:00+00:00
[2024-05-28T09:53:03.837+0000] {processor.py:183} INFO - Processing /home/airflow/.local/lib/python3.12/site-packages/airflow/example_dags/example_setup_teardown.py took 0.120 seconds
[2024-05-28T09:53:34.353+0000] {processor.py:161} INFO - Started process (PID=473) to work on /home/airflow/.local/lib/python3.12/site-packages/airflow/example_dags/example_setup_teardown.py
[2024-05-28T09:53:34.355+0000] {processor.py:830} INFO - Processing file /home/airflow/.local/lib/python3.12/site-packages/airflow/example_dags/example_setup_teardown.py for tasks to queue
[2024-05-28T09:53:34.357+0000] {logging_mixin.py:188} INFO - [2024-05-28T09:53:34.357+0000] {dagbag.py:545} INFO - Filling up the DagBag from /home/airflow/.local/lib/python3.12/site-packages/airflow/example_dags/example_setup_teardown.py
[2024-05-28T09:53:34.367+0000] {processor.py:840} INFO - DAG(s) 'example_setup_teardown' retrieved from /home/airflow/.local/lib/python3.12/site-packages/airflow/example_dags/example_setup_teardown.py
[2024-05-28T09:53:34.403+0000] {logging_mixin.py:188} INFO - [2024-05-28T09:53:34.403+0000] {dag.py:3096} INFO - Sync 1 DAGs
[2024-05-28T09:53:34.437+0000] {logging_mixin.py:188} INFO - [2024-05-28T09:53:34.436+0000] {dag.py:3954} INFO - Setting next_dagrun for example_setup_teardown to 2024-05-27 00:00:00+00:00, run_after=2024-05-28 00:00:00+00:00
[2024-05-28T09:53:34.465+0000] {processor.py:183} INFO - Processing /home/airflow/.local/lib/python3.12/site-packages/airflow/example_dags/example_setup_teardown.py took 0.122 seconds
[2024-05-28T09:54:05.005+0000] {processor.py:161} INFO - Started process (PID=531) to work on /home/airflow/.local/lib/python3.12/site-packages/airflow/example_dags/example_setup_teardown.py
[2024-05-28T09:54:05.010+0000] {processor.py:830} INFO - Processing file /home/airflow/.local/lib/python3.12/site-packages/airflow/example_dags/example_setup_teardown.py for tasks to queue
[2024-05-28T09:54:05.017+0000] {logging_mixin.py:188} INFO - [2024-05-28T09:54:05.016+0000] {dagbag.py:545} INFO - Filling up the DagBag from /home/airflow/.local/lib/python3.12/site-packages/airflow/example_dags/example_setup_teardown.py
[2024-05-28T09:54:05.031+0000] {processor.py:840} INFO - DAG(s) 'example_setup_teardown' retrieved from /home/airflow/.local/lib/python3.12/site-packages/airflow/example_dags/example_setup_teardown.py
[2024-05-28T09:54:05.078+0000] {logging_mixin.py:188} INFO - [2024-05-28T09:54:05.078+0000] {dag.py:3096} INFO - Sync 1 DAGs
[2024-05-28T09:54:05.134+0000] {logging_mixin.py:188} INFO - [2024-05-28T09:54:05.133+0000] {dag.py:3954} INFO - Setting next_dagrun for example_setup_teardown to 2024-05-27 00:00:00+00:00, run_after=2024-05-28 00:00:00+00:00
[2024-05-28T09:54:05.171+0000] {processor.py:183} INFO - Processing /home/airflow/.local/lib/python3.12/site-packages/airflow/example_dags/example_setup_teardown.py took 0.181 seconds
[2024-05-28T09:54:35.810+0000] {processor.py:161} INFO - Started process (PID=589) to work on /home/airflow/.local/lib/python3.12/site-packages/airflow/example_dags/example_setup_teardown.py
[2024-05-28T09:54:35.814+0000] {processor.py:830} INFO - Processing file /home/airflow/.local/lib/python3.12/site-packages/airflow/example_dags/example_setup_teardown.py for tasks to queue
[2024-05-28T09:54:35.818+0000] {logging_mixin.py:188} INFO - [2024-05-28T09:54:35.817+0000] {dagbag.py:545} INFO - Filling up the DagBag from /home/airflow/.local/lib/python3.12/site-packages/airflow/example_dags/example_setup_teardown.py
[2024-05-28T09:54:35.835+0000] {processor.py:840} INFO - DAG(s) 'example_setup_teardown' retrieved from /home/airflow/.local/lib/python3.12/site-packages/airflow/example_dags/example_setup_teardown.py
[2024-05-28T09:54:35.885+0000] {logging_mixin.py:188} INFO - [2024-05-28T09:54:35.884+0000] {dag.py:3096} INFO - Sync 1 DAGs
[2024-05-28T09:54:35.940+0000] {logging_mixin.py:188} INFO - [2024-05-28T09:54:35.940+0000] {dag.py:3954} INFO - Setting next_dagrun for example_setup_teardown to 2024-05-27 00:00:00+00:00, run_after=2024-05-28 00:00:00+00:00
[2024-05-28T09:54:35.979+0000] {processor.py:183} INFO - Processing /home/airflow/.local/lib/python3.12/site-packages/airflow/example_dags/example_setup_teardown.py took 0.187 seconds
[2024-05-28T09:55:06.881+0000] {processor.py:161} INFO - Started process (PID=647) to work on /home/airflow/.local/lib/python3.12/site-packages/airflow/example_dags/example_setup_teardown.py
[2024-05-28T09:55:06.892+0000] {processor.py:830} INFO - Processing file /home/airflow/.local/lib/python3.12/site-packages/airflow/example_dags/example_setup_teardown.py for tasks to queue
[2024-05-28T09:55:06.894+0000] {logging_mixin.py:188} INFO - [2024-05-28T09:55:06.894+0000] {dagbag.py:545} INFO - Filling up the DagBag from /home/airflow/.local/lib/python3.12/site-packages/airflow/example_dags/example_setup_teardown.py
[2024-05-28T09:55:06.921+0000] {processor.py:840} INFO - DAG(s) 'example_setup_teardown' retrieved from /home/airflow/.local/lib/python3.12/site-packages/airflow/example_dags/example_setup_teardown.py
[2024-05-28T09:55:06.967+0000] {logging_mixin.py:188} INFO - [2024-05-28T09:55:06.965+0000] {dag.py:3096} INFO - Sync 1 DAGs
[2024-05-28T09:55:07.077+0000] {logging_mixin.py:188} INFO - [2024-05-28T09:55:07.076+0000] {dag.py:3954} INFO - Setting next_dagrun for example_setup_teardown to 2024-05-27 00:00:00+00:00, run_after=2024-05-28 00:00:00+00:00
[2024-05-28T09:55:07.120+0000] {processor.py:183} INFO - Processing /home/airflow/.local/lib/python3.12/site-packages/airflow/example_dags/example_setup_teardown.py took 0.250 seconds
[2024-05-28T09:55:37.486+0000] {processor.py:161} INFO - Started process (PID=705) to work on /home/airflow/.local/lib/python3.12/site-packages/airflow/example_dags/example_setup_teardown.py
[2024-05-28T09:55:37.488+0000] {processor.py:830} INFO - Processing file /home/airflow/.local/lib/python3.12/site-packages/airflow/example_dags/example_setup_teardown.py for tasks to queue
[2024-05-28T09:55:37.492+0000] {logging_mixin.py:188} INFO - [2024-05-28T09:55:37.492+0000] {dagbag.py:545} INFO - Filling up the DagBag from /home/airflow/.local/lib/python3.12/site-packages/airflow/example_dags/example_setup_teardown.py
[2024-05-28T09:55:37.510+0000] {processor.py:840} INFO - DAG(s) 'example_setup_teardown' retrieved from /home/airflow/.local/lib/python3.12/site-packages/airflow/example_dags/example_setup_teardown.py
[2024-05-28T09:55:37.578+0000] {logging_mixin.py:188} INFO - [2024-05-28T09:55:37.577+0000] {dag.py:3096} INFO - Sync 1 DAGs
[2024-05-28T09:55:37.632+0000] {logging_mixin.py:188} INFO - [2024-05-28T09:55:37.631+0000] {dag.py:3954} INFO - Setting next_dagrun for example_setup_teardown to 2024-05-27 00:00:00+00:00, run_after=2024-05-28 00:00:00+00:00
[2024-05-28T09:55:37.696+0000] {processor.py:183} INFO - Processing /home/airflow/.local/lib/python3.12/site-packages/airflow/example_dags/example_setup_teardown.py took 0.233 seconds
[2024-05-28T09:56:08.042+0000] {processor.py:161} INFO - Started process (PID=763) to work on /home/airflow/.local/lib/python3.12/site-packages/airflow/example_dags/example_setup_teardown.py
[2024-05-28T09:56:08.049+0000] {processor.py:830} INFO - Processing file /home/airflow/.local/lib/python3.12/site-packages/airflow/example_dags/example_setup_teardown.py for tasks to queue
[2024-05-28T09:56:08.053+0000] {logging_mixin.py:188} INFO - [2024-05-28T09:56:08.052+0000] {dagbag.py:545} INFO - Filling up the DagBag from /home/airflow/.local/lib/python3.12/site-packages/airflow/example_dags/example_setup_teardown.py
[2024-05-28T09:56:08.072+0000] {processor.py:840} INFO - DAG(s) 'example_setup_teardown' retrieved from /home/airflow/.local/lib/python3.12/site-packages/airflow/example_dags/example_setup_teardown.py
[2024-05-28T09:56:08.177+0000] {logging_mixin.py:188} INFO - [2024-05-28T09:56:08.176+0000] {dag.py:3096} INFO - Sync 1 DAGs
[2024-05-28T09:56:08.252+0000] {logging_mixin.py:188} INFO - [2024-05-28T09:56:08.251+0000] {dag.py:3954} INFO - Setting next_dagrun for example_setup_teardown to 2024-05-27 00:00:00+00:00, run_after=2024-05-28 00:00:00+00:00
[2024-05-28T09:56:08.296+0000] {processor.py:183} INFO - Processing /home/airflow/.local/lib/python3.12/site-packages/airflow/example_dags/example_setup_teardown.py took 0.274 seconds
[2024-05-28T09:56:38.436+0000] {processor.py:161} INFO - Started process (PID=821) to work on /home/airflow/.local/lib/python3.12/site-packages/airflow/example_dags/example_setup_teardown.py
[2024-05-28T09:56:38.437+0000] {processor.py:830} INFO - Processing file /home/airflow/.local/lib/python3.12/site-packages/airflow/example_dags/example_setup_teardown.py for tasks to queue
[2024-05-28T09:56:38.440+0000] {logging_mixin.py:188} INFO - [2024-05-28T09:56:38.439+0000] {dagbag.py:545} INFO - Filling up the DagBag from /home/airflow/.local/lib/python3.12/site-packages/airflow/example_dags/example_setup_teardown.py
[2024-05-28T09:56:38.449+0000] {processor.py:840} INFO - DAG(s) 'example_setup_teardown' retrieved from /home/airflow/.local/lib/python3.12/site-packages/airflow/example_dags/example_setup_teardown.py
[2024-05-28T09:56:38.481+0000] {logging_mixin.py:188} INFO - [2024-05-28T09:56:38.481+0000] {dag.py:3096} INFO - Sync 1 DAGs
[2024-05-28T09:56:38.513+0000] {logging_mixin.py:188} INFO - [2024-05-28T09:56:38.513+0000] {dag.py:3954} INFO - Setting next_dagrun for example_setup_teardown to 2024-05-27 00:00:00+00:00, run_after=2024-05-28 00:00:00+00:00
[2024-05-28T09:56:38.542+0000] {processor.py:183} INFO - Processing /home/airflow/.local/lib/python3.12/site-packages/airflow/example_dags/example_setup_teardown.py took 0.119 seconds
[2024-05-28T09:57:09.187+0000] {processor.py:161} INFO - Started process (PID=878) to work on /home/airflow/.local/lib/python3.12/site-packages/airflow/example_dags/example_setup_teardown.py
[2024-05-28T09:57:09.191+0000] {processor.py:830} INFO - Processing file /home/airflow/.local/lib/python3.12/site-packages/airflow/example_dags/example_setup_teardown.py for tasks to queue
[2024-05-28T09:57:09.194+0000] {logging_mixin.py:188} INFO - [2024-05-28T09:57:09.193+0000] {dagbag.py:545} INFO - Filling up the DagBag from /home/airflow/.local/lib/python3.12/site-packages/airflow/example_dags/example_setup_teardown.py
[2024-05-28T09:57:09.227+0000] {processor.py:840} INFO - DAG(s) 'example_setup_teardown' retrieved from /home/airflow/.local/lib/python3.12/site-packages/airflow/example_dags/example_setup_teardown.py
[2024-05-28T09:57:09.263+0000] {logging_mixin.py:188} INFO - [2024-05-28T09:57:09.262+0000] {dag.py:3096} INFO - Sync 1 DAGs
[2024-05-28T09:57:09.296+0000] {logging_mixin.py:188} INFO - [2024-05-28T09:57:09.295+0000] {dag.py:3954} INFO - Setting next_dagrun for example_setup_teardown to 2024-05-27 00:00:00+00:00, run_after=2024-05-28 00:00:00+00:00
[2024-05-28T09:57:09.319+0000] {processor.py:183} INFO - Processing /home/airflow/.local/lib/python3.12/site-packages/airflow/example_dags/example_setup_teardown.py took 0.156 seconds
[2024-05-28T09:57:39.679+0000] {processor.py:161} INFO - Started process (PID=936) to work on /home/airflow/.local/lib/python3.12/site-packages/airflow/example_dags/example_setup_teardown.py
[2024-05-28T09:57:39.682+0000] {processor.py:830} INFO - Processing file /home/airflow/.local/lib/python3.12/site-packages/airflow/example_dags/example_setup_teardown.py for tasks to queue
[2024-05-28T09:57:39.685+0000] {logging_mixin.py:188} INFO - [2024-05-28T09:57:39.684+0000] {dagbag.py:545} INFO - Filling up the DagBag from /home/airflow/.local/lib/python3.12/site-packages/airflow/example_dags/example_setup_teardown.py
[2024-05-28T09:57:39.695+0000] {processor.py:840} INFO - DAG(s) 'example_setup_teardown' retrieved from /home/airflow/.local/lib/python3.12/site-packages/airflow/example_dags/example_setup_teardown.py
[2024-05-28T09:57:39.726+0000] {logging_mixin.py:188} INFO - [2024-05-28T09:57:39.726+0000] {dag.py:3096} INFO - Sync 1 DAGs
[2024-05-28T09:57:39.765+0000] {logging_mixin.py:188} INFO - [2024-05-28T09:57:39.765+0000] {dag.py:3954} INFO - Setting next_dagrun for example_setup_teardown to 2024-05-27 00:00:00+00:00, run_after=2024-05-28 00:00:00+00:00
[2024-05-28T09:57:39.796+0000] {processor.py:183} INFO - Processing /home/airflow/.local/lib/python3.12/site-packages/airflow/example_dags/example_setup_teardown.py took 0.125 seconds
[2024-05-28T09:58:10.216+0000] {processor.py:161} INFO - Started process (PID=994) to work on /home/airflow/.local/lib/python3.12/site-packages/airflow/example_dags/example_setup_teardown.py
[2024-05-28T09:58:10.219+0000] {processor.py:830} INFO - Processing file /home/airflow/.local/lib/python3.12/site-packages/airflow/example_dags/example_setup_teardown.py for tasks to queue
[2024-05-28T09:58:10.224+0000] {logging_mixin.py:188} INFO - [2024-05-28T09:58:10.223+0000] {dagbag.py:545} INFO - Filling up the DagBag from /home/airflow/.local/lib/python3.12/site-packages/airflow/example_dags/example_setup_teardown.py
[2024-05-28T09:58:10.238+0000] {processor.py:840} INFO - DAG(s) 'example_setup_teardown' retrieved from /home/airflow/.local/lib/python3.12/site-packages/airflow/example_dags/example_setup_teardown.py
[2024-05-28T09:58:10.293+0000] {logging_mixin.py:188} INFO - [2024-05-28T09:58:10.293+0000] {dag.py:3096} INFO - Sync 1 DAGs
[2024-05-28T09:58:10.364+0000] {logging_mixin.py:188} INFO - [2024-05-28T09:58:10.355+0000] {dag.py:3954} INFO - Setting next_dagrun for example_setup_teardown to 2024-05-27 00:00:00+00:00, run_after=2024-05-28 00:00:00+00:00
[2024-05-28T09:58:10.436+0000] {processor.py:183} INFO - Processing /home/airflow/.local/lib/python3.12/site-packages/airflow/example_dags/example_setup_teardown.py took 0.241 seconds
[2024-05-28T10:00:17.732+0000] {processor.py:161} INFO - Started process (PID=69) to work on /home/airflow/.local/lib/python3.12/site-packages/airflow/example_dags/example_setup_teardown.py
[2024-05-28T10:00:17.738+0000] {processor.py:830} INFO - Processing file /home/airflow/.local/lib/python3.12/site-packages/airflow/example_dags/example_setup_teardown.py for tasks to queue
[2024-05-28T10:00:17.760+0000] {logging_mixin.py:188} INFO - [2024-05-28T10:00:17.757+0000] {dagbag.py:545} INFO - Filling up the DagBag from /home/airflow/.local/lib/python3.12/site-packages/airflow/example_dags/example_setup_teardown.py
[2024-05-28T10:00:17.784+0000] {processor.py:840} INFO - DAG(s) 'example_setup_teardown' retrieved from /home/airflow/.local/lib/python3.12/site-packages/airflow/example_dags/example_setup_teardown.py
[2024-05-28T10:00:18.256+0000] {logging_mixin.py:188} INFO - [2024-05-28T10:00:18.255+0000] {dag.py:3096} INFO - Sync 1 DAGs
[2024-05-28T10:00:18.296+0000] {logging_mixin.py:188} INFO - [2024-05-28T10:00:18.295+0000] {dag.py:3954} INFO - Setting next_dagrun for example_setup_teardown to 2024-05-27 00:00:00+00:00, run_after=2024-05-28 00:00:00+00:00
[2024-05-28T10:00:18.336+0000] {processor.py:183} INFO - Processing /home/airflow/.local/lib/python3.12/site-packages/airflow/example_dags/example_setup_teardown.py took 0.628 seconds
[2024-05-28T10:00:48.936+0000] {processor.py:161} INFO - Started process (PID=127) to work on /home/airflow/.local/lib/python3.12/site-packages/airflow/example_dags/example_setup_teardown.py
[2024-05-28T10:00:48.938+0000] {processor.py:830} INFO - Processing file /home/airflow/.local/lib/python3.12/site-packages/airflow/example_dags/example_setup_teardown.py for tasks to queue
[2024-05-28T10:00:48.941+0000] {logging_mixin.py:188} INFO - [2024-05-28T10:00:48.940+0000] {dagbag.py:545} INFO - Filling up the DagBag from /home/airflow/.local/lib/python3.12/site-packages/airflow/example_dags/example_setup_teardown.py
[2024-05-28T10:00:48.952+0000] {processor.py:840} INFO - DAG(s) 'example_setup_teardown' retrieved from /home/airflow/.local/lib/python3.12/site-packages/airflow/example_dags/example_setup_teardown.py
[2024-05-28T10:00:48.998+0000] {logging_mixin.py:188} INFO - [2024-05-28T10:00:48.998+0000] {dag.py:3096} INFO - Sync 1 DAGs
[2024-05-28T10:00:49.086+0000] {logging_mixin.py:188} INFO - [2024-05-28T10:00:49.085+0000] {dag.py:3954} INFO - Setting next_dagrun for example_setup_teardown to 2024-05-27 00:00:00+00:00, run_after=2024-05-28 00:00:00+00:00
[2024-05-28T10:00:49.141+0000] {processor.py:183} INFO - Processing /home/airflow/.local/lib/python3.12/site-packages/airflow/example_dags/example_setup_teardown.py took 0.215 seconds
[2024-05-28T10:01:19.269+0000] {processor.py:161} INFO - Started process (PID=185) to work on /home/airflow/.local/lib/python3.12/site-packages/airflow/example_dags/example_setup_teardown.py
[2024-05-28T10:01:19.271+0000] {processor.py:830} INFO - Processing file /home/airflow/.local/lib/python3.12/site-packages/airflow/example_dags/example_setup_teardown.py for tasks to queue
[2024-05-28T10:01:19.276+0000] {logging_mixin.py:188} INFO - [2024-05-28T10:01:19.274+0000] {dagbag.py:545} INFO - Filling up the DagBag from /home/airflow/.local/lib/python3.12/site-packages/airflow/example_dags/example_setup_teardown.py
[2024-05-28T10:01:19.300+0000] {processor.py:840} INFO - DAG(s) 'example_setup_teardown' retrieved from /home/airflow/.local/lib/python3.12/site-packages/airflow/example_dags/example_setup_teardown.py
[2024-05-28T10:01:19.351+0000] {logging_mixin.py:188} INFO - [2024-05-28T10:01:19.350+0000] {dag.py:3096} INFO - Sync 1 DAGs
[2024-05-28T10:01:19.397+0000] {logging_mixin.py:188} INFO - [2024-05-28T10:01:19.397+0000] {dag.py:3954} INFO - Setting next_dagrun for example_setup_teardown to 2024-05-27 00:00:00+00:00, run_after=2024-05-28 00:00:00+00:00
[2024-05-28T10:01:19.452+0000] {processor.py:183} INFO - Processing /home/airflow/.local/lib/python3.12/site-packages/airflow/example_dags/example_setup_teardown.py took 0.203 seconds
