[2024-05-28T09:46:29.341+0000] {processor.py:161} INFO - Started process (PID=61) to work on /home/airflow/.local/lib/python3.12/site-packages/airflow/example_dags/tutorial.py
[2024-05-28T09:46:29.342+0000] {processor.py:830} INFO - Processing file /home/airflow/.local/lib/python3.12/site-packages/airflow/example_dags/tutorial.py for tasks to queue
[2024-05-28T09:46:29.345+0000] {logging_mixin.py:188} INFO - [2024-05-28T09:46:29.345+0000] {dagbag.py:545} INFO - Filling up the DagBag from /home/airflow/.local/lib/python3.12/site-packages/airflow/example_dags/tutorial.py
[2024-05-28T09:46:29.361+0000] {processor.py:840} INFO - DAG(s) 'tutorial' retrieved from /home/airflow/.local/lib/python3.12/site-packages/airflow/example_dags/tutorial.py
[2024-05-28T09:46:29.612+0000] {logging_mixin.py:188} INFO - [2024-05-28T09:46:29.612+0000] {dag.py:3096} INFO - Sync 1 DAGs
[2024-05-28T09:46:29.654+0000] {logging_mixin.py:188} INFO - [2024-05-28T09:46:29.653+0000] {dag.py:3954} INFO - Setting next_dagrun for tutorial to 2024-05-27 00:00:00+00:00, run_after=2024-05-28 00:00:00+00:00
[2024-05-28T09:46:29.706+0000] {processor.py:183} INFO - Processing /home/airflow/.local/lib/python3.12/site-packages/airflow/example_dags/tutorial.py took 0.374 seconds
[2024-05-28T09:47:00.126+0000] {processor.py:161} INFO - Started process (PID=119) to work on /home/airflow/.local/lib/python3.12/site-packages/airflow/example_dags/tutorial.py
[2024-05-28T09:47:00.139+0000] {processor.py:830} INFO - Processing file /home/airflow/.local/lib/python3.12/site-packages/airflow/example_dags/tutorial.py for tasks to queue
[2024-05-28T09:47:00.142+0000] {logging_mixin.py:188} INFO - [2024-05-28T09:47:00.142+0000] {dagbag.py:545} INFO - Filling up the DagBag from /home/airflow/.local/lib/python3.12/site-packages/airflow/example_dags/tutorial.py
[2024-05-28T09:47:00.164+0000] {processor.py:840} INFO - DAG(s) 'tutorial' retrieved from /home/airflow/.local/lib/python3.12/site-packages/airflow/example_dags/tutorial.py
[2024-05-28T09:47:00.215+0000] {logging_mixin.py:188} INFO - [2024-05-28T09:47:00.214+0000] {dag.py:3096} INFO - Sync 1 DAGs
[2024-05-28T09:47:00.270+0000] {logging_mixin.py:188} INFO - [2024-05-28T09:47:00.270+0000] {dag.py:3954} INFO - Setting next_dagrun for tutorial to 2024-05-27 00:00:00+00:00, run_after=2024-05-28 00:00:00+00:00
[2024-05-28T09:47:00.310+0000] {processor.py:183} INFO - Processing /home/airflow/.local/lib/python3.12/site-packages/airflow/example_dags/tutorial.py took 0.244 seconds
[2024-05-28T09:47:30.918+0000] {processor.py:161} INFO - Started process (PID=177) to work on /home/airflow/.local/lib/python3.12/site-packages/airflow/example_dags/tutorial.py
[2024-05-28T09:47:30.920+0000] {processor.py:830} INFO - Processing file /home/airflow/.local/lib/python3.12/site-packages/airflow/example_dags/tutorial.py for tasks to queue
[2024-05-28T09:47:30.925+0000] {logging_mixin.py:188} INFO - [2024-05-28T09:47:30.922+0000] {dagbag.py:545} INFO - Filling up the DagBag from /home/airflow/.local/lib/python3.12/site-packages/airflow/example_dags/tutorial.py
[2024-05-28T09:47:30.932+0000] {processor.py:840} INFO - DAG(s) 'tutorial' retrieved from /home/airflow/.local/lib/python3.12/site-packages/airflow/example_dags/tutorial.py
[2024-05-28T09:47:30.979+0000] {logging_mixin.py:188} INFO - [2024-05-28T09:47:30.979+0000] {dag.py:3096} INFO - Sync 1 DAGs
[2024-05-28T09:47:31.029+0000] {logging_mixin.py:188} INFO - [2024-05-28T09:47:31.029+0000] {dag.py:3954} INFO - Setting next_dagrun for tutorial to 2024-05-27 00:00:00+00:00, run_after=2024-05-28 00:00:00+00:00
[2024-05-28T09:47:31.072+0000] {processor.py:183} INFO - Processing /home/airflow/.local/lib/python3.12/site-packages/airflow/example_dags/tutorial.py took 0.162 seconds
[2024-05-28T09:48:01.652+0000] {processor.py:161} INFO - Started process (PID=235) to work on /home/airflow/.local/lib/python3.12/site-packages/airflow/example_dags/tutorial.py
[2024-05-28T09:48:01.655+0000] {processor.py:830} INFO - Processing file /home/airflow/.local/lib/python3.12/site-packages/airflow/example_dags/tutorial.py for tasks to queue
[2024-05-28T09:48:01.665+0000] {logging_mixin.py:188} INFO - [2024-05-28T09:48:01.663+0000] {dagbag.py:545} INFO - Filling up the DagBag from /home/airflow/.local/lib/python3.12/site-packages/airflow/example_dags/tutorial.py
[2024-05-28T09:48:01.685+0000] {processor.py:840} INFO - DAG(s) 'tutorial' retrieved from /home/airflow/.local/lib/python3.12/site-packages/airflow/example_dags/tutorial.py
[2024-05-28T09:48:01.720+0000] {logging_mixin.py:188} INFO - [2024-05-28T09:48:01.719+0000] {dag.py:3096} INFO - Sync 1 DAGs
[2024-05-28T09:48:01.749+0000] {logging_mixin.py:188} INFO - [2024-05-28T09:48:01.749+0000] {dag.py:3954} INFO - Setting next_dagrun for tutorial to 2024-05-27 00:00:00+00:00, run_after=2024-05-28 00:00:00+00:00
[2024-05-28T09:48:01.775+0000] {processor.py:183} INFO - Processing /home/airflow/.local/lib/python3.12/site-packages/airflow/example_dags/tutorial.py took 0.143 seconds
[2024-05-28T09:48:32.754+0000] {processor.py:161} INFO - Started process (PID=293) to work on /home/airflow/.local/lib/python3.12/site-packages/airflow/example_dags/tutorial.py
[2024-05-28T09:48:32.756+0000] {processor.py:830} INFO - Processing file /home/airflow/.local/lib/python3.12/site-packages/airflow/example_dags/tutorial.py for tasks to queue
[2024-05-28T09:48:32.762+0000] {logging_mixin.py:188} INFO - [2024-05-28T09:48:32.759+0000] {dagbag.py:545} INFO - Filling up the DagBag from /home/airflow/.local/lib/python3.12/site-packages/airflow/example_dags/tutorial.py
[2024-05-28T09:48:32.776+0000] {processor.py:840} INFO - DAG(s) 'tutorial' retrieved from /home/airflow/.local/lib/python3.12/site-packages/airflow/example_dags/tutorial.py
[2024-05-28T09:48:32.852+0000] {logging_mixin.py:188} INFO - [2024-05-28T09:48:32.852+0000] {dag.py:3096} INFO - Sync 1 DAGs
[2024-05-28T09:48:32.890+0000] {logging_mixin.py:188} INFO - [2024-05-28T09:48:32.890+0000] {dag.py:3954} INFO - Setting next_dagrun for tutorial to 2024-05-27 00:00:00+00:00, run_after=2024-05-28 00:00:00+00:00
[2024-05-28T09:48:32.929+0000] {processor.py:183} INFO - Processing /home/airflow/.local/lib/python3.12/site-packages/airflow/example_dags/tutorial.py took 0.183 seconds
[2024-05-28T09:49:58.281+0000] {processor.py:161} INFO - Started process (PID=55) to work on /home/airflow/.local/lib/python3.12/site-packages/airflow/example_dags/tutorial.py
[2024-05-28T09:49:58.288+0000] {processor.py:830} INFO - Processing file /home/airflow/.local/lib/python3.12/site-packages/airflow/example_dags/tutorial.py for tasks to queue
[2024-05-28T09:49:58.291+0000] {logging_mixin.py:188} INFO - [2024-05-28T09:49:58.290+0000] {dagbag.py:545} INFO - Filling up the DagBag from /home/airflow/.local/lib/python3.12/site-packages/airflow/example_dags/tutorial.py
[2024-05-28T09:49:58.303+0000] {processor.py:840} INFO - DAG(s) 'tutorial' retrieved from /home/airflow/.local/lib/python3.12/site-packages/airflow/example_dags/tutorial.py
[2024-05-28T09:49:58.504+0000] {logging_mixin.py:188} INFO - [2024-05-28T09:49:58.504+0000] {dag.py:3096} INFO - Sync 1 DAGs
[2024-05-28T09:49:58.538+0000] {logging_mixin.py:188} INFO - [2024-05-28T09:49:58.537+0000] {dag.py:3954} INFO - Setting next_dagrun for tutorial to 2024-05-27 00:00:00+00:00, run_after=2024-05-28 00:00:00+00:00
[2024-05-28T09:49:58.576+0000] {processor.py:183} INFO - Processing /home/airflow/.local/lib/python3.12/site-packages/airflow/example_dags/tutorial.py took 0.302 seconds
[2024-05-28T09:50:28.717+0000] {processor.py:161} INFO - Started process (PID=113) to work on /home/airflow/.local/lib/python3.12/site-packages/airflow/example_dags/tutorial.py
[2024-05-28T09:50:28.718+0000] {processor.py:830} INFO - Processing file /home/airflow/.local/lib/python3.12/site-packages/airflow/example_dags/tutorial.py for tasks to queue
[2024-05-28T09:50:28.723+0000] {logging_mixin.py:188} INFO - [2024-05-28T09:50:28.723+0000] {dagbag.py:545} INFO - Filling up the DagBag from /home/airflow/.local/lib/python3.12/site-packages/airflow/example_dags/tutorial.py
[2024-05-28T09:50:28.735+0000] {processor.py:840} INFO - DAG(s) 'tutorial' retrieved from /home/airflow/.local/lib/python3.12/site-packages/airflow/example_dags/tutorial.py
[2024-05-28T09:50:28.785+0000] {logging_mixin.py:188} INFO - [2024-05-28T09:50:28.785+0000] {dag.py:3096} INFO - Sync 1 DAGs
[2024-05-28T09:50:28.865+0000] {logging_mixin.py:188} INFO - [2024-05-28T09:50:28.865+0000] {dag.py:3954} INFO - Setting next_dagrun for tutorial to 2024-05-27 00:00:00+00:00, run_after=2024-05-28 00:00:00+00:00
[2024-05-28T09:50:28.904+0000] {processor.py:183} INFO - Processing /home/airflow/.local/lib/python3.12/site-packages/airflow/example_dags/tutorial.py took 0.197 seconds
[2024-05-28T09:50:59.212+0000] {processor.py:161} INFO - Started process (PID=171) to work on /home/airflow/.local/lib/python3.12/site-packages/airflow/example_dags/tutorial.py
[2024-05-28T09:50:59.214+0000] {processor.py:830} INFO - Processing file /home/airflow/.local/lib/python3.12/site-packages/airflow/example_dags/tutorial.py for tasks to queue
[2024-05-28T09:50:59.218+0000] {logging_mixin.py:188} INFO - [2024-05-28T09:50:59.217+0000] {dagbag.py:545} INFO - Filling up the DagBag from /home/airflow/.local/lib/python3.12/site-packages/airflow/example_dags/tutorial.py
[2024-05-28T09:50:59.229+0000] {processor.py:840} INFO - DAG(s) 'tutorial' retrieved from /home/airflow/.local/lib/python3.12/site-packages/airflow/example_dags/tutorial.py
[2024-05-28T09:50:59.293+0000] {logging_mixin.py:188} INFO - [2024-05-28T09:50:59.293+0000] {dag.py:3096} INFO - Sync 1 DAGs
[2024-05-28T09:50:59.349+0000] {logging_mixin.py:188} INFO - [2024-05-28T09:50:59.349+0000] {dag.py:3954} INFO - Setting next_dagrun for tutorial to 2024-05-27 00:00:00+00:00, run_after=2024-05-28 00:00:00+00:00
[2024-05-28T09:50:59.388+0000] {processor.py:183} INFO - Processing /home/airflow/.local/lib/python3.12/site-packages/airflow/example_dags/tutorial.py took 0.208 seconds
[2024-05-28T09:51:30.315+0000] {processor.py:161} INFO - Started process (PID=229) to work on /home/airflow/.local/lib/python3.12/site-packages/airflow/example_dags/tutorial.py
[2024-05-28T09:51:30.318+0000] {processor.py:830} INFO - Processing file /home/airflow/.local/lib/python3.12/site-packages/airflow/example_dags/tutorial.py for tasks to queue
[2024-05-28T09:51:30.328+0000] {logging_mixin.py:188} INFO - [2024-05-28T09:51:30.326+0000] {dagbag.py:545} INFO - Filling up the DagBag from /home/airflow/.local/lib/python3.12/site-packages/airflow/example_dags/tutorial.py
[2024-05-28T09:51:30.345+0000] {processor.py:840} INFO - DAG(s) 'tutorial' retrieved from /home/airflow/.local/lib/python3.12/site-packages/airflow/example_dags/tutorial.py
[2024-05-28T09:51:30.385+0000] {logging_mixin.py:188} INFO - [2024-05-28T09:51:30.383+0000] {dag.py:3096} INFO - Sync 1 DAGs
[2024-05-28T09:51:30.453+0000] {logging_mixin.py:188} INFO - [2024-05-28T09:51:30.452+0000] {dag.py:3954} INFO - Setting next_dagrun for tutorial to 2024-05-27 00:00:00+00:00, run_after=2024-05-28 00:00:00+00:00
[2024-05-28T09:51:30.481+0000] {processor.py:183} INFO - Processing /home/airflow/.local/lib/python3.12/site-packages/airflow/example_dags/tutorial.py took 0.177 seconds
[2024-05-28T09:52:00.786+0000] {processor.py:161} INFO - Started process (PID=287) to work on /home/airflow/.local/lib/python3.12/site-packages/airflow/example_dags/tutorial.py
[2024-05-28T09:52:00.787+0000] {processor.py:830} INFO - Processing file /home/airflow/.local/lib/python3.12/site-packages/airflow/example_dags/tutorial.py for tasks to queue
[2024-05-28T09:52:00.792+0000] {logging_mixin.py:188} INFO - [2024-05-28T09:52:00.791+0000] {dagbag.py:545} INFO - Filling up the DagBag from /home/airflow/.local/lib/python3.12/site-packages/airflow/example_dags/tutorial.py
[2024-05-28T09:52:00.806+0000] {processor.py:840} INFO - DAG(s) 'tutorial' retrieved from /home/airflow/.local/lib/python3.12/site-packages/airflow/example_dags/tutorial.py
[2024-05-28T09:52:00.844+0000] {logging_mixin.py:188} INFO - [2024-05-28T09:52:00.843+0000] {dag.py:3096} INFO - Sync 1 DAGs
[2024-05-28T09:52:00.879+0000] {logging_mixin.py:188} INFO - [2024-05-28T09:52:00.879+0000] {dag.py:3954} INFO - Setting next_dagrun for tutorial to 2024-05-27 00:00:00+00:00, run_after=2024-05-28 00:00:00+00:00
[2024-05-28T09:52:00.927+0000] {processor.py:183} INFO - Processing /home/airflow/.local/lib/python3.12/site-packages/airflow/example_dags/tutorial.py took 0.154 seconds
[2024-05-28T09:52:31.063+0000] {processor.py:161} INFO - Started process (PID=344) to work on /home/airflow/.local/lib/python3.12/site-packages/airflow/example_dags/tutorial.py
[2024-05-28T09:52:31.066+0000] {processor.py:830} INFO - Processing file /home/airflow/.local/lib/python3.12/site-packages/airflow/example_dags/tutorial.py for tasks to queue
[2024-05-28T09:52:31.070+0000] {logging_mixin.py:188} INFO - [2024-05-28T09:52:31.069+0000] {dagbag.py:545} INFO - Filling up the DagBag from /home/airflow/.local/lib/python3.12/site-packages/airflow/example_dags/tutorial.py
[2024-05-28T09:52:31.084+0000] {processor.py:840} INFO - DAG(s) 'tutorial' retrieved from /home/airflow/.local/lib/python3.12/site-packages/airflow/example_dags/tutorial.py
[2024-05-28T09:52:31.156+0000] {logging_mixin.py:188} INFO - [2024-05-28T09:52:31.155+0000] {dag.py:3096} INFO - Sync 1 DAGs
[2024-05-28T09:52:31.232+0000] {logging_mixin.py:188} INFO - [2024-05-28T09:52:31.232+0000] {dag.py:3954} INFO - Setting next_dagrun for tutorial to 2024-05-27 00:00:00+00:00, run_after=2024-05-28 00:00:00+00:00
[2024-05-28T09:52:31.280+0000] {processor.py:183} INFO - Processing /home/airflow/.local/lib/python3.12/site-packages/airflow/example_dags/tutorial.py took 0.244 seconds
[2024-05-28T09:53:01.823+0000] {processor.py:161} INFO - Started process (PID=402) to work on /home/airflow/.local/lib/python3.12/site-packages/airflow/example_dags/tutorial.py
[2024-05-28T09:53:01.825+0000] {processor.py:830} INFO - Processing file /home/airflow/.local/lib/python3.12/site-packages/airflow/example_dags/tutorial.py for tasks to queue
[2024-05-28T09:53:01.829+0000] {logging_mixin.py:188} INFO - [2024-05-28T09:53:01.828+0000] {dagbag.py:545} INFO - Filling up the DagBag from /home/airflow/.local/lib/python3.12/site-packages/airflow/example_dags/tutorial.py
[2024-05-28T09:53:01.843+0000] {processor.py:840} INFO - DAG(s) 'tutorial' retrieved from /home/airflow/.local/lib/python3.12/site-packages/airflow/example_dags/tutorial.py
[2024-05-28T09:53:01.888+0000] {logging_mixin.py:188} INFO - [2024-05-28T09:53:01.887+0000] {dag.py:3096} INFO - Sync 1 DAGs
[2024-05-28T09:53:01.926+0000] {logging_mixin.py:188} INFO - [2024-05-28T09:53:01.925+0000] {dag.py:3954} INFO - Setting next_dagrun for tutorial to 2024-05-27 00:00:00+00:00, run_after=2024-05-28 00:00:00+00:00
[2024-05-28T09:53:01.955+0000] {processor.py:183} INFO - Processing /home/airflow/.local/lib/python3.12/site-packages/airflow/example_dags/tutorial.py took 0.143 seconds
[2024-05-28T09:53:32.473+0000] {processor.py:161} INFO - Started process (PID=460) to work on /home/airflow/.local/lib/python3.12/site-packages/airflow/example_dags/tutorial.py
[2024-05-28T09:53:32.475+0000] {processor.py:830} INFO - Processing file /home/airflow/.local/lib/python3.12/site-packages/airflow/example_dags/tutorial.py for tasks to queue
[2024-05-28T09:53:32.478+0000] {logging_mixin.py:188} INFO - [2024-05-28T09:53:32.477+0000] {dagbag.py:545} INFO - Filling up the DagBag from /home/airflow/.local/lib/python3.12/site-packages/airflow/example_dags/tutorial.py
[2024-05-28T09:53:32.489+0000] {processor.py:840} INFO - DAG(s) 'tutorial' retrieved from /home/airflow/.local/lib/python3.12/site-packages/airflow/example_dags/tutorial.py
[2024-05-28T09:53:32.526+0000] {logging_mixin.py:188} INFO - [2024-05-28T09:53:32.525+0000] {dag.py:3096} INFO - Sync 1 DAGs
[2024-05-28T09:53:32.572+0000] {logging_mixin.py:188} INFO - [2024-05-28T09:53:32.572+0000] {dag.py:3954} INFO - Setting next_dagrun for tutorial to 2024-05-27 00:00:00+00:00, run_after=2024-05-28 00:00:00+00:00
[2024-05-28T09:53:32.598+0000] {processor.py:183} INFO - Processing /home/airflow/.local/lib/python3.12/site-packages/airflow/example_dags/tutorial.py took 0.148 seconds
[2024-05-28T09:54:03.225+0000] {processor.py:161} INFO - Started process (PID=524) to work on /home/airflow/.local/lib/python3.12/site-packages/airflow/example_dags/tutorial.py
[2024-05-28T09:54:03.232+0000] {processor.py:830} INFO - Processing file /home/airflow/.local/lib/python3.12/site-packages/airflow/example_dags/tutorial.py for tasks to queue
[2024-05-28T09:54:03.240+0000] {logging_mixin.py:188} INFO - [2024-05-28T09:54:03.237+0000] {dagbag.py:545} INFO - Filling up the DagBag from /home/airflow/.local/lib/python3.12/site-packages/airflow/example_dags/tutorial.py
[2024-05-28T09:54:03.254+0000] {processor.py:840} INFO - DAG(s) 'tutorial' retrieved from /home/airflow/.local/lib/python3.12/site-packages/airflow/example_dags/tutorial.py
[2024-05-28T09:54:03.298+0000] {logging_mixin.py:188} INFO - [2024-05-28T09:54:03.297+0000] {dag.py:3096} INFO - Sync 1 DAGs
[2024-05-28T09:54:03.327+0000] {logging_mixin.py:188} INFO - [2024-05-28T09:54:03.326+0000] {dag.py:3954} INFO - Setting next_dagrun for tutorial to 2024-05-27 00:00:00+00:00, run_after=2024-05-28 00:00:00+00:00
[2024-05-28T09:54:03.360+0000] {processor.py:183} INFO - Processing /home/airflow/.local/lib/python3.12/site-packages/airflow/example_dags/tutorial.py took 0.173 seconds
[2024-05-28T09:54:33.950+0000] {processor.py:161} INFO - Started process (PID=582) to work on /home/airflow/.local/lib/python3.12/site-packages/airflow/example_dags/tutorial.py
[2024-05-28T09:54:33.951+0000] {processor.py:830} INFO - Processing file /home/airflow/.local/lib/python3.12/site-packages/airflow/example_dags/tutorial.py for tasks to queue
[2024-05-28T09:54:33.955+0000] {logging_mixin.py:188} INFO - [2024-05-28T09:54:33.955+0000] {dagbag.py:545} INFO - Filling up the DagBag from /home/airflow/.local/lib/python3.12/site-packages/airflow/example_dags/tutorial.py
[2024-05-28T09:54:33.966+0000] {processor.py:840} INFO - DAG(s) 'tutorial' retrieved from /home/airflow/.local/lib/python3.12/site-packages/airflow/example_dags/tutorial.py
[2024-05-28T09:54:34.010+0000] {logging_mixin.py:188} INFO - [2024-05-28T09:54:34.010+0000] {dag.py:3096} INFO - Sync 1 DAGs
[2024-05-28T09:54:34.062+0000] {logging_mixin.py:188} INFO - [2024-05-28T09:54:34.061+0000] {dag.py:3954} INFO - Setting next_dagrun for tutorial to 2024-05-27 00:00:00+00:00, run_after=2024-05-28 00:00:00+00:00
[2024-05-28T09:54:34.098+0000] {processor.py:183} INFO - Processing /home/airflow/.local/lib/python3.12/site-packages/airflow/example_dags/tutorial.py took 0.164 seconds
[2024-05-28T09:55:05.130+0000] {processor.py:161} INFO - Started process (PID=640) to work on /home/airflow/.local/lib/python3.12/site-packages/airflow/example_dags/tutorial.py
[2024-05-28T09:55:05.132+0000] {processor.py:830} INFO - Processing file /home/airflow/.local/lib/python3.12/site-packages/airflow/example_dags/tutorial.py for tasks to queue
[2024-05-28T09:55:05.135+0000] {logging_mixin.py:188} INFO - [2024-05-28T09:55:05.134+0000] {dagbag.py:545} INFO - Filling up the DagBag from /home/airflow/.local/lib/python3.12/site-packages/airflow/example_dags/tutorial.py
[2024-05-28T09:55:05.145+0000] {processor.py:840} INFO - DAG(s) 'tutorial' retrieved from /home/airflow/.local/lib/python3.12/site-packages/airflow/example_dags/tutorial.py
[2024-05-28T09:55:05.176+0000] {logging_mixin.py:188} INFO - [2024-05-28T09:55:05.175+0000] {dag.py:3096} INFO - Sync 1 DAGs
[2024-05-28T09:55:05.229+0000] {logging_mixin.py:188} INFO - [2024-05-28T09:55:05.228+0000] {dag.py:3954} INFO - Setting next_dagrun for tutorial to 2024-05-27 00:00:00+00:00, run_after=2024-05-28 00:00:00+00:00
[2024-05-28T09:55:05.265+0000] {processor.py:183} INFO - Processing /home/airflow/.local/lib/python3.12/site-packages/airflow/example_dags/tutorial.py took 0.150 seconds
[2024-05-28T09:55:35.355+0000] {processor.py:161} INFO - Started process (PID=698) to work on /home/airflow/.local/lib/python3.12/site-packages/airflow/example_dags/tutorial.py
[2024-05-28T09:55:35.356+0000] {processor.py:830} INFO - Processing file /home/airflow/.local/lib/python3.12/site-packages/airflow/example_dags/tutorial.py for tasks to queue
[2024-05-28T09:55:35.358+0000] {logging_mixin.py:188} INFO - [2024-05-28T09:55:35.358+0000] {dagbag.py:545} INFO - Filling up the DagBag from /home/airflow/.local/lib/python3.12/site-packages/airflow/example_dags/tutorial.py
[2024-05-28T09:55:35.367+0000] {processor.py:840} INFO - DAG(s) 'tutorial' retrieved from /home/airflow/.local/lib/python3.12/site-packages/airflow/example_dags/tutorial.py
[2024-05-28T09:55:35.404+0000] {logging_mixin.py:188} INFO - [2024-05-28T09:55:35.404+0000] {dag.py:3096} INFO - Sync 1 DAGs
[2024-05-28T09:55:35.445+0000] {logging_mixin.py:188} INFO - [2024-05-28T09:55:35.444+0000] {dag.py:3954} INFO - Setting next_dagrun for tutorial to 2024-05-27 00:00:00+00:00, run_after=2024-05-28 00:00:00+00:00
[2024-05-28T09:55:35.480+0000] {processor.py:183} INFO - Processing /home/airflow/.local/lib/python3.12/site-packages/airflow/example_dags/tutorial.py took 0.133 seconds
[2024-05-28T09:56:06.339+0000] {processor.py:161} INFO - Started process (PID=756) to work on /home/airflow/.local/lib/python3.12/site-packages/airflow/example_dags/tutorial.py
[2024-05-28T09:56:06.341+0000] {processor.py:830} INFO - Processing file /home/airflow/.local/lib/python3.12/site-packages/airflow/example_dags/tutorial.py for tasks to queue
[2024-05-28T09:56:06.346+0000] {logging_mixin.py:188} INFO - [2024-05-28T09:56:06.345+0000] {dagbag.py:545} INFO - Filling up the DagBag from /home/airflow/.local/lib/python3.12/site-packages/airflow/example_dags/tutorial.py
[2024-05-28T09:56:06.362+0000] {processor.py:840} INFO - DAG(s) 'tutorial' retrieved from /home/airflow/.local/lib/python3.12/site-packages/airflow/example_dags/tutorial.py
[2024-05-28T09:56:06.395+0000] {logging_mixin.py:188} INFO - [2024-05-28T09:56:06.394+0000] {dag.py:3096} INFO - Sync 1 DAGs
[2024-05-28T09:56:06.429+0000] {logging_mixin.py:188} INFO - [2024-05-28T09:56:06.428+0000] {dag.py:3954} INFO - Setting next_dagrun for tutorial to 2024-05-27 00:00:00+00:00, run_after=2024-05-28 00:00:00+00:00
[2024-05-28T09:56:06.453+0000] {processor.py:183} INFO - Processing /home/airflow/.local/lib/python3.12/site-packages/airflow/example_dags/tutorial.py took 0.139 seconds
[2024-05-28T09:56:36.584+0000] {processor.py:161} INFO - Started process (PID=814) to work on /home/airflow/.local/lib/python3.12/site-packages/airflow/example_dags/tutorial.py
[2024-05-28T09:56:36.586+0000] {processor.py:830} INFO - Processing file /home/airflow/.local/lib/python3.12/site-packages/airflow/example_dags/tutorial.py for tasks to queue
[2024-05-28T09:56:36.588+0000] {logging_mixin.py:188} INFO - [2024-05-28T09:56:36.588+0000] {dagbag.py:545} INFO - Filling up the DagBag from /home/airflow/.local/lib/python3.12/site-packages/airflow/example_dags/tutorial.py
[2024-05-28T09:56:36.597+0000] {processor.py:840} INFO - DAG(s) 'tutorial' retrieved from /home/airflow/.local/lib/python3.12/site-packages/airflow/example_dags/tutorial.py
[2024-05-28T09:56:36.636+0000] {logging_mixin.py:188} INFO - [2024-05-28T09:56:36.635+0000] {dag.py:3096} INFO - Sync 1 DAGs
[2024-05-28T09:56:36.692+0000] {logging_mixin.py:188} INFO - [2024-05-28T09:56:36.692+0000] {dag.py:3954} INFO - Setting next_dagrun for tutorial to 2024-05-27 00:00:00+00:00, run_after=2024-05-28 00:00:00+00:00
[2024-05-28T09:56:36.757+0000] {processor.py:183} INFO - Processing /home/airflow/.local/lib/python3.12/site-packages/airflow/example_dags/tutorial.py took 0.180 seconds
[2024-05-28T09:57:07.320+0000] {processor.py:161} INFO - Started process (PID=871) to work on /home/airflow/.local/lib/python3.12/site-packages/airflow/example_dags/tutorial.py
[2024-05-28T09:57:07.322+0000] {processor.py:830} INFO - Processing file /home/airflow/.local/lib/python3.12/site-packages/airflow/example_dags/tutorial.py for tasks to queue
[2024-05-28T09:57:07.324+0000] {logging_mixin.py:188} INFO - [2024-05-28T09:57:07.323+0000] {dagbag.py:545} INFO - Filling up the DagBag from /home/airflow/.local/lib/python3.12/site-packages/airflow/example_dags/tutorial.py
[2024-05-28T09:57:07.331+0000] {processor.py:840} INFO - DAG(s) 'tutorial' retrieved from /home/airflow/.local/lib/python3.12/site-packages/airflow/example_dags/tutorial.py
[2024-05-28T09:57:07.359+0000] {logging_mixin.py:188} INFO - [2024-05-28T09:57:07.358+0000] {dag.py:3096} INFO - Sync 1 DAGs
[2024-05-28T09:57:07.388+0000] {logging_mixin.py:188} INFO - [2024-05-28T09:57:07.388+0000] {dag.py:3954} INFO - Setting next_dagrun for tutorial to 2024-05-27 00:00:00+00:00, run_after=2024-05-28 00:00:00+00:00
[2024-05-28T09:57:07.416+0000] {processor.py:183} INFO - Processing /home/airflow/.local/lib/python3.12/site-packages/airflow/example_dags/tutorial.py took 0.103 seconds
[2024-05-28T09:57:37.739+0000] {processor.py:161} INFO - Started process (PID=929) to work on /home/airflow/.local/lib/python3.12/site-packages/airflow/example_dags/tutorial.py
[2024-05-28T09:57:37.742+0000] {processor.py:830} INFO - Processing file /home/airflow/.local/lib/python3.12/site-packages/airflow/example_dags/tutorial.py for tasks to queue
[2024-05-28T09:57:37.746+0000] {logging_mixin.py:188} INFO - [2024-05-28T09:57:37.745+0000] {dagbag.py:545} INFO - Filling up the DagBag from /home/airflow/.local/lib/python3.12/site-packages/airflow/example_dags/tutorial.py
[2024-05-28T09:57:37.755+0000] {processor.py:840} INFO - DAG(s) 'tutorial' retrieved from /home/airflow/.local/lib/python3.12/site-packages/airflow/example_dags/tutorial.py
[2024-05-28T09:57:37.806+0000] {logging_mixin.py:188} INFO - [2024-05-28T09:57:37.805+0000] {dag.py:3096} INFO - Sync 1 DAGs
[2024-05-28T09:57:37.878+0000] {logging_mixin.py:188} INFO - [2024-05-28T09:57:37.878+0000] {dag.py:3954} INFO - Setting next_dagrun for tutorial to 2024-05-27 00:00:00+00:00, run_after=2024-05-28 00:00:00+00:00
[2024-05-28T09:57:37.914+0000] {processor.py:183} INFO - Processing /home/airflow/.local/lib/python3.12/site-packages/airflow/example_dags/tutorial.py took 0.185 seconds
[2024-05-28T09:58:08.248+0000] {processor.py:161} INFO - Started process (PID=987) to work on /home/airflow/.local/lib/python3.12/site-packages/airflow/example_dags/tutorial.py
[2024-05-28T09:58:08.253+0000] {processor.py:830} INFO - Processing file /home/airflow/.local/lib/python3.12/site-packages/airflow/example_dags/tutorial.py for tasks to queue
[2024-05-28T09:58:08.258+0000] {logging_mixin.py:188} INFO - [2024-05-28T09:58:08.257+0000] {dagbag.py:545} INFO - Filling up the DagBag from /home/airflow/.local/lib/python3.12/site-packages/airflow/example_dags/tutorial.py
[2024-05-28T09:58:08.268+0000] {processor.py:840} INFO - DAG(s) 'tutorial' retrieved from /home/airflow/.local/lib/python3.12/site-packages/airflow/example_dags/tutorial.py
[2024-05-28T09:58:08.332+0000] {logging_mixin.py:188} INFO - [2024-05-28T09:58:08.331+0000] {dag.py:3096} INFO - Sync 1 DAGs
[2024-05-28T09:58:08.380+0000] {logging_mixin.py:188} INFO - [2024-05-28T09:58:08.379+0000] {dag.py:3954} INFO - Setting next_dagrun for tutorial to 2024-05-27 00:00:00+00:00, run_after=2024-05-28 00:00:00+00:00
[2024-05-28T09:58:08.431+0000] {processor.py:183} INFO - Processing /home/airflow/.local/lib/python3.12/site-packages/airflow/example_dags/tutorial.py took 0.192 seconds
[2024-05-28T10:00:15.093+0000] {processor.py:161} INFO - Started process (PID=62) to work on /home/airflow/.local/lib/python3.12/site-packages/airflow/example_dags/tutorial.py
[2024-05-28T10:00:15.094+0000] {processor.py:830} INFO - Processing file /home/airflow/.local/lib/python3.12/site-packages/airflow/example_dags/tutorial.py for tasks to queue
[2024-05-28T10:00:15.096+0000] {logging_mixin.py:188} INFO - [2024-05-28T10:00:15.096+0000] {dagbag.py:545} INFO - Filling up the DagBag from /home/airflow/.local/lib/python3.12/site-packages/airflow/example_dags/tutorial.py
[2024-05-28T10:00:15.117+0000] {processor.py:840} INFO - DAG(s) 'tutorial' retrieved from /home/airflow/.local/lib/python3.12/site-packages/airflow/example_dags/tutorial.py
[2024-05-28T10:00:15.354+0000] {logging_mixin.py:188} INFO - [2024-05-28T10:00:15.354+0000] {dag.py:3096} INFO - Sync 1 DAGs
[2024-05-28T10:00:15.397+0000] {logging_mixin.py:188} INFO - [2024-05-28T10:00:15.397+0000] {dag.py:3954} INFO - Setting next_dagrun for tutorial to 2024-05-27 00:00:00+00:00, run_after=2024-05-28 00:00:00+00:00
[2024-05-28T10:00:15.436+0000] {processor.py:183} INFO - Processing /home/airflow/.local/lib/python3.12/site-packages/airflow/example_dags/tutorial.py took 0.366 seconds
[2024-05-28T10:00:46.161+0000] {processor.py:161} INFO - Started process (PID=120) to work on /home/airflow/.local/lib/python3.12/site-packages/airflow/example_dags/tutorial.py
[2024-05-28T10:00:46.162+0000] {processor.py:830} INFO - Processing file /home/airflow/.local/lib/python3.12/site-packages/airflow/example_dags/tutorial.py for tasks to queue
[2024-05-28T10:00:46.165+0000] {logging_mixin.py:188} INFO - [2024-05-28T10:00:46.164+0000] {dagbag.py:545} INFO - Filling up the DagBag from /home/airflow/.local/lib/python3.12/site-packages/airflow/example_dags/tutorial.py
[2024-05-28T10:00:46.173+0000] {processor.py:840} INFO - DAG(s) 'tutorial' retrieved from /home/airflow/.local/lib/python3.12/site-packages/airflow/example_dags/tutorial.py
[2024-05-28T10:00:46.210+0000] {logging_mixin.py:188} INFO - [2024-05-28T10:00:46.209+0000] {dag.py:3096} INFO - Sync 1 DAGs
[2024-05-28T10:00:46.241+0000] {logging_mixin.py:188} INFO - [2024-05-28T10:00:46.241+0000] {dag.py:3954} INFO - Setting next_dagrun for tutorial to 2024-05-27 00:00:00+00:00, run_after=2024-05-28 00:00:00+00:00
[2024-05-28T10:00:46.281+0000] {processor.py:183} INFO - Processing /home/airflow/.local/lib/python3.12/site-packages/airflow/example_dags/tutorial.py took 0.129 seconds
[2024-05-28T10:01:16.514+0000] {processor.py:161} INFO - Started process (PID=178) to work on /home/airflow/.local/lib/python3.12/site-packages/airflow/example_dags/tutorial.py
[2024-05-28T10:01:16.515+0000] {processor.py:830} INFO - Processing file /home/airflow/.local/lib/python3.12/site-packages/airflow/example_dags/tutorial.py for tasks to queue
[2024-05-28T10:01:16.519+0000] {logging_mixin.py:188} INFO - [2024-05-28T10:01:16.518+0000] {dagbag.py:545} INFO - Filling up the DagBag from /home/airflow/.local/lib/python3.12/site-packages/airflow/example_dags/tutorial.py
[2024-05-28T10:01:16.533+0000] {processor.py:840} INFO - DAG(s) 'tutorial' retrieved from /home/airflow/.local/lib/python3.12/site-packages/airflow/example_dags/tutorial.py
[2024-05-28T10:01:16.573+0000] {logging_mixin.py:188} INFO - [2024-05-28T10:01:16.573+0000] {dag.py:3096} INFO - Sync 1 DAGs
[2024-05-28T10:01:16.626+0000] {logging_mixin.py:188} INFO - [2024-05-28T10:01:16.626+0000] {dag.py:3954} INFO - Setting next_dagrun for tutorial to 2024-05-27 00:00:00+00:00, run_after=2024-05-28 00:00:00+00:00
[2024-05-28T10:01:16.675+0000] {processor.py:183} INFO - Processing /home/airflow/.local/lib/python3.12/site-packages/airflow/example_dags/tutorial.py took 0.173 seconds
